#
# A fatal error has been detected by the Java Runtime Environment:
#
#  SIGBUS (0xa) at pc=0x000000030cacdb00, pid=5772, tid=7427
#
# JRE version: OpenJDK Runtime Environment Corretto-11.0.14.10.1 (11.0.14.1+10) (build 11.0.14.1+10-LTS)
# Java VM: OpenJDK 64-Bit Server VM Corretto-11.0.14.10.1 (11.0.14.1+10-LTS, mixed mode, tiered, compressed oops, g1 gc, bsd-amd64)
# Problematic frame:
# C  0x000000030cacdb00
#
# No core dump will be written. Core dumps have been disabled. To enable core dumping, try "ulimit -c unlimited" before starting Java again
#
# If you would like to submit a bug report, please visit:
#   https://github.com/corretto/corretto-11/issues/
#

---------------  S U M M A R Y ------------

Command Line: -javaagent:/Applications/IntelliJ IDEA.app/Contents/lib/idea_rt.jar=51830:/Applications/IntelliJ IDEA.app/Contents/bin -agentpath:/private/var/folders/k6/dkc35rrd3kvf4z8xbpc5z4zh0000gn/T/libasyncProfiler.so=start,jfr,event=cpu,interval=1ms,event=alloc,file=/Users/jojunbeom/BoardFrame_2022_06_26_151904.jfr -Dfile.encoding=UTF-8 com.project.board.BoardFrame

Host: MacBookAir10,1 x86_64 2400 MHz, 8 cores, 8G, Darwin 21.1.0
Time: Sun Jun 26 15:19:08 2022 KST elapsed time: 4.603810 seconds (0d 0h 0m 4s)

---------------  T H R E A D  ---------------

Current thread (0x00007fdb54009000):  JavaThread "main" [_thread_in_vm, id=7427, stack(0x000000030c9d0000,0x000000030cad0000)]

Stack: [0x000000030c9d0000,0x000000030cad0000],  sp=0x000000030cacdb88,  free space=1014k
Native frames: (J=compiled Java code, A=aot compiled Java code, j=interpreted, Vv=VM code, C=native code)
C  0x000000030cacdb00

Java frames: (J=compiled Java code, j=interpreted, Vv=VM code)
j  jdk.internal.org.objectweb.asm.ClassWriter.<init>(I)V+26 java.base@11.0.14.1
j  java.lang.invoke.InnerClassLambdaMetafactory.<init>(Ljava/lang/invoke/MethodHandles$Lookup;Ljava/lang/invoke/MethodType;Ljava/lang/String;Ljava/lang/invoke/MethodType;Ljava/lang/invoke/MethodHandle;Ljava/lang/invoke/MethodType;Z[Ljava/lang/Class;[Ljava/lang/invoke/MethodType;)V+128 java.base@11.0.14.1
j  java.lang.invoke.LambdaMetafactory.metafactory(Ljava/lang/invoke/MethodHandles$Lookup;Ljava/lang/String;Ljava/lang/invoke/MethodType;Ljava/lang/invoke/MethodType;Ljava/lang/invoke/MethodHandle;Ljava/lang/invoke/MethodType;)Ljava/lang/invoke/CallSite;+19 java.base@11.0.14.1
j  java.lang.invoke.DirectMethodHandle$Holder.invokeStatic(Ljava/lang/Object;Ljava/lang/Object;Ljava/lang/Object;Ljava/lang/Object;Ljava/lang/Object;Ljava/lang/Object;Ljava/lang/Object;)Ljava/lang/Object;+20 java.base@11.0.14.1
j  java.lang.invoke.Invokers$Holder.invokeExact_MT(Ljava/lang/Object;Ljava/lang/Object;Ljava/lang/Object;Ljava/lang/Object;Ljava/lang/Object;Ljava/lang/Object;Ljava/lang/Object;Ljava/lang/Object;)Ljava/lang/Object;+28 java.base@11.0.14.1
j  java.lang.invoke.BootstrapMethodInvoker.invoke(Ljava/lang/Class;Ljava/lang/invoke/MethodHandle;Ljava/lang/String;Ljava/lang/Object;Ljava/lang/Object;Ljava/lang/Class;)Ljava/lang/Object;+262 java.base@11.0.14.1
j  java.lang.invoke.CallSite.makeSite(Ljava/lang/invoke/MethodHandle;Ljava/lang/String;Ljava/lang/invoke/MethodType;Ljava/lang/Object;Ljava/lang/Class;)Ljava/lang/invoke/CallSite;+8 java.base@11.0.14.1
j  java.lang.invoke.MethodHandleNatives.linkCallSiteImpl(Ljava/lang/Class;Ljava/lang/invoke/MethodHandle;Ljava/lang/String;Ljava/lang/invoke/MethodType;Ljava/lang/Object;[Ljava/lang/Object;)Ljava/lang/invoke/MemberName;+6 java.base@11.0.14.1
j  java.lang.invoke.MethodHandleNatives.linkCallSite(Ljava/lang/Object;ILjava/lang/Object;Ljava/lang/Object;Ljava/lang/Object;Ljava/lang/Object;[Ljava/lang/Object;)Ljava/lang/invoke/MemberName;+46 java.base@11.0.14.1
v  ~StubRoutines::call_stub
j  java.util.regex.CharPredicates.ASCII_DIGIT()Ljava/util/regex/Pattern$BmpCharPredicate;+0 java.base@11.0.14.1
j  java.util.regex.Pattern.escape(ZZZ)I+909 java.base@11.0.14.1
j  java.util.regex.Pattern.atom()Ljava/util/regex/Pattern$Node;+287 java.base@11.0.14.1
j  java.util.regex.Pattern.sequence(Ljava/util/regex/Pattern$Node;)Ljava/util/regex/Pattern$Node;+345 java.base@11.0.14.1
j  java.util.regex.Pattern.expr(Ljava/util/regex/Pattern$Node;)Ljava/util/regex/Pattern$Node;+12 java.base@11.0.14.1
j  java.util.regex.Pattern.compile()V+222 java.base@11.0.14.1
j  java.util.regex.Pattern.<init>(Ljava/lang/String;I)V+108 java.base@11.0.14.1
j  java.util.regex.Pattern.compile(Ljava/lang/String;)Ljava/util/regex/Pattern;+6 java.base@11.0.14.1
j  com.mysql.cj.protocol.a.MysqlTextValueDecoder.<clinit>()V+2
v  ~StubRoutines::call_stub
j  com.mysql.cj.protocol.a.TextRowFactory.<init>(Lcom/mysql/cj/protocol/a/NativeProtocol;Lcom/mysql/cj/protocol/ColumnDefinition;Lcom/mysql/cj/protocol/Resultset$Concurrency;Z)V+45
j  com.mysql.cj.protocol.a.TextResultsetReader.read(IZLcom/mysql/cj/protocol/a/NativePacketPayload;Lcom/mysql/cj/protocol/ColumnDefinition;Lcom/mysql/cj/protocol/ProtocolEntityFactory;)Lcom/mysql/cj/protocol/Resultset;+89
j  com.mysql.cj.protocol.a.TextResultsetReader.read(IZLcom/mysql/cj/protocol/Message;Lcom/mysql/cj/protocol/ColumnDefinition;Lcom/mysql/cj/protocol/ProtocolEntityFactory;)Lcom/mysql/cj/protocol/ProtocolEntity;+11
j  com.mysql.cj.protocol.a.NativeProtocol.read(Ljava/lang/Class;IZLcom/mysql/cj/protocol/a/NativePacketPayload;ZLcom/mysql/cj/protocol/ColumnDefinition;Lcom/mysql/cj/protocol/ProtocolEntityFactory;)Lcom/mysql/cj/protocol/ProtocolEntity;+80
j  com.mysql.cj.protocol.a.NativeProtocol.readAllResults(IZLcom/mysql/cj/protocol/a/NativePacketPayload;ZLcom/mysql/cj/protocol/ColumnDefinition;Lcom/mysql/cj/protocol/ProtocolEntityFactory;)Lcom/mysql/cj/protocol/Resultset;+17
j  com.mysql.cj.NativeSession.loadServerVariables(Ljava/lang/Object;Ljava/lang/String;)V+655
j  com.mysql.cj.jdbc.ConnectionImpl.initializePropsFromServer()V+122
j  com.mysql.cj.jdbc.ConnectionImpl.connectOneTryOnly(Z)V+72
j  com.mysql.cj.jdbc.ConnectionImpl.createNewIO(Z)V+27
j  com.mysql.cj.jdbc.ConnectionImpl.<init>(Lcom/mysql/cj/conf/HostInfo;)V+753
j  com.mysql.cj.jdbc.ConnectionImpl.getInstance(Lcom/mysql/cj/conf/HostInfo;)Lcom/mysql/cj/jdbc/JdbcConnection;+5
j  com.mysql.cj.jdbc.NonRegisteringDriver.connect(Ljava/lang/String;Ljava/util/Properties;)Ljava/sql/Connection;+72
j  java.sql.DriverManager.getConnection(Ljava/lang/String;Ljava/util/Properties;Ljava/lang/Class;)Ljava/sql/Connection;+130 java.sql@11.0.14.1
j  java.sql.DriverManager.getConnection(Ljava/lang/String;Ljava/lang/String;Ljava/lang/String;)Ljava/sql/Connection;+37 java.sql@11.0.14.1
j  com.project.database.DBMysql.dbListed()Ljava/util/LinkedHashMap;+29
j  com.project.board.BoardService.listed()V+9
j  com.project.board.BoardFrame.main([Ljava/lang/String;)V+378
v  ~StubRoutines::call_stub

siginfo: si_signo: 10 (SIGBUS), si_code: 2 (BUS_ADRERR), si_addr: 0x000000030cacdb00

Register to memory mapping:

RAX=0x000000010e165580: _ZN15JfrEventSetting19_jvm_event_settingsE+0 in /Users/jojunbeom/Library/Java/JavaVirtualMachines/corretto-11.0.14.1/Contents/Home/lib/server/libjvm.dylib at 0x000000010d794000
RBX=0x000000030cacdba8 is pointing into the stack for thread: 0x00007fdb54009000
RCX=0x00007fdb54009000 is a thread
RDX=0x0000000000000410 is an unknown value
RSP=0x000000030cacdb88 is pointing into the stack for thread: 0x00007fdb54009000
RBP=0x000000010dd5c6a6: _ZN12MemAllocator10Allocation17notify_allocationEv+0x16 in /Users/jojunbeom/Library/Java/JavaVirtualMachines/corretto-11.0.14.1/Contents/Home/lib/server/libjvm.dylib at 0x000000010d794000
RSI=0x0000000786c00000 is an oop: [Ljdk.internal.org.objectweb.asm.Item; 
{0x0000000786c00000} - klass: 'jdk/internal/org/objectweb/asm/Item'[]
 - length: 256
RDI=0x000000030cacdb58 is pointing into the stack for thread: 0x00007fdb54009000
R8 =0x00007fdb54009000 is a thread
R9 =0x00007fdb54009000 is a thread
R10=0x000000010e180150: _ZN19TemplateInterpreter13_active_tableE+0x2000 in /Users/jojunbeom/Library/Java/JavaVirtualMachines/corretto-11.0.14.1/Contents/Home/lib/server/libjvm.dylib at 0x000000010d794000
R11=0x00000001186ddb60 is at entry_point+32 in (nmethod*)0x00000001186dd990
R12=0x00007fdb54009000 is a thread
R13=0x00000000ffffffff is an unknown value
R14=0x0000000786c00000 is an oop: [Ljdk.internal.org.objectweb.asm.Item; 
{0x0000000786c00000} - klass: 'jdk/internal/org/objectweb/asm/Item'[]
 - length: 256
R15=0x0 is NULL


Registers:
RAX=0x000000010e165580, RBX=0x000000030cacdba8, RCX=0x00007fdb54009000, RDX=0x0000000000000410
RSP=0x000000030cacdb88, RBP=0x000000010dd5c6a6, RSI=0x0000000786c00000, RDI=0x000000030cacdb58
R8 =0x00007fdb54009000, R9 =0x00007fdb54009000, R10=0x000000010e180150, R11=0x00000001186ddb60
R12=0x00007fdb54009000, R13=0x00000000ffffffff, R14=0x0000000786c00000, R15=0x0000000000000000
RIP=0x000000030cacdb00, EFLAGS=0x0000000000000216, ERR=0x0000000000000015
  TRAPNO=0x000000000000000e

Top of Stack: (sp=0x000000030cacdb88)
0x000000030cacdb88:   000000030cacdc00 000000030cacdbf0
0x000000030cacdb98:   000000010dd5ca99 00007fdb53f04370
0x000000030cacdba8:   000000030cacdc00 00007fdb54009000
0x000000030cacdbb8:   000000030cacdbd8 0000000000000000
0x000000030cacdbc8:   0000000000000100 000000030cacdc00
0x000000030cacdbd8:   0000000786c00000 0000000000000002
0x000000030cacdbe8:   0000000000000100 000000030cacdc30
0x000000030cacdbf8:   000000010d9be967 000000010e108990
0x000000030cacdc08:   00007fdb6581c000 00007fdb54009000
0x000000030cacdc18:   000000080004a1a0 0000000000000082
0x000000030cacdc28:   0000000100000100 000000030cacdd90
0x000000030cacdc38:   000000010db3dfd5 0000000000000001
0x000000030cacdc48:   0000000000000002 00007fdb54009000
0x000000030cacdc58:   0000000787f73618 000000030cace408
0x000000030cacdc68:   0000000000000077 000000030cacdcb0
0x000000030cacdc78:   000000010df3a28d 0000000786dff760
0x000000030cacdc88:   00007fdb54009000 000000030cacdd28
0x000000030cacdc98:   00000001180aca10 0000000000000077
0x000000030cacdca8:   00000001180aca10 0000000000000078
0x000000030cacdcb8:   0000000000000077 000000000000000c
0x000000030cacdcc8:   0000000000000000 0000000787f73618
0x000000030cacdcd8:   0000000787f08180 000000030cacdce0
0x000000030cacdce8:   000000012dec820f 000000030cacdd58
0x000000030cacdcf8:   00000001180ad267 0000000000060000
0x000000030cacdd08:   0000000786dff970 000000030cacdd10
0x000000030cacdd18:   000000012e171689 000000030cacdd78
0x000000030cacdd28:   00007fdb54009000 0000000000000000
0x000000030cacdd38:   000000012e16d0fa 0000000000000009
0x000000030cacdd48:   000000030cacdd68 000000030cacdd90
0x000000030cacdd58:   000000010db3b710 41522c008b910037
0x000000030cacdd68:   00007fdb54009000 0000000000000000
0x000000030cacdd78:   000000012e16d0fa 0000000000000100 

Instructions: (pc=0x000000030cacdb00)
0x000000030cacda00:   30 da ac 0c 03 00 00 00 cc c6 aa 0d 01 00 00 00
0x000000030cacda10:   00 87 5b 03 00 60 00 00 f0 40 2b 02 00 60 00 00
0x000000030cacda20:   f0 40 2b 02 00 60 00 00 60 43 f0 53 db 7f 00 00
0x000000030cacda30:   60 da ac 0c 03 00 00 00 1d 9e cc 0d 01 00 00 00
0x000000030cacda40:   00 00 00 00 00 00 00 00 00 87 5b 03 00 60 00 00
0x000000030cacda50:   70 da ac 0c 03 00 00 00 70 da ac 0c 03 00 00 00
0x000000030cacda60:   f0 da ac 0c 03 00 00 00 72 64 aa 0d 01 00 00 00
0x000000030cacda70:   00 00 5a 01 00 60 00 00 60 43 f0 53 db 7f 00 00
0x000000030cacda80:   70 43 f0 53 db 7f 00 00 48 47 f0 53 db 7f 00 00
0x000000030cacda90:   d8 03 00 00 00 00 00 00 01 00 00 00 db 7f 00 00
0x000000030cacdaa0:   00 b3 eb 00 00 60 00 00 00 87 5b 03 00 60 00 00
0x000000030cacdab0:   00 c0 81 65 db 7f 00 00 00 00 c0 86 07 00 00 00
0x000000030cacdac0:   00 00 00 00 00 00 00 00 00 00 00 00 00 00 00 00
0x000000030cacdad0:   00 01 00 00 00 00 00 00 10 91 00 54 db 7f 00 00
0x000000030cacdae0:   00 00 c0 86 07 00 00 00 18 db ac 0c 03 00 00 00
0x000000030cacdaf0:   26 33 b6 0d 01 00 00 00 10 04 00 00 00 00 00 00
0x000000030cacdb00:   10 04 00 00 00 00 00 00 00 08 00 00 00 00 00 00
0x000000030cacdb10:   a0 a1 04 00 08 00 00 00 78 db ac 0c 03 00 00 00
0x000000030cacdb20:   97 0c 89 0d 01 00 00 00 00 00 00 00 00 00 00 00
0x000000030cacdb30:   00 00 00 00 00 00 00 00 00 c9 d5 0d 01 00 00 00
0x000000030cacdb40:   a8 db ac 0c 03 00 00 00 a8 db ac 0c 03 00 00 00
0x000000030cacdb50:   a8 db ac 0c 03 00 00 00 00 90 00 54 db 7f 00 00
0x000000030cacdb60:   a8 db ac 0c 03 00 00 00 00 00 c0 86 07 00 00 00
0x000000030cacdb70:   00 00 00 00 00 00 00 00 a6 c6 d5 0d 01 00 00 00
0x000000030cacdb80:   00 db ac 0c 03 00 00 00 00 dc ac 0c 03 00 00 00
0x000000030cacdb90:   f0 db ac 0c 03 00 00 00 99 ca d5 0d 01 00 00 00
0x000000030cacdba0:   70 43 f0 53 db 7f 00 00 00 dc ac 0c 03 00 00 00
0x000000030cacdbb0:   00 90 00 54 db 7f 00 00 d8 db ac 0c 03 00 00 00
0x000000030cacdbc0:   00 00 00 00 00 00 00 00 00 01 00 00 00 00 00 00
0x000000030cacdbd0:   00 dc ac 0c 03 00 00 00 00 00 c0 86 07 00 00 00
0x000000030cacdbe0:   02 00 00 00 00 00 00 00 00 01 00 00 00 00 00 00
0x000000030cacdbf0:   30 dc ac 0c 03 00 00 00 67 e9 9b 0d 01 00 00 00 


Stack slot to memory mapping:
stack at sp + 0 slots: 0x000000030cacdc00 is pointing into the stack for thread: 0x00007fdb54009000
stack at sp + 1 slots: 0x000000030cacdbf0 is pointing into the stack for thread: 0x00007fdb54009000
stack at sp + 2 slots: 0x000000010dd5ca99: _ZNK12MemAllocator8allocateEv+0x77 in /Users/jojunbeom/Library/Java/JavaVirtualMachines/corretto-11.0.14.1/Contents/Home/lib/server/libjvm.dylib at 0x000000010d794000
stack at sp + 3 slots: 0x00007fdb53f04370 points into unknown readable memory: 0x6e692e6b646a4c5b | 5b 4c 6a 64 6b 2e 69 6e
stack at sp + 4 slots: 0x000000030cacdc00 is pointing into the stack for thread: 0x00007fdb54009000
stack at sp + 5 slots: 0x00007fdb54009000 is a thread
stack at sp + 6 slots: 0x000000030cacdbd8 is pointing into the stack for thread: 0x00007fdb54009000
stack at sp + 7 slots: 0x0 is NULL


---------------  P R O C E S S  ---------------

Threads class SMR info:
_java_thread_list=0x00006000011e8b60, length=13, elements={
0x00007fdb54009000, 0x00007fdb54019000, 0x00007fdb6580a800, 0x00007fdb64018000,
0x00007fdb64021000, 0x00007fdb64022000, 0x00007fdb5401b000, 0x00007fdb5401e000,
0x00007fdb65910800, 0x00007fdb6401b000, 0x00007fdb65a3b800, 0x00007fdb54297800,
0x00007fdb5429e800
}

Java Threads: ( => current thread )
=>0x00007fdb54009000 JavaThread "main" [_thread_in_vm, id=7427, stack(0x000000030c9d0000,0x000000030cad0000)]
  0x00007fdb54019000 JavaThread "Reference Handler" daemon [_thread_blocked, id=16899, stack(0x000000030d0e5000,0x000000030d1e5000)]
  0x00007fdb6580a800 JavaThread "Finalizer" daemon [_thread_blocked, id=21763, stack(0x000000030d1e8000,0x000000030d2e8000)]
  0x00007fdb64018000 JavaThread "Signal Dispatcher" daemon [_thread_blocked, id=41987, stack(0x000000030d3fb000,0x000000030d4fb000)]
  0x00007fdb64021000 JavaThread "Service Thread" daemon [_thread_blocked, id=24323, stack(0x000000030d4fe000,0x000000030d5fe000)]
  0x00007fdb64022000 JavaThread "C2 CompilerThread0" daemon [_thread_blocked, id=24579, stack(0x000000030d601000,0x000000030d701000)]
  0x00007fdb5401b000 JavaThread "C1 CompilerThread0" daemon [_thread_blocked, id=40451, stack(0x000000030d704000,0x000000030d804000)]
  0x00007fdb5401e000 JavaThread "Sweeper thread" daemon [_thread_blocked, id=39939, stack(0x000000030d807000,0x000000030d907000)]
  0x00007fdb65910800 JavaThread "Common-Cleaner" daemon [_thread_blocked, id=38915, stack(0x000000030d90a000,0x000000030da0a000)]
  0x00007fdb6401b000 JavaThread "Monitor Ctrl-Break" daemon [_thread_in_native, id=26371, stack(0x000000030da0d000,0x000000030db0d000)]
  0x00007fdb65a3b800 JavaThread "Async-profiler Timer" daemon [_thread_in_native, id=26991, stack(0x000000030db10000,0x000000030db90000)]
  0x00007fdb54297800 JavaThread "Attach Listener" daemon [_thread_blocked, id=34567, stack(0x000000030dd19000,0x000000030de19000)]
  0x00007fdb5429e800 JavaThread "mysql-cj-abandoned-connection-cleanup" daemon [_thread_blocked, id=34051, stack(0x000000030de1c000,0x000000030df1c000)]

Other Threads:
  0x00007fdb6500e800 VMThread "VM Thread" [stack: 0x000000030cfe2000,0x000000030d0e2000] [id=18435]
  0x00007fdb65011800 WatcherThread [stack: 0x000000030dc16000,0x000000030dd16000] [id=35883]
  0x00007fdb65822800 GCTaskThread "GC Thread#0" [stack: 0x000000030cad3000,0x000000030cbd3000] [id=13315]
  0x00007fdb65843800 ConcurrentGCThread "G1 Main Marker" [stack: 0x000000030cbd6000,0x000000030ccd6000] [id=13827]
  0x00007fdb65844000 ConcurrentGCThread "G1 Conc#0" [stack: 0x000000030ccd9000,0x000000030cdd9000] [id=14595]
  0x00007fdb658a5000 ConcurrentGCThread "G1 Refine#0" [stack: 0x000000030cddc000,0x000000030cedc000] [id=14851]
  0x00007fdb658a5800 ConcurrentGCThread "G1 Young RemSet Sampling" [stack: 0x000000030cedf000,0x000000030cfdf000] [id=19203]

Threads with active compile tasks:

VM state:not at safepoint (normal execution)

VM Mutex/Monitor currently owned by a thread: None

Heap address: 0x0000000780000000, size: 2048 MB, Compressed Oops mode: Zero based, Oop shift amount: 3
Narrow klass base: 0x0000000800000000, Narrow klass shift: 0
Compressed class space size: 1073741824 Address: 0x0000000800000000

Heap:
 garbage-first heap   total 131072K, used 18432K [0x0000000780000000, 0x0000000800000000)
  region size 1024K, 20 young (20480K), 0 survivors (0K)
 Metaspace       used 17592K, capacity 17907K, committed 18304K, reserved 1064960K
  class space    used 1749K, capacity 1889K, committed 1920K, reserved 1048576K
Heap Regions: E=young(eden), S=young(survivor), O=old, HS=humongous(starts), HC=humongous(continues), CS=collection set, F=free, A=archive, TAMS=top-at-mark-start (previous, next)
|   0|0x0000000780000000, 0x0000000780000000, 0x0000000780100000|  0%| F|  |TAMS 0x0000000780000000, 0x0000000780000000| Untracked 
|   1|0x0000000780100000, 0x0000000780100000, 0x0000000780200000|  0%| F|  |TAMS 0x0000000780100000, 0x0000000780100000| Untracked 
|   2|0x0000000780200000, 0x0000000780200000, 0x0000000780300000|  0%| F|  |TAMS 0x0000000780200000, 0x0000000780200000| Untracked 
|   3|0x0000000780300000, 0x0000000780300000, 0x0000000780400000|  0%| F|  |TAMS 0x0000000780300000, 0x0000000780300000| Untracked 
|   4|0x0000000780400000, 0x0000000780400000, 0x0000000780500000|  0%| F|  |TAMS 0x0000000780400000, 0x0000000780400000| Untracked 
|   5|0x0000000780500000, 0x0000000780500000, 0x0000000780600000|  0%| F|  |TAMS 0x0000000780500000, 0x0000000780500000| Untracked 
|   6|0x0000000780600000, 0x0000000780600000, 0x0000000780700000|  0%| F|  |TAMS 0x0000000780600000, 0x0000000780600000| Untracked 
|   7|0x0000000780700000, 0x0000000780700000, 0x0000000780800000|  0%| F|  |TAMS 0x0000000780700000, 0x0000000780700000| Untracked 
|   8|0x0000000780800000, 0x0000000780800000, 0x0000000780900000|  0%| F|  |TAMS 0x0000000780800000, 0x0000000780800000| Untracked 
|   9|0x0000000780900000, 0x0000000780900000, 0x0000000780a00000|  0%| F|  |TAMS 0x0000000780900000, 0x0000000780900000| Untracked 
|  10|0x0000000780a00000, 0x0000000780a00000, 0x0000000780b00000|  0%| F|  |TAMS 0x0000000780a00000, 0x0000000780a00000| Untracked 
|  11|0x0000000780b00000, 0x0000000780b00000, 0x0000000780c00000|  0%| F|  |TAMS 0x0000000780b00000, 0x0000000780b00000| Untracked 
|  12|0x0000000780c00000, 0x0000000780c00000, 0x0000000780d00000|  0%| F|  |TAMS 0x0000000780c00000, 0x0000000780c00000| Untracked 
|  13|0x0000000780d00000, 0x0000000780d00000, 0x0000000780e00000|  0%| F|  |TAMS 0x0000000780d00000, 0x0000000780d00000| Untracked 
|  14|0x0000000780e00000, 0x0000000780e00000, 0x0000000780f00000|  0%| F|  |TAMS 0x0000000780e00000, 0x0000000780e00000| Untracked 
|  15|0x0000000780f00000, 0x0000000780f00000, 0x0000000781000000|  0%| F|  |TAMS 0x0000000780f00000, 0x0000000780f00000| Untracked 
|  16|0x0000000781000000, 0x0000000781000000, 0x0000000781100000|  0%| F|  |TAMS 0x0000000781000000, 0x0000000781000000| Untracked 
|  17|0x0000000781100000, 0x0000000781100000, 0x0000000781200000|  0%| F|  |TAMS 0x0000000781100000, 0x0000000781100000| Untracked 
|  18|0x0000000781200000, 0x0000000781200000, 0x0000000781300000|  0%| F|  |TAMS 0x0000000781200000, 0x0000000781200000| Untracked 
|  19|0x0000000781300000, 0x0000000781300000, 0x0000000781400000|  0%| F|  |TAMS 0x0000000781300000, 0x0000000781300000| Untracked 
|  20|0x0000000781400000, 0x0000000781400000, 0x0000000781500000|  0%| F|  |TAMS 0x0000000781400000, 0x0000000781400000| Untracked 
|  21|0x0000000781500000, 0x0000000781500000, 0x0000000781600000|  0%| F|  |TAMS 0x0000000781500000, 0x0000000781500000| Untracked 
|  22|0x0000000781600000, 0x0000000781600000, 0x0000000781700000|  0%| F|  |TAMS 0x0000000781600000, 0x0000000781600000| Untracked 
|  23|0x0000000781700000, 0x0000000781700000, 0x0000000781800000|  0%| F|  |TAMS 0x0000000781700000, 0x0000000781700000| Untracked 
|  24|0x0000000781800000, 0x0000000781800000, 0x0000000781900000|  0%| F|  |TAMS 0x0000000781800000, 0x0000000781800000| Untracked 
|  25|0x0000000781900000, 0x0000000781900000, 0x0000000781a00000|  0%| F|  |TAMS 0x0000000781900000, 0x0000000781900000| Untracked 
|  26|0x0000000781a00000, 0x0000000781a00000, 0x0000000781b00000|  0%| F|  |TAMS 0x0000000781a00000, 0x0000000781a00000| Untracked 
|  27|0x0000000781b00000, 0x0000000781b00000, 0x0000000781c00000|  0%| F|  |TAMS 0x0000000781b00000, 0x0000000781b00000| Untracked 
|  28|0x0000000781c00000, 0x0000000781c00000, 0x0000000781d00000|  0%| F|  |TAMS 0x0000000781c00000, 0x0000000781c00000| Untracked 
|  29|0x0000000781d00000, 0x0000000781d00000, 0x0000000781e00000|  0%| F|  |TAMS 0x0000000781d00000, 0x0000000781d00000| Untracked 
|  30|0x0000000781e00000, 0x0000000781e00000, 0x0000000781f00000|  0%| F|  |TAMS 0x0000000781e00000, 0x0000000781e00000| Untracked 
|  31|0x0000000781f00000, 0x0000000781f00000, 0x0000000782000000|  0%| F|  |TAMS 0x0000000781f00000, 0x0000000781f00000| Untracked 
|  32|0x0000000782000000, 0x0000000782000000, 0x0000000782100000|  0%| F|  |TAMS 0x0000000782000000, 0x0000000782000000| Untracked 
|  33|0x0000000782100000, 0x0000000782100000, 0x0000000782200000|  0%| F|  |TAMS 0x0000000782100000, 0x0000000782100000| Untracked 
|  34|0x0000000782200000, 0x0000000782200000, 0x0000000782300000|  0%| F|  |TAMS 0x0000000782200000, 0x0000000782200000| Untracked 
|  35|0x0000000782300000, 0x0000000782300000, 0x0000000782400000|  0%| F|  |TAMS 0x0000000782300000, 0x0000000782300000| Untracked 
|  36|0x0000000782400000, 0x0000000782400000, 0x0000000782500000|  0%| F|  |TAMS 0x0000000782400000, 0x0000000782400000| Untracked 
|  37|0x0000000782500000, 0x0000000782500000, 0x0000000782600000|  0%| F|  |TAMS 0x0000000782500000, 0x0000000782500000| Untracked 
|  38|0x0000000782600000, 0x0000000782600000, 0x0000000782700000|  0%| F|  |TAMS 0x0000000782600000, 0x0000000782600000| Untracked 
|  39|0x0000000782700000, 0x0000000782700000, 0x0000000782800000|  0%| F|  |TAMS 0x0000000782700000, 0x0000000782700000| Untracked 
|  40|0x0000000782800000, 0x0000000782800000, 0x0000000782900000|  0%| F|  |TAMS 0x0000000782800000, 0x0000000782800000| Untracked 
|  41|0x0000000782900000, 0x0000000782900000, 0x0000000782a00000|  0%| F|  |TAMS 0x0000000782900000, 0x0000000782900000| Untracked 
|  42|0x0000000782a00000, 0x0000000782a00000, 0x0000000782b00000|  0%| F|  |TAMS 0x0000000782a00000, 0x0000000782a00000| Untracked 
|  43|0x0000000782b00000, 0x0000000782b00000, 0x0000000782c00000|  0%| F|  |TAMS 0x0000000782b00000, 0x0000000782b00000| Untracked 
|  44|0x0000000782c00000, 0x0000000782c00000, 0x0000000782d00000|  0%| F|  |TAMS 0x0000000782c00000, 0x0000000782c00000| Untracked 
|  45|0x0000000782d00000, 0x0000000782d00000, 0x0000000782e00000|  0%| F|  |TAMS 0x0000000782d00000, 0x0000000782d00000| Untracked 
|  46|0x0000000782e00000, 0x0000000782e00000, 0x0000000782f00000|  0%| F|  |TAMS 0x0000000782e00000, 0x0000000782e00000| Untracked 
|  47|0x0000000782f00000, 0x0000000782f00000, 0x0000000783000000|  0%| F|  |TAMS 0x0000000782f00000, 0x0000000782f00000| Untracked 
|  48|0x0000000783000000, 0x0000000783000000, 0x0000000783100000|  0%| F|  |TAMS 0x0000000783000000, 0x0000000783000000| Untracked 
|  49|0x0000000783100000, 0x0000000783100000, 0x0000000783200000|  0%| F|  |TAMS 0x0000000783100000, 0x0000000783100000| Untracked 
|  50|0x0000000783200000, 0x0000000783200000, 0x0000000783300000|  0%| F|  |TAMS 0x0000000783200000, 0x0000000783200000| Untracked 
|  51|0x0000000783300000, 0x0000000783300000, 0x0000000783400000|  0%| F|  |TAMS 0x0000000783300000, 0x0000000783300000| Untracked 
|  52|0x0000000783400000, 0x0000000783400000, 0x0000000783500000|  0%| F|  |TAMS 0x0000000783400000, 0x0000000783400000| Untracked 
|  53|0x0000000783500000, 0x0000000783500000, 0x0000000783600000|  0%| F|  |TAMS 0x0000000783500000, 0x0000000783500000| Untracked 
|  54|0x0000000783600000, 0x0000000783600000, 0x0000000783700000|  0%| F|  |TAMS 0x0000000783600000, 0x0000000783600000| Untracked 
|  55|0x0000000783700000, 0x0000000783700000, 0x0000000783800000|  0%| F|  |TAMS 0x0000000783700000, 0x0000000783700000| Untracked 
|  56|0x0000000783800000, 0x0000000783800000, 0x0000000783900000|  0%| F|  |TAMS 0x0000000783800000, 0x0000000783800000| Untracked 
|  57|0x0000000783900000, 0x0000000783900000, 0x0000000783a00000|  0%| F|  |TAMS 0x0000000783900000, 0x0000000783900000| Untracked 
|  58|0x0000000783a00000, 0x0000000783a00000, 0x0000000783b00000|  0%| F|  |TAMS 0x0000000783a00000, 0x0000000783a00000| Untracked 
|  59|0x0000000783b00000, 0x0000000783b00000, 0x0000000783c00000|  0%| F|  |TAMS 0x0000000783b00000, 0x0000000783b00000| Untracked 
|  60|0x0000000783c00000, 0x0000000783c00000, 0x0000000783d00000|  0%| F|  |TAMS 0x0000000783c00000, 0x0000000783c00000| Untracked 
|  61|0x0000000783d00000, 0x0000000783d00000, 0x0000000783e00000|  0%| F|  |TAMS 0x0000000783d00000, 0x0000000783d00000| Untracked 
|  62|0x0000000783e00000, 0x0000000783e00000, 0x0000000783f00000|  0%| F|  |TAMS 0x0000000783e00000, 0x0000000783e00000| Untracked 
|  63|0x0000000783f00000, 0x0000000783f00000, 0x0000000784000000|  0%| F|  |TAMS 0x0000000783f00000, 0x0000000783f00000| Untracked 
|  64|0x0000000784000000, 0x0000000784000000, 0x0000000784100000|  0%| F|  |TAMS 0x0000000784000000, 0x0000000784000000| Untracked 
|  65|0x0000000784100000, 0x0000000784100000, 0x0000000784200000|  0%| F|  |TAMS 0x0000000784100000, 0x0000000784100000| Untracked 
|  66|0x0000000784200000, 0x0000000784200000, 0x0000000784300000|  0%| F|  |TAMS 0x0000000784200000, 0x0000000784200000| Untracked 
|  67|0x0000000784300000, 0x0000000784300000, 0x0000000784400000|  0%| F|  |TAMS 0x0000000784300000, 0x0000000784300000| Untracked 
|  68|0x0000000784400000, 0x0000000784400000, 0x0000000784500000|  0%| F|  |TAMS 0x0000000784400000, 0x0000000784400000| Untracked 
|  69|0x0000000784500000, 0x0000000784500000, 0x0000000784600000|  0%| F|  |TAMS 0x0000000784500000, 0x0000000784500000| Untracked 
|  70|0x0000000784600000, 0x0000000784600000, 0x0000000784700000|  0%| F|  |TAMS 0x0000000784600000, 0x0000000784600000| Untracked 
|  71|0x0000000784700000, 0x0000000784700000, 0x0000000784800000|  0%| F|  |TAMS 0x0000000784700000, 0x0000000784700000| Untracked 
|  72|0x0000000784800000, 0x0000000784800000, 0x0000000784900000|  0%| F|  |TAMS 0x0000000784800000, 0x0000000784800000| Untracked 
|  73|0x0000000784900000, 0x0000000784900000, 0x0000000784a00000|  0%| F|  |TAMS 0x0000000784900000, 0x0000000784900000| Untracked 
|  74|0x0000000784a00000, 0x0000000784a00000, 0x0000000784b00000|  0%| F|  |TAMS 0x0000000784a00000, 0x0000000784a00000| Untracked 
|  75|0x0000000784b00000, 0x0000000784b00000, 0x0000000784c00000|  0%| F|  |TAMS 0x0000000784b00000, 0x0000000784b00000| Untracked 
|  76|0x0000000784c00000, 0x0000000784c00000, 0x0000000784d00000|  0%| F|  |TAMS 0x0000000784c00000, 0x0000000784c00000| Untracked 
|  77|0x0000000784d00000, 0x0000000784d00000, 0x0000000784e00000|  0%| F|  |TAMS 0x0000000784d00000, 0x0000000784d00000| Untracked 
|  78|0x0000000784e00000, 0x0000000784e00000, 0x0000000784f00000|  0%| F|  |TAMS 0x0000000784e00000, 0x0000000784e00000| Untracked 
|  79|0x0000000784f00000, 0x0000000784f00000, 0x0000000785000000|  0%| F|  |TAMS 0x0000000784f00000, 0x0000000784f00000| Untracked 
|  80|0x0000000785000000, 0x0000000785000000, 0x0000000785100000|  0%| F|  |TAMS 0x0000000785000000, 0x0000000785000000| Untracked 
|  81|0x0000000785100000, 0x0000000785100000, 0x0000000785200000|  0%| F|  |TAMS 0x0000000785100000, 0x0000000785100000| Untracked 
|  82|0x0000000785200000, 0x0000000785200000, 0x0000000785300000|  0%| F|  |TAMS 0x0000000785200000, 0x0000000785200000| Untracked 
|  83|0x0000000785300000, 0x0000000785300000, 0x0000000785400000|  0%| F|  |TAMS 0x0000000785300000, 0x0000000785300000| Untracked 
|  84|0x0000000785400000, 0x0000000785400000, 0x0000000785500000|  0%| F|  |TAMS 0x0000000785400000, 0x0000000785400000| Untracked 
|  85|0x0000000785500000, 0x0000000785500000, 0x0000000785600000|  0%| F|  |TAMS 0x0000000785500000, 0x0000000785500000| Untracked 
|  86|0x0000000785600000, 0x0000000785600000, 0x0000000785700000|  0%| F|  |TAMS 0x0000000785600000, 0x0000000785600000| Untracked 
|  87|0x0000000785700000, 0x0000000785700000, 0x0000000785800000|  0%| F|  |TAMS 0x0000000785700000, 0x0000000785700000| Untracked 
|  88|0x0000000785800000, 0x0000000785800000, 0x0000000785900000|  0%| F|  |TAMS 0x0000000785800000, 0x0000000785800000| Untracked 
|  89|0x0000000785900000, 0x0000000785900000, 0x0000000785a00000|  0%| F|  |TAMS 0x0000000785900000, 0x0000000785900000| Untracked 
|  90|0x0000000785a00000, 0x0000000785a00000, 0x0000000785b00000|  0%| F|  |TAMS 0x0000000785a00000, 0x0000000785a00000| Untracked 
|  91|0x0000000785b00000, 0x0000000785b00000, 0x0000000785c00000|  0%| F|  |TAMS 0x0000000785b00000, 0x0000000785b00000| Untracked 
|  92|0x0000000785c00000, 0x0000000785c00000, 0x0000000785d00000|  0%| F|  |TAMS 0x0000000785c00000, 0x0000000785c00000| Untracked 
|  93|0x0000000785d00000, 0x0000000785d00000, 0x0000000785e00000|  0%| F|  |TAMS 0x0000000785d00000, 0x0000000785d00000| Untracked 
|  94|0x0000000785e00000, 0x0000000785e00000, 0x0000000785f00000|  0%| F|  |TAMS 0x0000000785e00000, 0x0000000785e00000| Untracked 
|  95|0x0000000785f00000, 0x0000000785f00000, 0x0000000786000000|  0%| F|  |TAMS 0x0000000785f00000, 0x0000000785f00000| Untracked 
|  96|0x0000000786000000, 0x0000000786000000, 0x0000000786100000|  0%| F|  |TAMS 0x0000000786000000, 0x0000000786000000| Untracked 
|  97|0x0000000786100000, 0x0000000786100000, 0x0000000786200000|  0%| F|  |TAMS 0x0000000786100000, 0x0000000786100000| Untracked 
|  98|0x0000000786200000, 0x0000000786200000, 0x0000000786300000|  0%| F|  |TAMS 0x0000000786200000, 0x0000000786200000| Untracked 
|  99|0x0000000786300000, 0x0000000786300000, 0x0000000786400000|  0%| F|  |TAMS 0x0000000786300000, 0x0000000786300000| Untracked 
| 100|0x0000000786400000, 0x0000000786400000, 0x0000000786500000|  0%| F|  |TAMS 0x0000000786400000, 0x0000000786400000| Untracked 
| 101|0x0000000786500000, 0x0000000786500000, 0x0000000786600000|  0%| F|  |TAMS 0x0000000786500000, 0x0000000786500000| Untracked 
| 102|0x0000000786600000, 0x0000000786600000, 0x0000000786700000|  0%| F|  |TAMS 0x0000000786600000, 0x0000000786600000| Untracked 
| 103|0x0000000786700000, 0x0000000786700000, 0x0000000786800000|  0%| F|  |TAMS 0x0000000786700000, 0x0000000786700000| Untracked 
| 104|0x0000000786800000, 0x0000000786800000, 0x0000000786900000|  0%| F|  |TAMS 0x0000000786800000, 0x0000000786800000| Untracked 
| 105|0x0000000786900000, 0x0000000786900000, 0x0000000786a00000|  0%| F|  |TAMS 0x0000000786900000, 0x0000000786900000| Untracked 
| 106|0x0000000786a00000, 0x0000000786a00000, 0x0000000786b00000|  0%| F|  |TAMS 0x0000000786a00000, 0x0000000786a00000| Untracked 
| 107|0x0000000786b00000, 0x0000000786b00000, 0x0000000786c00000|  0%| F|  |TAMS 0x0000000786b00000, 0x0000000786b00000| Untracked 
| 108|0x0000000786c00000, 0x0000000786c00800, 0x0000000786d00000|  0%| E|  |TAMS 0x0000000786c00000, 0x0000000786c00000| Complete 
| 109|0x0000000786d00000, 0x0000000786e00000, 0x0000000786e00000|100%| E|CS|TAMS 0x0000000786d00000, 0x0000000786d00000| Complete 
| 110|0x0000000786e00000, 0x0000000786f00000, 0x0000000786f00000|100%| E|CS|TAMS 0x0000000786e00000, 0x0000000786e00000| Complete 
| 111|0x0000000786f00000, 0x0000000787000000, 0x0000000787000000|100%| E|CS|TAMS 0x0000000786f00000, 0x0000000786f00000| Complete 
| 112|0x0000000787000000, 0x0000000787100000, 0x0000000787100000|100%| E|CS|TAMS 0x0000000787000000, 0x0000000787000000| Complete 
| 113|0x0000000787100000, 0x0000000787200000, 0x0000000787200000|100%| E|CS|TAMS 0x0000000787100000, 0x0000000787100000| Complete 
| 114|0x0000000787200000, 0x0000000787300000, 0x0000000787300000|100%| E|CS|TAMS 0x0000000787200000, 0x0000000787200000| Complete 
| 115|0x0000000787300000, 0x0000000787400000, 0x0000000787400000|100%| E|CS|TAMS 0x0000000787300000, 0x0000000787300000| Complete 
| 116|0x0000000787400000, 0x0000000787500000, 0x0000000787500000|100%| E|CS|TAMS 0x0000000787400000, 0x0000000787400000| Complete 
| 117|0x0000000787500000, 0x0000000787600000, 0x0000000787600000|100%| E|CS|TAMS 0x0000000787500000, 0x0000000787500000| Complete 
| 118|0x0000000787600000, 0x0000000787700000, 0x0000000787700000|100%| E|CS|TAMS 0x0000000787600000, 0x0000000787600000| Complete 
| 119|0x0000000787700000, 0x0000000787800000, 0x0000000787800000|100%| E|CS|TAMS 0x0000000787700000, 0x0000000787700000| Complete 
| 120|0x0000000787800000, 0x0000000787900000, 0x0000000787900000|100%| E|CS|TAMS 0x0000000787800000, 0x0000000787800000| Complete 
| 121|0x0000000787900000, 0x0000000787a00000, 0x0000000787a00000|100%| E|  |TAMS 0x0000000787900000, 0x0000000787900000| Complete 
| 122|0x0000000787a00000, 0x0000000787b00000, 0x0000000787b00000|100%| E|CS|TAMS 0x0000000787a00000, 0x0000000787a00000| Complete 
| 123|0x0000000787b00000, 0x0000000787c00000, 0x0000000787c00000|100%| E|CS|TAMS 0x0000000787b00000, 0x0000000787b00000| Complete 
| 124|0x0000000787c00000, 0x0000000787d00000, 0x0000000787d00000|100%| E|CS|TAMS 0x0000000787c00000, 0x0000000787c00000| Complete 
| 125|0x0000000787d00000, 0x0000000787e00000, 0x0000000787e00000|100%| E|CS|TAMS 0x0000000787d00000, 0x0000000787d00000| Complete 
| 126|0x0000000787e00000, 0x0000000787f00000, 0x0000000787f00000|100%| E|CS|TAMS 0x0000000787e00000, 0x0000000787e00000| Complete 
| 127|0x0000000787f00000, 0x0000000788000000, 0x0000000788000000|100%| E|CS|TAMS 0x0000000787f00000, 0x0000000787f00000| Complete 

Card table byte_map: [0x000000012758e000,0x000000012798e000] _byte_map_base: 0x000000012398e000

Marking Bits (Prev, Next): (CMBitMap*) 0x00007fdb6583aa18, (CMBitMap*) 0x00007fdb6583aa50
 Prev Bits: [0x0000000127d8e000, 0x0000000129d8e000)
 Next Bits: [0x0000000129d8e000, 0x000000012bd8e000)

Polling page: 0x000000010435f000

Metaspace:

Usage:
  Non-class:     15.64 MB capacity,    15.47 MB ( 99%) used,   145.66 KB ( <1%) free+waste,    30.06 KB ( <1%) overhead. 
      Class:      1.84 MB capacity,     1.71 MB ( 93%) used,   125.26 KB (  7%) free+waste,    13.94 KB ( <1%) overhead. 
       Both:     17.49 MB capacity,    17.18 MB ( 98%) used,   270.91 KB (  2%) free+waste,    44.00 KB ( <1%) overhead. 

Virtual space:
  Non-class space:       16.00 MB reserved,      16.00 MB (100%) committed 
      Class space:        1.00 GB reserved,       1.88 MB ( <1%) committed 
             Both:        1.02 GB reserved,      17.88 MB (  2%) committed 

Chunk freelists:
   Non-Class:  130.00 KB
       Class:  31.00 KB
        Both:  161.00 KB

MaxMetaspaceSize: unlimited
CompressedClassSpaceSize: 1.00 GB
Initial GC threshold: 20.80 MB
Current GC threshold: 20.80 MB
CDS: off

CodeHeap 'non-profiled nmethods': size=120032Kb used=473Kb max_used=473Kb free=119558Kb
 bounds [0x000000011fb6b000, 0x000000011fddb000, 0x00000001270a3000]
CodeHeap 'profiled nmethods': size=120028Kb used=2698Kb max_used=2698Kb free=117330Kb
 bounds [0x0000000118634000, 0x00000001188e4000, 0x000000011fb6b000]
CodeHeap 'non-nmethods': size=5700Kb used=1185Kb max_used=1195Kb free=4514Kb
 bounds [0x00000001180a3000, 0x0000000118313000, 0x0000000118634000]
 total_blobs=1676 nmethods=1216 adapters=375
 compilation: enabled
              stopped_count=0, restarted_count=0
 full_count=0

Compilation events (20 events):
Event: 4.592 Thread 0x00007fdb5401b000 1216       3       java.util.TreeMap::getEntry (84 bytes)
Event: 4.593 Thread 0x00007fdb5401b000 nmethod 1216 0x00000001188cdf10 code [0x00000001188ce120, 0x00000001188ce700]
Event: 4.593 Thread 0x00007fdb5401b000 1213       1       sun.security.ssl.InputRecord::isClosed (5 bytes)
Event: 4.593 Thread 0x00007fdb5401b000 nmethod 1213 0x000000011fbe1110 code [0x000000011fbe12c0, 0x000000011fbe1370]
Event: 4.593 Thread 0x00007fdb5401b000 1215       1       java.util.concurrent.locks.AbstractOwnableSynchronizer::setExclusiveOwnerThread (6 bytes)
Event: 4.593 Thread 0x00007fdb5401b000 nmethod 1215 0x000000011fbe1410 code [0x000000011fbe15c0, 0x000000011fbe16d0]
Event: 4.593 Thread 0x00007fdb5401b000 1217   !   3       jdk.internal.loader.URLClassPath$FileLoader::getResource (164 bytes)
Event: 4.594 Thread 0x00007fdb5401b000 nmethod 1217 0x00000001188cea90 code [0x00000001188ceda0, 0x00000001188cfcc0]
Event: 4.594 Thread 0x00007fdb5401b000 1218       3       java.util.zip.ZipUtils::LOCSIG (6 bytes)
Event: 4.594 Thread 0x00007fdb5401b000 nmethod 1218 0x00000001188d0910 code [0x00000001188d0ae0, 0x00000001188d0d90]
Event: 4.594 Thread 0x00007fdb5401b000 1219       3       java.lang.ref.Reference::clear (6 bytes)
Event: 4.594 Thread 0x00007fdb5401b000 nmethod 1219 0x00000001188d0f90 code [0x00000001188d1140, 0x00000001188d1270]
Event: 4.594 Thread 0x00007fdb5401b000 1220   !   3       jdk.internal.ref.PhantomCleanable::remove (60 bytes)
Event: 4.594 Thread 0x00007fdb5401b000 nmethod 1220 0x00000001188d1310 code [0x00000001188d14e0, 0x00000001188d19f0]
Event: 4.596 Thread 0x00007fdb5401b000 1221   !   3       java.util.zip.ZipFile::getInputStream (323 bytes)
Event: 4.598 Thread 0x00007fdb5401b000 nmethod 1221 0x00000001188d1d10 code [0x00000001188d2080, 0x00000001188d3a10]
Event: 4.598 Thread 0x00007fdb5401b000 1222       3       java.util.zip.ZipFile$ZipFileInputStream::<init> (96 bytes)
Event: 4.599 Thread 0x00007fdb5401b000 nmethod 1222 0x00000001188d4f90 code [0x00000001188d51e0, 0x00000001188d5c40]
Event: 4.599 Thread 0x00007fdb5401b000 1223       3       java.util.zip.ZipUtils::LOCNAM (7 bytes)
Event: 4.600 Thread 0x00007fdb5401b000 nmethod 1223 0x00000001188d6390 code [0x00000001188d6540, 0x00000001188d66d0]

GC Heap History (0 events):
No events

Deoptimization events (20 events):
Event: 4.150 Thread 0x00007fdb54009000 Uncommon trap: trap_request=0xffffffc6 fr.pc=0x000000011fbc1384 relative=0x0000000000000704
Event: 4.150 Thread 0x00007fdb54009000 Uncommon trap: reason=bimorphic_or_optimized_type_check action=maybe_recompile pc=0x000000011fbc1384 method=java.util.regex.Pattern$BmpCharProperty.match(Ljava/util/regex/Matcher;ILjava/lang/CharSequence;)Z @ 36 c2
Event: 4.150 Thread 0x00007fdb54009000 DEOPT PACKING pc=0x000000011fbc1384 sp=0x000000030cacaec0
Event: 4.150 Thread 0x00007fdb54009000 DEOPT UNPACKING pc=0x00000001180ece9f sp=0x000000030cacaea8 mode 2
Event: 4.162 Thread 0x00007fdb54009000 Uncommon trap: trap_request=0xffffffc6 fr.pc=0x000000011fbc1384 relative=0x0000000000000704
Event: 4.162 Thread 0x00007fdb54009000 Uncommon trap: reason=bimorphic_or_optimized_type_check action=maybe_recompile pc=0x000000011fbc1384 method=java.util.regex.Pattern$BmpCharProperty.match(Ljava/util/regex/Matcher;ILjava/lang/CharSequence;)Z @ 36 c2
Event: 4.162 Thread 0x00007fdb54009000 DEOPT PACKING pc=0x000000011fbc1384 sp=0x000000030cacaec0
Event: 4.162 Thread 0x00007fdb54009000 DEOPT UNPACKING pc=0x00000001180ece9f sp=0x000000030cacaea8 mode 2
Event: 4.325 Thread 0x00007fdb54009000 Uncommon trap: trap_request=0xffffff4d fr.pc=0x000000011fbcccd4 relative=0x0000000000000314
Event: 4.325 Thread 0x00007fdb54009000 Uncommon trap: reason=unstable_if action=reinterpret pc=0x000000011fbcccd4 method=java.util.HashMap.putVal(ILjava/lang/Object;Ljava/lang/Object;ZZ)Ljava/lang/Object; @ 162 c2
Event: 4.325 Thread 0x00007fdb54009000 DEOPT PACKING pc=0x000000011fbcccd4 sp=0x000000030cacd770
Event: 4.325 Thread 0x00007fdb54009000 DEOPT UNPACKING pc=0x00000001180ece9f sp=0x000000030cacd710 mode 2
Event: 4.348 Thread 0x00007fdb54009000 Uncommon trap: trap_request=0xffffff4d fr.pc=0x000000011fbced1c relative=0x000000000000023c
Event: 4.348 Thread 0x00007fdb54009000 Uncommon trap: reason=unstable_if action=reinterpret pc=0x000000011fbced1c method=java.util.regex.Pattern$SliceI.match(Ljava/util/regex/Matcher;ILjava/lang/CharSequence;)Z @ 29 c2
Event: 4.348 Thread 0x00007fdb54009000 DEOPT PACKING pc=0x000000011fbced1c sp=0x000000030cace540
Event: 4.348 Thread 0x00007fdb54009000 DEOPT UNPACKING pc=0x00000001180ece9f sp=0x000000030cace4f8 mode 2
Event: 4.587 Thread 0x00007fdb54009000 Uncommon trap: trap_request=0xffffff4d fr.pc=0x000000011fbd2f40 relative=0x0000000000000a40
Event: 4.587 Thread 0x00007fdb54009000 Uncommon trap: reason=unstable_if action=reinterpret pc=0x000000011fbd2f40 method=java.lang.Integer.compare(II)I @ 2 c2
Event: 4.587 Thread 0x00007fdb54009000 DEOPT PACKING pc=0x000000011fbd2f40 sp=0x000000030cacecc0
Event: 4.587 Thread 0x00007fdb54009000 DEOPT UNPACKING pc=0x00000001180ece9f sp=0x000000030caceb48 mode 2

Classes redefined (0 events):
No events

Internal exceptions (7 events):
Event: 1.583 Thread 0x00007fdb54009000 Exception <a 'java/lang/NoClassDefFoundError'{0x0000000787d09360}: jdk/internal/loader/NativeLibraries> (0x0000000787d09360) thrown at [src/hotspot/share/classfile/systemDictionary.cpp, line 219]
Event: 1.588 Thread 0x00007fdb54009000 Exception <a 'java/lang/NoSuchMethodError'{0x0000000787d0b1d8}: 'java.lang.Object java.lang.invoke.DirectMethodHandle$Holder.invokeStaticInit(java.lang.Object, java.lang.Object, java.lang.Object)'> (0x0000000787d0b1d8) thrown at [src/hotspot/share/interpreter/linkResolver.cpp, line 773]
Event: 3.640 Thread 0x00007fdb54009000 Exception <a 'java/lang/NoSuchMethodError'{0x00000007879b8370}: 'java.lang.Object java.lang.invoke.DirectMethodHandle$Holder.invokeVirtual(java.lang.Object, java.lang.Object, java.lang.Object)'> (0x00000007879b8370) thrown at [src/hotspot/share/interpreter/linkResolver.cpp, line 773]
Event: 4.032 Thread 0x00007fdb54009000 Exception <a 'java/lang/NoSuchMethodError'{0x00000007872a7108}: 'void java.lang.invoke.DirectMethodHandle$Holder.invokeStaticInit(java.lang.Object, java.lang.Object)'> (0x00000007872a7108) thrown at [src/hotspot/share/interpreter/linkResolver.cpp, line 773]
Event: 4.175 Thread 0x00007fdb54009000 Exception <a 'java/lang/NoSuchMethodError'{0x0000000787020810}: 'int java.lang.invoke.DirectMethodHandle$Holder.invokeStaticInit(java.lang.Object, java.lang.Object, java.lang.Object, java.lang.Object)'> (0x0000000787020810) thrown at [src/hotspot/share/interpreter/linkResolver.cpp, line 773]
Event: 4.177 Thread 0x00007fdb54009000 Exception <a 'java/lang/IncompatibleClassChangeError'{0x00000007870296c8}: Found class java.lang.Object, but interface was expected> (0x00000007870296c8) thrown at [src/hotspot/share/interpreter/linkResolver.cpp, line 839]
Event: 4.179 Thread 0x00007fdb54009000 Exception <a 'java/lang/NoSuchMethodError'{0x000000078702e970}: 'int java.lang.invoke.DirectMethodHandle$Holder.invokeStaticInit(java.lang.Object, java.lang.Object)'> (0x000000078702e970) thrown at [src/hotspot/share/interpreter/linkResolver.cpp, line 773]

Events (20 events):
Event: 4.587 loading class com/mysql/cj/MysqlType
Event: 4.587 loading class com/mysql/cj/MysqlType done
Event: 4.590 loading class com/mysql/cj/protocol/a/ColumnDefinitionReader$1
Event: 4.590 loading class com/mysql/cj/protocol/a/ColumnDefinitionReader$1 done
Event: 4.591 loading class com/mysql/cj/result/Field$1
Event: 4.591 loading class com/mysql/cj/result/Field$1 done
Event: 4.592 loading class com/mysql/cj/result/DefaultColumnDefinition
Event: 4.592 loading class com/mysql/cj/result/DefaultColumnDefinition done
Event: 4.593 loading class com/mysql/cj/protocol/a/TextRowFactory
Event: 4.593 loading class com/mysql/cj/protocol/a/TextRowFactory done
Event: 4.593 loading class com/mysql/cj/protocol/a/AbstractRowFactory
Event: 4.593 loading class com/mysql/cj/protocol/a/AbstractRowFactory done
Event: 4.593 loading class com/mysql/cj/protocol/ValueDecoder
Event: 4.593 loading class com/mysql/cj/protocol/ValueDecoder done
Event: 4.594 loading class com/mysql/cj/protocol/a/MysqlTextValueDecoder
Event: 4.594 loading class com/mysql/cj/protocol/a/MysqlTextValueDecoder done
Event: 4.594 loading class com/mysql/cj/exceptions/DataReadException
Event: 4.594 loading class com/mysql/cj/exceptions/DataReadException done
Event: 4.597 loading class com/mysql/cj/exceptions/NumberOutOfRange
Event: 4.597 loading class com/mysql/cj/exceptions/NumberOutOfRange done


Dynamic libraries:
0x000000010c991000 	/Users/jojunbeom/Library/Java/JavaVirtualMachines/corretto-11.0.14.1/Contents/Home/lib/jli/libjli.dylib
0x00007ff820468000 	/System/Library/Frameworks/Cocoa.framework/Versions/A/Cocoa
0x00007ff80bd09000 	/System/Library/Frameworks/AppKit.framework/Versions/C/AppKit
0x00007ff80f259000 	/System/Library/Frameworks/CoreData.framework/Versions/A/CoreData
0x00007ff80a124000 	/System/Library/Frameworks/Foundation.framework/Versions/C/Foundation
0x00007ff81454c000 	/usr/lib/libSystem.B.dylib
0x00007ff80cb96000 	/System/Library/PrivateFrameworks/UIFoundation.framework/Versions/A/UIFoundation
0x00007ff81a440000 	/System/Library/PrivateFrameworks/RemoteViewServices.framework/Versions/A/RemoteViewServices
0x00007ff81273f000 	/System/Library/PrivateFrameworks/XCTTargetBootstrap.framework/Versions/A/XCTTargetBootstrap
0x00007ff816417000 	/System/Library/PrivateFrameworks/InternationalSupport.framework/Versions/A/InternationalSupport
0x00007ff8164a1000 	/System/Library/PrivateFrameworks/UserActivity.framework/Versions/A/UserActivity
0x00007ff8157fe000 	/usr/lib/libspindump.dylib
0x00007ff80ce24000 	/System/Library/Frameworks/UniformTypeIdentifiers.framework/Versions/A/UniformTypeIdentifiers
0x00007ff810e7e000 	/usr/lib/libapp_launch_measurement.dylib
0x00007ff80fc33000 	/System/Library/PrivateFrameworks/CoreAnalytics.framework/Versions/A/CoreAnalytics
0x00007ff810e81000 	/System/Library/PrivateFrameworks/CoreAutoLayout.framework/Versions/A/CoreAutoLayout
0x00007ff8120a0000 	/System/Library/Frameworks/Metal.framework/Versions/A/Metal
0x00007ff812db7000 	/usr/lib/liblangid.dylib
0x00007ff812743000 	/System/Library/PrivateFrameworks/CoreSVG.framework/Versions/A/CoreSVG
0x00007ff80e1e6000 	/System/Library/PrivateFrameworks/SkyLight.framework/Versions/A/SkyLight
0x00007ff80e577000 	/System/Library/Frameworks/CoreGraphics.framework/Versions/A/CoreGraphics
0x00007ff81aaab000 	/System/Library/Frameworks/Accelerate.framework/Versions/A/Accelerate
0x00007ff815279000 	/System/Library/PrivateFrameworks/IconServices.framework/Versions/A/IconServices
0x00007ff812085000 	/System/Library/Frameworks/IOSurface.framework/Versions/A/IOSurface
0x00007ff80fc61000 	/usr/lib/libDiagnosticMessagesClient.dylib
0x00007ff814466000 	/usr/lib/libz.1.dylib
0x00007ff81e10a000 	/System/Library/Frameworks/ApplicationServices.framework/Versions/A/ApplicationServices
0x00007ff81272b000 	/System/Library/PrivateFrameworks/DFRFoundation.framework/Versions/A/DFRFoundation
0x00007ff80b5fa000 	/usr/lib/libicucore.A.dylib
0x00007ff817139000 	/System/Library/Frameworks/AudioToolbox.framework/Versions/A/AudioToolbox
0x00007ff816423000 	/System/Library/PrivateFrameworks/DataDetectorsCore.framework/Versions/A/DataDetectorsCore
0x00007ff911bb8000 	/System/Library/PrivateFrameworks/TextInput.framework/Versions/A/TextInput
0x00007ff80e169000 	/usr/lib/libMobileGestalt.dylib
0x00007ff812433000 	/System/Library/Frameworks/Carbon.framework/Versions/A/Frameworks/HIToolbox.framework/Versions/A/HIToolbox
0x00007ff8108ac000 	/System/Library/Frameworks/QuartzCore.framework/Versions/A/QuartzCore
0x00007ff80b29b000 	/System/Library/Frameworks/Security.framework/Versions/A/Security
0x00007ff81a478000 	/System/Library/Frameworks/Carbon.framework/Versions/A/Frameworks/SpeechRecognition.framework/Versions/A/SpeechRecognition
0x00007ff810bde000 	/System/Library/PrivateFrameworks/CoreUI.framework/Versions/A/CoreUI
0x00007ff80ab75000 	/System/Library/Frameworks/CoreAudio.framework/Versions/A/CoreAudio
0x00007ff80fd4f000 	/System/Library/Frameworks/DiskArbitration.framework/Versions/A/DiskArbitration
0x00007ff815be1000 	/System/Library/PrivateFrameworks/MultitouchSupport.framework/Versions/A/MultitouchSupport
0x00007ff80e168000 	/usr/lib/libenergytrace.dylib
0x00007ff80bbf5000 	/System/Library/Frameworks/IOKit.framework/Versions/A/IOKit
0x00007ff81a862000 	/System/Library/Frameworks/CoreServices.framework/Versions/A/CoreServices
0x00007ff810e18000 	/System/Library/PrivateFrameworks/PerformanceAnalysis.framework/Versions/A/PerformanceAnalysis
0x00007ffa21627000 	/System/Library/Frameworks/OpenGL.framework/Versions/A/OpenGL
0x00007ff813a9e000 	/System/Library/PrivateFrameworks/MobileKeyBag.framework/Versions/A/MobileKeyBag
0x00007ff8091bc000 	/usr/lib/libobjc.A.dylib
0x00007ff80eca6000 	/System/Library/Frameworks/ColorSync.framework/Versions/A/ColorSync
0x00007ff809378000 	/System/Library/Frameworks/CoreFoundation.framework/Versions/A/CoreFoundation
0x00007ff8129be000 	/System/Library/Frameworks/CoreImage.framework/Versions/A/CoreImage
0x00007ff80a98b000 	/System/Library/Frameworks/CoreText.framework/Versions/A/CoreText
0x00007ff812772000 	/System/Library/Frameworks/ImageIO.framework/Versions/A/ImageIO
0x00007ff814552000 	/System/Library/PrivateFrameworks/SoftLinking.framework/Versions/A/SoftLinking
0x00007ff810ec9000 	/usr/lib/libxml2.2.dylib
0x00007ff809285000 	/usr/lib/libc++.1.dylib
0x00007ff8147d2000 	/usr/lib/libcompression.dylib
0x00007ff81634d000 	/System/Library/PrivateFrameworks/TextureIO.framework/Versions/A/TextureIO
0x00007ff814ef2000 	/usr/lib/libate.dylib
0x00007ff814547000 	/usr/lib/system/libcache.dylib
0x00007ff814503000 	/usr/lib/system/libcommonCrypto.dylib
0x00007ff81452c000 	/usr/lib/system/libcompiler_rt.dylib
0x00007ff814522000 	/usr/lib/system/libcopyfile.dylib
0x00007ff8090b6000 	/usr/lib/system/libcorecrypto.dylib
0x00007ff809175000 	/usr/lib/system/libdispatch.dylib
0x00007ff809337000 	/usr/lib/system/libdyld.dylib
0x00007ff81453e000 	/usr/lib/system/libkeymgr.dylib
0x00007ff8144e1000 	/usr/lib/system/libmacho.dylib
0x00007ff813b72000 	/usr/lib/system/libquarantine.dylib
0x00007ff81453c000 	/usr/lib/system/libremovefile.dylib
0x00007ff80e1b5000 	/usr/lib/system/libsystem_asl.dylib
0x00007ff809064000 	/usr/lib/system/libsystem_blocks.dylib
0x00007ff8091fc000 	/usr/lib/system/libsystem_c.dylib
0x00007ff814534000 	/usr/lib/system/libsystem_collections.dylib
0x00007ff812da8000 	/usr/lib/system/libsystem_configuration.dylib
0x00007ff812068000 	/usr/lib/system/libsystem_containermanager.dylib
0x00007ff81421a000 	/usr/lib/system/libsystem_coreservices.dylib
0x00007ff80b883000 	/usr/lib/system/libsystem_darwin.dylib
0x00007ff81453f000 	/usr/lib/system/libsystem_dnssd.dylib
0x00007ff8091f9000 	/usr/lib/system/libsystem_featureflags.dylib
0x00007ff80934d000 	/usr/lib/system/libsystem_info.dylib
0x00007ff814479000 	/usr/lib/system/libsystem_m.dylib
0x00007ff809149000 	/usr/lib/system/libsystem_malloc.dylib
0x00007ff80e152000 	/usr/lib/system/libsystem_networkextension.dylib
0x00007ff80bcab000 	/usr/lib/system/libsystem_notify.dylib
0x00007ff81a739000 	/usr/lib/system/libsystem_product_info_filter.dylib
0x00007ff812dac000 	/usr/lib/system/libsystem_sandbox.dylib
0x00007ff814539000 	/usr/lib/system/libsystem_secinit.dylib
0x00007ff8092f4000 	/usr/lib/system/libsystem_kernel.dylib
0x00007ff809343000 	/usr/lib/system/libsystem_platform.dylib
0x00007ff80932b000 	/usr/lib/system/libsystem_pthread.dylib
0x00007ff80fa79000 	/usr/lib/system/libsystem_symptoms.dylib
0x00007ff80909d000 	/usr/lib/system/libsystem_trace.dylib
0x00007ff81450f000 	/usr/lib/system/libunwind.dylib
0x00007ff809066000 	/usr/lib/system/libxpc.dylib
0x00007ff8092de000 	/usr/lib/libc++abi.dylib
0x00007ff81451a000 	/usr/lib/liboah.dylib
0x00007ff814cab000 	/usr/lib/liblzma.5.dylib
0x00007ff809e35000 	/System/Library/Frameworks/SystemConfiguration.framework/Versions/A/SystemConfiguration
0x00007ff81454e000 	/usr/lib/libfakelink.dylib
0x00007ff80dcbc000 	/System/Library/Frameworks/CFNetwork.framework/Versions/A/CFNetwork
0x00007ff81468d000 	/usr/lib/libarchive.2.dylib
0x00007ff812db3000 	/System/Library/PrivateFrameworks/AppleSystemInfo.framework/Versions/A/AppleSystemInfo
0x00007ff813b98000 	/usr/lib/libbsm.0.dylib
0x00007ff80d2f3000 	/usr/lib/libnetwork.dylib
0x00007ff8144e7000 	/usr/lib/system/libkxld.dylib
0x00007ff8137c7000 	/System/Library/PrivateFrameworks/IOMobileFramebuffer.framework/Versions/A/IOMobileFramebuffer
0x00007ffb1efc9000 	/usr/lib/libCoreEntitlements.dylib
0x00007ff8141fc000 	/System/Library/PrivateFrameworks/AppleFSCompression.framework/Versions/A/AppleFSCompression
0x00007ff813b81000 	/usr/lib/libcoretls.dylib
0x00007ff814cc5000 	/usr/lib/libcoretls_cfhelpers.dylib
0x00007ff8147cd000 	/usr/lib/libpam.2.dylib
0x00007ff80f69f000 	/usr/lib/libsqlite3.dylib
0x00007ff814d34000 	/usr/lib/libxar.1.dylib
0x00007ff81420c000 	/usr/lib/libbz2.1.0.dylib
0x00007ff814553000 	/usr/lib/libpcap.A.dylib
0x00007ff80fa70000 	/usr/lib/libdns_services.dylib
0x00007ff81479f000 	/usr/lib/libapple_nghttp2.dylib
0x00007ff81458a000 	/usr/lib/libiconv.2.dylib
0x00007ff8144e0000 	/usr/lib/libcharset.1.dylib
0x00007ff810e4c000 	/System/Library/Frameworks/CoreServices.framework/Versions/A/Frameworks/FSEvents.framework/Versions/A/FSEvents
0x00007ff80b88d000 	/System/Library/Frameworks/CoreServices.framework/Versions/A/Frameworks/CarbonCore.framework/Versions/A/CarbonCore
0x00007ff80fcb4000 	/System/Library/Frameworks/CoreServices.framework/Versions/A/Frameworks/Metadata.framework/Versions/A/Metadata
0x00007ff81421f000 	/System/Library/Frameworks/CoreServices.framework/Versions/A/Frameworks/OSServices.framework/Versions/A/OSServices
0x00007ff814713000 	/System/Library/Frameworks/CoreServices.framework/Versions/A/Frameworks/SearchKit.framework/Versions/A/SearchKit
0x00007ff80fa02000 	/System/Library/Frameworks/CoreServices.framework/Versions/A/Frameworks/AE.framework/Versions/A/AE
0x00007ff809879000 	/System/Library/Frameworks/CoreServices.framework/Versions/A/Frameworks/LaunchServices.framework/Versions/A/LaunchServices
0x00007ff814c5c000 	/System/Library/Frameworks/CoreServices.framework/Versions/A/Frameworks/DictionaryServices.framework/Versions/A/DictionaryServices
0x00007ff810e59000 	/System/Library/Frameworks/CoreServices.framework/Versions/A/Frameworks/SharedFileList.framework/Versions/A/SharedFileList
0x00007ff813b75000 	/usr/lib/libCheckFix.dylib
0x00007ff80e1cc000 	/System/Library/PrivateFrameworks/TCC.framework/Versions/A/TCC
0x00007ff812db9000 	/System/Library/PrivateFrameworks/CoreNLP.framework/Versions/A/CoreNLP
0x00007ff80fc64000 	/System/Library/PrivateFrameworks/MetadataUtilities.framework/Versions/A/MetadataUtilities
0x00007ff809ee5000 	/usr/lib/libmecabra.dylib
0x00007ff813ba8000 	/usr/lib/libmecab.dylib
0x00007ff809eb0000 	/usr/lib/libCRFSuite.dylib
0x00007ff813c05000 	/usr/lib/libgermantok.dylib
0x00007ff81477a000 	/usr/lib/libThaiTokenizer.dylib
0x00007ff80fd56000 	/System/Library/Frameworks/Accelerate.framework/Versions/A/Frameworks/vImage.framework/Versions/A/vImage
0x00007ff81a839000 	/System/Library/Frameworks/Accelerate.framework/Versions/A/Frameworks/vecLib.framework/Versions/A/vecLib
0x00007ff814d75000 	/System/Library/Frameworks/Accelerate.framework/Versions/A/Frameworks/vecLib.framework/Versions/A/libvMisc.dylib
0x00007ff8135bb000 	/System/Library/Frameworks/Accelerate.framework/Versions/A/Frameworks/vecLib.framework/Versions/A/libvDSP.dylib
0x00007ff809bf1000 	/System/Library/Frameworks/Accelerate.framework/Versions/A/Frameworks/vecLib.framework/Versions/A/libBLAS.dylib
0x00007ff8148af000 	/System/Library/Frameworks/Accelerate.framework/Versions/A/Frameworks/vecLib.framework/Versions/A/libLAPACK.dylib
0x00007ff813c08000 	/System/Library/Frameworks/Accelerate.framework/Versions/A/Frameworks/vecLib.framework/Versions/A/libLinearAlgebra.dylib
0x00007ff8147b8000 	/System/Library/Frameworks/Accelerate.framework/Versions/A/Frameworks/vecLib.framework/Versions/A/libSparseBLAS.dylib
0x00007ff8148a9000 	/System/Library/Frameworks/Accelerate.framework/Versions/A/Frameworks/vecLib.framework/Versions/A/libQuadrature.dylib
0x00007ff812ea3000 	/System/Library/Frameworks/Accelerate.framework/Versions/A/Frameworks/vecLib.framework/Versions/A/libBNNS.dylib
0x00007ff809dc6000 	/System/Library/Frameworks/Accelerate.framework/Versions/A/Frameworks/vecLib.framework/Versions/A/libSparse.dylib
0x00007ff812e9c000 	/System/Library/PrivateFrameworks/LinguisticData.framework/Versions/A/LinguisticData
0x00007ff809d7b000 	/System/Library/PrivateFrameworks/Lexicon.framework/Versions/A/Lexicon
0x00007ff814d6e000 	/usr/lib/libChineseTokenizer.dylib
0x00007ff80a4df000 	/System/Library/PrivateFrameworks/LanguageModeling.framework/Versions/A/LanguageModeling
0x00007ff81477c000 	/System/Library/PrivateFrameworks/AppleSauce.framework/Versions/A/AppleSauce
0x00007ff8137b5000 	/System/Library/PrivateFrameworks/CoreEmoji.framework/Versions/A/CoreEmoji
0x00007ff81467c000 	/usr/lib/libcmph.dylib
0x00007ff810e30000 	/System/Library/Frameworks/OpenDirectory.framework/Versions/A/Frameworks/CFOpenDirectory.framework/Versions/A/CFOpenDirectory
0x00007ff810e24000 	/System/Library/Frameworks/OpenDirectory.framework/Versions/A/OpenDirectory
0x00007ff814cc7000 	/System/Library/PrivateFrameworks/APFS.framework/Versions/A/APFS
0x00007ff813ad6000 	/System/Library/Frameworks/SecurityFoundation.framework/Versions/A/SecurityFoundation
0x00007ff814d42000 	/usr/lib/libutil.dylib
0x00007ff80bbb8000 	/System/Library/PrivateFrameworks/CoreServicesStore.framework/Versions/A/CoreServicesStore
0x00007ff814d46000 	/usr/lib/libxslt.1.dylib
0x00007ff813b63000 	/System/Library/PrivateFrameworks/BackgroundTaskManagement.framework/Versions/A/BackgroundTaskManagement
0x00007ff81626f000 	/System/Library/Frameworks/ImageIO.framework/Versions/A/Resources/libRadiance.dylib
0x00007ff816278000 	/System/Library/Frameworks/ImageIO.framework/Versions/A/Resources/libJPEG.dylib
0x00007ff8161c9000 	/System/Library/Frameworks/ImageIO.framework/Versions/A/Resources/libPng.dylib
0x00007ff8161ea000 	/System/Library/Frameworks/ImageIO.framework/Versions/A/Resources/libTIFF.dylib
0x00007ff8162d6000 	/System/Library/Frameworks/ImageIO.framework/Versions/A/Resources/libGIF.dylib
0x00007ff815afe000 	/System/Library/Frameworks/ImageIO.framework/Versions/A/Resources/libJP2.dylib
0x00007ff815240000 	/usr/lib/libexpat.1.dylib
0x00007ff815ab3000 	/System/Library/PrivateFrameworks/AppleJPEG.framework/Versions/A/AppleJPEG
0x00007ff8122fa000 	/System/Library/PrivateFrameworks/FontServices.framework/libFontParser.dylib
0x00007ff80f9ac000 	/System/Library/PrivateFrameworks/RunningBoardServices.framework/Versions/A/RunningBoardServices
0x00007ff8209d9000 	/System/Library/PrivateFrameworks/IOSurfaceAccelerator.framework/Versions/A/IOSurfaceAccelerator
0x00007ff815bdd000 	/System/Library/PrivateFrameworks/WatchdogClient.framework/Versions/A/WatchdogClient
0x00007ff80a5ce000 	/System/Library/Frameworks/CoreDisplay.framework/Versions/A/CoreDisplay
0x00007ff8121fa000 	/System/Library/Frameworks/CoreMedia.framework/Versions/A/CoreMedia
0x00007ff812097000 	/System/Library/PrivateFrameworks/IOAccelerator.framework/Versions/A/IOAccelerator
0x00007ff810fac000 	/System/Library/Frameworks/CoreVideo.framework/Versions/A/CoreVideo
0x00007ff8147cb000 	/System/Library/Frameworks/MetalPerformanceShaders.framework/Versions/A/MetalPerformanceShaders
0x00007ff815c18000 	/System/Library/Frameworks/VideoToolbox.framework/Versions/A/VideoToolbox
0x00007ff80f8f4000 	/System/Library/PrivateFrameworks/BaseBoard.framework/Versions/A/BaseBoard
0x00007ff80f685000 	/System/Library/PrivateFrameworks/ProtocolBuffer.framework/Versions/A/ProtocolBuffer
0x00007ff816268000 	/System/Library/PrivateFrameworks/GPUWrangler.framework/Versions/A/GPUWrangler
0x00007ff81624b000 	/System/Library/PrivateFrameworks/IOPresentment.framework/Versions/A/IOPresentment
0x00007ff816272000 	/System/Library/PrivateFrameworks/DSExternalDisplay.framework/Versions/A/DSExternalDisplay
0x00007ffa2161b000 	/System/Library/Frameworks/OpenGL.framework/Versions/A/Libraries/libCoreFSCache.dylib
0x00007ffb0d5c8000 	/System/Library/PrivateFrameworks/GPUCompiler.framework/Versions/31001/Libraries/libGPUCompilerUtils.dylib
0x00007ff8162db000 	/System/Library/PrivateFrameworks/CMCaptureCore.framework/Versions/A/CMCaptureCore
0x00007ff8157ec000 	/System/Library/PrivateFrameworks/AppServerSupport.framework/Versions/A/AppServerSupport
0x00007ff8179b6000 	/System/Library/PrivateFrameworks/perfdata.framework/Versions/A/perfdata
0x00007ff80a6fa000 	/System/Library/PrivateFrameworks/AudioToolboxCore.framework/Versions/A/AudioToolboxCore
0x00007ff8121d7000 	/System/Library/PrivateFrameworks/caulk.framework/Versions/A/caulk
0x00007ff8172e3000 	/usr/lib/libAudioStatistics.dylib
0x00007ff90e477000 	/System/Library/PrivateFrameworks/SystemPolicy.framework/Versions/A/SystemPolicy
0x00007ff81752f000 	/usr/lib/libSMC.dylib
0x00007ff82031b000 	/System/Library/Frameworks/CoreMIDI.framework/Versions/A/CoreMIDI
0x00007ff816199000 	/usr/lib/libAudioToolboxUtility.dylib
0x00007ff90a8ff000 	/System/Library/PrivateFrameworks/OSAServicesClient.framework/Versions/A/OSAServicesClient
0x00007ff8179c3000 	/usr/lib/libperfcheck.dylib
0x00007ff90ef03000 	/usr/lib/libmis.dylib
0x00007ffa21677000 	/System/Library/Frameworks/OpenGL.framework/Versions/A/Libraries/libGLU.dylib
0x00007ffa2163a000 	/System/Library/Frameworks/OpenGL.framework/Versions/A/Libraries/libGFXShared.dylib
0x00007ffa21848000 	/System/Library/Frameworks/OpenGL.framework/Versions/A/Libraries/libGL.dylib
0x00007ffa21643000 	/System/Library/Frameworks/OpenGL.framework/Versions/A/Libraries/libGLImage.dylib
0x00007ffa21637000 	/System/Library/Frameworks/OpenGL.framework/Versions/A/Libraries/libCVMSPluginSupport.dylib
0x00007ffa21622000 	/System/Library/Frameworks/OpenGL.framework/Versions/A/Libraries/libCoreVMClient.dylib
0x00007ff812d37000 	/System/Library/Frameworks/MetalPerformanceShaders.framework/Versions/A/Frameworks/MPSCore.framework/Versions/A/MPSCore
0x00007ff814167000 	/System/Library/Frameworks/MetalPerformanceShaders.framework/Versions/A/Frameworks/MPSImage.framework/Versions/A/MPSImage
0x00007ff813c1e000 	/System/Library/Frameworks/MetalPerformanceShaders.framework/Versions/A/Frameworks/MPSNeuralNetwork.framework/Versions/A/MPSNeuralNetwork
0x00007ff814093000 	/System/Library/Frameworks/MetalPerformanceShaders.framework/Versions/A/Frameworks/MPSMatrix.framework/Versions/A/MPSMatrix
0x00007ff813e4f000 	/System/Library/Frameworks/MetalPerformanceShaders.framework/Versions/A/Frameworks/MPSRayIntersector.framework/Versions/A/MPSRayIntersector
0x00007ff8140cc000 	/System/Library/Frameworks/MetalPerformanceShaders.framework/Versions/A/Frameworks/MPSNDArray.framework/Versions/A/MPSNDArray
0x00007ffa26220000 	/System/Library/Frameworks/MetalPerformanceShaders.framework/Versions/A/Frameworks/MPSFunctions.framework/Versions/A/MPSFunctions
0x00007ff809ad4000 	/System/Library/PrivateFrameworks/MetalTools.framework/Versions/A/MetalTools
0x00007ff812db1000 	/System/Library/PrivateFrameworks/AggregateDictionary.framework/Versions/A/AggregateDictionary
0x00007ff815022000 	/usr/lib/libIOReport.dylib
0x00007ffa22c57000 	/System/Library/Frameworks/OpenCL.framework/Versions/A/OpenCL
0x00007ff815386000 	/System/Library/PrivateFrameworks/FaceCore.framework/Versions/A/FaceCore
0x00007ff815377000 	/System/Library/PrivateFrameworks/GraphVisualizer.framework/Versions/A/GraphVisualizer
0x00007ffb0d4d3000 	/System/Library/PrivateFrameworks/FontServices.framework/Versions/A/FontServices
0x00007ff8157a3000 	/System/Library/PrivateFrameworks/OTSVG.framework/Versions/A/OTSVG
0x00007ff810b94000 	/System/Library/Frameworks/ApplicationServices.framework/Versions/A/Frameworks/ATS.framework/Versions/A/Resources/libFontRegistry.dylib
0x00007ff8157f4000 	/System/Library/PrivateFrameworks/FontServices.framework/libhvf.dylib
0x00007ffb0d4d4000 	/System/Library/PrivateFrameworks/FontServices.framework/libXTFontStaticRegistryData.dylib
0x00007ff8151f0000 	/System/Library/PrivateFrameworks/AppleVA.framework/Versions/A/AppleVA
0x00007ff817303000 	/System/Library/Frameworks/ApplicationServices.framework/Versions/A/Frameworks/ATS.framework/Versions/A/ATS
0x00007ff80eda2000 	/System/Library/Frameworks/ApplicationServices.framework/Versions/A/Frameworks/HIServices.framework/Versions/A/HIServices
0x00007ff8162e5000 	/System/Library/Frameworks/ApplicationServices.framework/Versions/A/Frameworks/PrintCore.framework/Versions/A/PrintCore
0x00007ff817682000 	/System/Library/Frameworks/ApplicationServices.framework/Versions/A/Frameworks/QD.framework/Versions/A/QD
0x00007ff81767a000 	/System/Library/Frameworks/ApplicationServices.framework/Versions/A/Frameworks/ColorSyncLegacy.framework/Versions/A/ColorSyncLegacy
0x00007ff8172f3000 	/System/Library/Frameworks/ApplicationServices.framework/Versions/A/Frameworks/SpeechSynthesis.framework/Versions/A/SpeechSynthesis
0x00007ff8162a6000 	/System/Library/Frameworks/ApplicationServices.framework/Versions/A/Frameworks/ATSUI.framework/Versions/A/ATSUI
0x00007ff81760f000 	/usr/lib/libcups.2.dylib
0x00007ff8179d2000 	/System/Library/Frameworks/Kerberos.framework/Versions/A/Kerberos
0x00007ff8179e1000 	/System/Library/Frameworks/GSS.framework/Versions/A/GSS
0x00007ff81736f000 	/usr/lib/libresolv.9.dylib
0x00007ff815803000 	/System/Library/PrivateFrameworks/Heimdal.framework/Versions/A/Heimdal
0x00007ff81e485000 	/System/Library/Frameworks/Kerberos.framework/Versions/A/Libraries/libHeimdalProxy.dylib
0x00007ff80fa81000 	/System/Library/Frameworks/Network.framework/Versions/A/Network
0x00007ff81525a000 	/usr/lib/libheimdal-asn1.dylib
0x00007ff817a2c000 	/System/Library/PrivateFrameworks/CommonAuth.framework/Versions/A/CommonAuth
0x00007ff817274000 	/System/Library/PrivateFrameworks/AudioSession.framework/Versions/A/AudioSession
0x00007ff8152ea000 	/System/Library/PrivateFrameworks/MediaExperience.framework/Versions/A/MediaExperience
0x00007ff817108000 	/System/Library/PrivateFrameworks/AudioSession.framework/libSessionUtility.dylib
0x00007ff81768e000 	/System/Library/PrivateFrameworks/AudioResourceArbitration.framework/Versions/A/AudioResourceArbitration
0x00007ff815263000 	/System/Library/PrivateFrameworks/IconFoundation.framework/Versions/A/IconFoundation
0x00007ff81a468000 	/System/Library/PrivateFrameworks/SpeechRecognitionCore.framework/Versions/A/SpeechRecognitionCore
0x00007ffa12aca000 	/System/Library/CoreServices/Encodings/libKoreanConverter.dylib
0x000000010d794000 	/Users/jojunbeom/Library/Java/JavaVirtualMachines/corretto-11.0.14.1/Contents/Home/lib/server/libjvm.dylib
0x000000010ca75000 	/Users/jojunbeom/Library/Java/JavaVirtualMachines/corretto-11.0.14.1/Contents/Home/lib/libverify.dylib
0x000000010ca9d000 	/Users/jojunbeom/Library/Java/JavaVirtualMachines/corretto-11.0.14.1/Contents/Home/lib/libjava.dylib
0x000000010ca0b000 	/Users/jojunbeom/Library/Java/JavaVirtualMachines/corretto-11.0.14.1/Contents/Home/lib/libjimage.dylib
0x000000010cb1c000 	/Users/jojunbeom/Library/Java/JavaVirtualMachines/corretto-11.0.14.1/Contents/Home/lib/libinstrument.dylib
0x000000010cbd7000 	/private/var/folders/k6/dkc35rrd3kvf4z8xbpc5z4zh0000gn/T/libasyncProfiler.so
0x000000010cb97000 	/Users/jojunbeom/Library/Java/JavaVirtualMachines/corretto-11.0.14.1/Contents/Home/lib/libzip.dylib
0x000000013040a000 	/Users/jojunbeom/Library/Java/JavaVirtualMachines/corretto-11.0.14.1/Contents/Home/lib/libnio.dylib
0x000000013045a000 	/Users/jojunbeom/Library/Java/JavaVirtualMachines/corretto-11.0.14.1/Contents/Home/lib/libnet.dylib
0x00000001304ab000 	/Users/jojunbeom/Library/Java/JavaVirtualMachines/corretto-11.0.14.1/Contents/Home/lib/libextnet.dylib
0x000000010ef57000 	/Users/jojunbeom/Library/Java/JavaVirtualMachines/corretto-11.0.14.1/Contents/Home/lib/libsunec.dylib


VM Arguments:
jvm_args: -javaagent:/Applications/IntelliJ IDEA.app/Contents/lib/idea_rt.jar=51830:/Applications/IntelliJ IDEA.app/Contents/bin -agentpath:/private/var/folders/k6/dkc35rrd3kvf4z8xbpc5z4zh0000gn/T/libasyncProfiler.so=start,jfr,event=cpu,interval=1ms,event=alloc,file=/Users/jojunbeom/BoardFrame_2022_06_26_151904.jfr -Dfile.encoding=UTF-8 
java_command: com.project.board.BoardFrame
java_class_path (initial): /Users/jojunbeom/Downloads/study/Java_App_Board_JDBC_Mysql_v3/out/production/Java_Application_Board_v2.1:/Users/jojunbeom/Downloads/study/Java_App_Board_JDBC_Mysql_v3/resource/lib/json-simple-1.1.1.jar:/Users/jojunbeom/Downloads/study/Java_App_Board_JDBC_Mysql_v3/resource/lib/mysql-connector-java-8.0.29.jar
Launcher Type: SUN_STANDARD

[Global flags]
     intx CICompilerCount                          = 4                                         {product} {ergonomic}
     uint ConcGCThreads                            = 2                                         {product} {ergonomic}
     uint G1ConcRefinementThreads                  = 8                                         {product} {ergonomic}
   size_t G1HeapRegionSize                         = 1048576                                   {product} {ergonomic}
    uintx GCDrainStackTargetSize                   = 64                                        {product} {ergonomic}
   size_t InitialHeapSize                          = 134217728                                 {product} {ergonomic}
   size_t MarkStackSize                            = 4194304                                   {product} {ergonomic}
   size_t MaxHeapSize                              = 2147483648                                {product} {ergonomic}
   size_t MaxNewSize                               = 1287651328                                {product} {ergonomic}
   size_t MinHeapDeltaBytes                        = 1048576                                   {product} {ergonomic}
    uintx NonNMethodCodeHeapSize                   = 5836300                                {pd product} {ergonomic}
    uintx NonProfiledCodeHeapSize                  = 122910970                              {pd product} {ergonomic}
    uintx ProfiledCodeHeapSize                     = 122910970                              {pd product} {ergonomic}
    uintx ReservedCodeCacheSize                    = 251658240                              {pd product} {ergonomic}
     bool SegmentedCodeCache                       = true                                      {product} {ergonomic}
     bool UseCompressedClassPointers               = true                                 {lp64_product} {ergonomic}
     bool UseCompressedOops                        = true                                 {lp64_product} {ergonomic}
     bool UseG1GC                                  = true                                      {product} {ergonomic}

Logging:
Log output configuration:
 #0: stdout all=warning uptime,level,tags
 #1: stderr all=off uptime,level,tags

Environment Variables:
PATH=/opt/homebrew/bin:/opt/homebrew/sbin:/usr/local/bin:/usr/bin:/bin:/usr/sbin:/sbin
SHELL=/bin/zsh
LC_CTYPE=ko_KR.UTF-8

Signal Handlers:
SIGSEGV: [libjvm.dylib+0x7ccc92], sa_mask[0]=11111111111111111111111111111111, sa_flags=SA_ONSTACK|SA_RESTART|SA_SIGINFO
SIGBUS: [libjvm.dylib+0x7ccc92], sa_mask[0]=11111111111111111111111111111111, sa_flags=SA_RESTART|SA_SIGINFO
SIGFPE: [libjvm.dylib+0x7ccc92], sa_mask[0]=11111111111111111111111111111111, sa_flags=SA_RESTART|SA_SIGINFO
SIGPIPE: [libjvm.dylib+0x630218], sa_mask[0]=11111111111111111111111111111111, sa_flags=SA_RESTART|SA_SIGINFO
SIGXFSZ: [libjvm.dylib+0x630218], sa_mask[0]=11111111111111111111111111111111, sa_flags=SA_RESTART|SA_SIGINFO
SIGILL: [libjvm.dylib+0x7ccc92], sa_mask[0]=11111111111111111111111111111111, sa_flags=SA_RESTART|SA_SIGINFO
SIGUSR2: [libjvm.dylib+0x6307f6], sa_mask[0]=00100000000000000000000000000000, sa_flags=SA_RESTART|SA_SIGINFO
SIGHUP: [libjvm.dylib+0x62f3a9], sa_mask[0]=11111111111111111111111111111111, sa_flags=SA_RESTART|SA_SIGINFO
SIGINT: [libjvm.dylib+0x62f3a9], sa_mask[0]=11111111111111111111111111111111, sa_flags=SA_RESTART|SA_SIGINFO
SIGTERM: [libjvm.dylib+0x62f3a9], sa_mask[0]=11111111111111111111111111111111, sa_flags=SA_RESTART|SA_SIGINFO
SIGQUIT: [libjvm.dylib+0x62f3a9], sa_mask[0]=11111111111111111111111111111111, sa_flags=SA_RESTART|SA_SIGINFO


---------------  S Y S T E M  ---------------

OS:uname:Darwin 21.1.0 Darwin Kernel Version 21.1.0: Wed Oct 13 17:33:24 PDT 2021; root:xnu-8019.41.5~1/RELEASE_ARM64_T8101 x86_64
OS uptime: 2 days 22:36 hours
rlimit (soft/hard): STACK 8176k/65520k , CORE 0k/infinity , NPROC 1333/2000 , NOFILE 10240/infinity , AS infinity/infinity , CPU infinity/infinity , DATA infinity/infinity , FSIZE infinity/infinity , MEMLOCK infinity/infinity , RSS infinity/infinity
load average:1.97 1.50 1.47

CPU:total 8 (initial active 8) (1 cores per cpu, 1 threads per core) family 6 model 44 stepping 0 microcode 0x0, cmov, cx8, fxsr, mmx, sse, sse2, sse3, ssse3, sse4.1, sse4.2, popcnt, aes, clmul, tsc, tscinvbit, tscinv

Memory: 4k page, physical 8388608k(27384k free), swap 1048576k(993536k free)

vm_info: OpenJDK 64-Bit Server VM (11.0.14.1+10-LTS) for bsd-amd64 JRE (11.0.14.1+10-LTS), built on Feb  8 2022 01:38:57 by "ec2user" with clang Apple LLVM 13.0.0 (clang-1300.0.29.30)

END.
