#
# A fatal error has been detected by the Java Runtime Environment:
#
#  SIGBUS (0xa) at pc=0x0000000309f14400, pid=15698, tid=34563
#
# JRE version: OpenJDK Runtime Environment Corretto-11.0.14.10.1 (11.0.14.1+10) (build 11.0.14.1+10-LTS)
# Java VM: OpenJDK 64-Bit Server VM Corretto-11.0.14.10.1 (11.0.14.1+10-LTS, mixed mode, tiered, compressed oops, g1 gc, bsd-amd64)
# Problematic frame:
# C  0x0000000309f14400
#
# No core dump will be written. Core dumps have been disabled. To enable core dumping, try "ulimit -c unlimited" before starting Java again
#
# If you would like to submit a bug report, please visit:
#   https://github.com/corretto/corretto-11/issues/
#

---------------  S U M M A R Y ------------

Command Line: -javaagent:/Applications/IntelliJ IDEA.app/Contents/lib/idea_rt.jar=53390:/Applications/IntelliJ IDEA.app/Contents/bin -agentpath:/private/var/folders/k6/dkc35rrd3kvf4z8xbpc5z4zh0000gn/T/libasyncProfiler.so=start,jfr,event=cpu,interval=1ms,event=alloc,file=/Users/jojunbeom/BoardFrame_2022_06_23_114912.jfr -Dfile.encoding=UTF-8 com.project.board.BoardFrame

Host: MacBookAir10,1 x86_64 2400 MHz, 8 cores, 8G, Darwin 21.1.0
Time: Thu Jun 23 11:49:13 2022 KST elapsed time: 1.225241 seconds (0d 0h 0m 1s)

---------------  T H R E A D  ---------------

Current thread (0x00007fa305a44800):  JavaThread "Attach Listener" daemon [_thread_in_vm, id=34563, stack(0x0000000309e15000,0x0000000309f15000)]

Stack: [0x0000000309e15000,0x0000000309f15000],  sp=0x0000000309f14438,  free space=1021k
Native frames: (J=compiled Java code, A=aot compiled Java code, j=interpreted, Vv=VM code, C=native code)
C  0x0000000309f14400

Java frames: (J=compiled Java code, j=interpreted, Vv=VM code)
j  java.util.concurrent.ConcurrentHashMap.transfer([Ljava/util/concurrent/ConcurrentHashMap$Node;[Ljava/util/concurrent/ConcurrentHashMap$Node;)V+472 java.base@11.0.14.1
J 40 c1 java.util.concurrent.ConcurrentHashMap.addCount(JI)V java.base@11.0.14.1 (289 bytes) @ 0x0000000116796b94 [0x0000000116796460+0x0000000000000734]
J 37 c1 java.util.concurrent.ConcurrentHashMap.putVal(Ljava/lang/Object;Ljava/lang/Object;Z)Ljava/lang/Object; java.base@11.0.14.1 (432 bytes) @ 0x000000011679477c [0x0000000116792c20+0x0000000000001b5c]
j  java.util.concurrent.ConcurrentHashMap.put(Ljava/lang/Object;Ljava/lang/Object;)Ljava/lang/Object;+4 java.base@11.0.14.1
j  java.util.Properties.put(Ljava/lang/Object;Ljava/lang/Object;)Ljava/lang/Object;+6 java.base@11.0.14.1
j  jdk.internal.vm.VMSupport.serializePropertiesToByteArray(Ljava/util/Properties;)[B+67 java.base@11.0.14.1
j  jdk.internal.vm.VMSupport.serializePropertiesToByteArray()[B+3 java.base@11.0.14.1
v  ~StubRoutines::call_stub

siginfo: si_signo: 10 (SIGBUS), si_code: 2 (BUS_ADRERR), si_addr: 0x0000000309f14400

Register to memory mapping:

RAX=0x000000010c2b9580: _ZN15JfrEventSetting19_jvm_event_settingsE+0 in /Users/jojunbeom/Library/Java/JavaVirtualMachines/corretto-11.0.14.1/Contents/Home/lib/server/libjvm.dylib at 0x000000010b8e8000
RBX=0x0000000309f14458 is pointing into the stack for thread: 0x00007fa305a44800
RCX=0x00007fa305a44800 is a thread
RDX=0x0000000000000020 is an unknown value
RSP=0x0000000309f14438 is pointing into the stack for thread: 0x00007fa305a44800
RBP=0x000000010beb06a6: _ZN12MemAllocator10Allocation17notify_allocationEv+0x16 in /Users/jojunbeom/Library/Java/JavaVirtualMachines/corretto-11.0.14.1/Contents/Home/lib/server/libjvm.dylib at 0x000000010b8e8000
RSI=0x0000000787b7d620 is an oop: java.util.concurrent.ConcurrentHashMap$Node 
{0x0000000787b7d620} - klass: 'java/util/concurrent/ConcurrentHashMap$Node'
RDI=0x0000000309f14408 is pointing into the stack for thread: 0x00007fa305a44800
R8 =0x00007fa305a44800 is a thread
R9 =0x0000000000000020 is an unknown value
R10=0x000000010c2d6950: _ZN19TemplateInterpreter13_active_tableE+0x4800 in /Users/jojunbeom/Library/Java/JavaVirtualMachines/corretto-11.0.14.1/Contents/Home/lib/server/libjvm.dylib at 0x000000010b8e8000
R11=0x00000001167886e0 is at entry_point+0 in (nmethod*)0x0000000116788510
R12=0x0 is NULL
R13=0x000000012c09ff88 is pointing into metadata
R14=0x0000000787b7d620 is an oop: java.util.concurrent.ConcurrentHashMap$Node 
{0x0000000787b7d620} - klass: 'java/util/concurrent/ConcurrentHashMap$Node'
R15=0x00007fa305a44800 is a thread


Registers:
RAX=0x000000010c2b9580, RBX=0x0000000309f14458, RCX=0x00007fa305a44800, RDX=0x0000000000000020
RSP=0x0000000309f14438, RBP=0x000000010beb06a6, RSI=0x0000000787b7d620, RDI=0x0000000309f14408
R8 =0x00007fa305a44800, R9 =0x0000000000000020, R10=0x000000010c2d6950, R11=0x00000001167886e0
R12=0x0000000000000000, R13=0x000000012c09ff88, R14=0x0000000787b7d620, R15=0x00007fa305a44800
RIP=0x0000000309f14400, EFLAGS=0x0000000000000212, ERR=0x0000000000000015
  TRAPNO=0x000000000000000e

Top of Stack: (sp=0x0000000309f14438)
0x0000000309f14438:   0000000309f144b8 0000000309f144a0
0x0000000309f14448:   000000010beb0a99 0000000309f14450
0x0000000309f14458:   0000000309f144b8 00007fa305a44800
0x0000000309f14468:   0000000309f14488 000000012c2a0000
0x0000000309f14478:   000000000000f5c6 000000012c0ac200
0x0000000309f14488:   0000000787b7d620 00007fa305a44800
0x0000000309f14498:   0000000001200020 0000000309f144e0
0x0000000309f144a8:   000000010bb1291e 0000000000000012
0x0000000309f144b8:   000000010c25c968 00007fa305008800
0x0000000309f144c8:   00007fa305a44800 000000080001a9e8
0x0000000309f144d8:   0000000000000004 0000000309f14500
0x0000000309f144e8:   000000010bc92160 00007fa305a44800
0x0000000309f144f8:   000000080001a9e8 0000000309f14530
0x0000000309f14508:   000000010bca466f 0000000309f145a8
0x0000000309f14518:   00007fa305a44800 0000000787b7d3f0
0x0000000309f14528:   0000000309f14688 0000000309f145a8
0x0000000309f14538:   0000000116214499 0000000000000021
0x0000000309f14548:   0000000116214465 0000000787b7cec0
0x0000000309f14558:   0000000787b7cb10 0000000309f14550
0x0000000309f14568:   000000012c09ff88 0000000309f14688
0x0000000309f14578:   000000012c0a32c0 000000012c2ca768
0x0000000309f14588:   0000000787f078d8 000000012c0a0380
0x0000000309f14598:   0000000000000000 0000000309f14690
0x0000000309f145a8:   0000000309f14900 0000000116796b94
0x0000000309f145b8:   0000000000000000 0000000000000000
0x0000000309f145c8:   0000000000000000 0000000000000000
0x0000000309f145d8:   0000000000000000 0000000787f0b260
0x0000000309f145e8:   0000000787f0b228 0000000013c0cc21
0x0000000309f145f8:   0000000787b7cb10 0000000787b7d020
0x0000000309f14608:   0000000000000040 0000000787b7d020
0x0000000309f14618:   0000000000000000 0000000787b7cb10
0x0000000309f14628:   0000000013c0cc21 0000000787b7cb10 

Instructions: (pc=0x0000000309f14400)
0x0000000309f14300:   00 43 f1 09 03 00 00 00 80 43 f1 09 03 00 00 00
0x0000000309f14310:   90 c9 25 0c 01 00 00 00 4a 00 00 00 00 00 00 00
0x0000000309f14320:   4a 00 00 00 00 00 00 00 d0 d3 b7 87 07 00 00 00
0x0000000309f14330:   c0 43 f1 09 03 00 00 00 ab 26 b1 0b 01 00 00 00
0x0000000309f14340:   00 00 00 00 00 00 00 00 00 48 a4 05 a3 7f 00 00
0x0000000309f14350:   40 c1 f1 03 00 60 00 00 90 73 d5 01 00 60 00 00
0x0000000309f14360:   a0 73 d5 01 00 60 00 00 78 44 f1 09 03 00 00 00
0x0000000309f14370:   d8 00 00 00 00 00 00 00 c6 f5 00 00 00 00 00 00
0x0000000309f14380:   c6 f5 00 00 00 00 00 00 10 49 a4 05 a3 7f 00 00
0x0000000309f14390:   20 d6 b7 87 07 00 00 00 c8 43 f1 09 03 00 00 00
0x0000000309f143a0:   26 73 cb 0b 01 00 00 00 20 00 00 00 00 00 00 00
0x0000000309f143b0:   20 00 00 00 00 00 00 00 30 ae 07 00 00 00 00 00
0x0000000309f143c0:   e8 a9 01 00 08 00 00 00 28 44 f1 09 03 00 00 00
0x0000000309f143d0:   97 4c 9e 0b 01 00 00 00 00 00 00 00 00 00 00 00
0x0000000309f143e0:   00 00 00 00 00 00 00 00 00 09 eb 0b 01 00 00 00
0x0000000309f143f0:   58 44 f1 09 03 00 00 00 58 44 f1 09 03 00 00 00
0x0000000309f14400:   58 44 f1 09 03 00 00 00 00 00 00 00 00 00 00 00
0x0000000309f14410:   58 44 f1 09 03 00 00 00 20 d6 b7 87 07 00 00 00
0x0000000309f14420:   00 48 a4 05 a3 7f 00 00 a6 06 eb 0b 01 00 00 00
0x0000000309f14430:   00 44 f1 09 03 00 00 00 b8 44 f1 09 03 00 00 00
0x0000000309f14440:   a0 44 f1 09 03 00 00 00 99 0a eb 0b 01 00 00 00
0x0000000309f14450:   50 44 f1 09 03 00 00 00 b8 44 f1 09 03 00 00 00
0x0000000309f14460:   00 48 a4 05 a3 7f 00 00 88 44 f1 09 03 00 00 00
0x0000000309f14470:   00 00 2a 2c 01 00 00 00 c6 f5 00 00 00 00 00 00
0x0000000309f14480:   00 c2 0a 2c 01 00 00 00 20 d6 b7 87 07 00 00 00
0x0000000309f14490:   00 48 a4 05 a3 7f 00 00 20 00 20 01 00 00 00 00
0x0000000309f144a0:   e0 44 f1 09 03 00 00 00 1e 29 b1 0b 01 00 00 00
0x0000000309f144b0:   12 00 00 00 00 00 00 00 68 c9 25 0c 01 00 00 00
0x0000000309f144c0:   00 88 00 05 a3 7f 00 00 00 48 a4 05 a3 7f 00 00
0x0000000309f144d0:   e8 a9 01 00 08 00 00 00 04 00 00 00 00 00 00 00
0x0000000309f144e0:   00 45 f1 09 03 00 00 00 60 21 c9 0b 01 00 00 00
0x0000000309f144f0:   00 48 a4 05 a3 7f 00 00 e8 a9 01 00 08 00 00 00 


Stack slot to memory mapping:
stack at sp + 0 slots: 0x0000000309f144b8 is pointing into the stack for thread: 0x00007fa305a44800
stack at sp + 1 slots: 0x0000000309f144a0 is pointing into the stack for thread: 0x00007fa305a44800
stack at sp + 2 slots: 0x000000010beb0a99: _ZNK12MemAllocator8allocateEv+0x77 in /Users/jojunbeom/Library/Java/JavaVirtualMachines/corretto-11.0.14.1/Contents/Home/lib/server/libjvm.dylib at 0x000000010b8e8000
stack at sp + 3 slots: 0x0000000309f14450 is pointing into the stack for thread: 0x00007fa305a44800
stack at sp + 4 slots: 0x0000000309f144b8 is pointing into the stack for thread: 0x00007fa305a44800
stack at sp + 5 slots: 0x00007fa305a44800 is a thread
stack at sp + 6 slots: 0x0000000309f14488 is pointing into the stack for thread: 0x00007fa305a44800
stack at sp + 7 slots: 0x000000012c2a0000 is pointing into metadata


---------------  P R O C E S S  ---------------

Threads class SMR info:
_java_thread_list=0x0000600002846840, length=12, elements={
0x00007fa30500c800, 0x00007fa2f4008800, 0x00007fa2f400d800, 0x00007fa3050b5000,
0x00007fa2f4011800, 0x00007fa3050b6000, 0x00007fa2f4012800, 0x00007fa2f4014000,
0x00007fa305810800, 0x00007fa30505d000, 0x00007fa3051ab800, 0x00007fa305a44800
}

Java Threads: ( => current thread )
  0x00007fa30500c800 JavaThread "main" [_thread_in_native, id=9475, stack(0x0000000308acd000,0x0000000308bcd000)]
  0x00007fa2f4008800 JavaThread "Reference Handler" daemon [_thread_blocked, id=17411, stack(0x00000003091e2000,0x00000003092e2000)]
  0x00007fa2f400d800 JavaThread "Finalizer" daemon [_thread_blocked, id=16643, stack(0x00000003092e5000,0x00000003093e5000)]
  0x00007fa3050b5000 JavaThread "Signal Dispatcher" daemon [_thread_blocked, id=23811, stack(0x00000003094f7000,0x00000003095f7000)]
  0x00007fa2f4011800 JavaThread "Service Thread" daemon [_thread_blocked, id=24323, stack(0x00000003095fa000,0x00000003096fa000)]
  0x00007fa3050b6000 JavaThread "C2 CompilerThread0" daemon [_thread_in_native, id=40707, stack(0x00000003096fd000,0x00000003097fd000)]
  0x00007fa2f4012800 JavaThread "C1 CompilerThread0" daemon [_thread_blocked, id=39939, stack(0x0000000309800000,0x0000000309900000)]
  0x00007fa2f4014000 JavaThread "Sweeper thread" daemon [_thread_blocked, id=39171, stack(0x0000000309903000,0x0000000309a03000)]
  0x00007fa305810800 JavaThread "Common-Cleaner" daemon [_thread_blocked, id=24835, stack(0x0000000309a06000,0x0000000309b06000)]
  0x00007fa30505d000 JavaThread "Monitor Ctrl-Break" daemon [_thread_in_native, id=36867, stack(0x0000000309b09000,0x0000000309c09000)]
  0x00007fa3051ab800 JavaThread "Async-profiler Timer" daemon [_thread_in_native, id=36495, stack(0x0000000309c0c000,0x0000000309c8c000)]
=>0x00007fa305a44800 JavaThread "Attach Listener" daemon [_thread_in_vm, id=34563, stack(0x0000000309e15000,0x0000000309f15000)]

Other Threads:
  0x00007fa3050ab800 VMThread "VM Thread" [stack: 0x00000003090df000,0x00000003091df000] [id=15875]
  0x00007fa2f429f000 WatcherThread [stack: 0x0000000309d12000,0x0000000309e12000] [id=26979]
  0x00007fa305025800 GCTaskThread "GC Thread#0" [stack: 0x0000000308bd0000,0x0000000308cd0000] [id=13059]
  0x00007fa305053800 ConcurrentGCThread "G1 Main Marker" [stack: 0x0000000308cd3000,0x0000000308dd3000] [id=13315]
  0x00007fa305812000 ConcurrentGCThread "G1 Conc#0" [stack: 0x0000000308dd6000,0x0000000308ed6000] [id=14083]
  0x00007fa305872800 ConcurrentGCThread "G1 Refine#0" [stack: 0x0000000308ed9000,0x0000000308fd9000] [id=14595]
  0x00007fa305054000 ConcurrentGCThread "G1 Young RemSet Sampling" [stack: 0x0000000308fdc000,0x00000003090dc000] [id=14851]

Threads with active compile tasks:
C2 CompilerThread0   1236  308       4       java.lang.String::charAt (25 bytes)

VM state:not at safepoint (normal execution)

VM Mutex/Monitor currently owned by a thread: None

Heap address: 0x0000000780000000, size: 2048 MB, Compressed Oops mode: Zero based, Oop shift amount: 3
Narrow klass base: 0x0000000800000000, Narrow klass shift: 0
Compressed class space size: 1073741824 Address: 0x0000000800000000

Heap:
 garbage-first heap   total 131072K, used 4096K [0x0000000780000000, 0x0000000800000000)
  region size 1024K, 5 young (5120K), 0 survivors (0K)
 Metaspace       used 8026K, capacity 8186K, committed 8448K, reserved 1056768K
  class space    used 699K, capacity 727K, committed 768K, reserved 1048576K
Heap Regions: E=young(eden), S=young(survivor), O=old, HS=humongous(starts), HC=humongous(continues), CS=collection set, F=free, A=archive, TAMS=top-at-mark-start (previous, next)
|   0|0x0000000780000000, 0x0000000780000000, 0x0000000780100000|  0%| F|  |TAMS 0x0000000780000000, 0x0000000780000000| Untracked 
|   1|0x0000000780100000, 0x0000000780100000, 0x0000000780200000|  0%| F|  |TAMS 0x0000000780100000, 0x0000000780100000| Untracked 
|   2|0x0000000780200000, 0x0000000780200000, 0x0000000780300000|  0%| F|  |TAMS 0x0000000780200000, 0x0000000780200000| Untracked 
|   3|0x0000000780300000, 0x0000000780300000, 0x0000000780400000|  0%| F|  |TAMS 0x0000000780300000, 0x0000000780300000| Untracked 
|   4|0x0000000780400000, 0x0000000780400000, 0x0000000780500000|  0%| F|  |TAMS 0x0000000780400000, 0x0000000780400000| Untracked 
|   5|0x0000000780500000, 0x0000000780500000, 0x0000000780600000|  0%| F|  |TAMS 0x0000000780500000, 0x0000000780500000| Untracked 
|   6|0x0000000780600000, 0x0000000780600000, 0x0000000780700000|  0%| F|  |TAMS 0x0000000780600000, 0x0000000780600000| Untracked 
|   7|0x0000000780700000, 0x0000000780700000, 0x0000000780800000|  0%| F|  |TAMS 0x0000000780700000, 0x0000000780700000| Untracked 
|   8|0x0000000780800000, 0x0000000780800000, 0x0000000780900000|  0%| F|  |TAMS 0x0000000780800000, 0x0000000780800000| Untracked 
|   9|0x0000000780900000, 0x0000000780900000, 0x0000000780a00000|  0%| F|  |TAMS 0x0000000780900000, 0x0000000780900000| Untracked 
|  10|0x0000000780a00000, 0x0000000780a00000, 0x0000000780b00000|  0%| F|  |TAMS 0x0000000780a00000, 0x0000000780a00000| Untracked 
|  11|0x0000000780b00000, 0x0000000780b00000, 0x0000000780c00000|  0%| F|  |TAMS 0x0000000780b00000, 0x0000000780b00000| Untracked 
|  12|0x0000000780c00000, 0x0000000780c00000, 0x0000000780d00000|  0%| F|  |TAMS 0x0000000780c00000, 0x0000000780c00000| Untracked 
|  13|0x0000000780d00000, 0x0000000780d00000, 0x0000000780e00000|  0%| F|  |TAMS 0x0000000780d00000, 0x0000000780d00000| Untracked 
|  14|0x0000000780e00000, 0x0000000780e00000, 0x0000000780f00000|  0%| F|  |TAMS 0x0000000780e00000, 0x0000000780e00000| Untracked 
|  15|0x0000000780f00000, 0x0000000780f00000, 0x0000000781000000|  0%| F|  |TAMS 0x0000000780f00000, 0x0000000780f00000| Untracked 
|  16|0x0000000781000000, 0x0000000781000000, 0x0000000781100000|  0%| F|  |TAMS 0x0000000781000000, 0x0000000781000000| Untracked 
|  17|0x0000000781100000, 0x0000000781100000, 0x0000000781200000|  0%| F|  |TAMS 0x0000000781100000, 0x0000000781100000| Untracked 
|  18|0x0000000781200000, 0x0000000781200000, 0x0000000781300000|  0%| F|  |TAMS 0x0000000781200000, 0x0000000781200000| Untracked 
|  19|0x0000000781300000, 0x0000000781300000, 0x0000000781400000|  0%| F|  |TAMS 0x0000000781300000, 0x0000000781300000| Untracked 
|  20|0x0000000781400000, 0x0000000781400000, 0x0000000781500000|  0%| F|  |TAMS 0x0000000781400000, 0x0000000781400000| Untracked 
|  21|0x0000000781500000, 0x0000000781500000, 0x0000000781600000|  0%| F|  |TAMS 0x0000000781500000, 0x0000000781500000| Untracked 
|  22|0x0000000781600000, 0x0000000781600000, 0x0000000781700000|  0%| F|  |TAMS 0x0000000781600000, 0x0000000781600000| Untracked 
|  23|0x0000000781700000, 0x0000000781700000, 0x0000000781800000|  0%| F|  |TAMS 0x0000000781700000, 0x0000000781700000| Untracked 
|  24|0x0000000781800000, 0x0000000781800000, 0x0000000781900000|  0%| F|  |TAMS 0x0000000781800000, 0x0000000781800000| Untracked 
|  25|0x0000000781900000, 0x0000000781900000, 0x0000000781a00000|  0%| F|  |TAMS 0x0000000781900000, 0x0000000781900000| Untracked 
|  26|0x0000000781a00000, 0x0000000781a00000, 0x0000000781b00000|  0%| F|  |TAMS 0x0000000781a00000, 0x0000000781a00000| Untracked 
|  27|0x0000000781b00000, 0x0000000781b00000, 0x0000000781c00000|  0%| F|  |TAMS 0x0000000781b00000, 0x0000000781b00000| Untracked 
|  28|0x0000000781c00000, 0x0000000781c00000, 0x0000000781d00000|  0%| F|  |TAMS 0x0000000781c00000, 0x0000000781c00000| Untracked 
|  29|0x0000000781d00000, 0x0000000781d00000, 0x0000000781e00000|  0%| F|  |TAMS 0x0000000781d00000, 0x0000000781d00000| Untracked 
|  30|0x0000000781e00000, 0x0000000781e00000, 0x0000000781f00000|  0%| F|  |TAMS 0x0000000781e00000, 0x0000000781e00000| Untracked 
|  31|0x0000000781f00000, 0x0000000781f00000, 0x0000000782000000|  0%| F|  |TAMS 0x0000000781f00000, 0x0000000781f00000| Untracked 
|  32|0x0000000782000000, 0x0000000782000000, 0x0000000782100000|  0%| F|  |TAMS 0x0000000782000000, 0x0000000782000000| Untracked 
|  33|0x0000000782100000, 0x0000000782100000, 0x0000000782200000|  0%| F|  |TAMS 0x0000000782100000, 0x0000000782100000| Untracked 
|  34|0x0000000782200000, 0x0000000782200000, 0x0000000782300000|  0%| F|  |TAMS 0x0000000782200000, 0x0000000782200000| Untracked 
|  35|0x0000000782300000, 0x0000000782300000, 0x0000000782400000|  0%| F|  |TAMS 0x0000000782300000, 0x0000000782300000| Untracked 
|  36|0x0000000782400000, 0x0000000782400000, 0x0000000782500000|  0%| F|  |TAMS 0x0000000782400000, 0x0000000782400000| Untracked 
|  37|0x0000000782500000, 0x0000000782500000, 0x0000000782600000|  0%| F|  |TAMS 0x0000000782500000, 0x0000000782500000| Untracked 
|  38|0x0000000782600000, 0x0000000782600000, 0x0000000782700000|  0%| F|  |TAMS 0x0000000782600000, 0x0000000782600000| Untracked 
|  39|0x0000000782700000, 0x0000000782700000, 0x0000000782800000|  0%| F|  |TAMS 0x0000000782700000, 0x0000000782700000| Untracked 
|  40|0x0000000782800000, 0x0000000782800000, 0x0000000782900000|  0%| F|  |TAMS 0x0000000782800000, 0x0000000782800000| Untracked 
|  41|0x0000000782900000, 0x0000000782900000, 0x0000000782a00000|  0%| F|  |TAMS 0x0000000782900000, 0x0000000782900000| Untracked 
|  42|0x0000000782a00000, 0x0000000782a00000, 0x0000000782b00000|  0%| F|  |TAMS 0x0000000782a00000, 0x0000000782a00000| Untracked 
|  43|0x0000000782b00000, 0x0000000782b00000, 0x0000000782c00000|  0%| F|  |TAMS 0x0000000782b00000, 0x0000000782b00000| Untracked 
|  44|0x0000000782c00000, 0x0000000782c00000, 0x0000000782d00000|  0%| F|  |TAMS 0x0000000782c00000, 0x0000000782c00000| Untracked 
|  45|0x0000000782d00000, 0x0000000782d00000, 0x0000000782e00000|  0%| F|  |TAMS 0x0000000782d00000, 0x0000000782d00000| Untracked 
|  46|0x0000000782e00000, 0x0000000782e00000, 0x0000000782f00000|  0%| F|  |TAMS 0x0000000782e00000, 0x0000000782e00000| Untracked 
|  47|0x0000000782f00000, 0x0000000782f00000, 0x0000000783000000|  0%| F|  |TAMS 0x0000000782f00000, 0x0000000782f00000| Untracked 
|  48|0x0000000783000000, 0x0000000783000000, 0x0000000783100000|  0%| F|  |TAMS 0x0000000783000000, 0x0000000783000000| Untracked 
|  49|0x0000000783100000, 0x0000000783100000, 0x0000000783200000|  0%| F|  |TAMS 0x0000000783100000, 0x0000000783100000| Untracked 
|  50|0x0000000783200000, 0x0000000783200000, 0x0000000783300000|  0%| F|  |TAMS 0x0000000783200000, 0x0000000783200000| Untracked 
|  51|0x0000000783300000, 0x0000000783300000, 0x0000000783400000|  0%| F|  |TAMS 0x0000000783300000, 0x0000000783300000| Untracked 
|  52|0x0000000783400000, 0x0000000783400000, 0x0000000783500000|  0%| F|  |TAMS 0x0000000783400000, 0x0000000783400000| Untracked 
|  53|0x0000000783500000, 0x0000000783500000, 0x0000000783600000|  0%| F|  |TAMS 0x0000000783500000, 0x0000000783500000| Untracked 
|  54|0x0000000783600000, 0x0000000783600000, 0x0000000783700000|  0%| F|  |TAMS 0x0000000783600000, 0x0000000783600000| Untracked 
|  55|0x0000000783700000, 0x0000000783700000, 0x0000000783800000|  0%| F|  |TAMS 0x0000000783700000, 0x0000000783700000| Untracked 
|  56|0x0000000783800000, 0x0000000783800000, 0x0000000783900000|  0%| F|  |TAMS 0x0000000783800000, 0x0000000783800000| Untracked 
|  57|0x0000000783900000, 0x0000000783900000, 0x0000000783a00000|  0%| F|  |TAMS 0x0000000783900000, 0x0000000783900000| Untracked 
|  58|0x0000000783a00000, 0x0000000783a00000, 0x0000000783b00000|  0%| F|  |TAMS 0x0000000783a00000, 0x0000000783a00000| Untracked 
|  59|0x0000000783b00000, 0x0000000783b00000, 0x0000000783c00000|  0%| F|  |TAMS 0x0000000783b00000, 0x0000000783b00000| Untracked 
|  60|0x0000000783c00000, 0x0000000783c00000, 0x0000000783d00000|  0%| F|  |TAMS 0x0000000783c00000, 0x0000000783c00000| Untracked 
|  61|0x0000000783d00000, 0x0000000783d00000, 0x0000000783e00000|  0%| F|  |TAMS 0x0000000783d00000, 0x0000000783d00000| Untracked 
|  62|0x0000000783e00000, 0x0000000783e00000, 0x0000000783f00000|  0%| F|  |TAMS 0x0000000783e00000, 0x0000000783e00000| Untracked 
|  63|0x0000000783f00000, 0x0000000783f00000, 0x0000000784000000|  0%| F|  |TAMS 0x0000000783f00000, 0x0000000783f00000| Untracked 
|  64|0x0000000784000000, 0x0000000784000000, 0x0000000784100000|  0%| F|  |TAMS 0x0000000784000000, 0x0000000784000000| Untracked 
|  65|0x0000000784100000, 0x0000000784100000, 0x0000000784200000|  0%| F|  |TAMS 0x0000000784100000, 0x0000000784100000| Untracked 
|  66|0x0000000784200000, 0x0000000784200000, 0x0000000784300000|  0%| F|  |TAMS 0x0000000784200000, 0x0000000784200000| Untracked 
|  67|0x0000000784300000, 0x0000000784300000, 0x0000000784400000|  0%| F|  |TAMS 0x0000000784300000, 0x0000000784300000| Untracked 
|  68|0x0000000784400000, 0x0000000784400000, 0x0000000784500000|  0%| F|  |TAMS 0x0000000784400000, 0x0000000784400000| Untracked 
|  69|0x0000000784500000, 0x0000000784500000, 0x0000000784600000|  0%| F|  |TAMS 0x0000000784500000, 0x0000000784500000| Untracked 
|  70|0x0000000784600000, 0x0000000784600000, 0x0000000784700000|  0%| F|  |TAMS 0x0000000784600000, 0x0000000784600000| Untracked 
|  71|0x0000000784700000, 0x0000000784700000, 0x0000000784800000|  0%| F|  |TAMS 0x0000000784700000, 0x0000000784700000| Untracked 
|  72|0x0000000784800000, 0x0000000784800000, 0x0000000784900000|  0%| F|  |TAMS 0x0000000784800000, 0x0000000784800000| Untracked 
|  73|0x0000000784900000, 0x0000000784900000, 0x0000000784a00000|  0%| F|  |TAMS 0x0000000784900000, 0x0000000784900000| Untracked 
|  74|0x0000000784a00000, 0x0000000784a00000, 0x0000000784b00000|  0%| F|  |TAMS 0x0000000784a00000, 0x0000000784a00000| Untracked 
|  75|0x0000000784b00000, 0x0000000784b00000, 0x0000000784c00000|  0%| F|  |TAMS 0x0000000784b00000, 0x0000000784b00000| Untracked 
|  76|0x0000000784c00000, 0x0000000784c00000, 0x0000000784d00000|  0%| F|  |TAMS 0x0000000784c00000, 0x0000000784c00000| Untracked 
|  77|0x0000000784d00000, 0x0000000784d00000, 0x0000000784e00000|  0%| F|  |TAMS 0x0000000784d00000, 0x0000000784d00000| Untracked 
|  78|0x0000000784e00000, 0x0000000784e00000, 0x0000000784f00000|  0%| F|  |TAMS 0x0000000784e00000, 0x0000000784e00000| Untracked 
|  79|0x0000000784f00000, 0x0000000784f00000, 0x0000000785000000|  0%| F|  |TAMS 0x0000000784f00000, 0x0000000784f00000| Untracked 
|  80|0x0000000785000000, 0x0000000785000000, 0x0000000785100000|  0%| F|  |TAMS 0x0000000785000000, 0x0000000785000000| Untracked 
|  81|0x0000000785100000, 0x0000000785100000, 0x0000000785200000|  0%| F|  |TAMS 0x0000000785100000, 0x0000000785100000| Untracked 
|  82|0x0000000785200000, 0x0000000785200000, 0x0000000785300000|  0%| F|  |TAMS 0x0000000785200000, 0x0000000785200000| Untracked 
|  83|0x0000000785300000, 0x0000000785300000, 0x0000000785400000|  0%| F|  |TAMS 0x0000000785300000, 0x0000000785300000| Untracked 
|  84|0x0000000785400000, 0x0000000785400000, 0x0000000785500000|  0%| F|  |TAMS 0x0000000785400000, 0x0000000785400000| Untracked 
|  85|0x0000000785500000, 0x0000000785500000, 0x0000000785600000|  0%| F|  |TAMS 0x0000000785500000, 0x0000000785500000| Untracked 
|  86|0x0000000785600000, 0x0000000785600000, 0x0000000785700000|  0%| F|  |TAMS 0x0000000785600000, 0x0000000785600000| Untracked 
|  87|0x0000000785700000, 0x0000000785700000, 0x0000000785800000|  0%| F|  |TAMS 0x0000000785700000, 0x0000000785700000| Untracked 
|  88|0x0000000785800000, 0x0000000785800000, 0x0000000785900000|  0%| F|  |TAMS 0x0000000785800000, 0x0000000785800000| Untracked 
|  89|0x0000000785900000, 0x0000000785900000, 0x0000000785a00000|  0%| F|  |TAMS 0x0000000785900000, 0x0000000785900000| Untracked 
|  90|0x0000000785a00000, 0x0000000785a00000, 0x0000000785b00000|  0%| F|  |TAMS 0x0000000785a00000, 0x0000000785a00000| Untracked 
|  91|0x0000000785b00000, 0x0000000785b00000, 0x0000000785c00000|  0%| F|  |TAMS 0x0000000785b00000, 0x0000000785b00000| Untracked 
|  92|0x0000000785c00000, 0x0000000785c00000, 0x0000000785d00000|  0%| F|  |TAMS 0x0000000785c00000, 0x0000000785c00000| Untracked 
|  93|0x0000000785d00000, 0x0000000785d00000, 0x0000000785e00000|  0%| F|  |TAMS 0x0000000785d00000, 0x0000000785d00000| Untracked 
|  94|0x0000000785e00000, 0x0000000785e00000, 0x0000000785f00000|  0%| F|  |TAMS 0x0000000785e00000, 0x0000000785e00000| Untracked 
|  95|0x0000000785f00000, 0x0000000785f00000, 0x0000000786000000|  0%| F|  |TAMS 0x0000000785f00000, 0x0000000785f00000| Untracked 
|  96|0x0000000786000000, 0x0000000786000000, 0x0000000786100000|  0%| F|  |TAMS 0x0000000786000000, 0x0000000786000000| Untracked 
|  97|0x0000000786100000, 0x0000000786100000, 0x0000000786200000|  0%| F|  |TAMS 0x0000000786100000, 0x0000000786100000| Untracked 
|  98|0x0000000786200000, 0x0000000786200000, 0x0000000786300000|  0%| F|  |TAMS 0x0000000786200000, 0x0000000786200000| Untracked 
|  99|0x0000000786300000, 0x0000000786300000, 0x0000000786400000|  0%| F|  |TAMS 0x0000000786300000, 0x0000000786300000| Untracked 
| 100|0x0000000786400000, 0x0000000786400000, 0x0000000786500000|  0%| F|  |TAMS 0x0000000786400000, 0x0000000786400000| Untracked 
| 101|0x0000000786500000, 0x0000000786500000, 0x0000000786600000|  0%| F|  |TAMS 0x0000000786500000, 0x0000000786500000| Untracked 
| 102|0x0000000786600000, 0x0000000786600000, 0x0000000786700000|  0%| F|  |TAMS 0x0000000786600000, 0x0000000786600000| Untracked 
| 103|0x0000000786700000, 0x0000000786700000, 0x0000000786800000|  0%| F|  |TAMS 0x0000000786700000, 0x0000000786700000| Untracked 
| 104|0x0000000786800000, 0x0000000786800000, 0x0000000786900000|  0%| F|  |TAMS 0x0000000786800000, 0x0000000786800000| Untracked 
| 105|0x0000000786900000, 0x0000000786900000, 0x0000000786a00000|  0%| F|  |TAMS 0x0000000786900000, 0x0000000786900000| Untracked 
| 106|0x0000000786a00000, 0x0000000786a00000, 0x0000000786b00000|  0%| F|  |TAMS 0x0000000786a00000, 0x0000000786a00000| Untracked 
| 107|0x0000000786b00000, 0x0000000786b00000, 0x0000000786c00000|  0%| F|  |TAMS 0x0000000786b00000, 0x0000000786b00000| Untracked 
| 108|0x0000000786c00000, 0x0000000786c00000, 0x0000000786d00000|  0%| F|  |TAMS 0x0000000786c00000, 0x0000000786c00000| Untracked 
| 109|0x0000000786d00000, 0x0000000786d00000, 0x0000000786e00000|  0%| F|  |TAMS 0x0000000786d00000, 0x0000000786d00000| Untracked 
| 110|0x0000000786e00000, 0x0000000786e00000, 0x0000000786f00000|  0%| F|  |TAMS 0x0000000786e00000, 0x0000000786e00000| Untracked 
| 111|0x0000000786f00000, 0x0000000786f00000, 0x0000000787000000|  0%| F|  |TAMS 0x0000000786f00000, 0x0000000786f00000| Untracked 
| 112|0x0000000787000000, 0x0000000787000000, 0x0000000787100000|  0%| F|  |TAMS 0x0000000787000000, 0x0000000787000000| Untracked 
| 113|0x0000000787100000, 0x0000000787100000, 0x0000000787200000|  0%| F|  |TAMS 0x0000000787100000, 0x0000000787100000| Untracked 
| 114|0x0000000787200000, 0x0000000787200000, 0x0000000787300000|  0%| F|  |TAMS 0x0000000787200000, 0x0000000787200000| Untracked 
| 115|0x0000000787300000, 0x0000000787300000, 0x0000000787400000|  0%| F|  |TAMS 0x0000000787300000, 0x0000000787300000| Untracked 
| 116|0x0000000787400000, 0x0000000787400000, 0x0000000787500000|  0%| F|  |TAMS 0x0000000787400000, 0x0000000787400000| Untracked 
| 117|0x0000000787500000, 0x0000000787500000, 0x0000000787600000|  0%| F|  |TAMS 0x0000000787500000, 0x0000000787500000| Untracked 
| 118|0x0000000787600000, 0x0000000787600000, 0x0000000787700000|  0%| F|  |TAMS 0x0000000787600000, 0x0000000787600000| Untracked 
| 119|0x0000000787700000, 0x0000000787700000, 0x0000000787800000|  0%| F|  |TAMS 0x0000000787700000, 0x0000000787700000| Untracked 
| 120|0x0000000787800000, 0x0000000787800000, 0x0000000787900000|  0%| F|  |TAMS 0x0000000787800000, 0x0000000787800000| Untracked 
| 121|0x0000000787900000, 0x0000000787900000, 0x0000000787a00000|  0%| F|  |TAMS 0x0000000787900000, 0x0000000787900000| Untracked 
| 122|0x0000000787a00000, 0x0000000787a00000, 0x0000000787b00000|  0%| F|  |TAMS 0x0000000787a00000, 0x0000000787a00000| Untracked 
| 123|0x0000000787b00000, 0x0000000787bf8450, 0x0000000787c00000| 96%| E|  |TAMS 0x0000000787b00000, 0x0000000787b00000| Complete 
| 124|0x0000000787c00000, 0x0000000787d00000, 0x0000000787d00000|100%| E|CS|TAMS 0x0000000787c00000, 0x0000000787c00000| Complete 
| 125|0x0000000787d00000, 0x0000000787e00000, 0x0000000787e00000|100%| E|CS|TAMS 0x0000000787d00000, 0x0000000787d00000| Complete 
| 126|0x0000000787e00000, 0x0000000787f00000, 0x0000000787f00000|100%| E|CS|TAMS 0x0000000787e00000, 0x0000000787e00000| Complete 
| 127|0x0000000787f00000, 0x0000000788000000, 0x0000000788000000|100%| E|CS|TAMS 0x0000000787f00000, 0x0000000787f00000| Complete 

Card table byte_map: [0x00000001256e2000,0x0000000125ae2000] _byte_map_base: 0x0000000121ae2000

Marking Bits (Prev, Next): (CMBitMap*) 0x00007fa30504ac18, (CMBitMap*) 0x00007fa30504ac50
 Prev Bits: [0x0000000125ee2000, 0x0000000127ee2000)
 Next Bits: [0x0000000127ee2000, 0x0000000129ee2000)

Polling page: 0x00000001024b3000

Metaspace:

Usage:
  Non-class:      7.28 MB capacity,     7.15 MB ( 98%) used,   124.88 KB (  2%) free+waste,     7.56 KB ( <1%) overhead. 
      Class:    727.00 KB capacity,   699.64 KB ( 96%) used,    23.92 KB (  3%) free+waste,     3.44 KB ( <1%) overhead. 
       Both:      7.99 MB capacity,     7.84 MB ( 98%) used,   148.80 KB (  2%) free+waste,    11.00 KB ( <1%) overhead. 

Virtual space:
  Non-class space:        8.00 MB reserved,       7.50 MB ( 94%) committed 
      Class space:        1.00 GB reserved,     768.00 KB ( <1%) committed 
             Both:        1.01 GB reserved,       8.25 MB ( <1%) committed 

Chunk freelists:
   Non-Class:  1.00 KB
       Class:  9.00 KB
        Both:  10.00 KB

MaxMetaspaceSize: unlimited
CompressedClassSpaceSize: 1.00 GB
Initial GC threshold: 20.80 MB
Current GC threshold: 20.80 MB
CDS: off

CodeHeap 'non-profiled nmethods': size=120032Kb used=90Kb max_used=90Kb free=119941Kb
 bounds [0x000000011dcbf000, 0x000000011df2f000, 0x00000001251f7000]
CodeHeap 'profiled nmethods': size=120028Kb used=488Kb max_used=488Kb free=119540Kb
 bounds [0x0000000116788000, 0x00000001169f8000, 0x000000011dcbf000]
CodeHeap 'non-nmethods': size=5700Kb used=1099Kb max_used=1111Kb free=4600Kb
 bounds [0x00000001161f7000, 0x0000000116467000, 0x0000000116788000]
 total_blobs=656 nmethods=307 adapters=264
 compilation: enabled
              stopped_count=0, restarted_count=0
 full_count=0

Compilation events (20 events):
Event: 1.204 Thread 0x00007fa2f4012800  299       3       sun.invoke.util.VerifyAccess::isTypeVisible (118 bytes)
Event: 1.208 Thread 0x00007fa2f4012800 nmethod 299 0x00000001167fc010 code [0x00000001167fc3a0, 0x00000001167fdd60]
Event: 1.208 Thread 0x00007fa2f4012800  300       3       java.lang.StringBuilder::toString (35 bytes)
Event: 1.208 Thread 0x00007fa2f4012800 nmethod 300 0x00000001167fee10 code [0x00000001167ff000, 0x00000001167ff490]
Event: 1.208 Thread 0x00007fa2f4012800  301       3       java.lang.StringBuilder::<init> (7 bytes)
Event: 1.208 Thread 0x00007fa2f4012800 nmethod 301 0x00000001167ff790 code [0x00000001167ff940, 0x00000001167ffa60]
Event: 1.208 Thread 0x00007fa2f4012800  302       1       java.lang.reflect.Method::getName (5 bytes)
Event: 1.208 Thread 0x00007fa2f4012800 nmethod 302 0x000000011dcd5010 code [0x000000011dcd51c0, 0x000000011dcd5270]
Event: 1.212 Thread 0x00007fa2f4012800  303       1       java.util.LinkedHashMap::removeEldestEntry (2 bytes)
Event: 1.212 Thread 0x00007fa2f4012800 nmethod 303 0x000000011dcd5310 code [0x000000011dcd54c0, 0x000000011dcd5570]
Event: 1.212 Thread 0x00007fa2f4012800  306       3       java.util.LinkedHashMap::linkNodeLast (33 bytes)
Event: 1.212 Thread 0x00007fa2f4012800 nmethod 306 0x00000001167ffb10 code [0x00000001167ffce0, 0x00000001167fffd0]
Event: 1.212 Thread 0x00007fa2f4012800  307       3       java.util.LinkedHashMap::afterNodeInsertion (40 bytes)
Event: 1.213 Thread 0x00007fa2f4012800 nmethod 307 0x0000000116800190 code [0x0000000116800380, 0x0000000116800800]
Event: 1.213 Thread 0x00007fa2f4012800  304       3       java.util.LinkedHashMap::newNode (23 bytes)
Event: 1.213 Thread 0x00007fa2f4012800 nmethod 304 0x0000000116800a90 code [0x0000000116800c80, 0x0000000116801290]
Event: 1.213 Thread 0x00007fa2f4012800  305       3       java.util.LinkedHashMap$Entry::<init> (10 bytes)
Event: 1.213 Thread 0x00007fa2f4012800 nmethod 305 0x0000000116801590 code [0x0000000116801760, 0x0000000116801a50]
Event: 1.218 Thread 0x00007fa2f4012800  309       3       java.util.Collections$UnmodifiableCollection$1::next (10 bytes)
Event: 1.219 Thread 0x00007fa2f4012800 nmethod 309 0x0000000116801b90 code [0x0000000116801d40, 0x0000000116801f00]

GC Heap History (0 events):
No events

Deoptimization events (8 events):
Event: 1.020 Thread 0x00007fa30500c800 Uncommon trap: trap_request=0xffffff4d fr.pc=0x000000011dcce914 relative=0x0000000000000074
Event: 1.020 Thread 0x00007fa30500c800 Uncommon trap: reason=unstable_if action=reinterpret pc=0x000000011dcce914 method=java.lang.String.isLatin1()Z @ 10 c2
Event: 1.021 Thread 0x00007fa30500c800 DEOPT PACKING pc=0x000000011dcce914 sp=0x0000000308bcc460
Event: 1.021 Thread 0x00007fa30500c800 DEOPT UNPACKING pc=0x0000000116240e9f sp=0x0000000308bcc3c0 mode 2
Event: 1.023 Thread 0x00007fa30500c800 Uncommon trap: trap_request=0xffffff4d fr.pc=0x000000011dcc36f8 relative=0x0000000000000058
Event: 1.023 Thread 0x00007fa30500c800 Uncommon trap: reason=unstable_if action=reinterpret pc=0x000000011dcc36f8 method=java.lang.String.isLatin1()Z @ 10 c2
Event: 1.023 Thread 0x00007fa30500c800 DEOPT PACKING pc=0x000000011dcc36f8 sp=0x0000000308bcc670
Event: 1.023 Thread 0x00007fa30500c800 DEOPT UNPACKING pc=0x0000000116240e9f sp=0x0000000308bcc620 mode 2

Classes redefined (0 events):
No events

Internal exceptions (2 events):
Event: 0.896 Thread 0x00007fa30500c800 Exception <a 'java/lang/NoClassDefFoundError'{0x0000000787d092f0}: jdk/internal/loader/NativeLibraries> (0x0000000787d092f0) thrown at [src/hotspot/share/classfile/systemDictionary.cpp, line 219]
Event: 0.904 Thread 0x00007fa30500c800 Exception <a 'java/lang/NoSuchMethodError'{0x0000000787d0b168}: 'java.lang.Object java.lang.invoke.DirectMethodHandle$Holder.invokeStaticInit(java.lang.Object, java.lang.Object, java.lang.Object)'> (0x0000000787d0b168) thrown at [src/hotspot/share/interpreter/linkResolver.cpp, line 773]

Events (20 events):
Event: 1.206 Executing VM operation: RevokeBias
Event: 1.206 Executing VM operation: RevokeBias done
Event: 1.206 Executing VM operation: RevokeBias
Event: 1.206 Executing VM operation: RevokeBias done
Event: 1.210 loading class sun/util/resources/cldr/TimeZoneNames
Event: 1.210 loading class sun/util/resources/TimeZoneNamesBundle
Event: 1.210 loading class sun/util/resources/OpenListResourceBundle
Event: 1.210 loading class sun/util/resources/OpenListResourceBundle done
Event: 1.210 loading class sun/util/resources/TimeZoneNamesBundle done
Event: 1.210 loading class sun/util/resources/cldr/TimeZoneNames done
Event: 1.210 loading class sun/util/resources/cldr/TimeZoneNames_en
Event: 1.211 loading class sun/util/resources/cldr/TimeZoneNames_en done
Event: 1.211 loading class sun/util/resources/cldr/TimeZoneNames_en_US
Event: 1.211 loading class sun/util/resources/cldr/TimeZoneNames_en_US done
Event: 1.212 loading class java/util/LinkedHashMap$LinkedKeySet
Event: 1.212 loading class java/util/LinkedHashMap$LinkedKeySet done
Event: 1.213 loading class sun/util/resources/TimeZoneNames
Event: 1.213 loading class sun/util/resources/TimeZoneNames done
Event: 1.213 loading class sun/util/resources/TimeZoneNames_en
Event: 1.214 loading class sun/util/resources/TimeZoneNames_en done


Dynamic libraries:
0x000000010aae5000 	/Users/jojunbeom/Library/Java/JavaVirtualMachines/corretto-11.0.14.1/Contents/Home/lib/jli/libjli.dylib
0x00007ff83067c000 	/System/Library/Frameworks/Cocoa.framework/Versions/A/Cocoa
0x00007ff81bf1d000 	/System/Library/Frameworks/AppKit.framework/Versions/C/AppKit
0x00007ff81f46d000 	/System/Library/Frameworks/CoreData.framework/Versions/A/CoreData
0x00007ff81a338000 	/System/Library/Frameworks/Foundation.framework/Versions/C/Foundation
0x00007ff824760000 	/usr/lib/libSystem.B.dylib
0x00007ff81cdaa000 	/System/Library/PrivateFrameworks/UIFoundation.framework/Versions/A/UIFoundation
0x00007ff82a654000 	/System/Library/PrivateFrameworks/RemoteViewServices.framework/Versions/A/RemoteViewServices
0x00007ff822953000 	/System/Library/PrivateFrameworks/XCTTargetBootstrap.framework/Versions/A/XCTTargetBootstrap
0x00007ff82662b000 	/System/Library/PrivateFrameworks/InternationalSupport.framework/Versions/A/InternationalSupport
0x00007ff8266b5000 	/System/Library/PrivateFrameworks/UserActivity.framework/Versions/A/UserActivity
0x00007ff825a12000 	/usr/lib/libspindump.dylib
0x00007ff81d038000 	/System/Library/Frameworks/UniformTypeIdentifiers.framework/Versions/A/UniformTypeIdentifiers
0x00007ff821092000 	/usr/lib/libapp_launch_measurement.dylib
0x00007ff81fe47000 	/System/Library/PrivateFrameworks/CoreAnalytics.framework/Versions/A/CoreAnalytics
0x00007ff821095000 	/System/Library/PrivateFrameworks/CoreAutoLayout.framework/Versions/A/CoreAutoLayout
0x00007ff8222b4000 	/System/Library/Frameworks/Metal.framework/Versions/A/Metal
0x00007ff822fcb000 	/usr/lib/liblangid.dylib
0x00007ff822957000 	/System/Library/PrivateFrameworks/CoreSVG.framework/Versions/A/CoreSVG
0x00007ff81e3fa000 	/System/Library/PrivateFrameworks/SkyLight.framework/Versions/A/SkyLight
0x00007ff81e78b000 	/System/Library/Frameworks/CoreGraphics.framework/Versions/A/CoreGraphics
0x00007ff82acbf000 	/System/Library/Frameworks/Accelerate.framework/Versions/A/Accelerate
0x00007ff82548d000 	/System/Library/PrivateFrameworks/IconServices.framework/Versions/A/IconServices
0x00007ff822299000 	/System/Library/Frameworks/IOSurface.framework/Versions/A/IOSurface
0x00007ff81fe75000 	/usr/lib/libDiagnosticMessagesClient.dylib
0x00007ff82467a000 	/usr/lib/libz.1.dylib
0x00007ff82e31e000 	/System/Library/Frameworks/ApplicationServices.framework/Versions/A/ApplicationServices
0x00007ff82293f000 	/System/Library/PrivateFrameworks/DFRFoundation.framework/Versions/A/DFRFoundation
0x00007ff81b80e000 	/usr/lib/libicucore.A.dylib
0x00007ff82734d000 	/System/Library/Frameworks/AudioToolbox.framework/Versions/A/AudioToolbox
0x00007ff826637000 	/System/Library/PrivateFrameworks/DataDetectorsCore.framework/Versions/A/DataDetectorsCore
0x00007ff921dcc000 	/System/Library/PrivateFrameworks/TextInput.framework/Versions/A/TextInput
0x00007ff81e37d000 	/usr/lib/libMobileGestalt.dylib
0x00007ff822647000 	/System/Library/Frameworks/Carbon.framework/Versions/A/Frameworks/HIToolbox.framework/Versions/A/HIToolbox
0x00007ff820ac0000 	/System/Library/Frameworks/QuartzCore.framework/Versions/A/QuartzCore
0x00007ff81b4af000 	/System/Library/Frameworks/Security.framework/Versions/A/Security
0x00007ff82a68c000 	/System/Library/Frameworks/Carbon.framework/Versions/A/Frameworks/SpeechRecognition.framework/Versions/A/SpeechRecognition
0x00007ff820df2000 	/System/Library/PrivateFrameworks/CoreUI.framework/Versions/A/CoreUI
0x00007ff81ad89000 	/System/Library/Frameworks/CoreAudio.framework/Versions/A/CoreAudio
0x00007ff81ff63000 	/System/Library/Frameworks/DiskArbitration.framework/Versions/A/DiskArbitration
0x00007ff825df5000 	/System/Library/PrivateFrameworks/MultitouchSupport.framework/Versions/A/MultitouchSupport
0x00007ff81e37c000 	/usr/lib/libenergytrace.dylib
0x00007ff81be09000 	/System/Library/Frameworks/IOKit.framework/Versions/A/IOKit
0x00007ff82aa76000 	/System/Library/Frameworks/CoreServices.framework/Versions/A/CoreServices
0x00007ff82102c000 	/System/Library/PrivateFrameworks/PerformanceAnalysis.framework/Versions/A/PerformanceAnalysis
0x00007ffa3183b000 	/System/Library/Frameworks/OpenGL.framework/Versions/A/OpenGL
0x00007ff823cb2000 	/System/Library/PrivateFrameworks/MobileKeyBag.framework/Versions/A/MobileKeyBag
0x00007ff8193d0000 	/usr/lib/libobjc.A.dylib
0x00007ff81eeba000 	/System/Library/Frameworks/ColorSync.framework/Versions/A/ColorSync
0x00007ff81958c000 	/System/Library/Frameworks/CoreFoundation.framework/Versions/A/CoreFoundation
0x00007ff822bd2000 	/System/Library/Frameworks/CoreImage.framework/Versions/A/CoreImage
0x00007ff81ab9f000 	/System/Library/Frameworks/CoreText.framework/Versions/A/CoreText
0x00007ff822986000 	/System/Library/Frameworks/ImageIO.framework/Versions/A/ImageIO
0x00007ff824766000 	/System/Library/PrivateFrameworks/SoftLinking.framework/Versions/A/SoftLinking
0x00007ff8210dd000 	/usr/lib/libxml2.2.dylib
0x00007ff819499000 	/usr/lib/libc++.1.dylib
0x00007ff8249e6000 	/usr/lib/libcompression.dylib
0x00007ff826561000 	/System/Library/PrivateFrameworks/TextureIO.framework/Versions/A/TextureIO
0x00007ff825106000 	/usr/lib/libate.dylib
0x00007ff82475b000 	/usr/lib/system/libcache.dylib
0x00007ff824717000 	/usr/lib/system/libcommonCrypto.dylib
0x00007ff824740000 	/usr/lib/system/libcompiler_rt.dylib
0x00007ff824736000 	/usr/lib/system/libcopyfile.dylib
0x00007ff8192ca000 	/usr/lib/system/libcorecrypto.dylib
0x00007ff819389000 	/usr/lib/system/libdispatch.dylib
0x00007ff81954b000 	/usr/lib/system/libdyld.dylib
0x00007ff824752000 	/usr/lib/system/libkeymgr.dylib
0x00007ff8246f5000 	/usr/lib/system/libmacho.dylib
0x00007ff823d86000 	/usr/lib/system/libquarantine.dylib
0x00007ff824750000 	/usr/lib/system/libremovefile.dylib
0x00007ff81e3c9000 	/usr/lib/system/libsystem_asl.dylib
0x00007ff819278000 	/usr/lib/system/libsystem_blocks.dylib
0x00007ff819410000 	/usr/lib/system/libsystem_c.dylib
0x00007ff824748000 	/usr/lib/system/libsystem_collections.dylib
0x00007ff822fbc000 	/usr/lib/system/libsystem_configuration.dylib
0x00007ff82227c000 	/usr/lib/system/libsystem_containermanager.dylib
0x00007ff82442e000 	/usr/lib/system/libsystem_coreservices.dylib
0x00007ff81ba97000 	/usr/lib/system/libsystem_darwin.dylib
0x00007ff824753000 	/usr/lib/system/libsystem_dnssd.dylib
0x00007ff81940d000 	/usr/lib/system/libsystem_featureflags.dylib
0x00007ff819561000 	/usr/lib/system/libsystem_info.dylib
0x00007ff82468d000 	/usr/lib/system/libsystem_m.dylib
0x00007ff81935d000 	/usr/lib/system/libsystem_malloc.dylib
0x00007ff81e366000 	/usr/lib/system/libsystem_networkextension.dylib
0x00007ff81bebf000 	/usr/lib/system/libsystem_notify.dylib
0x00007ff82a94d000 	/usr/lib/system/libsystem_product_info_filter.dylib
0x00007ff822fc0000 	/usr/lib/system/libsystem_sandbox.dylib
0x00007ff82474d000 	/usr/lib/system/libsystem_secinit.dylib
0x00007ff819508000 	/usr/lib/system/libsystem_kernel.dylib
0x00007ff819557000 	/usr/lib/system/libsystem_platform.dylib
0x00007ff81953f000 	/usr/lib/system/libsystem_pthread.dylib
0x00007ff81fc8d000 	/usr/lib/system/libsystem_symptoms.dylib
0x00007ff8192b1000 	/usr/lib/system/libsystem_trace.dylib
0x00007ff824723000 	/usr/lib/system/libunwind.dylib
0x00007ff81927a000 	/usr/lib/system/libxpc.dylib
0x00007ff8194f2000 	/usr/lib/libc++abi.dylib
0x00007ff82472e000 	/usr/lib/liboah.dylib
0x00007ff824ebf000 	/usr/lib/liblzma.5.dylib
0x00007ff81a049000 	/System/Library/Frameworks/SystemConfiguration.framework/Versions/A/SystemConfiguration
0x00007ff824762000 	/usr/lib/libfakelink.dylib
0x00007ff81ded0000 	/System/Library/Frameworks/CFNetwork.framework/Versions/A/CFNetwork
0x00007ff8248a1000 	/usr/lib/libarchive.2.dylib
0x00007ff822fc7000 	/System/Library/PrivateFrameworks/AppleSystemInfo.framework/Versions/A/AppleSystemInfo
0x00007ff823dac000 	/usr/lib/libbsm.0.dylib
0x00007ff81d507000 	/usr/lib/libnetwork.dylib
0x00007ff8246fb000 	/usr/lib/system/libkxld.dylib
0x00007ff8239db000 	/System/Library/PrivateFrameworks/IOMobileFramebuffer.framework/Versions/A/IOMobileFramebuffer
0x00007ffb2f1dd000 	/usr/lib/libCoreEntitlements.dylib
0x00007ff824410000 	/System/Library/PrivateFrameworks/AppleFSCompression.framework/Versions/A/AppleFSCompression
0x00007ff823d95000 	/usr/lib/libcoretls.dylib
0x00007ff824ed9000 	/usr/lib/libcoretls_cfhelpers.dylib
0x00007ff8249e1000 	/usr/lib/libpam.2.dylib
0x00007ff81f8b3000 	/usr/lib/libsqlite3.dylib
0x00007ff824f48000 	/usr/lib/libxar.1.dylib
0x00007ff824420000 	/usr/lib/libbz2.1.0.dylib
0x00007ff824767000 	/usr/lib/libpcap.A.dylib
0x00007ff81fc84000 	/usr/lib/libdns_services.dylib
0x00007ff8249b3000 	/usr/lib/libapple_nghttp2.dylib
0x00007ff82479e000 	/usr/lib/libiconv.2.dylib
0x00007ff8246f4000 	/usr/lib/libcharset.1.dylib
0x00007ff821060000 	/System/Library/Frameworks/CoreServices.framework/Versions/A/Frameworks/FSEvents.framework/Versions/A/FSEvents
0x00007ff81baa1000 	/System/Library/Frameworks/CoreServices.framework/Versions/A/Frameworks/CarbonCore.framework/Versions/A/CarbonCore
0x00007ff81fec8000 	/System/Library/Frameworks/CoreServices.framework/Versions/A/Frameworks/Metadata.framework/Versions/A/Metadata
0x00007ff824433000 	/System/Library/Frameworks/CoreServices.framework/Versions/A/Frameworks/OSServices.framework/Versions/A/OSServices
0x00007ff824927000 	/System/Library/Frameworks/CoreServices.framework/Versions/A/Frameworks/SearchKit.framework/Versions/A/SearchKit
0x00007ff81fc16000 	/System/Library/Frameworks/CoreServices.framework/Versions/A/Frameworks/AE.framework/Versions/A/AE
0x00007ff819a8d000 	/System/Library/Frameworks/CoreServices.framework/Versions/A/Frameworks/LaunchServices.framework/Versions/A/LaunchServices
0x00007ff824e70000 	/System/Library/Frameworks/CoreServices.framework/Versions/A/Frameworks/DictionaryServices.framework/Versions/A/DictionaryServices
0x00007ff82106d000 	/System/Library/Frameworks/CoreServices.framework/Versions/A/Frameworks/SharedFileList.framework/Versions/A/SharedFileList
0x00007ff823d89000 	/usr/lib/libCheckFix.dylib
0x00007ff81e3e0000 	/System/Library/PrivateFrameworks/TCC.framework/Versions/A/TCC
0x00007ff822fcd000 	/System/Library/PrivateFrameworks/CoreNLP.framework/Versions/A/CoreNLP
0x00007ff81fe78000 	/System/Library/PrivateFrameworks/MetadataUtilities.framework/Versions/A/MetadataUtilities
0x00007ff81a0f9000 	/usr/lib/libmecabra.dylib
0x00007ff823dbc000 	/usr/lib/libmecab.dylib
0x00007ff81a0c4000 	/usr/lib/libCRFSuite.dylib
0x00007ff823e19000 	/usr/lib/libgermantok.dylib
0x00007ff82498e000 	/usr/lib/libThaiTokenizer.dylib
0x00007ff81ff6a000 	/System/Library/Frameworks/Accelerate.framework/Versions/A/Frameworks/vImage.framework/Versions/A/vImage
0x00007ff82aa4d000 	/System/Library/Frameworks/Accelerate.framework/Versions/A/Frameworks/vecLib.framework/Versions/A/vecLib
0x00007ff824f89000 	/System/Library/Frameworks/Accelerate.framework/Versions/A/Frameworks/vecLib.framework/Versions/A/libvMisc.dylib
0x00007ff8237cf000 	/System/Library/Frameworks/Accelerate.framework/Versions/A/Frameworks/vecLib.framework/Versions/A/libvDSP.dylib
0x00007ff819e05000 	/System/Library/Frameworks/Accelerate.framework/Versions/A/Frameworks/vecLib.framework/Versions/A/libBLAS.dylib
0x00007ff824ac3000 	/System/Library/Frameworks/Accelerate.framework/Versions/A/Frameworks/vecLib.framework/Versions/A/libLAPACK.dylib
0x00007ff823e1c000 	/System/Library/Frameworks/Accelerate.framework/Versions/A/Frameworks/vecLib.framework/Versions/A/libLinearAlgebra.dylib
0x00007ff8249cc000 	/System/Library/Frameworks/Accelerate.framework/Versions/A/Frameworks/vecLib.framework/Versions/A/libSparseBLAS.dylib
0x00007ff824abd000 	/System/Library/Frameworks/Accelerate.framework/Versions/A/Frameworks/vecLib.framework/Versions/A/libQuadrature.dylib
0x00007ff8230b7000 	/System/Library/Frameworks/Accelerate.framework/Versions/A/Frameworks/vecLib.framework/Versions/A/libBNNS.dylib
0x00007ff819fda000 	/System/Library/Frameworks/Accelerate.framework/Versions/A/Frameworks/vecLib.framework/Versions/A/libSparse.dylib
0x00007ff8230b0000 	/System/Library/PrivateFrameworks/LinguisticData.framework/Versions/A/LinguisticData
0x00007ff819f8f000 	/System/Library/PrivateFrameworks/Lexicon.framework/Versions/A/Lexicon
0x00007ff824f82000 	/usr/lib/libChineseTokenizer.dylib
0x00007ff81a6f3000 	/System/Library/PrivateFrameworks/LanguageModeling.framework/Versions/A/LanguageModeling
0x00007ff824990000 	/System/Library/PrivateFrameworks/AppleSauce.framework/Versions/A/AppleSauce
0x00007ff8239c9000 	/System/Library/PrivateFrameworks/CoreEmoji.framework/Versions/A/CoreEmoji
0x00007ff824890000 	/usr/lib/libcmph.dylib
0x00007ff821044000 	/System/Library/Frameworks/OpenDirectory.framework/Versions/A/Frameworks/CFOpenDirectory.framework/Versions/A/CFOpenDirectory
0x00007ff821038000 	/System/Library/Frameworks/OpenDirectory.framework/Versions/A/OpenDirectory
0x00007ff824edb000 	/System/Library/PrivateFrameworks/APFS.framework/Versions/A/APFS
0x00007ff823cea000 	/System/Library/Frameworks/SecurityFoundation.framework/Versions/A/SecurityFoundation
0x00007ff824f56000 	/usr/lib/libutil.dylib
0x00007ff81bdcc000 	/System/Library/PrivateFrameworks/CoreServicesStore.framework/Versions/A/CoreServicesStore
0x00007ff824f5a000 	/usr/lib/libxslt.1.dylib
0x00007ff823d77000 	/System/Library/PrivateFrameworks/BackgroundTaskManagement.framework/Versions/A/BackgroundTaskManagement
0x00007ff826483000 	/System/Library/Frameworks/ImageIO.framework/Versions/A/Resources/libRadiance.dylib
0x00007ff82648c000 	/System/Library/Frameworks/ImageIO.framework/Versions/A/Resources/libJPEG.dylib
0x00007ff8263dd000 	/System/Library/Frameworks/ImageIO.framework/Versions/A/Resources/libPng.dylib
0x00007ff8263fe000 	/System/Library/Frameworks/ImageIO.framework/Versions/A/Resources/libTIFF.dylib
0x00007ff8264ea000 	/System/Library/Frameworks/ImageIO.framework/Versions/A/Resources/libGIF.dylib
0x00007ff825d12000 	/System/Library/Frameworks/ImageIO.framework/Versions/A/Resources/libJP2.dylib
0x00007ff825454000 	/usr/lib/libexpat.1.dylib
0x00007ff825cc7000 	/System/Library/PrivateFrameworks/AppleJPEG.framework/Versions/A/AppleJPEG
0x00007ff82250e000 	/System/Library/PrivateFrameworks/FontServices.framework/libFontParser.dylib
0x00007ff81fbc0000 	/System/Library/PrivateFrameworks/RunningBoardServices.framework/Versions/A/RunningBoardServices
0x00007ff830bed000 	/System/Library/PrivateFrameworks/IOSurfaceAccelerator.framework/Versions/A/IOSurfaceAccelerator
0x00007ff825df1000 	/System/Library/PrivateFrameworks/WatchdogClient.framework/Versions/A/WatchdogClient
0x00007ff81a7e2000 	/System/Library/Frameworks/CoreDisplay.framework/Versions/A/CoreDisplay
0x00007ff82240e000 	/System/Library/Frameworks/CoreMedia.framework/Versions/A/CoreMedia
0x00007ff8222ab000 	/System/Library/PrivateFrameworks/IOAccelerator.framework/Versions/A/IOAccelerator
0x00007ff8211c0000 	/System/Library/Frameworks/CoreVideo.framework/Versions/A/CoreVideo
0x00007ff8249df000 	/System/Library/Frameworks/MetalPerformanceShaders.framework/Versions/A/MetalPerformanceShaders
0x00007ff825e2c000 	/System/Library/Frameworks/VideoToolbox.framework/Versions/A/VideoToolbox
0x00007ff81fb08000 	/System/Library/PrivateFrameworks/BaseBoard.framework/Versions/A/BaseBoard
0x00007ff81f899000 	/System/Library/PrivateFrameworks/ProtocolBuffer.framework/Versions/A/ProtocolBuffer
0x00007ff82647c000 	/System/Library/PrivateFrameworks/GPUWrangler.framework/Versions/A/GPUWrangler
0x00007ff82645f000 	/System/Library/PrivateFrameworks/IOPresentment.framework/Versions/A/IOPresentment
0x00007ff826486000 	/System/Library/PrivateFrameworks/DSExternalDisplay.framework/Versions/A/DSExternalDisplay
0x00007ffa3182f000 	/System/Library/Frameworks/OpenGL.framework/Versions/A/Libraries/libCoreFSCache.dylib
0x00007ffb1d7dc000 	/System/Library/PrivateFrameworks/GPUCompiler.framework/Versions/31001/Libraries/libGPUCompilerUtils.dylib
0x00007ff8264ef000 	/System/Library/PrivateFrameworks/CMCaptureCore.framework/Versions/A/CMCaptureCore
0x00007ff825a00000 	/System/Library/PrivateFrameworks/AppServerSupport.framework/Versions/A/AppServerSupport
0x00007ff827bca000 	/System/Library/PrivateFrameworks/perfdata.framework/Versions/A/perfdata
0x00007ff81a90e000 	/System/Library/PrivateFrameworks/AudioToolboxCore.framework/Versions/A/AudioToolboxCore
0x00007ff8223eb000 	/System/Library/PrivateFrameworks/caulk.framework/Versions/A/caulk
0x00007ff8274f7000 	/usr/lib/libAudioStatistics.dylib
0x00007ff91e68b000 	/System/Library/PrivateFrameworks/SystemPolicy.framework/Versions/A/SystemPolicy
0x00007ff827743000 	/usr/lib/libSMC.dylib
0x00007ff83052f000 	/System/Library/Frameworks/CoreMIDI.framework/Versions/A/CoreMIDI
0x00007ff8263ad000 	/usr/lib/libAudioToolboxUtility.dylib
0x00007ff91ab13000 	/System/Library/PrivateFrameworks/OSAServicesClient.framework/Versions/A/OSAServicesClient
0x00007ff827bd7000 	/usr/lib/libperfcheck.dylib
0x00007ff91f117000 	/usr/lib/libmis.dylib
0x00007ffa3188b000 	/System/Library/Frameworks/OpenGL.framework/Versions/A/Libraries/libGLU.dylib
0x00007ffa3184e000 	/System/Library/Frameworks/OpenGL.framework/Versions/A/Libraries/libGFXShared.dylib
0x00007ffa31a5c000 	/System/Library/Frameworks/OpenGL.framework/Versions/A/Libraries/libGL.dylib
0x00007ffa31857000 	/System/Library/Frameworks/OpenGL.framework/Versions/A/Libraries/libGLImage.dylib
0x00007ffa3184b000 	/System/Library/Frameworks/OpenGL.framework/Versions/A/Libraries/libCVMSPluginSupport.dylib
0x00007ffa31836000 	/System/Library/Frameworks/OpenGL.framework/Versions/A/Libraries/libCoreVMClient.dylib
0x00007ff822f4b000 	/System/Library/Frameworks/MetalPerformanceShaders.framework/Versions/A/Frameworks/MPSCore.framework/Versions/A/MPSCore
0x00007ff82437b000 	/System/Library/Frameworks/MetalPerformanceShaders.framework/Versions/A/Frameworks/MPSImage.framework/Versions/A/MPSImage
0x00007ff823e32000 	/System/Library/Frameworks/MetalPerformanceShaders.framework/Versions/A/Frameworks/MPSNeuralNetwork.framework/Versions/A/MPSNeuralNetwork
0x00007ff8242a7000 	/System/Library/Frameworks/MetalPerformanceShaders.framework/Versions/A/Frameworks/MPSMatrix.framework/Versions/A/MPSMatrix
0x00007ff824063000 	/System/Library/Frameworks/MetalPerformanceShaders.framework/Versions/A/Frameworks/MPSRayIntersector.framework/Versions/A/MPSRayIntersector
0x00007ff8242e0000 	/System/Library/Frameworks/MetalPerformanceShaders.framework/Versions/A/Frameworks/MPSNDArray.framework/Versions/A/MPSNDArray
0x00007ffa36434000 	/System/Library/Frameworks/MetalPerformanceShaders.framework/Versions/A/Frameworks/MPSFunctions.framework/Versions/A/MPSFunctions
0x00007ff819ce8000 	/System/Library/PrivateFrameworks/MetalTools.framework/Versions/A/MetalTools
0x00007ff822fc5000 	/System/Library/PrivateFrameworks/AggregateDictionary.framework/Versions/A/AggregateDictionary
0x00007ff825236000 	/usr/lib/libIOReport.dylib
0x00007ffa32e6b000 	/System/Library/Frameworks/OpenCL.framework/Versions/A/OpenCL
0x00007ff82559a000 	/System/Library/PrivateFrameworks/FaceCore.framework/Versions/A/FaceCore
0x00007ff82558b000 	/System/Library/PrivateFrameworks/GraphVisualizer.framework/Versions/A/GraphVisualizer
0x00007ffb1d6e7000 	/System/Library/PrivateFrameworks/FontServices.framework/Versions/A/FontServices
0x00007ff8259b7000 	/System/Library/PrivateFrameworks/OTSVG.framework/Versions/A/OTSVG
0x00007ff820da8000 	/System/Library/Frameworks/ApplicationServices.framework/Versions/A/Frameworks/ATS.framework/Versions/A/Resources/libFontRegistry.dylib
0x00007ff825a08000 	/System/Library/PrivateFrameworks/FontServices.framework/libhvf.dylib
0x00007ffb1d6e8000 	/System/Library/PrivateFrameworks/FontServices.framework/libXTFontStaticRegistryData.dylib
0x00007ff825404000 	/System/Library/PrivateFrameworks/AppleVA.framework/Versions/A/AppleVA
0x00007ff827517000 	/System/Library/Frameworks/ApplicationServices.framework/Versions/A/Frameworks/ATS.framework/Versions/A/ATS
0x00007ff81efb6000 	/System/Library/Frameworks/ApplicationServices.framework/Versions/A/Frameworks/HIServices.framework/Versions/A/HIServices
0x00007ff8264f9000 	/System/Library/Frameworks/ApplicationServices.framework/Versions/A/Frameworks/PrintCore.framework/Versions/A/PrintCore
0x00007ff827896000 	/System/Library/Frameworks/ApplicationServices.framework/Versions/A/Frameworks/QD.framework/Versions/A/QD
0x00007ff82788e000 	/System/Library/Frameworks/ApplicationServices.framework/Versions/A/Frameworks/ColorSyncLegacy.framework/Versions/A/ColorSyncLegacy
0x00007ff827507000 	/System/Library/Frameworks/ApplicationServices.framework/Versions/A/Frameworks/SpeechSynthesis.framework/Versions/A/SpeechSynthesis
0x00007ff8264ba000 	/System/Library/Frameworks/ApplicationServices.framework/Versions/A/Frameworks/ATSUI.framework/Versions/A/ATSUI
0x00007ff827823000 	/usr/lib/libcups.2.dylib
0x00007ff827be6000 	/System/Library/Frameworks/Kerberos.framework/Versions/A/Kerberos
0x00007ff827bf5000 	/System/Library/Frameworks/GSS.framework/Versions/A/GSS
0x00007ff827583000 	/usr/lib/libresolv.9.dylib
0x00007ff825a17000 	/System/Library/PrivateFrameworks/Heimdal.framework/Versions/A/Heimdal
0x00007ff82e699000 	/System/Library/Frameworks/Kerberos.framework/Versions/A/Libraries/libHeimdalProxy.dylib
0x00007ff81fc95000 	/System/Library/Frameworks/Network.framework/Versions/A/Network
0x00007ff82546e000 	/usr/lib/libheimdal-asn1.dylib
0x00007ff827c40000 	/System/Library/PrivateFrameworks/CommonAuth.framework/Versions/A/CommonAuth
0x00007ff827488000 	/System/Library/PrivateFrameworks/AudioSession.framework/Versions/A/AudioSession
0x00007ff8254fe000 	/System/Library/PrivateFrameworks/MediaExperience.framework/Versions/A/MediaExperience
0x00007ff82731c000 	/System/Library/PrivateFrameworks/AudioSession.framework/libSessionUtility.dylib
0x00007ff8278a2000 	/System/Library/PrivateFrameworks/AudioResourceArbitration.framework/Versions/A/AudioResourceArbitration
0x00007ff825477000 	/System/Library/PrivateFrameworks/IconFoundation.framework/Versions/A/IconFoundation
0x00007ff82a67c000 	/System/Library/PrivateFrameworks/SpeechRecognitionCore.framework/Versions/A/SpeechRecognitionCore
0x00007ffa22cde000 	/System/Library/CoreServices/Encodings/libKoreanConverter.dylib
0x000000010b8e8000 	/Users/jojunbeom/Library/Java/JavaVirtualMachines/corretto-11.0.14.1/Contents/Home/lib/server/libjvm.dylib
0x000000010abc9000 	/Users/jojunbeom/Library/Java/JavaVirtualMachines/corretto-11.0.14.1/Contents/Home/lib/libverify.dylib
0x000000010abf1000 	/Users/jojunbeom/Library/Java/JavaVirtualMachines/corretto-11.0.14.1/Contents/Home/lib/libjava.dylib
0x000000010ab5f000 	/Users/jojunbeom/Library/Java/JavaVirtualMachines/corretto-11.0.14.1/Contents/Home/lib/libjimage.dylib
0x000000010ac70000 	/Users/jojunbeom/Library/Java/JavaVirtualMachines/corretto-11.0.14.1/Contents/Home/lib/libinstrument.dylib
0x000000010ad2b000 	/private/var/folders/k6/dkc35rrd3kvf4z8xbpc5z4zh0000gn/T/libasyncProfiler.so
0x000000010aceb000 	/Users/jojunbeom/Library/Java/JavaVirtualMachines/corretto-11.0.14.1/Contents/Home/lib/libzip.dylib
0x000000012e554000 	/Users/jojunbeom/Library/Java/JavaVirtualMachines/corretto-11.0.14.1/Contents/Home/lib/libnio.dylib
0x000000012e5a4000 	/Users/jojunbeom/Library/Java/JavaVirtualMachines/corretto-11.0.14.1/Contents/Home/lib/libnet.dylib
0x000000012e5f5000 	/Users/jojunbeom/Library/Java/JavaVirtualMachines/corretto-11.0.14.1/Contents/Home/lib/libextnet.dylib


VM Arguments:
jvm_args: -javaagent:/Applications/IntelliJ IDEA.app/Contents/lib/idea_rt.jar=53390:/Applications/IntelliJ IDEA.app/Contents/bin -agentpath:/private/var/folders/k6/dkc35rrd3kvf4z8xbpc5z4zh0000gn/T/libasyncProfiler.so=start,jfr,event=cpu,interval=1ms,event=alloc,file=/Users/jojunbeom/BoardFrame_2022_06_23_114912.jfr -Dfile.encoding=UTF-8 
java_command: com.project.board.BoardFrame
java_class_path (initial): /Users/jojunbeom/Downloads/study/Java_App_Board_JDBC_Mysql_v3/out/production/Java_Application_Board_v2.1:/Users/jojunbeom/Downloads/study/Java_App_Board_JDBC_Mysql_v3/resource/lib/json-simple-1.1.1.jar:/Users/jojunbeom/Downloads/study/Java_App_Board_JDBC_Mysql_v3/resource/lib/mysql-connector-java-8.0.29.jar
Launcher Type: SUN_STANDARD

[Global flags]
     intx CICompilerCount                          = 4                                         {product} {ergonomic}
     uint ConcGCThreads                            = 2                                         {product} {ergonomic}
     uint G1ConcRefinementThreads                  = 8                                         {product} {ergonomic}
   size_t G1HeapRegionSize                         = 1048576                                   {product} {ergonomic}
    uintx GCDrainStackTargetSize                   = 64                                        {product} {ergonomic}
   size_t InitialHeapSize                          = 134217728                                 {product} {ergonomic}
   size_t MarkStackSize                            = 4194304                                   {product} {ergonomic}
   size_t MaxHeapSize                              = 2147483648                                {product} {ergonomic}
   size_t MaxNewSize                               = 1287651328                                {product} {ergonomic}
   size_t MinHeapDeltaBytes                        = 1048576                                   {product} {ergonomic}
    uintx NonNMethodCodeHeapSize                   = 5836300                                {pd product} {ergonomic}
    uintx NonProfiledCodeHeapSize                  = 122910970                              {pd product} {ergonomic}
    uintx ProfiledCodeHeapSize                     = 122910970                              {pd product} {ergonomic}
    uintx ReservedCodeCacheSize                    = 251658240                              {pd product} {ergonomic}
     bool SegmentedCodeCache                       = true                                      {product} {ergonomic}
     bool UseCompressedClassPointers               = true                                 {lp64_product} {ergonomic}
     bool UseCompressedOops                        = true                                 {lp64_product} {ergonomic}
     bool UseG1GC                                  = true                                      {product} {ergonomic}

Logging:
Log output configuration:
 #0: stdout all=warning uptime,level,tags
 #1: stderr all=off uptime,level,tags

Environment Variables:
PATH=/opt/homebrew/bin:/opt/homebrew/sbin:/usr/local/bin:/usr/bin:/bin:/usr/sbin:/sbin
SHELL=/bin/zsh
LC_CTYPE=ko_KR.UTF-8

Signal Handlers:
SIGSEGV: [libjvm.dylib+0x7ccc92], sa_mask[0]=11111111111111111111111111111111, sa_flags=SA_ONSTACK|SA_RESTART|SA_SIGINFO
SIGBUS: [libjvm.dylib+0x7ccc92], sa_mask[0]=11111111111111111111111111111111, sa_flags=SA_RESTART|SA_SIGINFO
SIGFPE: [libjvm.dylib+0x7ccc92], sa_mask[0]=11111111111111111111111111111111, sa_flags=SA_RESTART|SA_SIGINFO
SIGPIPE: [libjvm.dylib+0x630218], sa_mask[0]=11111111111111111111111111111111, sa_flags=SA_RESTART|SA_SIGINFO
SIGXFSZ: [libjvm.dylib+0x630218], sa_mask[0]=11111111111111111111111111111111, sa_flags=SA_RESTART|SA_SIGINFO
SIGILL: [libjvm.dylib+0x7ccc92], sa_mask[0]=11111111111111111111111111111111, sa_flags=SA_RESTART|SA_SIGINFO
SIGUSR2: [libjvm.dylib+0x6307f6], sa_mask[0]=00100000000000000000000000000000, sa_flags=SA_RESTART|SA_SIGINFO
SIGHUP: [libjvm.dylib+0x62f3a9], sa_mask[0]=11111111111111111111111111111111, sa_flags=SA_RESTART|SA_SIGINFO
SIGINT: [libjvm.dylib+0x62f3a9], sa_mask[0]=11111111111111111111111111111111, sa_flags=SA_RESTART|SA_SIGINFO
SIGTERM: [libjvm.dylib+0x62f3a9], sa_mask[0]=11111111111111111111111111111111, sa_flags=SA_RESTART|SA_SIGINFO
SIGQUIT: [libjvm.dylib+0x62f3a9], sa_mask[0]=11111111111111111111111111111111, sa_flags=SA_RESTART|SA_SIGINFO


---------------  S Y S T E M  ---------------

OS:uname:Darwin 21.1.0 Darwin Kernel Version 21.1.0: Wed Oct 13 17:33:24 PDT 2021; root:xnu-8019.41.5~1/RELEASE_ARM64_T8101 x86_64
OS uptime: 1 days 18:47 hours
rlimit (soft/hard): STACK 8176k/65520k , CORE 0k/infinity , NPROC 1333/2000 , NOFILE 10240/infinity , AS infinity/infinity , CPU infinity/infinity , DATA infinity/infinity , FSIZE infinity/infinity , MEMLOCK infinity/infinity , RSS infinity/infinity
load average:2.75 1.69 1.72

CPU:total 8 (initial active 8) (1 cores per cpu, 1 threads per core) family 6 model 44 stepping 0 microcode 0x0, cmov, cx8, fxsr, mmx, sse, sse2, sse3, ssse3, sse4.1, sse4.2, popcnt, aes, clmul, tsc, tscinvbit, tscinv

Memory: 4k page, physical 8388608k(28604k free), swap 2097152k(948736k free)

vm_info: OpenJDK 64-Bit Server VM (11.0.14.1+10-LTS) for bsd-amd64 JRE (11.0.14.1+10-LTS), built on Feb  8 2022 01:38:57 by "ec2user" with clang Apple LLVM 13.0.0 (clang-1300.0.29.30)

END.
