#
# A fatal error has been detected by the Java Runtime Environment:
#
#  SIGBUS (0xa) at pc=0x000000030510e200, pid=11162, tid=7939
#
# JRE version: OpenJDK Runtime Environment Corretto-11.0.14.10.1 (11.0.14.1+10) (build 11.0.14.1+10-LTS)
# Java VM: OpenJDK 64-Bit Server VM Corretto-11.0.14.10.1 (11.0.14.1+10-LTS, mixed mode, tiered, compressed oops, g1 gc, bsd-amd64)
# Problematic frame:
# C  0x000000030510e200
#
# No core dump will be written. Core dumps have been disabled. To enable core dumping, try "ulimit -c unlimited" before starting Java again
#
# If you would like to submit a bug report, please visit:
#   https://github.com/corretto/corretto-11/issues/
#

---------------  S U M M A R Y ------------

Command Line: -javaagent:/Applications/IntelliJ IDEA.app/Contents/lib/idea_rt.jar=51692:/Applications/IntelliJ IDEA.app/Contents/bin -agentpath:/private/var/folders/k6/dkc35rrd3kvf4z8xbpc5z4zh0000gn/T/libasyncProfiler.so=start,jfr,event=cpu,interval=1ms,event=alloc,file=/Users/jojunbeom/Mysql_2022_06_22_161311.jfr -Dfile.encoding=UTF-8 com.project.database.DBMysql

Host: MacBookAir10,1 x86_64 2400 MHz, 8 cores, 8G, Darwin 21.1.0
Time: Wed Jun 22 16:13:12 2022 KST elapsed time: 1.330046 seconds (0d 0h 0m 1s)

---------------  T H R E A D  ---------------

Current thread (0x00007f91f0009000):  JavaThread "main" [_thread_in_vm, id=7939, stack(0x0000000305011000,0x0000000305111000)]

Stack: [0x0000000305011000,0x0000000305111000],  sp=0x000000030510e298,  free space=1012k
Native frames: (J=compiled Java code, A=aot compiled Java code, j=interpreted, Vv=VM code, C=native code)
C  0x000000030510e200

Java frames: (J=compiled Java code, j=interpreted, Vv=VM code)
j  java.util.zip.InflaterInputStream.<init>(Ljava/io/InputStream;Ljava/util/zip/Inflater;I)V+73 java.base@11.0.14.1
j  java.util.zip.ZipFile$ZipFileInflaterInputStream.<init>(Ljava/util/zip/ZipFile;Ljava/util/zip/ZipFile$ZipFileInputStream;Ljava/util/zip/ZipFile$CleanableResource;Ljava/util/zip/Inflater;I)V+11 java.base@11.0.14.1
j  java.util.zip.ZipFile$ZipFileInflaterInputStream.<init>(Ljava/util/zip/ZipFile;Ljava/util/zip/ZipFile$ZipFileInputStream;Ljava/util/zip/ZipFile$CleanableResource;I)V+10 java.base@11.0.14.1
j  java.util.zip.ZipFile.getInputStream(Ljava/util/zip/ZipEntry;)Ljava/io/InputStream;+264 java.base@11.0.14.1
j  java.util.jar.JarFile.getInputStream(Ljava/util/zip/ZipEntry;)Ljava/io/InputStream;+13 java.base@11.0.14.1
j  jdk.internal.loader.URLClassPath$JarLoader$2.getInputStream()Ljava/io/InputStream;+11 java.base@11.0.14.1
j  jdk.internal.loader.Resource.cachedInputStream()Ljava/io/InputStream;+9 java.base@11.0.14.1
j  jdk.internal.loader.Resource.getByteBuffer()Ljava/nio/ByteBuffer;+1 java.base@11.0.14.1
j  jdk.internal.loader.BuiltinClassLoader.defineClass(Ljava/lang/String;Ljdk/internal/loader/Resource;)Ljava/lang/Class;+45 java.base@11.0.14.1
j  jdk.internal.loader.BuiltinClassLoader.findClassOnClassPathOrNull(Ljava/lang/String;)Ljava/lang/Class;+37 java.base@11.0.14.1
J 519 c1 jdk.internal.loader.BuiltinClassLoader.loadClassOrNull(Ljava/lang/String;Z)Ljava/lang/Class; java.base@11.0.14.1 (143 bytes) @ 0x0000000114a7d7fc [0x0000000114a7c680+0x000000000000117c]
J 611 c1 jdk.internal.loader.BuiltinClassLoader.loadClass(Ljava/lang/String;Z)Ljava/lang/Class; java.base@11.0.14.1 (22 bytes) @ 0x0000000114ac2964 [0x0000000114ac2860+0x0000000000000104]
j  jdk.internal.loader.ClassLoaders$AppClassLoader.loadClass(Ljava/lang/String;Z)Ljava/lang/Class;+36 java.base@11.0.14.1
J 610 c1 java.lang.ClassLoader.loadClass(Ljava/lang/String;)Ljava/lang/Class; java.base@11.0.14.1 (7 bytes) @ 0x0000000114ac24c4 [0x0000000114ac23c0+0x0000000000000104]
v  ~StubRoutines::call_stub
j  com.DBMysql.cj.NativeSession.connect(Lcom/DBMysql/cj/conf/HostInfo;Ljava/lang/String;Ljava/lang/String;Ljava/lang/String;ILcom/DBMysql/cj/TransactionEventHandler;)V+75
j  com.DBMysql.cj.jdbc.ConnectionImpl.connectOneTryOnly(Z)V+32
j  com.DBMysql.cj.jdbc.ConnectionImpl.createNewIO(Z)V+27
j  com.DBMysql.cj.jdbc.ConnectionImpl.<init>(Lcom/DBMysql/cj/conf/HostInfo;)V+753
j  com.DBMysql.cj.jdbc.ConnectionImpl.getInstance(Lcom/DBMysql/cj/conf/HostInfo;)Lcom/DBMysql/cj/jdbc/JdbcConnection;+5
j  com.DBMysql.cj.jdbc.NonRegisteringDriver.connect(Ljava/lang/String;Ljava/util/Properties;)Ljava/sql/Connection;+72
j  java.sql.DriverManager.getConnection(Ljava/lang/String;Ljava/util/Properties;Ljava/lang/Class;)Ljava/sql/Connection;+130 java.sql@11.0.14.1
j  java.sql.DriverManager.getConnection(Ljava/lang/String;Ljava/lang/String;Ljava/lang/String;)Ljava/sql/Connection;+37 java.sql@11.0.14.1
j  com.project.database.DBMysql.main([Ljava/lang/String;)V+35
v  ~StubRoutines::call_stub

siginfo: si_signo: 10 (SIGBUS), si_code: 2 (BUS_ADRERR), si_addr: 0x000000030510e200

Register to memory mapping:

RAX=0x000000010a4bd580: _ZN15JfrEventSetting19_jvm_event_settingsE+0 in /Users/jojunbeom/Library/Java/JavaVirtualMachines/corretto-11.0.14.1/Contents/Home/lib/server/libjvm.dylib at 0x0000000109aec000
RBX=0x000000030510e2b8 is pointing into the stack for thread: 0x00007f91f0009000
RCX=0x00007f91f0009000 is a thread
RDX=0x00000000000007d8 is an unknown value
RSP=0x000000030510e298 is pointing into the stack for thread: 0x00007f91f0009000
RBP=0x000000010a0b46a6: _ZN12MemAllocator10Allocation17notify_allocationEv+0x16 in /Users/jojunbeom/Library/Java/JavaVirtualMachines/corretto-11.0.14.1/Contents/Home/lib/server/libjvm.dylib at 0x0000000109aec000
RSI=0x00000007876f9790 is an oop: [B 
{0x00000007876f9790} - klass: {type array byte}
 - length: 1990
RDI=0x000000030510e268 is pointing into the stack for thread: 0x00007f91f0009000
R8 =0x00007f91f0009000 is a thread
R9 =0x00007f91f0009000 is a thread
R10=0x000000010a4d8150: _ZN19TemplateInterpreter13_active_tableE+0x2000 in /Users/jojunbeom/Library/Java/JavaVirtualMachines/corretto-11.0.14.1/Contents/Home/lib/server/libjvm.dylib at 0x0000000109aec000
R11=0x0000000109d16924: _ZN13CollectedHeap14array_allocateEP5KlassiibP6Thread+0 in /Users/jojunbeom/Library/Java/JavaVirtualMachines/corretto-11.0.14.1/Contents/Home/lib/server/libjvm.dylib at 0x0000000109aec000
R12=0x0 is NULL
R13=0x000000012a686371 is pointing into metadata
R14=0x00000007876f9790 is an oop: [B 
{0x00000007876f9790} - klass: {type array byte}
 - length: 1990
R15=0x00007f91f0009000 is a thread


Registers:
RAX=0x000000010a4bd580, RBX=0x000000030510e2b8, RCX=0x00007f91f0009000, RDX=0x00000000000007d8
RSP=0x000000030510e298, RBP=0x000000010a0b46a6, RSI=0x00000007876f9790, RDI=0x000000030510e268
R8 =0x00007f91f0009000, R9 =0x00007f91f0009000, R10=0x000000010a4d8150, R11=0x0000000109d16924
R12=0x0000000000000000, R13=0x000000012a686371, R14=0x00000007876f9790, R15=0x00007f91f0009000
RIP=0x000000030510e200, EFLAGS=0x0000000000000212, ERR=0x0000000000000015
  TRAPNO=0x000000000000000e

Top of Stack: (sp=0x000000030510e298)
0x000000030510e298:   000000030510e310 000000030510e300
0x000000030510e2a8:   000000010a0b4a99 000000012a3f9690
0x000000030510e2b8:   000000030510e310 00007f91f0009000
0x000000030510e2c8:   000000030510e2e8 0000000787f50000
0x000000030510e2d8:   0000000000000d0e 0000000000000000
0x000000030510e2e8:   00000007876f9790 00007f91f0009000
0x000000030510e2f8:   000000030510e408 000000030510e340
0x000000030510e308:   0000000109d16967 000000010a460990
0x000000030510e318:   00007f9209012e00 00007f91f0009000
0x000000030510e328:   0000000800000820 00000000000000fb
0x000000030510e338:   00007f01000007c6 000000030510e370
0x000000030510e348:   0000000109ea86fa 000000010ab41a88
0x000000030510e358:   00007f91f0009000 00000000000000bc
0x000000030510e368:   000000030510e408 000000030510e3e0
0x000000030510e378:   00000001144185a8 0000000114405267
0x000000030510e388:   0000000114418571 00000007876f9260
0x000000030510e398:   000000030510e398 000000012a686371
0x000000030510e3a8:   000000030510e408 000000012a686e00
0x000000030510e3b8:   0000000000000000 0000000787ecc9d0
0x000000030510e3c8:   000000012a6863c8 0000000000000000
0x000000030510e3d8:   000000030510e3f0 000000030510e458
0x000000030510e3e8:   0000000114405267 00000000000007c6
0x000000030510e3f8:   0000000787d2ce38 00000007876f9230
0x000000030510e408:   00000007876f9260 000000030510e410
0x000000030510e418:   000000012a685683 000000030510e490
0x000000030510e428:   000000012a687260 0000000000000000
0x000000030510e438:   0000000787ecca50 000000012a6856f0
0x000000030510e448:   000000030510e3f0 000000030510e468
0x000000030510e458:   000000030510e4e0 0000000114405267
0x000000030510e468:   00000000000007c6 0000000787d2ce38
0x000000030510e478:   0000000787ece690 00000007876f9230
0x000000030510e488:   0000000787ece610 00000007876f9260 

Instructions: (pc=0x000000030510e200)
0x000000030510e100:   40 e0 10 05 03 00 00 00 04 00 00 00 04 00 00 00
0x000000030510e110:   78 86 6f 87 07 00 00 00 48 cb eb 87 07 00 00 00
0x000000030510e120:   78 86 6f 87 07 00 00 00 1d 1e 02 0a 01 00 00 00
0x000000030510e130:   e8 d4 f0 87 07 00 00 00 bc 5b ad 14 01 00 00 00
0x000000030510e140:   ff ff ff ff 00 00 00 00 60 86 6f 87 07 00 00 00
0x000000030510e150:   00 00 00 00 00 00 00 00 20 8b 6f 87 07 00 00 00
0x000000030510e160:   b0 df eb 87 07 00 00 00 f5 31 00 00 00 00 00 00
0x000000030510e170:   90 09 46 0a 01 00 00 00 5a 00 00 00 00 00 00 00
0x000000030510e180:   5a 00 00 00 00 00 00 00 c0 94 6f 87 07 00 00 00
0x000000030510e190:   20 e2 10 05 03 00 00 00 ab 66 d1 09 01 00 00 00
0x000000030510e1a0:   28 e4 10 05 03 00 00 00 00 90 00 f0 91 7f 00 00
0x000000030510e1b0:   00 01 88 00 00 60 00 00 00 c0 29 02 00 60 00 00
0x000000030510e1c0:   70 c0 29 02 00 60 00 00 d8 e2 10 05 03 00 00 00
0x000000030510e1d0:   d8 00 00 00 00 00 00 00 0e 0d 00 00 00 00 00 00
0x000000030510e1e0:   0e 0d 00 00 00 00 00 00 10 91 00 f0 91 7f 00 00
0x000000030510e1f0:   90 97 6f 87 07 00 00 00 28 e2 10 05 03 00 00 00
0x000000030510e200:   26 b3 eb 09 01 00 00 00 d8 07 00 00 00 00 00 00
0x000000030510e210:   d8 07 00 00 00 00 00 00 70 68 00 00 00 00 00 00
0x000000030510e220:   20 08 00 00 08 00 00 00 88 e2 10 05 03 00 00 00
0x000000030510e230:   97 8c be 09 01 00 00 00 00 00 00 00 00 00 00 00
0x000000030510e240:   00 00 00 00 00 00 00 00 00 49 0b 0a 01 00 00 00
0x000000030510e250:   b8 e2 10 05 03 00 00 00 b8 e2 10 05 03 00 00 00
0x000000030510e260:   b8 e2 10 05 03 00 00 00 00 00 00 00 00 00 00 00
0x000000030510e270:   b8 e2 10 05 03 00 00 00 90 97 6f 87 07 00 00 00
0x000000030510e280:   00 90 00 f0 91 7f 00 00 a6 46 0b 0a 01 00 00 00
0x000000030510e290:   00 e2 10 05 03 00 00 00 10 e3 10 05 03 00 00 00
0x000000030510e2a0:   00 e3 10 05 03 00 00 00 99 4a 0b 0a 01 00 00 00
0x000000030510e2b0:   90 96 3f 2a 01 00 00 00 10 e3 10 05 03 00 00 00
0x000000030510e2c0:   00 90 00 f0 91 7f 00 00 e8 e2 10 05 03 00 00 00
0x000000030510e2d0:   00 00 f5 87 07 00 00 00 0e 0d 00 00 00 00 00 00
0x000000030510e2e0:   00 00 00 00 00 00 00 00 90 97 6f 87 07 00 00 00
0x000000030510e2f0:   00 90 00 f0 91 7f 00 00 08 e4 10 05 03 00 00 00 


Stack slot to memory mapping:
stack at sp + 0 slots: 0x000000030510e310 is pointing into the stack for thread: 0x00007f91f0009000
stack at sp + 1 slots: 0x000000030510e300 is pointing into the stack for thread: 0x00007f91f0009000
stack at sp + 2 slots: 0x000000010a0b4a99: _ZNK12MemAllocator8allocateEv+0x77 in /Users/jojunbeom/Library/Java/JavaVirtualMachines/corretto-11.0.14.1/Contents/Home/lib/server/libjvm.dylib at 0x0000000109aec000
stack at sp + 3 slots: 0x000000012a3f9690 is pointing into metadata
stack at sp + 4 slots: 0x000000030510e310 is pointing into the stack for thread: 0x00007f91f0009000
stack at sp + 5 slots: 0x00007f91f0009000 is a thread
stack at sp + 6 slots: 0x000000030510e2e8 is pointing into the stack for thread: 0x00007f91f0009000
stack at sp + 7 slots: 0x0000000787f50000 is pointing into object: [B 
{0x0000000787f4fff8} - klass: {type array byte}
 - length: 21


---------------  P R O C E S S  ---------------

Threads class SMR info:
_java_thread_list=0x00006000017f16c0, length=13, elements={
0x00007f91f0009000, 0x00007f91d0008800, 0x00007f91d080a800, 0x00007f920801a000,
0x00007f920801d000, 0x00007f920801d800, 0x00007f920801e800, 0x00007f920801f800,
0x00007f92000a1800, 0x00007f91f015d800, 0x00007f92090db800, 0x00007f91f0160000,
0x00007f91d0859000
}

Java Threads: ( => current thread )
=>0x00007f91f0009000 JavaThread "main" [_thread_in_vm, id=7939, stack(0x0000000305011000,0x0000000305111000)]
  0x00007f91d0008800 JavaThread "Reference Handler" daemon [_thread_blocked, id=15875, stack(0x0000000305726000,0x0000000305826000)]
  0x00007f91d080a800 JavaThread "Finalizer" daemon [_thread_blocked, id=14595, stack(0x0000000305829000,0x0000000305929000)]
  0x00007f920801a000 JavaThread "Signal Dispatcher" daemon [_thread_blocked, id=23555, stack(0x0000000305a3b000,0x0000000305b3b000)]
  0x00007f920801d000 JavaThread "Service Thread" daemon [_thread_blocked, id=41219, stack(0x0000000305b3e000,0x0000000305c3e000)]
  0x00007f920801d800 JavaThread "C2 CompilerThread0" daemon [_thread_blocked, id=40707, stack(0x0000000305c41000,0x0000000305d41000)]
  0x00007f920801e800 JavaThread "C1 CompilerThread0" daemon [_thread_blocked, id=40195, stack(0x0000000305d44000,0x0000000305e44000)]
  0x00007f920801f800 JavaThread "Sweeper thread" daemon [_thread_blocked, id=25091, stack(0x0000000305e47000,0x0000000305f47000)]
  0x00007f92000a1800 JavaThread "Common-Cleaner" daemon [_thread_blocked, id=39427, stack(0x0000000305f4a000,0x000000030604a000)]
  0x00007f91f015d800 JavaThread "Monitor Ctrl-Break" daemon [_thread_in_native, id=26883, stack(0x000000030604d000,0x000000030614d000)]
  0x00007f92090db800 JavaThread "Async-profiler Timer" daemon [_thread_in_native, id=27439, stack(0x0000000306150000,0x00000003061d0000)]
  0x00007f91f0160000 JavaThread "DBMysql-cj-abandoned-connection-cleanup" daemon [_thread_blocked, id=36875, stack(0x0000000306359000,0x0000000306459000)]
  0x00007f91d0859000 JavaThread "Attach Listener" daemon [_thread_blocked, id=30211, stack(0x000000030645c000,0x000000030655c000)]

Other Threads:
  0x00007f9200039000 VMThread "VM Thread" [stack: 0x0000000305623000,0x0000000305723000] [id=16643]
  0x00007f92002e9000 WatcherThread [stack: 0x0000000306256000,0x0000000306356000] [id=29531]
  0x00007f920900e800 GCTaskThread "GC Thread#0" [stack: 0x0000000305114000,0x0000000305214000] [id=12803]
  0x00007f9200029000 ConcurrentGCThread "G1 Main Marker" [stack: 0x0000000305217000,0x0000000305317000] [id=13059]
  0x00007f920900f800 ConcurrentGCThread "G1 Conc#0" [stack: 0x000000030531a000,0x000000030541a000] [id=18435]
  0x00007f91f0071800 ConcurrentGCThread "G1 Refine#0" [stack: 0x000000030541d000,0x000000030551d000] [id=17923]
  0x00007f91f0072000 ConcurrentGCThread "G1 Young RemSet Sampling" [stack: 0x0000000305520000,0x0000000305620000] [id=17411]

Threads with active compile tasks:

VM state:not at safepoint (normal execution)

VM Mutex/Monitor currently owned by a thread: None

Heap address: 0x0000000780000000, size: 2048 MB, Compressed Oops mode: Zero based, Oop shift amount: 3
Narrow klass base: 0x0000000800000000, Narrow klass shift: 0
Compressed class space size: 1073741824 Address: 0x0000000800000000

Heap:
 garbage-first heap   total 131072K, used 8192K [0x0000000780000000, 0x0000000800000000)
  region size 1024K, 10 young (10240K), 0 survivors (0K)
 Metaspace       used 10867K, capacity 11104K, committed 11392K, reserved 1058816K
  class space    used 970K, capacity 1062K, committed 1152K, reserved 1048576K
Heap Regions: E=young(eden), S=young(survivor), O=old, HS=humongous(starts), HC=humongous(continues), CS=collection set, F=free, A=archive, TAMS=top-at-mark-start (previous, next)
|   0|0x0000000780000000, 0x0000000780000000, 0x0000000780100000|  0%| F|  |TAMS 0x0000000780000000, 0x0000000780000000| Untracked 
|   1|0x0000000780100000, 0x0000000780100000, 0x0000000780200000|  0%| F|  |TAMS 0x0000000780100000, 0x0000000780100000| Untracked 
|   2|0x0000000780200000, 0x0000000780200000, 0x0000000780300000|  0%| F|  |TAMS 0x0000000780200000, 0x0000000780200000| Untracked 
|   3|0x0000000780300000, 0x0000000780300000, 0x0000000780400000|  0%| F|  |TAMS 0x0000000780300000, 0x0000000780300000| Untracked 
|   4|0x0000000780400000, 0x0000000780400000, 0x0000000780500000|  0%| F|  |TAMS 0x0000000780400000, 0x0000000780400000| Untracked 
|   5|0x0000000780500000, 0x0000000780500000, 0x0000000780600000|  0%| F|  |TAMS 0x0000000780500000, 0x0000000780500000| Untracked 
|   6|0x0000000780600000, 0x0000000780600000, 0x0000000780700000|  0%| F|  |TAMS 0x0000000780600000, 0x0000000780600000| Untracked 
|   7|0x0000000780700000, 0x0000000780700000, 0x0000000780800000|  0%| F|  |TAMS 0x0000000780700000, 0x0000000780700000| Untracked 
|   8|0x0000000780800000, 0x0000000780800000, 0x0000000780900000|  0%| F|  |TAMS 0x0000000780800000, 0x0000000780800000| Untracked 
|   9|0x0000000780900000, 0x0000000780900000, 0x0000000780a00000|  0%| F|  |TAMS 0x0000000780900000, 0x0000000780900000| Untracked 
|  10|0x0000000780a00000, 0x0000000780a00000, 0x0000000780b00000|  0%| F|  |TAMS 0x0000000780a00000, 0x0000000780a00000| Untracked 
|  11|0x0000000780b00000, 0x0000000780b00000, 0x0000000780c00000|  0%| F|  |TAMS 0x0000000780b00000, 0x0000000780b00000| Untracked 
|  12|0x0000000780c00000, 0x0000000780c00000, 0x0000000780d00000|  0%| F|  |TAMS 0x0000000780c00000, 0x0000000780c00000| Untracked 
|  13|0x0000000780d00000, 0x0000000780d00000, 0x0000000780e00000|  0%| F|  |TAMS 0x0000000780d00000, 0x0000000780d00000| Untracked 
|  14|0x0000000780e00000, 0x0000000780e00000, 0x0000000780f00000|  0%| F|  |TAMS 0x0000000780e00000, 0x0000000780e00000| Untracked 
|  15|0x0000000780f00000, 0x0000000780f00000, 0x0000000781000000|  0%| F|  |TAMS 0x0000000780f00000, 0x0000000780f00000| Untracked 
|  16|0x0000000781000000, 0x0000000781000000, 0x0000000781100000|  0%| F|  |TAMS 0x0000000781000000, 0x0000000781000000| Untracked 
|  17|0x0000000781100000, 0x0000000781100000, 0x0000000781200000|  0%| F|  |TAMS 0x0000000781100000, 0x0000000781100000| Untracked 
|  18|0x0000000781200000, 0x0000000781200000, 0x0000000781300000|  0%| F|  |TAMS 0x0000000781200000, 0x0000000781200000| Untracked 
|  19|0x0000000781300000, 0x0000000781300000, 0x0000000781400000|  0%| F|  |TAMS 0x0000000781300000, 0x0000000781300000| Untracked 
|  20|0x0000000781400000, 0x0000000781400000, 0x0000000781500000|  0%| F|  |TAMS 0x0000000781400000, 0x0000000781400000| Untracked 
|  21|0x0000000781500000, 0x0000000781500000, 0x0000000781600000|  0%| F|  |TAMS 0x0000000781500000, 0x0000000781500000| Untracked 
|  22|0x0000000781600000, 0x0000000781600000, 0x0000000781700000|  0%| F|  |TAMS 0x0000000781600000, 0x0000000781600000| Untracked 
|  23|0x0000000781700000, 0x0000000781700000, 0x0000000781800000|  0%| F|  |TAMS 0x0000000781700000, 0x0000000781700000| Untracked 
|  24|0x0000000781800000, 0x0000000781800000, 0x0000000781900000|  0%| F|  |TAMS 0x0000000781800000, 0x0000000781800000| Untracked 
|  25|0x0000000781900000, 0x0000000781900000, 0x0000000781a00000|  0%| F|  |TAMS 0x0000000781900000, 0x0000000781900000| Untracked 
|  26|0x0000000781a00000, 0x0000000781a00000, 0x0000000781b00000|  0%| F|  |TAMS 0x0000000781a00000, 0x0000000781a00000| Untracked 
|  27|0x0000000781b00000, 0x0000000781b00000, 0x0000000781c00000|  0%| F|  |TAMS 0x0000000781b00000, 0x0000000781b00000| Untracked 
|  28|0x0000000781c00000, 0x0000000781c00000, 0x0000000781d00000|  0%| F|  |TAMS 0x0000000781c00000, 0x0000000781c00000| Untracked 
|  29|0x0000000781d00000, 0x0000000781d00000, 0x0000000781e00000|  0%| F|  |TAMS 0x0000000781d00000, 0x0000000781d00000| Untracked 
|  30|0x0000000781e00000, 0x0000000781e00000, 0x0000000781f00000|  0%| F|  |TAMS 0x0000000781e00000, 0x0000000781e00000| Untracked 
|  31|0x0000000781f00000, 0x0000000781f00000, 0x0000000782000000|  0%| F|  |TAMS 0x0000000781f00000, 0x0000000781f00000| Untracked 
|  32|0x0000000782000000, 0x0000000782000000, 0x0000000782100000|  0%| F|  |TAMS 0x0000000782000000, 0x0000000782000000| Untracked 
|  33|0x0000000782100000, 0x0000000782100000, 0x0000000782200000|  0%| F|  |TAMS 0x0000000782100000, 0x0000000782100000| Untracked 
|  34|0x0000000782200000, 0x0000000782200000, 0x0000000782300000|  0%| F|  |TAMS 0x0000000782200000, 0x0000000782200000| Untracked 
|  35|0x0000000782300000, 0x0000000782300000, 0x0000000782400000|  0%| F|  |TAMS 0x0000000782300000, 0x0000000782300000| Untracked 
|  36|0x0000000782400000, 0x0000000782400000, 0x0000000782500000|  0%| F|  |TAMS 0x0000000782400000, 0x0000000782400000| Untracked 
|  37|0x0000000782500000, 0x0000000782500000, 0x0000000782600000|  0%| F|  |TAMS 0x0000000782500000, 0x0000000782500000| Untracked 
|  38|0x0000000782600000, 0x0000000782600000, 0x0000000782700000|  0%| F|  |TAMS 0x0000000782600000, 0x0000000782600000| Untracked 
|  39|0x0000000782700000, 0x0000000782700000, 0x0000000782800000|  0%| F|  |TAMS 0x0000000782700000, 0x0000000782700000| Untracked 
|  40|0x0000000782800000, 0x0000000782800000, 0x0000000782900000|  0%| F|  |TAMS 0x0000000782800000, 0x0000000782800000| Untracked 
|  41|0x0000000782900000, 0x0000000782900000, 0x0000000782a00000|  0%| F|  |TAMS 0x0000000782900000, 0x0000000782900000| Untracked 
|  42|0x0000000782a00000, 0x0000000782a00000, 0x0000000782b00000|  0%| F|  |TAMS 0x0000000782a00000, 0x0000000782a00000| Untracked 
|  43|0x0000000782b00000, 0x0000000782b00000, 0x0000000782c00000|  0%| F|  |TAMS 0x0000000782b00000, 0x0000000782b00000| Untracked 
|  44|0x0000000782c00000, 0x0000000782c00000, 0x0000000782d00000|  0%| F|  |TAMS 0x0000000782c00000, 0x0000000782c00000| Untracked 
|  45|0x0000000782d00000, 0x0000000782d00000, 0x0000000782e00000|  0%| F|  |TAMS 0x0000000782d00000, 0x0000000782d00000| Untracked 
|  46|0x0000000782e00000, 0x0000000782e00000, 0x0000000782f00000|  0%| F|  |TAMS 0x0000000782e00000, 0x0000000782e00000| Untracked 
|  47|0x0000000782f00000, 0x0000000782f00000, 0x0000000783000000|  0%| F|  |TAMS 0x0000000782f00000, 0x0000000782f00000| Untracked 
|  48|0x0000000783000000, 0x0000000783000000, 0x0000000783100000|  0%| F|  |TAMS 0x0000000783000000, 0x0000000783000000| Untracked 
|  49|0x0000000783100000, 0x0000000783100000, 0x0000000783200000|  0%| F|  |TAMS 0x0000000783100000, 0x0000000783100000| Untracked 
|  50|0x0000000783200000, 0x0000000783200000, 0x0000000783300000|  0%| F|  |TAMS 0x0000000783200000, 0x0000000783200000| Untracked 
|  51|0x0000000783300000, 0x0000000783300000, 0x0000000783400000|  0%| F|  |TAMS 0x0000000783300000, 0x0000000783300000| Untracked 
|  52|0x0000000783400000, 0x0000000783400000, 0x0000000783500000|  0%| F|  |TAMS 0x0000000783400000, 0x0000000783400000| Untracked 
|  53|0x0000000783500000, 0x0000000783500000, 0x0000000783600000|  0%| F|  |TAMS 0x0000000783500000, 0x0000000783500000| Untracked 
|  54|0x0000000783600000, 0x0000000783600000, 0x0000000783700000|  0%| F|  |TAMS 0x0000000783600000, 0x0000000783600000| Untracked 
|  55|0x0000000783700000, 0x0000000783700000, 0x0000000783800000|  0%| F|  |TAMS 0x0000000783700000, 0x0000000783700000| Untracked 
|  56|0x0000000783800000, 0x0000000783800000, 0x0000000783900000|  0%| F|  |TAMS 0x0000000783800000, 0x0000000783800000| Untracked 
|  57|0x0000000783900000, 0x0000000783900000, 0x0000000783a00000|  0%| F|  |TAMS 0x0000000783900000, 0x0000000783900000| Untracked 
|  58|0x0000000783a00000, 0x0000000783a00000, 0x0000000783b00000|  0%| F|  |TAMS 0x0000000783a00000, 0x0000000783a00000| Untracked 
|  59|0x0000000783b00000, 0x0000000783b00000, 0x0000000783c00000|  0%| F|  |TAMS 0x0000000783b00000, 0x0000000783b00000| Untracked 
|  60|0x0000000783c00000, 0x0000000783c00000, 0x0000000783d00000|  0%| F|  |TAMS 0x0000000783c00000, 0x0000000783c00000| Untracked 
|  61|0x0000000783d00000, 0x0000000783d00000, 0x0000000783e00000|  0%| F|  |TAMS 0x0000000783d00000, 0x0000000783d00000| Untracked 
|  62|0x0000000783e00000, 0x0000000783e00000, 0x0000000783f00000|  0%| F|  |TAMS 0x0000000783e00000, 0x0000000783e00000| Untracked 
|  63|0x0000000783f00000, 0x0000000783f00000, 0x0000000784000000|  0%| F|  |TAMS 0x0000000783f00000, 0x0000000783f00000| Untracked 
|  64|0x0000000784000000, 0x0000000784000000, 0x0000000784100000|  0%| F|  |TAMS 0x0000000784000000, 0x0000000784000000| Untracked 
|  65|0x0000000784100000, 0x0000000784100000, 0x0000000784200000|  0%| F|  |TAMS 0x0000000784100000, 0x0000000784100000| Untracked 
|  66|0x0000000784200000, 0x0000000784200000, 0x0000000784300000|  0%| F|  |TAMS 0x0000000784200000, 0x0000000784200000| Untracked 
|  67|0x0000000784300000, 0x0000000784300000, 0x0000000784400000|  0%| F|  |TAMS 0x0000000784300000, 0x0000000784300000| Untracked 
|  68|0x0000000784400000, 0x0000000784400000, 0x0000000784500000|  0%| F|  |TAMS 0x0000000784400000, 0x0000000784400000| Untracked 
|  69|0x0000000784500000, 0x0000000784500000, 0x0000000784600000|  0%| F|  |TAMS 0x0000000784500000, 0x0000000784500000| Untracked 
|  70|0x0000000784600000, 0x0000000784600000, 0x0000000784700000|  0%| F|  |TAMS 0x0000000784600000, 0x0000000784600000| Untracked 
|  71|0x0000000784700000, 0x0000000784700000, 0x0000000784800000|  0%| F|  |TAMS 0x0000000784700000, 0x0000000784700000| Untracked 
|  72|0x0000000784800000, 0x0000000784800000, 0x0000000784900000|  0%| F|  |TAMS 0x0000000784800000, 0x0000000784800000| Untracked 
|  73|0x0000000784900000, 0x0000000784900000, 0x0000000784a00000|  0%| F|  |TAMS 0x0000000784900000, 0x0000000784900000| Untracked 
|  74|0x0000000784a00000, 0x0000000784a00000, 0x0000000784b00000|  0%| F|  |TAMS 0x0000000784a00000, 0x0000000784a00000| Untracked 
|  75|0x0000000784b00000, 0x0000000784b00000, 0x0000000784c00000|  0%| F|  |TAMS 0x0000000784b00000, 0x0000000784b00000| Untracked 
|  76|0x0000000784c00000, 0x0000000784c00000, 0x0000000784d00000|  0%| F|  |TAMS 0x0000000784c00000, 0x0000000784c00000| Untracked 
|  77|0x0000000784d00000, 0x0000000784d00000, 0x0000000784e00000|  0%| F|  |TAMS 0x0000000784d00000, 0x0000000784d00000| Untracked 
|  78|0x0000000784e00000, 0x0000000784e00000, 0x0000000784f00000|  0%| F|  |TAMS 0x0000000784e00000, 0x0000000784e00000| Untracked 
|  79|0x0000000784f00000, 0x0000000784f00000, 0x0000000785000000|  0%| F|  |TAMS 0x0000000784f00000, 0x0000000784f00000| Untracked 
|  80|0x0000000785000000, 0x0000000785000000, 0x0000000785100000|  0%| F|  |TAMS 0x0000000785000000, 0x0000000785000000| Untracked 
|  81|0x0000000785100000, 0x0000000785100000, 0x0000000785200000|  0%| F|  |TAMS 0x0000000785100000, 0x0000000785100000| Untracked 
|  82|0x0000000785200000, 0x0000000785200000, 0x0000000785300000|  0%| F|  |TAMS 0x0000000785200000, 0x0000000785200000| Untracked 
|  83|0x0000000785300000, 0x0000000785300000, 0x0000000785400000|  0%| F|  |TAMS 0x0000000785300000, 0x0000000785300000| Untracked 
|  84|0x0000000785400000, 0x0000000785400000, 0x0000000785500000|  0%| F|  |TAMS 0x0000000785400000, 0x0000000785400000| Untracked 
|  85|0x0000000785500000, 0x0000000785500000, 0x0000000785600000|  0%| F|  |TAMS 0x0000000785500000, 0x0000000785500000| Untracked 
|  86|0x0000000785600000, 0x0000000785600000, 0x0000000785700000|  0%| F|  |TAMS 0x0000000785600000, 0x0000000785600000| Untracked 
|  87|0x0000000785700000, 0x0000000785700000, 0x0000000785800000|  0%| F|  |TAMS 0x0000000785700000, 0x0000000785700000| Untracked 
|  88|0x0000000785800000, 0x0000000785800000, 0x0000000785900000|  0%| F|  |TAMS 0x0000000785800000, 0x0000000785800000| Untracked 
|  89|0x0000000785900000, 0x0000000785900000, 0x0000000785a00000|  0%| F|  |TAMS 0x0000000785900000, 0x0000000785900000| Untracked 
|  90|0x0000000785a00000, 0x0000000785a00000, 0x0000000785b00000|  0%| F|  |TAMS 0x0000000785a00000, 0x0000000785a00000| Untracked 
|  91|0x0000000785b00000, 0x0000000785b00000, 0x0000000785c00000|  0%| F|  |TAMS 0x0000000785b00000, 0x0000000785b00000| Untracked 
|  92|0x0000000785c00000, 0x0000000785c00000, 0x0000000785d00000|  0%| F|  |TAMS 0x0000000785c00000, 0x0000000785c00000| Untracked 
|  93|0x0000000785d00000, 0x0000000785d00000, 0x0000000785e00000|  0%| F|  |TAMS 0x0000000785d00000, 0x0000000785d00000| Untracked 
|  94|0x0000000785e00000, 0x0000000785e00000, 0x0000000785f00000|  0%| F|  |TAMS 0x0000000785e00000, 0x0000000785e00000| Untracked 
|  95|0x0000000785f00000, 0x0000000785f00000, 0x0000000786000000|  0%| F|  |TAMS 0x0000000785f00000, 0x0000000785f00000| Untracked 
|  96|0x0000000786000000, 0x0000000786000000, 0x0000000786100000|  0%| F|  |TAMS 0x0000000786000000, 0x0000000786000000| Untracked 
|  97|0x0000000786100000, 0x0000000786100000, 0x0000000786200000|  0%| F|  |TAMS 0x0000000786100000, 0x0000000786100000| Untracked 
|  98|0x0000000786200000, 0x0000000786200000, 0x0000000786300000|  0%| F|  |TAMS 0x0000000786200000, 0x0000000786200000| Untracked 
|  99|0x0000000786300000, 0x0000000786300000, 0x0000000786400000|  0%| F|  |TAMS 0x0000000786300000, 0x0000000786300000| Untracked 
| 100|0x0000000786400000, 0x0000000786400000, 0x0000000786500000|  0%| F|  |TAMS 0x0000000786400000, 0x0000000786400000| Untracked 
| 101|0x0000000786500000, 0x0000000786500000, 0x0000000786600000|  0%| F|  |TAMS 0x0000000786500000, 0x0000000786500000| Untracked 
| 102|0x0000000786600000, 0x0000000786600000, 0x0000000786700000|  0%| F|  |TAMS 0x0000000786600000, 0x0000000786600000| Untracked 
| 103|0x0000000786700000, 0x0000000786700000, 0x0000000786800000|  0%| F|  |TAMS 0x0000000786700000, 0x0000000786700000| Untracked 
| 104|0x0000000786800000, 0x0000000786800000, 0x0000000786900000|  0%| F|  |TAMS 0x0000000786800000, 0x0000000786800000| Untracked 
| 105|0x0000000786900000, 0x0000000786900000, 0x0000000786a00000|  0%| F|  |TAMS 0x0000000786900000, 0x0000000786900000| Untracked 
| 106|0x0000000786a00000, 0x0000000786a00000, 0x0000000786b00000|  0%| F|  |TAMS 0x0000000786a00000, 0x0000000786a00000| Untracked 
| 107|0x0000000786b00000, 0x0000000786b00000, 0x0000000786c00000|  0%| F|  |TAMS 0x0000000786b00000, 0x0000000786b00000| Untracked 
| 108|0x0000000786c00000, 0x0000000786c00000, 0x0000000786d00000|  0%| F|  |TAMS 0x0000000786c00000, 0x0000000786c00000| Untracked 
| 109|0x0000000786d00000, 0x0000000786d00000, 0x0000000786e00000|  0%| F|  |TAMS 0x0000000786d00000, 0x0000000786d00000| Untracked 
| 110|0x0000000786e00000, 0x0000000786e00000, 0x0000000786f00000|  0%| F|  |TAMS 0x0000000786e00000, 0x0000000786e00000| Untracked 
| 111|0x0000000786f00000, 0x0000000786f00000, 0x0000000787000000|  0%| F|  |TAMS 0x0000000786f00000, 0x0000000786f00000| Untracked 
| 112|0x0000000787000000, 0x0000000787000000, 0x0000000787100000|  0%| F|  |TAMS 0x0000000787000000, 0x0000000787000000| Untracked 
| 113|0x0000000787100000, 0x0000000787100000, 0x0000000787200000|  0%| F|  |TAMS 0x0000000787100000, 0x0000000787100000| Untracked 
| 114|0x0000000787200000, 0x0000000787200000, 0x0000000787300000|  0%| F|  |TAMS 0x0000000787200000, 0x0000000787200000| Untracked 
| 115|0x0000000787300000, 0x0000000787300000, 0x0000000787400000|  0%| F|  |TAMS 0x0000000787300000, 0x0000000787300000| Untracked 
| 116|0x0000000787400000, 0x0000000787400000, 0x0000000787500000|  0%| F|  |TAMS 0x0000000787400000, 0x0000000787400000| Untracked 
| 117|0x0000000787500000, 0x0000000787500000, 0x0000000787600000|  0%| F|  |TAMS 0x0000000787500000, 0x0000000787500000| Untracked 
| 118|0x0000000787600000, 0x0000000787700000, 0x0000000787700000|100%| E|  |TAMS 0x0000000787600000, 0x0000000787600000| Complete 
| 119|0x0000000787700000, 0x0000000787800000, 0x0000000787800000|100%| E|CS|TAMS 0x0000000787700000, 0x0000000787700000| Complete 
| 120|0x0000000787800000, 0x0000000787900000, 0x0000000787900000|100%| E|  |TAMS 0x0000000787800000, 0x0000000787800000| Complete 
| 121|0x0000000787900000, 0x0000000787a00000, 0x0000000787a00000|100%| E|CS|TAMS 0x0000000787900000, 0x0000000787900000| Complete 
| 122|0x0000000787a00000, 0x0000000787b00000, 0x0000000787b00000|100%| E|CS|TAMS 0x0000000787a00000, 0x0000000787a00000| Complete 
| 123|0x0000000787b00000, 0x0000000787c00000, 0x0000000787c00000|100%| E|CS|TAMS 0x0000000787b00000, 0x0000000787b00000| Complete 
| 124|0x0000000787c00000, 0x0000000787d00000, 0x0000000787d00000|100%| E|CS|TAMS 0x0000000787c00000, 0x0000000787c00000| Complete 
| 125|0x0000000787d00000, 0x0000000787e00000, 0x0000000787e00000|100%| E|CS|TAMS 0x0000000787d00000, 0x0000000787d00000| Complete 
| 126|0x0000000787e00000, 0x0000000787f00000, 0x0000000787f00000|100%| E|CS|TAMS 0x0000000787e00000, 0x0000000787e00000| Complete 
| 127|0x0000000787f00000, 0x0000000788000000, 0x0000000788000000|100%| E|CS|TAMS 0x0000000787f00000, 0x0000000787f00000| Complete 

Card table byte_map: [0x00000001238e6000,0x0000000123ce6000] _byte_map_base: 0x000000011fce6000

Marking Bits (Prev, Next): (CMBitMap*) 0x00007f9200020418, (CMBitMap*) 0x00007f9200020450
 Prev Bits: [0x00000001240e6000, 0x00000001260e6000)
 Next Bits: [0x00000001260e6000, 0x00000001280e6000)

Polling page: 0x00000001006b7000

Metaspace:

Usage:
  Non-class:      9.81 MB capacity,     9.67 MB ( 99%) used,   129.74 KB (  1%) free+waste,    15.06 KB ( <1%) overhead. 
      Class:      1.04 MB capacity,   970.66 KB ( 91%) used,    84.52 KB (  8%) free+waste,     6.81 KB ( <1%) overhead. 
       Both:     10.84 MB capacity,    10.61 MB ( 98%) used,   214.27 KB (  2%) free+waste,    21.88 KB ( <1%) overhead. 

Virtual space:
  Non-class space:       10.00 MB reserved,      10.00 MB (100%) committed 
      Class space:        1.00 GB reserved,       1.12 MB ( <1%) committed 
             Both:        1.01 GB reserved,      11.12 MB (  1%) committed 

Chunk freelists:
   Non-Class:  102.00 KB
       Class:  26.00 KB
        Both:  128.00 KB

MaxMetaspaceSize: unlimited
CompressedClassSpaceSize: 1.00 GB
Initial GC threshold: 20.80 MB
Current GC threshold: 20.80 MB
CDS: off

CodeHeap 'non-profiled nmethods': size=120032Kb used=243Kb max_used=243Kb free=119788Kb
 bounds [0x000000011bec3000, 0x000000011c133000, 0x00000001233fb000]
CodeHeap 'profiled nmethods': size=120028Kb used=1385Kb max_used=1385Kb free=118642Kb
 bounds [0x000000011498c000, 0x0000000114bfc000, 0x000000011bec3000]
CodeHeap 'non-nmethods': size=5700Kb used=1142Kb max_used=1154Kb free=4557Kb
 bounds [0x00000001143fb000, 0x000000011466b000, 0x000000011498c000]
 total_blobs=1049 nmethods=646 adapters=318
 compilation: enabled
              stopped_count=0, restarted_count=0
 full_count=0

Compilation events (20 events):
Event: 1.302 Thread 0x00007f920801d800 nmethod 613 0x000000011befde10 code [0x000000011befdfa0, 0x000000011befe1d8]
Event: 1.302 Thread 0x00007f920801e800 nmethod 635 0x0000000114ae2c10 code [0x0000000114ae2ea0, 0x0000000114ae3cb0]
Event: 1.302 Thread 0x00007f920801e800  636       1       java.util.zip.ZipEntry::getSize (5 bytes)
Event: 1.302 Thread 0x00007f920801e800 nmethod 636 0x000000011befe410 code [0x000000011befe5c0, 0x000000011befe670]
Event: 1.302 Thread 0x00007f920801e800  637       1       java.nio.HeapByteBuffer::isDirect (2 bytes)
Event: 1.302 Thread 0x00007f920801e800 nmethod 637 0x000000011befe710 code [0x000000011befe8c0, 0x000000011befe970]
Event: 1.302 Thread 0x00007f920801e800  638       1       java.util.jar.Manifest::getEntries (5 bytes)
Event: 1.302 Thread 0x00007f920801e800 nmethod 638 0x000000011befea10 code [0x000000011befebc0, 0x000000011befec70]
Event: 1.302 Thread 0x00007f920801e800  639       1       java.util.jar.Manifest::getMainAttributes (5 bytes)
Event: 1.302 Thread 0x00007f920801e800 nmethod 639 0x000000011befed10 code [0x000000011befeec0, 0x000000011befef70]
Event: 1.302 Thread 0x00007f920801e800  640       1       java.util.zip.ZipEntry::getCrc (5 bytes)
Event: 1.303 Thread 0x00007f920801e800 nmethod 640 0x000000011beff010 code [0x000000011beff1c0, 0x000000011beff270]
Event: 1.305 Thread 0x00007f920801e800  642       3       java.lang.invoke.MethodHandles$Lookup::checkSymbolicClass (24 bytes)
Event: 1.306 Thread 0x00007f920801e800 nmethod 642 0x0000000114ae4510 code [0x0000000114ae47e0, 0x0000000114ae5370]
Event: 1.321 Thread 0x00007f920801e800  645       3       java.io.InputStream::<init> (5 bytes)
Event: 1.321 Thread 0x00007f920801e800 nmethod 645 0x0000000114ae5c10 code [0x0000000114ae5dc0, 0x0000000114ae5f10]
Event: 1.322 Thread 0x00007f920801e800  646       3       java.lang.ref.SoftReference::get (29 bytes)
Event: 1.322 Thread 0x00007f920801e800 nmethod 646 0x0000000114ae6010 code [0x0000000114ae61c0, 0x0000000114ae6390]
Event: 1.322 Thread 0x00007f920801d800  647       4       java.util.concurrent.ConcurrentHashMap::setTabAt (20 bytes)
Event: 1.324 Thread 0x00007f920801d800 nmethod 647 0x000000011beffa90 code [0x000000011beffc20, 0x000000011beffd38]

GC Heap History (0 events):
No events

Deoptimization events (20 events):
Event: 0.732 Thread 0x00007f91f0009000 DEOPT PACKING pc=0x000000011becca14 sp=0x000000030510f020
Event: 0.733 Thread 0x00007f91f0009000 DEOPT UNPACKING pc=0x0000000114444e9f sp=0x000000030510efd0 mode 2
Event: 0.735 Thread 0x00007f91f0009000 Uncommon trap: trap_request=0xffffffc6 fr.pc=0x000000011becca14 relative=0x0000000000000074
Event: 0.735 Thread 0x00007f91f0009000 Uncommon trap: reason=bimorphic_or_optimized_type_check action=maybe_recompile pc=0x000000011becca14 method=java.util.AbstractCollection.isEmpty()Z @ 1 c2
Event: 0.735 Thread 0x00007f91f0009000 DEOPT PACKING pc=0x000000011becca14 sp=0x000000030510f1f0
Event: 0.735 Thread 0x00007f91f0009000 DEOPT UNPACKING pc=0x0000000114444e9f sp=0x000000030510f1a0 mode 2
Event: 0.743 Thread 0x00007f91f0009000 Uncommon trap: trap_request=0xffffffc6 fr.pc=0x000000011becca14 relative=0x0000000000000074
Event: 0.743 Thread 0x00007f91f0009000 Uncommon trap: reason=bimorphic_or_optimized_type_check action=maybe_recompile pc=0x000000011becca14 method=java.util.AbstractCollection.isEmpty()Z @ 1 c2
Event: 0.743 Thread 0x00007f91f0009000 DEOPT PACKING pc=0x000000011becca14 sp=0x000000030510f3d0
Event: 0.743 Thread 0x00007f91f0009000 DEOPT UNPACKING pc=0x0000000114444e9f sp=0x000000030510f380 mode 2
Event: 0.745 Thread 0x00007f91f0009000 Uncommon trap: trap_request=0xffffffc6 fr.pc=0x000000011becca14 relative=0x0000000000000074
Event: 0.745 Thread 0x00007f91f0009000 Uncommon trap: reason=bimorphic_or_optimized_type_check action=maybe_recompile pc=0x000000011becca14 method=java.util.AbstractCollection.isEmpty()Z @ 1 c2
Event: 0.745 Thread 0x00007f91f0009000 DEOPT PACKING pc=0x000000011becca14 sp=0x000000030510f3b0
Event: 0.745 Thread 0x00007f91f0009000 DEOPT UNPACKING pc=0x0000000114444e9f sp=0x000000030510f360 mode 2
Event: 1.239 Thread 0x00007f91f0009000 DEOPT PACKING pc=0x0000000114a24608 sp=0x000000030510b7d0
Event: 1.239 Thread 0x00007f91f0009000 DEOPT UNPACKING pc=0x000000011444562b sp=0x000000030510ac40 mode 0
Event: 1.246 Thread 0x00007f91d0859000 Uncommon trap: trap_request=0xffffff4d fr.pc=0x000000011bef97fc relative=0x000000000000023c
Event: 1.246 Thread 0x00007f91d0859000 Uncommon trap: reason=unstable_if action=reinterpret pc=0x000000011bef97fc method=java.lang.String.startsWith(Ljava/lang/String;I)Z @ 14 c2
Event: 1.246 Thread 0x00007f91d0859000 DEOPT PACKING pc=0x000000011bef97fc sp=0x000000030655b090
Event: 1.246 Thread 0x00007f91d0859000 DEOPT UNPACKING pc=0x0000000114444e9f sp=0x000000030655b018 mode 2

Classes redefined (0 events):
No events

Internal exceptions (3 events):
Event: 0.526 Thread 0x00007f91f0009000 Exception <a 'java/lang/NoClassDefFoundError'{0x0000000787d092f0}: jdk/internal/loader/NativeLibraries> (0x0000000787d092f0) thrown at [src/hotspot/share/classfile/systemDictionary.cpp, line 219]
Event: 0.528 Thread 0x00007f91f0009000 Exception <a 'java/lang/NoSuchMethodError'{0x0000000787d0b168}: 'java.lang.Object java.lang.invoke.DirectMethodHandle$Holder.invokeStaticInit(java.lang.Object, java.lang.Object, java.lang.Object)'> (0x0000000787d0b168) thrown at [src/hotspot/share/interpreter/linkResolver.cpp, line 773]
Event: 1.069 Thread 0x00007f91f0009000 Exception <a 'java/lang/NoSuchMethodError'{0x0000000787a5a3d8}: 'java.lang.Object java.lang.invoke.DirectMethodHandle$Holder.invokeVirtual(java.lang.Object, java.lang.Object, java.lang.Object)'> (0x0000000787a5a3d8) thrown at [src/hotspot/share/interpreter/linkResolver.cpp, line 773]

Events (20 events):
Event: 1.321 loading class com/DBMysql/cj/protocol/Protocol$ProtocolEventHandler
Event: 1.321 loading class com/DBMysql/cj/protocol/Protocol$ProtocolEventHandler done
Event: 1.322 loading class com/DBMysql/cj/protocol/PacketReceivedTimeHolder
Event: 1.322 loading class com/DBMysql/cj/protocol/PacketReceivedTimeHolder done
Event: 1.322 loading class com/DBMysql/cj/protocol/ServerSession
Event: 1.322 loading class com/DBMysql/cj/protocol/ServerSession done
Event: 1.323 loading class com/DBMysql/cj/jdbc/exceptions/MysqlDataTruncation
Event: 1.323 loading class com/DBMysql/cj/jdbc/exceptions/MysqlDataTruncation done
Event: 1.324 loading class com/DBMysql/cj/protocol/ServerSessionStateController$ServerSessionStateChanges
Event: 1.324 loading class com/DBMysql/cj/protocol/ServerSessionStateController$ServerSessionStateChanges done
Event: 1.325 loading class com/DBMysql/cj/protocol/MessageHeader
Event: 1.325 loading class com/DBMysql/cj/protocol/MessageHeader done
Event: 1.325 loading class java/net/MalformedURLException
Event: 1.325 loading class java/net/MalformedURLException done
Event: 1.325 loading class java/nio/file/InvalidPathException
Event: 1.325 loading class java/nio/file/InvalidPathException done
Event: 1.325 loading class java/net/URISyntaxException
Event: 1.325 loading class java/net/URISyntaxException done
Event: 1.326 loading class com/DBMysql/cj/protocol/MessageSender
Event: 1.326 loading class com/DBMysql/cj/protocol/MessageSender done


Dynamic libraries:
0x0000000108ce9000 	/Users/jojunbeom/Library/Java/JavaVirtualMachines/corretto-11.0.14.1/Contents/Home/lib/jli/libjli.dylib
0x00007ff83067c000 	/System/Library/Frameworks/Cocoa.framework/Versions/A/Cocoa
0x00007ff81bf1d000 	/System/Library/Frameworks/AppKit.framework/Versions/C/AppKit
0x00007ff81f46d000 	/System/Library/Frameworks/CoreData.framework/Versions/A/CoreData
0x00007ff81a338000 	/System/Library/Frameworks/Foundation.framework/Versions/C/Foundation
0x00007ff824760000 	/usr/lib/libSystem.B.dylib
0x00007ff81cdaa000 	/System/Library/PrivateFrameworks/UIFoundation.framework/Versions/A/UIFoundation
0x00007ff82a654000 	/System/Library/PrivateFrameworks/RemoteViewServices.framework/Versions/A/RemoteViewServices
0x00007ff822953000 	/System/Library/PrivateFrameworks/XCTTargetBootstrap.framework/Versions/A/XCTTargetBootstrap
0x00007ff82662b000 	/System/Library/PrivateFrameworks/InternationalSupport.framework/Versions/A/InternationalSupport
0x00007ff8266b5000 	/System/Library/PrivateFrameworks/UserActivity.framework/Versions/A/UserActivity
0x00007ff825a12000 	/usr/lib/libspindump.dylib
0x00007ff81d038000 	/System/Library/Frameworks/UniformTypeIdentifiers.framework/Versions/A/UniformTypeIdentifiers
0x00007ff821092000 	/usr/lib/libapp_launch_measurement.dylib
0x00007ff81fe47000 	/System/Library/PrivateFrameworks/CoreAnalytics.framework/Versions/A/CoreAnalytics
0x00007ff821095000 	/System/Library/PrivateFrameworks/CoreAutoLayout.framework/Versions/A/CoreAutoLayout
0x00007ff8222b4000 	/System/Library/Frameworks/Metal.framework/Versions/A/Metal
0x00007ff822fcb000 	/usr/lib/liblangid.dylib
0x00007ff822957000 	/System/Library/PrivateFrameworks/CoreSVG.framework/Versions/A/CoreSVG
0x00007ff81e3fa000 	/System/Library/PrivateFrameworks/SkyLight.framework/Versions/A/SkyLight
0x00007ff81e78b000 	/System/Library/Frameworks/CoreGraphics.framework/Versions/A/CoreGraphics
0x00007ff82acbf000 	/System/Library/Frameworks/Accelerate.framework/Versions/A/Accelerate
0x00007ff82548d000 	/System/Library/PrivateFrameworks/IconServices.framework/Versions/A/IconServices
0x00007ff822299000 	/System/Library/Frameworks/IOSurface.framework/Versions/A/IOSurface
0x00007ff81fe75000 	/usr/lib/libDiagnosticMessagesClient.dylib
0x00007ff82467a000 	/usr/lib/libz.1.dylib
0x00007ff82e31e000 	/System/Library/Frameworks/ApplicationServices.framework/Versions/A/ApplicationServices
0x00007ff82293f000 	/System/Library/PrivateFrameworks/DFRFoundation.framework/Versions/A/DFRFoundation
0x00007ff81b80e000 	/usr/lib/libicucore.A.dylib
0x00007ff82734d000 	/System/Library/Frameworks/AudioToolbox.framework/Versions/A/AudioToolbox
0x00007ff826637000 	/System/Library/PrivateFrameworks/DataDetectorsCore.framework/Versions/A/DataDetectorsCore
0x00007ff921dcc000 	/System/Library/PrivateFrameworks/TextInput.framework/Versions/A/TextInput
0x00007ff81e37d000 	/usr/lib/libMobileGestalt.dylib
0x00007ff822647000 	/System/Library/Frameworks/Carbon.framework/Versions/A/Frameworks/HIToolbox.framework/Versions/A/HIToolbox
0x00007ff820ac0000 	/System/Library/Frameworks/QuartzCore.framework/Versions/A/QuartzCore
0x00007ff81b4af000 	/System/Library/Frameworks/Security.framework/Versions/A/Security
0x00007ff82a68c000 	/System/Library/Frameworks/Carbon.framework/Versions/A/Frameworks/SpeechRecognition.framework/Versions/A/SpeechRecognition
0x00007ff820df2000 	/System/Library/PrivateFrameworks/CoreUI.framework/Versions/A/CoreUI
0x00007ff81ad89000 	/System/Library/Frameworks/CoreAudio.framework/Versions/A/CoreAudio
0x00007ff81ff63000 	/System/Library/Frameworks/DiskArbitration.framework/Versions/A/DiskArbitration
0x00007ff825df5000 	/System/Library/PrivateFrameworks/MultitouchSupport.framework/Versions/A/MultitouchSupport
0x00007ff81e37c000 	/usr/lib/libenergytrace.dylib
0x00007ff81be09000 	/System/Library/Frameworks/IOKit.framework/Versions/A/IOKit
0x00007ff82aa76000 	/System/Library/Frameworks/CoreServices.framework/Versions/A/CoreServices
0x00007ff82102c000 	/System/Library/PrivateFrameworks/PerformanceAnalysis.framework/Versions/A/PerformanceAnalysis
0x00007ffa3183b000 	/System/Library/Frameworks/OpenGL.framework/Versions/A/OpenGL
0x00007ff823cb2000 	/System/Library/PrivateFrameworks/MobileKeyBag.framework/Versions/A/MobileKeyBag
0x00007ff8193d0000 	/usr/lib/libobjc.A.dylib
0x00007ff81eeba000 	/System/Library/Frameworks/ColorSync.framework/Versions/A/ColorSync
0x00007ff81958c000 	/System/Library/Frameworks/CoreFoundation.framework/Versions/A/CoreFoundation
0x00007ff822bd2000 	/System/Library/Frameworks/CoreImage.framework/Versions/A/CoreImage
0x00007ff81ab9f000 	/System/Library/Frameworks/CoreText.framework/Versions/A/CoreText
0x00007ff822986000 	/System/Library/Frameworks/ImageIO.framework/Versions/A/ImageIO
0x00007ff824766000 	/System/Library/PrivateFrameworks/SoftLinking.framework/Versions/A/SoftLinking
0x00007ff8210dd000 	/usr/lib/libxml2.2.dylib
0x00007ff819499000 	/usr/lib/libc++.1.dylib
0x00007ff8249e6000 	/usr/lib/libcompression.dylib
0x00007ff826561000 	/System/Library/PrivateFrameworks/TextureIO.framework/Versions/A/TextureIO
0x00007ff825106000 	/usr/lib/libate.dylib
0x00007ff82475b000 	/usr/lib/system/libcache.dylib
0x00007ff824717000 	/usr/lib/system/libcommonCrypto.dylib
0x00007ff824740000 	/usr/lib/system/libcompiler_rt.dylib
0x00007ff824736000 	/usr/lib/system/libcopyfile.dylib
0x00007ff8192ca000 	/usr/lib/system/libcorecrypto.dylib
0x00007ff819389000 	/usr/lib/system/libdispatch.dylib
0x00007ff81954b000 	/usr/lib/system/libdyld.dylib
0x00007ff824752000 	/usr/lib/system/libkeymgr.dylib
0x00007ff8246f5000 	/usr/lib/system/libmacho.dylib
0x00007ff823d86000 	/usr/lib/system/libquarantine.dylib
0x00007ff824750000 	/usr/lib/system/libremovefile.dylib
0x00007ff81e3c9000 	/usr/lib/system/libsystem_asl.dylib
0x00007ff819278000 	/usr/lib/system/libsystem_blocks.dylib
0x00007ff819410000 	/usr/lib/system/libsystem_c.dylib
0x00007ff824748000 	/usr/lib/system/libsystem_collections.dylib
0x00007ff822fbc000 	/usr/lib/system/libsystem_configuration.dylib
0x00007ff82227c000 	/usr/lib/system/libsystem_containermanager.dylib
0x00007ff82442e000 	/usr/lib/system/libsystem_coreservices.dylib
0x00007ff81ba97000 	/usr/lib/system/libsystem_darwin.dylib
0x00007ff824753000 	/usr/lib/system/libsystem_dnssd.dylib
0x00007ff81940d000 	/usr/lib/system/libsystem_featureflags.dylib
0x00007ff819561000 	/usr/lib/system/libsystem_info.dylib
0x00007ff82468d000 	/usr/lib/system/libsystem_m.dylib
0x00007ff81935d000 	/usr/lib/system/libsystem_malloc.dylib
0x00007ff81e366000 	/usr/lib/system/libsystem_networkextension.dylib
0x00007ff81bebf000 	/usr/lib/system/libsystem_notify.dylib
0x00007ff82a94d000 	/usr/lib/system/libsystem_product_info_filter.dylib
0x00007ff822fc0000 	/usr/lib/system/libsystem_sandbox.dylib
0x00007ff82474d000 	/usr/lib/system/libsystem_secinit.dylib
0x00007ff819508000 	/usr/lib/system/libsystem_kernel.dylib
0x00007ff819557000 	/usr/lib/system/libsystem_platform.dylib
0x00007ff81953f000 	/usr/lib/system/libsystem_pthread.dylib
0x00007ff81fc8d000 	/usr/lib/system/libsystem_symptoms.dylib
0x00007ff8192b1000 	/usr/lib/system/libsystem_trace.dylib
0x00007ff824723000 	/usr/lib/system/libunwind.dylib
0x00007ff81927a000 	/usr/lib/system/libxpc.dylib
0x00007ff8194f2000 	/usr/lib/libc++abi.dylib
0x00007ff82472e000 	/usr/lib/liboah.dylib
0x00007ff824ebf000 	/usr/lib/liblzma.5.dylib
0x00007ff81a049000 	/System/Library/Frameworks/SystemConfiguration.framework/Versions/A/SystemConfiguration
0x00007ff824762000 	/usr/lib/libfakelink.dylib
0x00007ff81ded0000 	/System/Library/Frameworks/CFNetwork.framework/Versions/A/CFNetwork
0x00007ff8248a1000 	/usr/lib/libarchive.2.dylib
0x00007ff822fc7000 	/System/Library/PrivateFrameworks/AppleSystemInfo.framework/Versions/A/AppleSystemInfo
0x00007ff823dac000 	/usr/lib/libbsm.0.dylib
0x00007ff81d507000 	/usr/lib/libnetwork.dylib
0x00007ff8246fb000 	/usr/lib/system/libkxld.dylib
0x00007ff8239db000 	/System/Library/PrivateFrameworks/IOMobileFramebuffer.framework/Versions/A/IOMobileFramebuffer
0x00007ffb2f1dd000 	/usr/lib/libCoreEntitlements.dylib
0x00007ff824410000 	/System/Library/PrivateFrameworks/AppleFSCompression.framework/Versions/A/AppleFSCompression
0x00007ff823d95000 	/usr/lib/libcoretls.dylib
0x00007ff824ed9000 	/usr/lib/libcoretls_cfhelpers.dylib
0x00007ff8249e1000 	/usr/lib/libpam.2.dylib
0x00007ff81f8b3000 	/usr/lib/libsqlite3.dylib
0x00007ff824f48000 	/usr/lib/libxar.1.dylib
0x00007ff824420000 	/usr/lib/libbz2.1.0.dylib
0x00007ff824767000 	/usr/lib/libpcap.A.dylib
0x00007ff81fc84000 	/usr/lib/libdns_services.dylib
0x00007ff8249b3000 	/usr/lib/libapple_nghttp2.dylib
0x00007ff82479e000 	/usr/lib/libiconv.2.dylib
0x00007ff8246f4000 	/usr/lib/libcharset.1.dylib
0x00007ff821060000 	/System/Library/Frameworks/CoreServices.framework/Versions/A/Frameworks/FSEvents.framework/Versions/A/FSEvents
0x00007ff81baa1000 	/System/Library/Frameworks/CoreServices.framework/Versions/A/Frameworks/CarbonCore.framework/Versions/A/CarbonCore
0x00007ff81fec8000 	/System/Library/Frameworks/CoreServices.framework/Versions/A/Frameworks/Metadata.framework/Versions/A/Metadata
0x00007ff824433000 	/System/Library/Frameworks/CoreServices.framework/Versions/A/Frameworks/OSServices.framework/Versions/A/OSServices
0x00007ff824927000 	/System/Library/Frameworks/CoreServices.framework/Versions/A/Frameworks/SearchKit.framework/Versions/A/SearchKit
0x00007ff81fc16000 	/System/Library/Frameworks/CoreServices.framework/Versions/A/Frameworks/AE.framework/Versions/A/AE
0x00007ff819a8d000 	/System/Library/Frameworks/CoreServices.framework/Versions/A/Frameworks/LaunchServices.framework/Versions/A/LaunchServices
0x00007ff824e70000 	/System/Library/Frameworks/CoreServices.framework/Versions/A/Frameworks/DictionaryServices.framework/Versions/A/DictionaryServices
0x00007ff82106d000 	/System/Library/Frameworks/CoreServices.framework/Versions/A/Frameworks/SharedFileList.framework/Versions/A/SharedFileList
0x00007ff823d89000 	/usr/lib/libCheckFix.dylib
0x00007ff81e3e0000 	/System/Library/PrivateFrameworks/TCC.framework/Versions/A/TCC
0x00007ff822fcd000 	/System/Library/PrivateFrameworks/CoreNLP.framework/Versions/A/CoreNLP
0x00007ff81fe78000 	/System/Library/PrivateFrameworks/MetadataUtilities.framework/Versions/A/MetadataUtilities
0x00007ff81a0f9000 	/usr/lib/libmecabra.dylib
0x00007ff823dbc000 	/usr/lib/libmecab.dylib
0x00007ff81a0c4000 	/usr/lib/libCRFSuite.dylib
0x00007ff823e19000 	/usr/lib/libgermantok.dylib
0x00007ff82498e000 	/usr/lib/libThaiTokenizer.dylib
0x00007ff81ff6a000 	/System/Library/Frameworks/Accelerate.framework/Versions/A/Frameworks/vImage.framework/Versions/A/vImage
0x00007ff82aa4d000 	/System/Library/Frameworks/Accelerate.framework/Versions/A/Frameworks/vecLib.framework/Versions/A/vecLib
0x00007ff824f89000 	/System/Library/Frameworks/Accelerate.framework/Versions/A/Frameworks/vecLib.framework/Versions/A/libvMisc.dylib
0x00007ff8237cf000 	/System/Library/Frameworks/Accelerate.framework/Versions/A/Frameworks/vecLib.framework/Versions/A/libvDSP.dylib
0x00007ff819e05000 	/System/Library/Frameworks/Accelerate.framework/Versions/A/Frameworks/vecLib.framework/Versions/A/libBLAS.dylib
0x00007ff824ac3000 	/System/Library/Frameworks/Accelerate.framework/Versions/A/Frameworks/vecLib.framework/Versions/A/libLAPACK.dylib
0x00007ff823e1c000 	/System/Library/Frameworks/Accelerate.framework/Versions/A/Frameworks/vecLib.framework/Versions/A/libLinearAlgebra.dylib
0x00007ff8249cc000 	/System/Library/Frameworks/Accelerate.framework/Versions/A/Frameworks/vecLib.framework/Versions/A/libSparseBLAS.dylib
0x00007ff824abd000 	/System/Library/Frameworks/Accelerate.framework/Versions/A/Frameworks/vecLib.framework/Versions/A/libQuadrature.dylib
0x00007ff8230b7000 	/System/Library/Frameworks/Accelerate.framework/Versions/A/Frameworks/vecLib.framework/Versions/A/libBNNS.dylib
0x00007ff819fda000 	/System/Library/Frameworks/Accelerate.framework/Versions/A/Frameworks/vecLib.framework/Versions/A/libSparse.dylib
0x00007ff8230b0000 	/System/Library/PrivateFrameworks/LinguisticData.framework/Versions/A/LinguisticData
0x00007ff819f8f000 	/System/Library/PrivateFrameworks/Lexicon.framework/Versions/A/Lexicon
0x00007ff824f82000 	/usr/lib/libChineseTokenizer.dylib
0x00007ff81a6f3000 	/System/Library/PrivateFrameworks/LanguageModeling.framework/Versions/A/LanguageModeling
0x00007ff824990000 	/System/Library/PrivateFrameworks/AppleSauce.framework/Versions/A/AppleSauce
0x00007ff8239c9000 	/System/Library/PrivateFrameworks/CoreEmoji.framework/Versions/A/CoreEmoji
0x00007ff824890000 	/usr/lib/libcmph.dylib
0x00007ff821044000 	/System/Library/Frameworks/OpenDirectory.framework/Versions/A/Frameworks/CFOpenDirectory.framework/Versions/A/CFOpenDirectory
0x00007ff821038000 	/System/Library/Frameworks/OpenDirectory.framework/Versions/A/OpenDirectory
0x00007ff824edb000 	/System/Library/PrivateFrameworks/APFS.framework/Versions/A/APFS
0x00007ff823cea000 	/System/Library/Frameworks/SecurityFoundation.framework/Versions/A/SecurityFoundation
0x00007ff824f56000 	/usr/lib/libutil.dylib
0x00007ff81bdcc000 	/System/Library/PrivateFrameworks/CoreServicesStore.framework/Versions/A/CoreServicesStore
0x00007ff824f5a000 	/usr/lib/libxslt.1.dylib
0x00007ff823d77000 	/System/Library/PrivateFrameworks/BackgroundTaskManagement.framework/Versions/A/BackgroundTaskManagement
0x00007ff826483000 	/System/Library/Frameworks/ImageIO.framework/Versions/A/Resources/libRadiance.dylib
0x00007ff82648c000 	/System/Library/Frameworks/ImageIO.framework/Versions/A/Resources/libJPEG.dylib
0x00007ff8263dd000 	/System/Library/Frameworks/ImageIO.framework/Versions/A/Resources/libPng.dylib
0x00007ff8263fe000 	/System/Library/Frameworks/ImageIO.framework/Versions/A/Resources/libTIFF.dylib
0x00007ff8264ea000 	/System/Library/Frameworks/ImageIO.framework/Versions/A/Resources/libGIF.dylib
0x00007ff825d12000 	/System/Library/Frameworks/ImageIO.framework/Versions/A/Resources/libJP2.dylib
0x00007ff825454000 	/usr/lib/libexpat.1.dylib
0x00007ff825cc7000 	/System/Library/PrivateFrameworks/AppleJPEG.framework/Versions/A/AppleJPEG
0x00007ff82250e000 	/System/Library/PrivateFrameworks/FontServices.framework/libFontParser.dylib
0x00007ff81fbc0000 	/System/Library/PrivateFrameworks/RunningBoardServices.framework/Versions/A/RunningBoardServices
0x00007ff830bed000 	/System/Library/PrivateFrameworks/IOSurfaceAccelerator.framework/Versions/A/IOSurfaceAccelerator
0x00007ff825df1000 	/System/Library/PrivateFrameworks/WatchdogClient.framework/Versions/A/WatchdogClient
0x00007ff81a7e2000 	/System/Library/Frameworks/CoreDisplay.framework/Versions/A/CoreDisplay
0x00007ff82240e000 	/System/Library/Frameworks/CoreMedia.framework/Versions/A/CoreMedia
0x00007ff8222ab000 	/System/Library/PrivateFrameworks/IOAccelerator.framework/Versions/A/IOAccelerator
0x00007ff8211c0000 	/System/Library/Frameworks/CoreVideo.framework/Versions/A/CoreVideo
0x00007ff8249df000 	/System/Library/Frameworks/MetalPerformanceShaders.framework/Versions/A/MetalPerformanceShaders
0x00007ff825e2c000 	/System/Library/Frameworks/VideoToolbox.framework/Versions/A/VideoToolbox
0x00007ff81fb08000 	/System/Library/PrivateFrameworks/BaseBoard.framework/Versions/A/BaseBoard
0x00007ff81f899000 	/System/Library/PrivateFrameworks/ProtocolBuffer.framework/Versions/A/ProtocolBuffer
0x00007ff82647c000 	/System/Library/PrivateFrameworks/GPUWrangler.framework/Versions/A/GPUWrangler
0x00007ff82645f000 	/System/Library/PrivateFrameworks/IOPresentment.framework/Versions/A/IOPresentment
0x00007ff826486000 	/System/Library/PrivateFrameworks/DSExternalDisplay.framework/Versions/A/DSExternalDisplay
0x00007ffa3182f000 	/System/Library/Frameworks/OpenGL.framework/Versions/A/Libraries/libCoreFSCache.dylib
0x00007ffb1d7dc000 	/System/Library/PrivateFrameworks/GPUCompiler.framework/Versions/31001/Libraries/libGPUCompilerUtils.dylib
0x00007ff8264ef000 	/System/Library/PrivateFrameworks/CMCaptureCore.framework/Versions/A/CMCaptureCore
0x00007ff825a00000 	/System/Library/PrivateFrameworks/AppServerSupport.framework/Versions/A/AppServerSupport
0x00007ff827bca000 	/System/Library/PrivateFrameworks/perfdata.framework/Versions/A/perfdata
0x00007ff81a90e000 	/System/Library/PrivateFrameworks/AudioToolboxCore.framework/Versions/A/AudioToolboxCore
0x00007ff8223eb000 	/System/Library/PrivateFrameworks/caulk.framework/Versions/A/caulk
0x00007ff8274f7000 	/usr/lib/libAudioStatistics.dylib
0x00007ff91e68b000 	/System/Library/PrivateFrameworks/SystemPolicy.framework/Versions/A/SystemPolicy
0x00007ff827743000 	/usr/lib/libSMC.dylib
0x00007ff83052f000 	/System/Library/Frameworks/CoreMIDI.framework/Versions/A/CoreMIDI
0x00007ff8263ad000 	/usr/lib/libAudioToolboxUtility.dylib
0x00007ff91ab13000 	/System/Library/PrivateFrameworks/OSAServicesClient.framework/Versions/A/OSAServicesClient
0x00007ff827bd7000 	/usr/lib/libperfcheck.dylib
0x00007ff91f117000 	/usr/lib/libmis.dylib
0x00007ffa3188b000 	/System/Library/Frameworks/OpenGL.framework/Versions/A/Libraries/libGLU.dylib
0x00007ffa3184e000 	/System/Library/Frameworks/OpenGL.framework/Versions/A/Libraries/libGFXShared.dylib
0x00007ffa31a5c000 	/System/Library/Frameworks/OpenGL.framework/Versions/A/Libraries/libGL.dylib
0x00007ffa31857000 	/System/Library/Frameworks/OpenGL.framework/Versions/A/Libraries/libGLImage.dylib
0x00007ffa3184b000 	/System/Library/Frameworks/OpenGL.framework/Versions/A/Libraries/libCVMSPluginSupport.dylib
0x00007ffa31836000 	/System/Library/Frameworks/OpenGL.framework/Versions/A/Libraries/libCoreVMClient.dylib
0x00007ff822f4b000 	/System/Library/Frameworks/MetalPerformanceShaders.framework/Versions/A/Frameworks/MPSCore.framework/Versions/A/MPSCore
0x00007ff82437b000 	/System/Library/Frameworks/MetalPerformanceShaders.framework/Versions/A/Frameworks/MPSImage.framework/Versions/A/MPSImage
0x00007ff823e32000 	/System/Library/Frameworks/MetalPerformanceShaders.framework/Versions/A/Frameworks/MPSNeuralNetwork.framework/Versions/A/MPSNeuralNetwork
0x00007ff8242a7000 	/System/Library/Frameworks/MetalPerformanceShaders.framework/Versions/A/Frameworks/MPSMatrix.framework/Versions/A/MPSMatrix
0x00007ff824063000 	/System/Library/Frameworks/MetalPerformanceShaders.framework/Versions/A/Frameworks/MPSRayIntersector.framework/Versions/A/MPSRayIntersector
0x00007ff8242e0000 	/System/Library/Frameworks/MetalPerformanceShaders.framework/Versions/A/Frameworks/MPSNDArray.framework/Versions/A/MPSNDArray
0x00007ffa36434000 	/System/Library/Frameworks/MetalPerformanceShaders.framework/Versions/A/Frameworks/MPSFunctions.framework/Versions/A/MPSFunctions
0x00007ff819ce8000 	/System/Library/PrivateFrameworks/MetalTools.framework/Versions/A/MetalTools
0x00007ff822fc5000 	/System/Library/PrivateFrameworks/AggregateDictionary.framework/Versions/A/AggregateDictionary
0x00007ff825236000 	/usr/lib/libIOReport.dylib
0x00007ffa32e6b000 	/System/Library/Frameworks/OpenCL.framework/Versions/A/OpenCL
0x00007ff82559a000 	/System/Library/PrivateFrameworks/FaceCore.framework/Versions/A/FaceCore
0x00007ff82558b000 	/System/Library/PrivateFrameworks/GraphVisualizer.framework/Versions/A/GraphVisualizer
0x00007ffb1d6e7000 	/System/Library/PrivateFrameworks/FontServices.framework/Versions/A/FontServices
0x00007ff8259b7000 	/System/Library/PrivateFrameworks/OTSVG.framework/Versions/A/OTSVG
0x00007ff820da8000 	/System/Library/Frameworks/ApplicationServices.framework/Versions/A/Frameworks/ATS.framework/Versions/A/Resources/libFontRegistry.dylib
0x00007ff825a08000 	/System/Library/PrivateFrameworks/FontServices.framework/libhvf.dylib
0x00007ffb1d6e8000 	/System/Library/PrivateFrameworks/FontServices.framework/libXTFontStaticRegistryData.dylib
0x00007ff825404000 	/System/Library/PrivateFrameworks/AppleVA.framework/Versions/A/AppleVA
0x00007ff827517000 	/System/Library/Frameworks/ApplicationServices.framework/Versions/A/Frameworks/ATS.framework/Versions/A/ATS
0x00007ff81efb6000 	/System/Library/Frameworks/ApplicationServices.framework/Versions/A/Frameworks/HIServices.framework/Versions/A/HIServices
0x00007ff8264f9000 	/System/Library/Frameworks/ApplicationServices.framework/Versions/A/Frameworks/PrintCore.framework/Versions/A/PrintCore
0x00007ff827896000 	/System/Library/Frameworks/ApplicationServices.framework/Versions/A/Frameworks/QD.framework/Versions/A/QD
0x00007ff82788e000 	/System/Library/Frameworks/ApplicationServices.framework/Versions/A/Frameworks/ColorSyncLegacy.framework/Versions/A/ColorSyncLegacy
0x00007ff827507000 	/System/Library/Frameworks/ApplicationServices.framework/Versions/A/Frameworks/SpeechSynthesis.framework/Versions/A/SpeechSynthesis
0x00007ff8264ba000 	/System/Library/Frameworks/ApplicationServices.framework/Versions/A/Frameworks/ATSUI.framework/Versions/A/ATSUI
0x00007ff827823000 	/usr/lib/libcups.2.dylib
0x00007ff827be6000 	/System/Library/Frameworks/Kerberos.framework/Versions/A/Kerberos
0x00007ff827bf5000 	/System/Library/Frameworks/GSS.framework/Versions/A/GSS
0x00007ff827583000 	/usr/lib/libresolv.9.dylib
0x00007ff825a17000 	/System/Library/PrivateFrameworks/Heimdal.framework/Versions/A/Heimdal
0x00007ff82e699000 	/System/Library/Frameworks/Kerberos.framework/Versions/A/Libraries/libHeimdalProxy.dylib
0x00007ff81fc95000 	/System/Library/Frameworks/Network.framework/Versions/A/Network
0x00007ff82546e000 	/usr/lib/libheimdal-asn1.dylib
0x00007ff827c40000 	/System/Library/PrivateFrameworks/CommonAuth.framework/Versions/A/CommonAuth
0x00007ff827488000 	/System/Library/PrivateFrameworks/AudioSession.framework/Versions/A/AudioSession
0x00007ff8254fe000 	/System/Library/PrivateFrameworks/MediaExperience.framework/Versions/A/MediaExperience
0x00007ff82731c000 	/System/Library/PrivateFrameworks/AudioSession.framework/libSessionUtility.dylib
0x00007ff8278a2000 	/System/Library/PrivateFrameworks/AudioResourceArbitration.framework/Versions/A/AudioResourceArbitration
0x00007ff825477000 	/System/Library/PrivateFrameworks/IconFoundation.framework/Versions/A/IconFoundation
0x00007ff82a67c000 	/System/Library/PrivateFrameworks/SpeechRecognitionCore.framework/Versions/A/SpeechRecognitionCore
0x00007ffa22cde000 	/System/Library/CoreServices/Encodings/libKoreanConverter.dylib
0x0000000109aec000 	/Users/jojunbeom/Library/Java/JavaVirtualMachines/corretto-11.0.14.1/Contents/Home/lib/server/libjvm.dylib
0x0000000108dcd000 	/Users/jojunbeom/Library/Java/JavaVirtualMachines/corretto-11.0.14.1/Contents/Home/lib/libverify.dylib
0x0000000108df5000 	/Users/jojunbeom/Library/Java/JavaVirtualMachines/corretto-11.0.14.1/Contents/Home/lib/libjava.dylib
0x0000000108d63000 	/Users/jojunbeom/Library/Java/JavaVirtualMachines/corretto-11.0.14.1/Contents/Home/lib/libjimage.dylib
0x0000000108e74000 	/Users/jojunbeom/Library/Java/JavaVirtualMachines/corretto-11.0.14.1/Contents/Home/lib/libinstrument.dylib
0x0000000108f2f000 	/private/var/folders/k6/dkc35rrd3kvf4z8xbpc5z4zh0000gn/T/libasyncProfiler.so
0x0000000108eef000 	/Users/jojunbeom/Library/Java/JavaVirtualMachines/corretto-11.0.14.1/Contents/Home/lib/libzip.dylib
0x000000012c75d000 	/Users/jojunbeom/Library/Java/JavaVirtualMachines/corretto-11.0.14.1/Contents/Home/lib/libnio.dylib
0x000000012c7ad000 	/Users/jojunbeom/Library/Java/JavaVirtualMachines/corretto-11.0.14.1/Contents/Home/lib/libnet.dylib
0x000000012c7fe000 	/Users/jojunbeom/Library/Java/JavaVirtualMachines/corretto-11.0.14.1/Contents/Home/lib/libextnet.dylib


VM Arguments:
jvm_args: -javaagent:/Applications/IntelliJ IDEA.app/Contents/lib/idea_rt.jar=51692:/Applications/IntelliJ IDEA.app/Contents/bin -agentpath:/private/var/folders/k6/dkc35rrd3kvf4z8xbpc5z4zh0000gn/T/libasyncProfiler.so=start,jfr,event=cpu,interval=1ms,event=alloc,file=/Users/jojunbeom/Mysql_2022_06_22_161311.jfr -Dfile.encoding=UTF-8 
java_command: com.project.database.DBMysql
java_class_path (initial): /Users/jojunbeom/Downloads/study/Java_App_Board_JDBC_Mysql_v3/out/production/Java_Application_Board_v2.1:/Users/jojunbeom/Downloads/study/Java_App_Board_JDBC_Mysql_v3/resource/lib/json-simple-1.1.1.jar:/Users/jojunbeom/Downloads/study/Java_App_Board_JDBC_Mysql_v3/resource/lib/DBMysql-connector-java-8.0.29.jar
Launcher Type: SUN_STANDARD

[Global flags]
     intx CICompilerCount                          = 4                                         {product} {ergonomic}
     uint ConcGCThreads                            = 2                                         {product} {ergonomic}
     uint G1ConcRefinementThreads                  = 8                                         {product} {ergonomic}
   size_t G1HeapRegionSize                         = 1048576                                   {product} {ergonomic}
    uintx GCDrainStackTargetSize                   = 64                                        {product} {ergonomic}
   size_t InitialHeapSize                          = 134217728                                 {product} {ergonomic}
   size_t MarkStackSize                            = 4194304                                   {product} {ergonomic}
   size_t MaxHeapSize                              = 2147483648                                {product} {ergonomic}
   size_t MaxNewSize                               = 1287651328                                {product} {ergonomic}
   size_t MinHeapDeltaBytes                        = 1048576                                   {product} {ergonomic}
    uintx NonNMethodCodeHeapSize                   = 5836300                                {pd product} {ergonomic}
    uintx NonProfiledCodeHeapSize                  = 122910970                              {pd product} {ergonomic}
    uintx ProfiledCodeHeapSize                     = 122910970                              {pd product} {ergonomic}
    uintx ReservedCodeCacheSize                    = 251658240                              {pd product} {ergonomic}
     bool SegmentedCodeCache                       = true                                      {product} {ergonomic}
     bool UseCompressedClassPointers               = true                                 {lp64_product} {ergonomic}
     bool UseCompressedOops                        = true                                 {lp64_product} {ergonomic}
     bool UseG1GC                                  = true                                      {product} {ergonomic}

Logging:
Log output configuration:
 #0: stdout all=warning uptime,level,tags
 #1: stderr all=off uptime,level,tags

Environment Variables:
PATH=/opt/homebrew/bin:/opt/homebrew/sbin:/usr/local/bin:/usr/bin:/bin:/usr/sbin:/sbin
SHELL=/bin/zsh
LC_CTYPE=ko_KR.UTF-8

Signal Handlers:
SIGSEGV: [libjvm.dylib+0x7ccc92], sa_mask[0]=11111111111111111111111111111111, sa_flags=SA_ONSTACK|SA_RESTART|SA_SIGINFO
SIGBUS: [libjvm.dylib+0x7ccc92], sa_mask[0]=11111111111111111111111111111111, sa_flags=SA_RESTART|SA_SIGINFO
SIGFPE: [libjvm.dylib+0x7ccc92], sa_mask[0]=11111111111111111111111111111111, sa_flags=SA_RESTART|SA_SIGINFO
SIGPIPE: [libjvm.dylib+0x630218], sa_mask[0]=11111111111111111111111111111111, sa_flags=SA_RESTART|SA_SIGINFO
SIGXFSZ: [libjvm.dylib+0x630218], sa_mask[0]=11111111111111111111111111111111, sa_flags=SA_RESTART|SA_SIGINFO
SIGILL: [libjvm.dylib+0x7ccc92], sa_mask[0]=11111111111111111111111111111111, sa_flags=SA_RESTART|SA_SIGINFO
SIGUSR2: [libjvm.dylib+0x6307f6], sa_mask[0]=00100000000000000000000000000000, sa_flags=SA_RESTART|SA_SIGINFO
SIGHUP: [libjvm.dylib+0x62f3a9], sa_mask[0]=11111111111111111111111111111111, sa_flags=SA_RESTART|SA_SIGINFO
SIGINT: [libjvm.dylib+0x62f3a9], sa_mask[0]=11111111111111111111111111111111, sa_flags=SA_RESTART|SA_SIGINFO
SIGTERM: [libjvm.dylib+0x62f3a9], sa_mask[0]=11111111111111111111111111111111, sa_flags=SA_RESTART|SA_SIGINFO
SIGQUIT: [libjvm.dylib+0x62f3a9], sa_mask[0]=11111111111111111111111111111111, sa_flags=SA_RESTART|SA_SIGINFO


---------------  S Y S T E M  ---------------

OS:uname:Darwin 21.1.0 Darwin Kernel Version 21.1.0: Wed Oct 13 17:33:24 PDT 2021; root:xnu-8019.41.5~1/RELEASE_ARM64_T8101 x86_64
OS uptime: 0 days 23:11 hours
rlimit (soft/hard): STACK 8176k/65520k , CORE 0k/infinity , NPROC 1333/2000 , NOFILE 10240/infinity , AS infinity/infinity , CPU infinity/infinity , DATA infinity/infinity , FSIZE infinity/infinity , MEMLOCK infinity/infinity , RSS infinity/infinity
load average:2.56 1.98 1.85

CPU:total 8 (initial active 8) (1 cores per cpu, 1 threads per core) family 6 model 44 stepping 0 microcode 0x0, cmov, cx8, fxsr, mmx, sse, sse2, sse3, ssse3, sse4.1, sse4.2, popcnt, aes, clmul, tsc, tscinvbit, tscinv

Memory: 4k page, physical 8388608k(22196k free), swap 1048576k(584704k free)

vm_info: OpenJDK 64-Bit Server VM (11.0.14.1+10-LTS) for bsd-amd64 JRE (11.0.14.1+10-LTS), built on Feb  8 2022 01:38:57 by "ec2user" with clang Apple LLVM 13.0.0 (clang-1300.0.29.30)

END.
