#
# A fatal error has been detected by the Java Runtime Environment:
#
#  SIGBUS (0xa) at pc=0x000000030a4a6200, pid=6662, tid=6403
#
# JRE version: OpenJDK Runtime Environment Corretto-11.0.14.10.1 (11.0.14.1+10) (build 11.0.14.1+10-LTS)
# Java VM: OpenJDK 64-Bit Server VM Corretto-11.0.14.10.1 (11.0.14.1+10-LTS, mixed mode, tiered, compressed oops, g1 gc, bsd-amd64)
# Problematic frame:
# C  0x000000030a4a6200
#
# No core dump will be written. Core dumps have been disabled. To enable core dumping, try "ulimit -c unlimited" before starting Java again
#
# If you would like to submit a bug report, please visit:
#   https://github.com/corretto/corretto-11/issues/
#

---------------  S U M M A R Y ------------

Command Line: -javaagent:/Applications/IntelliJ IDEA.app/Contents/lib/idea_rt.jar=52721:/Applications/IntelliJ IDEA.app/Contents/bin -agentpath:/private/var/folders/k6/dkc35rrd3kvf4z8xbpc5z4zh0000gn/T/libasyncProfiler.so=start,jfr,event=cpu,interval=1ms,event=alloc,file=/Users/jojunbeom/BoardFrame_2022_06_26_170921.jfr -Dfile.encoding=UTF-8 com.project.board.BoardFrame

Host: MacBookAir10,1 x86_64 2400 MHz, 8 cores, 8G, Darwin 21.1.0
Time: Sun Jun 26 17:09:27 2022 KST elapsed time: 6.254907 seconds (0d 0h 0m 6s)

---------------  T H R E A D  ---------------

Current thread (0x00007fcf4800d800):  JavaThread "main" [_thread_in_vm, id=6403, stack(0x000000030a3ab000,0x000000030a4ab000)]

Stack: [0x000000030a3ab000,0x000000030a4ab000],  sp=0x000000030a4a6278,  free space=1004k
Native frames: (J=compiled Java code, A=aot compiled Java code, j=interpreted, Vv=VM code, C=native code)
C  0x000000030a4a6200

Java frames: (J=compiled Java code, j=interpreted, Vv=VM code)
j  java.nio.HeapByteBuffer.<init>(II)V+6 java.base@11.0.14.1
j  java.nio.ByteBuffer.allocate(I)Ljava/nio/ByteBuffer;+15 java.base@11.0.14.1
j  sun.nio.cs.StreamDecoder.<init>(Ljava/io/InputStream;Ljava/lang/Object;Ljava/nio/charset/CharsetDecoder;)V+44 java.base@11.0.14.1
j  sun.nio.cs.StreamDecoder.<init>(Ljava/io/InputStream;Ljava/lang/Object;Ljava/nio/charset/Charset;)V+19 java.base@11.0.14.1
j  sun.nio.cs.StreamDecoder.forInputStreamReader(Ljava/io/InputStream;Ljava/lang/Object;Ljava/lang/String;)Lsun/nio/cs/StreamDecoder;+30 java.base@11.0.14.1
j  java.io.InputStreamReader.<init>(Ljava/io/InputStream;Ljava/lang/String;)V+23 java.base@11.0.14.1
j  javax.crypto.CryptoPermissions.load(Ljava/io/InputStream;)V+20 java.base@11.0.14.1
j  javax.crypto.JceSecurity.setupJurisdictionPolicies()V+352 java.base@11.0.14.1
j  javax.crypto.JceSecurity$1.run()Ljava/lang/Void;+0 java.base@11.0.14.1
j  javax.crypto.JceSecurity$1.run()Ljava/lang/Object;+1 java.base@11.0.14.1
v  ~StubRoutines::call_stub
j  java.security.AccessController.doPrivileged(Ljava/security/PrivilegedExceptionAction;)Ljava/lang/Object;+0 java.base@11.0.14.1
j  javax.crypto.JceSecurity.<clinit>()V+53 java.base@11.0.14.1
v  ~StubRoutines::call_stub
j  javax.crypto.Cipher.getInstance(Ljava/lang/String;)Ljavax/crypto/Cipher;+136 java.base@11.0.14.1
j  sun.security.ssl.JsseJce.getCipher(Ljava/lang/String;)Ljavax/crypto/Cipher;+7 java.base@11.0.14.1
j  sun.security.ssl.SSLCipher.isTransformationAvailable(Ljava/lang/String;)Z+12 java.base@11.0.14.1
j  sun.security.ssl.SSLCipher.<init>(Ljava/lang/String;ILjava/lang/String;Lsun/security/ssl/CipherType;IIIIZZ[Ljava/util/Map$Entry;[Ljava/util/Map$Entry;)V+124 java.base@11.0.14.1
j  sun.security.ssl.SSLCipher.<clinit>()V+179 java.base@11.0.14.1
v  ~StubRoutines::call_stub
j  sun.security.ssl.CipherSuite.<clinit>()V+16 java.base@11.0.14.1
v  ~StubRoutines::call_stub
j  sun.security.ssl.SSLContextImpl.getApplicableSupportedCipherSuites(Ljava/util/List;)Ljava/util/List;+0 java.base@11.0.14.1
j  sun.security.ssl.SSLContextImpl$AbstractTLSContext.<clinit>()V+174 java.base@11.0.14.1
v  ~StubRoutines::call_stub
j  java.lang.Class.forName0(Ljava/lang/String;ZLjava/lang/ClassLoader;Ljava/lang/Class;)Ljava/lang/Class;+0 java.base@11.0.14.1
j  java.lang.Class.forName(Ljava/lang/String;)Ljava/lang/Class;+11 java.base@11.0.14.1
j  java.security.Provider$Service.getImplClass()Ljava/lang/Class;+44 java.base@11.0.14.1
j  java.security.Provider$Service.newInstance(Ljava/lang/Object;)Ljava/lang/Object;+236 java.base@11.0.14.1
j  sun.security.jca.GetInstance.getInstance(Ljava/security/Provider$Service;Ljava/lang/Class;)Lsun/security/jca/GetInstance$Instance;+2 java.base@11.0.14.1
j  sun.security.jca.GetInstance.getInstance(Ljava/lang/String;Ljava/lang/Class;Ljava/lang/String;)Lsun/security/jca/GetInstance$Instance;+56 java.base@11.0.14.1
j  javax.net.ssl.SSLContext.getInstance(Ljava/lang/String;)Ljavax/net/ssl/SSLContext;+12 java.base@11.0.14.1
j  com.mysql.cj.protocol.ExportControlled.getSSLContext(Lcom/mysql/cj/protocol/ExportControlled$KeyStoreConf;Lcom/mysql/cj/protocol/ExportControlled$KeyStoreConf;ZZLjava/lang/String;Lcom/mysql/cj/exceptions/ExceptionInterceptor;)Ljavax/net/ssl/SSLContext;+914
j  com.mysql.cj.protocol.ExportControlled.performTlsHandshake(Ljava/net/Socket;Lcom/mysql/cj/protocol/SocketConnection;Lcom/mysql/cj/ServerVersion;Lcom/mysql/cj/log/Log;)Ljava/net/Socket;+154
j  com.mysql.cj.protocol.StandardSocketFactory.performTlsHandshake(Lcom/mysql/cj/protocol/SocketConnection;Lcom/mysql/cj/protocol/ServerSession;Lcom/mysql/cj/log/Log;)Ljava/io/Closeable;+21
j  com.mysql.cj.protocol.a.NativeSocketConnection.performTlsHandshake(Lcom/mysql/cj/protocol/ServerSession;Lcom/mysql/cj/log/Log;)V+8
j  com.mysql.cj.protocol.a.NativeProtocol.negotiateSSLConnection()V+116
j  com.mysql.cj.protocol.a.NativeAuthenticationProvider.connect(Ljava/lang/String;Ljava/lang/String;Ljava/lang/String;)V+765
j  com.mysql.cj.protocol.a.NativeProtocol.connect(Ljava/lang/String;Ljava/lang/String;Ljava/lang/String;)V+11
j  com.mysql.cj.NativeSession.connect(Lcom/mysql/cj/conf/HostInfo;Ljava/lang/String;Ljava/lang/String;Ljava/lang/String;ILcom/mysql/cj/TransactionEventHandler;)V+110
j  com.mysql.cj.jdbc.ConnectionImpl.connectOneTryOnly(Z)V+32
j  com.mysql.cj.jdbc.ConnectionImpl.createNewIO(Z)V+27
j  com.mysql.cj.jdbc.ConnectionImpl.<init>(Lcom/mysql/cj/conf/HostInfo;)V+753
j  com.mysql.cj.jdbc.ConnectionImpl.getInstance(Lcom/mysql/cj/conf/HostInfo;)Lcom/mysql/cj/jdbc/JdbcConnection;+5
j  com.mysql.cj.jdbc.NonRegisteringDriver.connect(Ljava/lang/String;Ljava/util/Properties;)Ljava/sql/Connection;+72
j  java.sql.DriverManager.getConnection(Ljava/lang/String;Ljava/util/Properties;Ljava/lang/Class;)Ljava/sql/Connection;+130 java.sql@11.0.14.1
j  java.sql.DriverManager.getConnection(Ljava/lang/String;Ljava/lang/String;Ljava/lang/String;)Ljava/sql/Connection;+37 java.sql@11.0.14.1
j  com.project.database.DBMysql.dbSearched(ILjava/lang/String;)V+21
j  com.project.board.BoardService.searched(ILjava/lang/String;)V+43
j  com.project.board.BoardFrame.main([Ljava/lang/String;)V+274
v  ~StubRoutines::call_stub

siginfo: si_signo: 10 (SIGBUS), si_code: 2 (BUS_ADRERR), si_addr: 0x000000030a4a6200

Register to memory mapping:

RAX=0x000000010cdb5580: _ZN15JfrEventSetting19_jvm_event_settingsE+0 in /Users/jojunbeom/Library/Java/JavaVirtualMachines/corretto-11.0.14.1/Contents/Home/lib/server/libjvm.dylib at 0x000000010c3e4000
RBX=0x000000030a4a6298 is pointing into the stack for thread: 0x00007fcf4800d800
RCX=0x00007fcf4800d800 is a thread
RDX=0x0000000000002010 is an unknown value
RSP=0x000000030a4a6278 is pointing into the stack for thread: 0x00007fcf4800d800
RBP=0x000000010c9ac6a6: _ZN12MemAllocator10Allocation17notify_allocationEv+0x16 in /Users/jojunbeom/Library/Java/JavaVirtualMachines/corretto-11.0.14.1/Contents/Home/lib/server/libjvm.dylib at 0x000000010c3e4000
RSI=0x000000078701fbe0 is an oop: [B 
{0x000000078701fbe0} - klass: {type array byte}
 - length: 8192
RDI=0x000000030a4a6248 is pointing into the stack for thread: 0x00007fcf4800d800
R8 =0x00007fcf4800d800 is a thread
R9 =0x00007fcf4800d800 is a thread
R10=0x000000010cdd0150: _ZN19TemplateInterpreter13_active_tableE+0x2000 in /Users/jojunbeom/Library/Java/JavaVirtualMachines/corretto-11.0.14.1/Contents/Home/lib/server/libjvm.dylib at 0x000000010c3e4000
R11=0x000000010c60e924: _ZN13CollectedHeap14array_allocateEP5KlassiibP6Thread+0 in /Users/jojunbeom/Library/Java/JavaVirtualMachines/corretto-11.0.14.1/Contents/Home/lib/server/libjvm.dylib at 0x000000010c3e4000
R12=0x0 is NULL
R13=0x000000012cc2ea96 is pointing into metadata
R14=0x000000078701fbe0 is an oop: [B 
{0x000000078701fbe0} - klass: {type array byte}
 - length: 8192
R15=0x00007fcf4800d800 is a thread


Registers:
RAX=0x000000010cdb5580, RBX=0x000000030a4a6298, RCX=0x00007fcf4800d800, RDX=0x0000000000002010
RSP=0x000000030a4a6278, RBP=0x000000010c9ac6a6, RSI=0x000000078701fbe0, RDI=0x000000030a4a6248
R8 =0x00007fcf4800d800, R9 =0x00007fcf4800d800, R10=0x000000010cdd0150, R11=0x000000010c60e924
R12=0x0000000000000000, R13=0x000000012cc2ea96, R14=0x000000078701fbe0, R15=0x00007fcf4800d800
RIP=0x000000030a4a6200, EFLAGS=0x0000000000000216, ERR=0x0000000000000015
  TRAPNO=0x000000000000000e

Top of Stack: (sp=0x000000030a4a6278)
0x000000030a4a6278:   000000030a4a62f0 000000030a4a62e0
0x000000030a4a6288:   000000010c9aca99 00000007871ff300
0x000000030a4a6298:   000000030a4a62f0 00007fcf4800d800
0x000000030a4a62a8:   000000030a4a62c8 000000012cf80000
0x000000030a4a62b8:   000000000000f9c4 0000000787eefb00
0x000000030a4a62c8:   000000078701fbe0 00007fcf4800d800
0x000000030a4a62d8:   000000030a4a63f8 000000030a4a6320
0x000000030a4a62e8:   000000010c60e967 000000010cd58990
0x000000030a4a62f8:   00007fcf48027400 00007fcf4800d800
0x000000030a4a6308:   0000000800000820 0000000000000402
0x000000030a4a6318:   00007f0100002000 000000030a4a6350
0x000000030a4a6328:   000000010c7a06fa 0000000787eefbd0
0x000000030a4a6338:   00007fcf4800d800 00000000000000bc
0x000000030a4a6348:   000000030a4a63f8 000000030a4a63d8
0x000000030a4a6358:   0000000116d105b6 0000000116d10571
0x000000030a4a6368:   0000000000002000 0000000000002000
0x000000030a4a6378:   0000000000000000 00000000ffffffff
0x000000030a4a6388:   00000007871ff328 000000030a4a6390
0x000000030a4a6398:   000000012cc2ea96 000000030a4a63f8
0x000000030a4a63a8:   000000012cc31978 0000000000000000
0x000000030a4a63b8:   0000000787f11d00 000000012cc2ead0
0x000000030a4a63c8:   0000000000000000 000000030a4a63e8
0x000000030a4a63d8:   000000030a4a6450 0000000116cfd267
0x000000030a4a63e8:   0000000000002000 0000000000002000
0x000000030a4a63f8:   00000007871ff328 00000007871ff328
0x000000030a4a6408:   000000030a4a6408 000000012cc28cdf
0x000000030a4a6418:   000000030a4a6460 000000012cc2c718
0x000000030a4a6428:   0000000000000000 0000000787f11af8
0x000000030a4a6438:   000000012cc28cf8 000000030a4a63e8
0x000000030a4a6448:   000000030a4a6460 000000030a4a64b8
0x000000030a4a6458:   0000000116cfcfc0 0000000000002000
0x000000030a4a6468:   00000007871ff2d0 000000030a4a6470 

Instructions: (pc=0x000000030a4a6200)
0x000000030a4a6100:   78 56 70 36 cf 7f 00 00 d8 03 00 00 00 00 00 00
0x000000030a4a6110:   70 61 4a 0a 03 00 00 00 6d 44 bf 0c 01 00 00 00
0x000000030a4a6120:   40 62 4a 0a 03 00 00 00 30 02 de 0c 01 00 00 00
0x000000030a4a6130:   50 61 4a 0a 03 00 00 00 55 e6 61 0c 01 00 00 00
0x000000030a4a6140:   98 61 4a 0a 03 00 00 00 00 d8 00 48 cf 7f 00 00
0x000000030a4a6150:   90 89 d5 0c 01 00 00 00 95 01 00 00 00 00 00 00
0x000000030a4a6160:   95 01 00 00 00 00 00 00 58 f3 1f 87 07 00 00 00
0x000000030a4a6170:   00 62 4a 0a 03 00 00 00 ab e6 60 0c 01 00 00 00
0x000000030a4a6180:   e0 61 4a 0a 03 00 00 00 00 d8 00 48 cf 7f 00 00
0x000000030a4a6190:   00 c7 1c 02 00 60 00 00 f0 c0 bd 00 00 60 00 00
0x000000030a4a61a0:   50 c1 bd 00 00 60 00 00 b8 62 4a 0a 03 00 00 00
0x000000030a4a61b0:   d8 00 00 00 00 00 00 00 c4 f9 00 00 00 00 00 00
0x000000030a4a61c0:   c4 f9 00 00 00 00 00 00 10 d9 00 48 cf 7f 00 00
0x000000030a4a61d0:   e0 fb 01 87 07 00 00 00 08 62 4a 0a 03 00 00 00
0x000000030a4a61e0:   26 33 7b 0c 01 00 00 00 10 20 00 00 00 00 00 00
0x000000030a4a61f0:   10 20 00 00 00 00 00 00 20 ce 07 00 00 00 00 00
0x000000030a4a6200:   20 08 00 00 08 00 00 00 68 62 4a 0a 03 00 00 00
0x000000030a4a6210:   97 0c 4e 0c 01 00 00 00 00 00 00 00 00 00 00 00
0x000000030a4a6220:   00 00 00 00 00 00 00 00 00 c9 9a 0c 01 00 00 00
0x000000030a4a6230:   98 62 4a 0a 03 00 00 00 98 62 4a 0a 03 00 00 00
0x000000030a4a6240:   98 62 4a 0a 03 00 00 00 00 00 00 00 00 00 00 00
0x000000030a4a6250:   98 62 4a 0a 03 00 00 00 e0 fb 01 87 07 00 00 00
0x000000030a4a6260:   00 d8 00 48 cf 7f 00 00 a6 c6 9a 0c 01 00 00 00
0x000000030a4a6270:   00 62 4a 0a 03 00 00 00 f0 62 4a 0a 03 00 00 00
0x000000030a4a6280:   e0 62 4a 0a 03 00 00 00 99 ca 9a 0c 01 00 00 00
0x000000030a4a6290:   00 f3 1f 87 07 00 00 00 f0 62 4a 0a 03 00 00 00
0x000000030a4a62a0:   00 d8 00 48 cf 7f 00 00 c8 62 4a 0a 03 00 00 00
0x000000030a4a62b0:   00 00 f8 2c 01 00 00 00 c4 f9 00 00 00 00 00 00
0x000000030a4a62c0:   00 fb ee 87 07 00 00 00 e0 fb 01 87 07 00 00 00
0x000000030a4a62d0:   00 d8 00 48 cf 7f 00 00 f8 63 4a 0a 03 00 00 00
0x000000030a4a62e0:   20 63 4a 0a 03 00 00 00 67 e9 60 0c 01 00 00 00
0x000000030a4a62f0:   90 89 d5 0c 01 00 00 00 00 74 02 48 cf 7f 00 00 


Stack slot to memory mapping:
stack at sp + 0 slots: 0x000000030a4a62f0 is pointing into the stack for thread: 0x00007fcf4800d800
stack at sp + 1 slots: 0x000000030a4a62e0 is pointing into the stack for thread: 0x00007fcf4800d800
stack at sp + 2 slots: 0x000000010c9aca99: _ZNK12MemAllocator8allocateEv+0x77 in /Users/jojunbeom/Library/Java/JavaVirtualMachines/corretto-11.0.14.1/Contents/Home/lib/server/libjvm.dylib at 0x000000010c3e4000
stack at sp + 3 slots: 0x00000007871ff300 is an oop: sun.nio.cs.UTF_8$Decoder 
{0x00000007871ff300} - klass: 'sun/nio/cs/UTF_8$Decoder'
stack at sp + 4 slots: 0x000000030a4a62f0 is pointing into the stack for thread: 0x00007fcf4800d800
stack at sp + 5 slots: 0x00007fcf4800d800 is a thread
stack at sp + 6 slots: 0x000000030a4a62c8 is pointing into the stack for thread: 0x00007fcf4800d800
stack at sp + 7 slots: 0x000000012cf80000 is pointing into metadata


---------------  P R O C E S S  ---------------

Threads class SMR info:
_java_thread_list=0x0000600003ebc100, length=13, elements={
0x00007fcf4800d800, 0x00007fcf4680f800, 0x00007fcf4680e800, 0x00007fcf480bd800,
0x00007fcf16813000, 0x00007fcf46814800, 0x00007fcf17808800, 0x00007fcf1700a800,
0x00007fcf1682e000, 0x00007fcf4686c800, 0x00007fcf20008800, 0x00007fcf4698b800,
0x00007fcf4786a800
}

Java Threads: ( => current thread )
=>0x00007fcf4800d800 JavaThread "main" [_thread_in_vm, id=6403, stack(0x000000030a3ab000,0x000000030a4ab000)]
  0x00007fcf4680f800 JavaThread "Reference Handler" daemon [_thread_blocked, id=15875, stack(0x000000030aac0000,0x000000030abc0000)]
  0x00007fcf4680e800 JavaThread "Finalizer" daemon [_thread_blocked, id=21763, stack(0x000000030abc3000,0x000000030acc3000)]
  0x00007fcf480bd800 JavaThread "Signal Dispatcher" daemon [_thread_blocked, id=41219, stack(0x000000030ae5f000,0x000000030af5f000)]
  0x00007fcf16813000 JavaThread "Service Thread" daemon [_thread_blocked, id=40963, stack(0x000000030af62000,0x000000030b062000)]
  0x00007fcf46814800 JavaThread "C2 CompilerThread0" daemon [_thread_blocked, id=24579, stack(0x000000030b065000,0x000000030b165000)]
  0x00007fcf17808800 JavaThread "C1 CompilerThread0" daemon [_thread_blocked, id=25091, stack(0x000000030b168000,0x000000030b268000)]
  0x00007fcf1700a800 JavaThread "Sweeper thread" daemon [_thread_blocked, id=39939, stack(0x000000030b26b000,0x000000030b36b000)]
  0x00007fcf1682e000 JavaThread "Common-Cleaner" daemon [_thread_blocked, id=38659, stack(0x000000030b36e000,0x000000030b46e000)]
  0x00007fcf4686c800 JavaThread "Monitor Ctrl-Break" daemon [_thread_in_native, id=37891, stack(0x000000030b471000,0x000000030b571000)]
  0x00007fcf20008800 JavaThread "Async-profiler Timer" daemon [_thread_in_native, id=37347, stack(0x000000030b574000,0x000000030b5f4000)]
  0x00007fcf4698b800 JavaThread "Attach Listener" daemon [_thread_blocked, id=35331, stack(0x000000030b77d000,0x000000030b87d000)]
  0x00007fcf4786a800 JavaThread "mysql-cj-abandoned-connection-cleanup" daemon [_thread_blocked, id=34563, stack(0x000000030ad4f000,0x000000030ae4f000)]

Other Threads:
  0x00007fcf4785f800 VMThread "VM Thread" [stack: 0x000000030a9bd000,0x000000030aabd000] [id=17155]
  0x00007fcf169f4000 WatcherThread [stack: 0x000000030b67a000,0x000000030b77a000] [id=35931]
  0x00007fcf48029800 GCTaskThread "GC Thread#0" [stack: 0x000000030a4ae000,0x000000030a5ae000] [id=18947]
  0x00007fcf48057800 ConcurrentGCThread "G1 Main Marker" [stack: 0x000000030a5b1000,0x000000030a6b1000] [id=12547]
  0x00007fcf48058000 ConcurrentGCThread "G1 Conc#0" [stack: 0x000000030a6b4000,0x000000030a7b4000] [id=13571]
  0x00007fcf480b9000 ConcurrentGCThread "G1 Refine#0" [stack: 0x000000030a7b7000,0x000000030a8b7000] [id=18179]
  0x00007fcf480b9800 ConcurrentGCThread "G1 Young RemSet Sampling" [stack: 0x000000030a8ba000,0x000000030a9ba000] [id=17667]

Threads with active compile tasks:

VM state:not at safepoint (normal execution)

VM Mutex/Monitor currently owned by a thread: None

Heap address: 0x0000000780000000, size: 2048 MB, Compressed Oops mode: Zero based, Oop shift amount: 3
Narrow klass base: 0x0000000800000000, Narrow klass shift: 0
Compressed class space size: 1073741824 Address: 0x0000000800000000

Heap:
 garbage-first heap   total 131072K, used 14336K [0x0000000780000000, 0x0000000800000000)
  region size 1024K, 16 young (16384K), 0 survivors (0K)
 Metaspace       used 13646K, capacity 13976K, committed 14336K, reserved 1062912K
  class space    used 1274K, capacity 1412K, committed 1536K, reserved 1048576K
Heap Regions: E=young(eden), S=young(survivor), O=old, HS=humongous(starts), HC=humongous(continues), CS=collection set, F=free, A=archive, TAMS=top-at-mark-start (previous, next)
|   0|0x0000000780000000, 0x0000000780000000, 0x0000000780100000|  0%| F|  |TAMS 0x0000000780000000, 0x0000000780000000| Untracked 
|   1|0x0000000780100000, 0x0000000780100000, 0x0000000780200000|  0%| F|  |TAMS 0x0000000780100000, 0x0000000780100000| Untracked 
|   2|0x0000000780200000, 0x0000000780200000, 0x0000000780300000|  0%| F|  |TAMS 0x0000000780200000, 0x0000000780200000| Untracked 
|   3|0x0000000780300000, 0x0000000780300000, 0x0000000780400000|  0%| F|  |TAMS 0x0000000780300000, 0x0000000780300000| Untracked 
|   4|0x0000000780400000, 0x0000000780400000, 0x0000000780500000|  0%| F|  |TAMS 0x0000000780400000, 0x0000000780400000| Untracked 
|   5|0x0000000780500000, 0x0000000780500000, 0x0000000780600000|  0%| F|  |TAMS 0x0000000780500000, 0x0000000780500000| Untracked 
|   6|0x0000000780600000, 0x0000000780600000, 0x0000000780700000|  0%| F|  |TAMS 0x0000000780600000, 0x0000000780600000| Untracked 
|   7|0x0000000780700000, 0x0000000780700000, 0x0000000780800000|  0%| F|  |TAMS 0x0000000780700000, 0x0000000780700000| Untracked 
|   8|0x0000000780800000, 0x0000000780800000, 0x0000000780900000|  0%| F|  |TAMS 0x0000000780800000, 0x0000000780800000| Untracked 
|   9|0x0000000780900000, 0x0000000780900000, 0x0000000780a00000|  0%| F|  |TAMS 0x0000000780900000, 0x0000000780900000| Untracked 
|  10|0x0000000780a00000, 0x0000000780a00000, 0x0000000780b00000|  0%| F|  |TAMS 0x0000000780a00000, 0x0000000780a00000| Untracked 
|  11|0x0000000780b00000, 0x0000000780b00000, 0x0000000780c00000|  0%| F|  |TAMS 0x0000000780b00000, 0x0000000780b00000| Untracked 
|  12|0x0000000780c00000, 0x0000000780c00000, 0x0000000780d00000|  0%| F|  |TAMS 0x0000000780c00000, 0x0000000780c00000| Untracked 
|  13|0x0000000780d00000, 0x0000000780d00000, 0x0000000780e00000|  0%| F|  |TAMS 0x0000000780d00000, 0x0000000780d00000| Untracked 
|  14|0x0000000780e00000, 0x0000000780e00000, 0x0000000780f00000|  0%| F|  |TAMS 0x0000000780e00000, 0x0000000780e00000| Untracked 
|  15|0x0000000780f00000, 0x0000000780f00000, 0x0000000781000000|  0%| F|  |TAMS 0x0000000780f00000, 0x0000000780f00000| Untracked 
|  16|0x0000000781000000, 0x0000000781000000, 0x0000000781100000|  0%| F|  |TAMS 0x0000000781000000, 0x0000000781000000| Untracked 
|  17|0x0000000781100000, 0x0000000781100000, 0x0000000781200000|  0%| F|  |TAMS 0x0000000781100000, 0x0000000781100000| Untracked 
|  18|0x0000000781200000, 0x0000000781200000, 0x0000000781300000|  0%| F|  |TAMS 0x0000000781200000, 0x0000000781200000| Untracked 
|  19|0x0000000781300000, 0x0000000781300000, 0x0000000781400000|  0%| F|  |TAMS 0x0000000781300000, 0x0000000781300000| Untracked 
|  20|0x0000000781400000, 0x0000000781400000, 0x0000000781500000|  0%| F|  |TAMS 0x0000000781400000, 0x0000000781400000| Untracked 
|  21|0x0000000781500000, 0x0000000781500000, 0x0000000781600000|  0%| F|  |TAMS 0x0000000781500000, 0x0000000781500000| Untracked 
|  22|0x0000000781600000, 0x0000000781600000, 0x0000000781700000|  0%| F|  |TAMS 0x0000000781600000, 0x0000000781600000| Untracked 
|  23|0x0000000781700000, 0x0000000781700000, 0x0000000781800000|  0%| F|  |TAMS 0x0000000781700000, 0x0000000781700000| Untracked 
|  24|0x0000000781800000, 0x0000000781800000, 0x0000000781900000|  0%| F|  |TAMS 0x0000000781800000, 0x0000000781800000| Untracked 
|  25|0x0000000781900000, 0x0000000781900000, 0x0000000781a00000|  0%| F|  |TAMS 0x0000000781900000, 0x0000000781900000| Untracked 
|  26|0x0000000781a00000, 0x0000000781a00000, 0x0000000781b00000|  0%| F|  |TAMS 0x0000000781a00000, 0x0000000781a00000| Untracked 
|  27|0x0000000781b00000, 0x0000000781b00000, 0x0000000781c00000|  0%| F|  |TAMS 0x0000000781b00000, 0x0000000781b00000| Untracked 
|  28|0x0000000781c00000, 0x0000000781c00000, 0x0000000781d00000|  0%| F|  |TAMS 0x0000000781c00000, 0x0000000781c00000| Untracked 
|  29|0x0000000781d00000, 0x0000000781d00000, 0x0000000781e00000|  0%| F|  |TAMS 0x0000000781d00000, 0x0000000781d00000| Untracked 
|  30|0x0000000781e00000, 0x0000000781e00000, 0x0000000781f00000|  0%| F|  |TAMS 0x0000000781e00000, 0x0000000781e00000| Untracked 
|  31|0x0000000781f00000, 0x0000000781f00000, 0x0000000782000000|  0%| F|  |TAMS 0x0000000781f00000, 0x0000000781f00000| Untracked 
|  32|0x0000000782000000, 0x0000000782000000, 0x0000000782100000|  0%| F|  |TAMS 0x0000000782000000, 0x0000000782000000| Untracked 
|  33|0x0000000782100000, 0x0000000782100000, 0x0000000782200000|  0%| F|  |TAMS 0x0000000782100000, 0x0000000782100000| Untracked 
|  34|0x0000000782200000, 0x0000000782200000, 0x0000000782300000|  0%| F|  |TAMS 0x0000000782200000, 0x0000000782200000| Untracked 
|  35|0x0000000782300000, 0x0000000782300000, 0x0000000782400000|  0%| F|  |TAMS 0x0000000782300000, 0x0000000782300000| Untracked 
|  36|0x0000000782400000, 0x0000000782400000, 0x0000000782500000|  0%| F|  |TAMS 0x0000000782400000, 0x0000000782400000| Untracked 
|  37|0x0000000782500000, 0x0000000782500000, 0x0000000782600000|  0%| F|  |TAMS 0x0000000782500000, 0x0000000782500000| Untracked 
|  38|0x0000000782600000, 0x0000000782600000, 0x0000000782700000|  0%| F|  |TAMS 0x0000000782600000, 0x0000000782600000| Untracked 
|  39|0x0000000782700000, 0x0000000782700000, 0x0000000782800000|  0%| F|  |TAMS 0x0000000782700000, 0x0000000782700000| Untracked 
|  40|0x0000000782800000, 0x0000000782800000, 0x0000000782900000|  0%| F|  |TAMS 0x0000000782800000, 0x0000000782800000| Untracked 
|  41|0x0000000782900000, 0x0000000782900000, 0x0000000782a00000|  0%| F|  |TAMS 0x0000000782900000, 0x0000000782900000| Untracked 
|  42|0x0000000782a00000, 0x0000000782a00000, 0x0000000782b00000|  0%| F|  |TAMS 0x0000000782a00000, 0x0000000782a00000| Untracked 
|  43|0x0000000782b00000, 0x0000000782b00000, 0x0000000782c00000|  0%| F|  |TAMS 0x0000000782b00000, 0x0000000782b00000| Untracked 
|  44|0x0000000782c00000, 0x0000000782c00000, 0x0000000782d00000|  0%| F|  |TAMS 0x0000000782c00000, 0x0000000782c00000| Untracked 
|  45|0x0000000782d00000, 0x0000000782d00000, 0x0000000782e00000|  0%| F|  |TAMS 0x0000000782d00000, 0x0000000782d00000| Untracked 
|  46|0x0000000782e00000, 0x0000000782e00000, 0x0000000782f00000|  0%| F|  |TAMS 0x0000000782e00000, 0x0000000782e00000| Untracked 
|  47|0x0000000782f00000, 0x0000000782f00000, 0x0000000783000000|  0%| F|  |TAMS 0x0000000782f00000, 0x0000000782f00000| Untracked 
|  48|0x0000000783000000, 0x0000000783000000, 0x0000000783100000|  0%| F|  |TAMS 0x0000000783000000, 0x0000000783000000| Untracked 
|  49|0x0000000783100000, 0x0000000783100000, 0x0000000783200000|  0%| F|  |TAMS 0x0000000783100000, 0x0000000783100000| Untracked 
|  50|0x0000000783200000, 0x0000000783200000, 0x0000000783300000|  0%| F|  |TAMS 0x0000000783200000, 0x0000000783200000| Untracked 
|  51|0x0000000783300000, 0x0000000783300000, 0x0000000783400000|  0%| F|  |TAMS 0x0000000783300000, 0x0000000783300000| Untracked 
|  52|0x0000000783400000, 0x0000000783400000, 0x0000000783500000|  0%| F|  |TAMS 0x0000000783400000, 0x0000000783400000| Untracked 
|  53|0x0000000783500000, 0x0000000783500000, 0x0000000783600000|  0%| F|  |TAMS 0x0000000783500000, 0x0000000783500000| Untracked 
|  54|0x0000000783600000, 0x0000000783600000, 0x0000000783700000|  0%| F|  |TAMS 0x0000000783600000, 0x0000000783600000| Untracked 
|  55|0x0000000783700000, 0x0000000783700000, 0x0000000783800000|  0%| F|  |TAMS 0x0000000783700000, 0x0000000783700000| Untracked 
|  56|0x0000000783800000, 0x0000000783800000, 0x0000000783900000|  0%| F|  |TAMS 0x0000000783800000, 0x0000000783800000| Untracked 
|  57|0x0000000783900000, 0x0000000783900000, 0x0000000783a00000|  0%| F|  |TAMS 0x0000000783900000, 0x0000000783900000| Untracked 
|  58|0x0000000783a00000, 0x0000000783a00000, 0x0000000783b00000|  0%| F|  |TAMS 0x0000000783a00000, 0x0000000783a00000| Untracked 
|  59|0x0000000783b00000, 0x0000000783b00000, 0x0000000783c00000|  0%| F|  |TAMS 0x0000000783b00000, 0x0000000783b00000| Untracked 
|  60|0x0000000783c00000, 0x0000000783c00000, 0x0000000783d00000|  0%| F|  |TAMS 0x0000000783c00000, 0x0000000783c00000| Untracked 
|  61|0x0000000783d00000, 0x0000000783d00000, 0x0000000783e00000|  0%| F|  |TAMS 0x0000000783d00000, 0x0000000783d00000| Untracked 
|  62|0x0000000783e00000, 0x0000000783e00000, 0x0000000783f00000|  0%| F|  |TAMS 0x0000000783e00000, 0x0000000783e00000| Untracked 
|  63|0x0000000783f00000, 0x0000000783f00000, 0x0000000784000000|  0%| F|  |TAMS 0x0000000783f00000, 0x0000000783f00000| Untracked 
|  64|0x0000000784000000, 0x0000000784000000, 0x0000000784100000|  0%| F|  |TAMS 0x0000000784000000, 0x0000000784000000| Untracked 
|  65|0x0000000784100000, 0x0000000784100000, 0x0000000784200000|  0%| F|  |TAMS 0x0000000784100000, 0x0000000784100000| Untracked 
|  66|0x0000000784200000, 0x0000000784200000, 0x0000000784300000|  0%| F|  |TAMS 0x0000000784200000, 0x0000000784200000| Untracked 
|  67|0x0000000784300000, 0x0000000784300000, 0x0000000784400000|  0%| F|  |TAMS 0x0000000784300000, 0x0000000784300000| Untracked 
|  68|0x0000000784400000, 0x0000000784400000, 0x0000000784500000|  0%| F|  |TAMS 0x0000000784400000, 0x0000000784400000| Untracked 
|  69|0x0000000784500000, 0x0000000784500000, 0x0000000784600000|  0%| F|  |TAMS 0x0000000784500000, 0x0000000784500000| Untracked 
|  70|0x0000000784600000, 0x0000000784600000, 0x0000000784700000|  0%| F|  |TAMS 0x0000000784600000, 0x0000000784600000| Untracked 
|  71|0x0000000784700000, 0x0000000784700000, 0x0000000784800000|  0%| F|  |TAMS 0x0000000784700000, 0x0000000784700000| Untracked 
|  72|0x0000000784800000, 0x0000000784800000, 0x0000000784900000|  0%| F|  |TAMS 0x0000000784800000, 0x0000000784800000| Untracked 
|  73|0x0000000784900000, 0x0000000784900000, 0x0000000784a00000|  0%| F|  |TAMS 0x0000000784900000, 0x0000000784900000| Untracked 
|  74|0x0000000784a00000, 0x0000000784a00000, 0x0000000784b00000|  0%| F|  |TAMS 0x0000000784a00000, 0x0000000784a00000| Untracked 
|  75|0x0000000784b00000, 0x0000000784b00000, 0x0000000784c00000|  0%| F|  |TAMS 0x0000000784b00000, 0x0000000784b00000| Untracked 
|  76|0x0000000784c00000, 0x0000000784c00000, 0x0000000784d00000|  0%| F|  |TAMS 0x0000000784c00000, 0x0000000784c00000| Untracked 
|  77|0x0000000784d00000, 0x0000000784d00000, 0x0000000784e00000|  0%| F|  |TAMS 0x0000000784d00000, 0x0000000784d00000| Untracked 
|  78|0x0000000784e00000, 0x0000000784e00000, 0x0000000784f00000|  0%| F|  |TAMS 0x0000000784e00000, 0x0000000784e00000| Untracked 
|  79|0x0000000784f00000, 0x0000000784f00000, 0x0000000785000000|  0%| F|  |TAMS 0x0000000784f00000, 0x0000000784f00000| Untracked 
|  80|0x0000000785000000, 0x0000000785000000, 0x0000000785100000|  0%| F|  |TAMS 0x0000000785000000, 0x0000000785000000| Untracked 
|  81|0x0000000785100000, 0x0000000785100000, 0x0000000785200000|  0%| F|  |TAMS 0x0000000785100000, 0x0000000785100000| Untracked 
|  82|0x0000000785200000, 0x0000000785200000, 0x0000000785300000|  0%| F|  |TAMS 0x0000000785200000, 0x0000000785200000| Untracked 
|  83|0x0000000785300000, 0x0000000785300000, 0x0000000785400000|  0%| F|  |TAMS 0x0000000785300000, 0x0000000785300000| Untracked 
|  84|0x0000000785400000, 0x0000000785400000, 0x0000000785500000|  0%| F|  |TAMS 0x0000000785400000, 0x0000000785400000| Untracked 
|  85|0x0000000785500000, 0x0000000785500000, 0x0000000785600000|  0%| F|  |TAMS 0x0000000785500000, 0x0000000785500000| Untracked 
|  86|0x0000000785600000, 0x0000000785600000, 0x0000000785700000|  0%| F|  |TAMS 0x0000000785600000, 0x0000000785600000| Untracked 
|  87|0x0000000785700000, 0x0000000785700000, 0x0000000785800000|  0%| F|  |TAMS 0x0000000785700000, 0x0000000785700000| Untracked 
|  88|0x0000000785800000, 0x0000000785800000, 0x0000000785900000|  0%| F|  |TAMS 0x0000000785800000, 0x0000000785800000| Untracked 
|  89|0x0000000785900000, 0x0000000785900000, 0x0000000785a00000|  0%| F|  |TAMS 0x0000000785900000, 0x0000000785900000| Untracked 
|  90|0x0000000785a00000, 0x0000000785a00000, 0x0000000785b00000|  0%| F|  |TAMS 0x0000000785a00000, 0x0000000785a00000| Untracked 
|  91|0x0000000785b00000, 0x0000000785b00000, 0x0000000785c00000|  0%| F|  |TAMS 0x0000000785b00000, 0x0000000785b00000| Untracked 
|  92|0x0000000785c00000, 0x0000000785c00000, 0x0000000785d00000|  0%| F|  |TAMS 0x0000000785c00000, 0x0000000785c00000| Untracked 
|  93|0x0000000785d00000, 0x0000000785d00000, 0x0000000785e00000|  0%| F|  |TAMS 0x0000000785d00000, 0x0000000785d00000| Untracked 
|  94|0x0000000785e00000, 0x0000000785e00000, 0x0000000785f00000|  0%| F|  |TAMS 0x0000000785e00000, 0x0000000785e00000| Untracked 
|  95|0x0000000785f00000, 0x0000000785f00000, 0x0000000786000000|  0%| F|  |TAMS 0x0000000785f00000, 0x0000000785f00000| Untracked 
|  96|0x0000000786000000, 0x0000000786000000, 0x0000000786100000|  0%| F|  |TAMS 0x0000000786000000, 0x0000000786000000| Untracked 
|  97|0x0000000786100000, 0x0000000786100000, 0x0000000786200000|  0%| F|  |TAMS 0x0000000786100000, 0x0000000786100000| Untracked 
|  98|0x0000000786200000, 0x0000000786200000, 0x0000000786300000|  0%| F|  |TAMS 0x0000000786200000, 0x0000000786200000| Untracked 
|  99|0x0000000786300000, 0x0000000786300000, 0x0000000786400000|  0%| F|  |TAMS 0x0000000786300000, 0x0000000786300000| Untracked 
| 100|0x0000000786400000, 0x0000000786400000, 0x0000000786500000|  0%| F|  |TAMS 0x0000000786400000, 0x0000000786400000| Untracked 
| 101|0x0000000786500000, 0x0000000786500000, 0x0000000786600000|  0%| F|  |TAMS 0x0000000786500000, 0x0000000786500000| Untracked 
| 102|0x0000000786600000, 0x0000000786600000, 0x0000000786700000|  0%| F|  |TAMS 0x0000000786600000, 0x0000000786600000| Untracked 
| 103|0x0000000786700000, 0x0000000786700000, 0x0000000786800000|  0%| F|  |TAMS 0x0000000786700000, 0x0000000786700000| Untracked 
| 104|0x0000000786800000, 0x0000000786800000, 0x0000000786900000|  0%| F|  |TAMS 0x0000000786800000, 0x0000000786800000| Untracked 
| 105|0x0000000786900000, 0x0000000786900000, 0x0000000786a00000|  0%| F|  |TAMS 0x0000000786900000, 0x0000000786900000| Untracked 
| 106|0x0000000786a00000, 0x0000000786a00000, 0x0000000786b00000|  0%| F|  |TAMS 0x0000000786a00000, 0x0000000786a00000| Untracked 
| 107|0x0000000786b00000, 0x0000000786b00000, 0x0000000786c00000|  0%| F|  |TAMS 0x0000000786b00000, 0x0000000786b00000| Untracked 
| 108|0x0000000786c00000, 0x0000000786c00000, 0x0000000786d00000|  0%| F|  |TAMS 0x0000000786c00000, 0x0000000786c00000| Untracked 
| 109|0x0000000786d00000, 0x0000000786d00000, 0x0000000786e00000|  0%| F|  |TAMS 0x0000000786d00000, 0x0000000786d00000| Untracked 
| 110|0x0000000786e00000, 0x0000000786e00000, 0x0000000786f00000|  0%| F|  |TAMS 0x0000000786e00000, 0x0000000786e00000| Untracked 
| 111|0x0000000786f00000, 0x0000000786f00000, 0x0000000787000000|  0%| F|  |TAMS 0x0000000786f00000, 0x0000000786f00000| Untracked 
| 112|0x0000000787000000, 0x000000078709ca00, 0x0000000787100000| 61%| E|  |TAMS 0x0000000787000000, 0x0000000787000000| Complete 
| 113|0x0000000787100000, 0x0000000787200000, 0x0000000787200000|100%| E|  |TAMS 0x0000000787100000, 0x0000000787100000| Complete 
| 114|0x0000000787200000, 0x0000000787300000, 0x0000000787300000|100%| E|CS|TAMS 0x0000000787200000, 0x0000000787200000| Complete 
| 115|0x0000000787300000, 0x0000000787400000, 0x0000000787400000|100%| E|CS|TAMS 0x0000000787300000, 0x0000000787300000| Complete 
| 116|0x0000000787400000, 0x0000000787500000, 0x0000000787500000|100%| E|CS|TAMS 0x0000000787400000, 0x0000000787400000| Complete 
| 117|0x0000000787500000, 0x0000000787600000, 0x0000000787600000|100%| E|CS|TAMS 0x0000000787500000, 0x0000000787500000| Complete 
| 118|0x0000000787600000, 0x0000000787700000, 0x0000000787700000|100%| E|CS|TAMS 0x0000000787600000, 0x0000000787600000| Complete 
| 119|0x0000000787700000, 0x0000000787800000, 0x0000000787800000|100%| E|CS|TAMS 0x0000000787700000, 0x0000000787700000| Complete 
| 120|0x0000000787800000, 0x0000000787900000, 0x0000000787900000|100%| E|CS|TAMS 0x0000000787800000, 0x0000000787800000| Complete 
| 121|0x0000000787900000, 0x0000000787a00000, 0x0000000787a00000|100%| E|CS|TAMS 0x0000000787900000, 0x0000000787900000| Complete 
| 122|0x0000000787a00000, 0x0000000787b00000, 0x0000000787b00000|100%| E|CS|TAMS 0x0000000787a00000, 0x0000000787a00000| Complete 
| 123|0x0000000787b00000, 0x0000000787c00000, 0x0000000787c00000|100%| E|CS|TAMS 0x0000000787b00000, 0x0000000787b00000| Complete 
| 124|0x0000000787c00000, 0x0000000787d00000, 0x0000000787d00000|100%| E|CS|TAMS 0x0000000787c00000, 0x0000000787c00000| Complete 
| 125|0x0000000787d00000, 0x0000000787e00000, 0x0000000787e00000|100%| E|CS|TAMS 0x0000000787d00000, 0x0000000787d00000| Complete 
| 126|0x0000000787e00000, 0x0000000787f00000, 0x0000000787f00000|100%| E|CS|TAMS 0x0000000787e00000, 0x0000000787e00000| Complete 
| 127|0x0000000787f00000, 0x0000000788000000, 0x0000000788000000|100%| E|CS|TAMS 0x0000000787f00000, 0x0000000787f00000| Complete 

Card table byte_map: [0x00000001261de000,0x00000001265de000] _byte_map_base: 0x00000001225de000

Marking Bits (Prev, Next): (CMBitMap*) 0x00007fcf4804ec18, (CMBitMap*) 0x00007fcf4804ec50
 Prev Bits: [0x00000001269de000, 0x00000001289de000)
 Next Bits: [0x00000001289de000, 0x000000012a9de000)

Polling page: 0x0000000102faf000

Metaspace:

Usage:
  Non-class:     12.27 MB capacity,    12.08 MB ( 98%) used,   168.83 KB (  1%) free+waste,    23.25 KB ( <1%) overhead. 
      Class:      1.38 MB capacity,     1.24 MB ( 90%) used,   126.54 KB (  9%) free+waste,    11.25 KB ( <1%) overhead. 
       Both:     13.65 MB capacity,    13.33 MB ( 98%) used,   295.37 KB (  2%) free+waste,    34.50 KB ( <1%) overhead. 

Virtual space:
  Non-class space:       14.00 MB reserved,      12.50 MB ( 89%) committed 
      Class space:        1.00 GB reserved,       1.50 MB ( <1%) committed 
             Both:        1.01 GB reserved,      14.00 MB (  1%) committed 

Chunk freelists:
   Non-Class:  60.00 KB
       Class:  28.00 KB
        Both:  88.00 KB

MaxMetaspaceSize: unlimited
CompressedClassSpaceSize: 1.00 GB
Initial GC threshold: 20.80 MB
Current GC threshold: 20.80 MB
CDS: off

CodeHeap 'non-profiled nmethods': size=120032Kb used=354Kb max_used=354Kb free=119677Kb
 bounds [0x000000011e7bb000, 0x000000011ea2b000, 0x0000000125cf3000]
CodeHeap 'profiled nmethods': size=120028Kb used=2011Kb max_used=2011Kb free=118016Kb
 bounds [0x0000000117284000, 0x00000001174f4000, 0x000000011e7bb000]
CodeHeap 'non-nmethods': size=5700Kb used=1169Kb max_used=1178Kb free=4530Kb
 bounds [0x0000000116cf3000, 0x0000000116f63000, 0x0000000117284000]
 total_blobs=1382 nmethods=946 adapters=351
 compilation: enabled
              stopped_count=0, restarted_count=0
 full_count=0

Compilation events (20 events):
Event: 6.234 Thread 0x00007fcf17808800  938       3       jdk.internal.misc.Unsafe::getCharUnaligned (12 bytes)
Event: 6.234 Thread 0x00007fcf46814800  944       4       java.nio.HeapByteBuffer::byteOffset (7 bytes)
Event: 6.234 Thread 0x00007fcf17808800 nmethod 938 0x0000000117478890 code [0x0000000117478a40, 0x0000000117478c70]
Event: 6.234 Thread 0x00007fcf17808800  939       3       jdk.internal.misc.Unsafe::getCharUnaligned (34 bytes)
Event: 6.235 Thread 0x00007fcf46814800 nmethod 944 0x000000011e812b10 code [0x000000011e812ca0, 0x000000011e812d18]
Event: 6.238 Thread 0x00007fcf17808800 nmethod 939 0x0000000117478e10 code [0x0000000117478fe0, 0x0000000117479370]
Event: 6.238 Thread 0x00007fcf17808800  941       3       jdk.internal.misc.Unsafe::convEndian (16 bytes)
Event: 6.238 Thread 0x00007fcf46814800  945       4       java.nio.Buffer::nextGetIndex (32 bytes)
Event: 6.238 Thread 0x00007fcf17808800 nmethod 941 0x0000000117479590 code [0x0000000117479740, 0x00000001174798f0]
Event: 6.238 Thread 0x00007fcf17808800  942       2       java.lang.Character::reverseBytes (14 bytes)
Event: 6.238 Thread 0x00007fcf17808800 nmethod 942 0x0000000117479a10 code [0x0000000117479bc0, 0x0000000117479cb0]
Event: 6.238 Thread 0x00007fcf17808800  943       2       java.nio.HeapByteBuffer::getChar (25 bytes)
Event: 6.241 Thread 0x00007fcf17808800 nmethod 943 0x0000000117479d90 code [0x0000000117479f40, 0x000000011747a120]
Event: 6.241 Thread 0x00007fcf46814800 nmethod 945 0x000000011e812e10 code [0x000000011e812fa0, 0x000000011e813038]
Event: 6.241 Thread 0x00007fcf46814800  946       4       jdk.internal.misc.Unsafe::getCharUnaligned (12 bytes)
Event: 6.242 Thread 0x00007fcf46814800 nmethod 946 0x000000011e813110 code [0x000000011e8132a0, 0x000000011e813338]
Event: 6.242 Thread 0x00007fcf46814800  947       4       java.nio.HeapByteBuffer::getChar (25 bytes)
Event: 6.244 Thread 0x00007fcf46814800 nmethod 947 0x000000011e813490 code [0x000000011e813620, 0x000000011e8136f8]
Event: 6.248 Thread 0x00007fcf17808800  948       3       java.io.File::getName (42 bytes)
Event: 6.249 Thread 0x00007fcf17808800 nmethod 948 0x000000011747a390 code [0x000000011747a5c0, 0x000000011747aaf0]

GC Heap History (0 events):
No events

Deoptimization events (20 events):
Event: 5.581 Thread 0x00007fcf4800d800 DEOPT PACKING pc=0x000000011e7c5e94 sp=0x000000030a4a92a0
Event: 5.581 Thread 0x00007fcf4800d800 DEOPT UNPACKING pc=0x0000000116d3ce9f sp=0x000000030a4a9250 mode 2
Event: 5.876 Thread 0x00007fcf4800d800 DEOPT PACKING pc=0x0000000117345288 sp=0x000000030a4a8050
Event: 5.876 Thread 0x00007fcf4800d800 DEOPT UNPACKING pc=0x0000000116d3d62b sp=0x000000030a4a74c0 mode 0
Event: 5.990 Thread 0x00007fcf4800d800 DEOPT PACKING pc=0x0000000117389504 sp=0x000000030a4a8120
Event: 5.990 Thread 0x00007fcf4800d800 DEOPT UNPACKING pc=0x0000000116d3d62b sp=0x000000030a4a7598 mode 0
Event: 6.106 Thread 0x00007fcf4800d800 Uncommon trap: trap_request=0xffffff4d fr.pc=0x000000011e7c93cc relative=0x0000000000000d4c
Event: 6.106 Thread 0x00007fcf4800d800 Uncommon trap: reason=unstable_if action=reinterpret pc=0x000000011e7c93cc method=java.util.HashMap.putVal(ILjava/lang/Object;Ljava/lang/Object;ZZ)Ljava/lang/Object; @ 181 c2
Event: 6.106 Thread 0x00007fcf4800d800 DEOPT PACKING pc=0x000000011e7c93cc sp=0x000000030a4a9d20
Event: 6.106 Thread 0x00007fcf4800d800 DEOPT UNPACKING pc=0x0000000116d3ce9f sp=0x000000030a4a9cc0 mode 2
Event: 6.135 Thread 0x00007fcf4800d800 DEOPT PACKING pc=0x0000000117367295 sp=0x000000030a4a9b30
Event: 6.135 Thread 0x00007fcf4800d800 DEOPT UNPACKING pc=0x0000000116d3d62b sp=0x000000030a4a9030 mode 0
Event: 6.151 Thread 0x00007fcf4800d800 Uncommon trap: trap_request=0xffffff4d fr.pc=0x000000011e7f4d64 relative=0x00000000000001c4
Event: 6.151 Thread 0x00007fcf4800d800 Uncommon trap: reason=unstable_if action=reinterpret pc=0x000000011e7f4d64 method=java.lang.String.startsWith(Ljava/lang/String;I)Z @ 1 c2
Event: 6.151 Thread 0x00007fcf4800d800 DEOPT PACKING pc=0x000000011e7f4d64 sp=0x000000030a4a8000
Event: 6.151 Thread 0x00007fcf4800d800 DEOPT UNPACKING pc=0x0000000116d3ce9f sp=0x000000030a4a7f90 mode 2
Event: 6.245 Thread 0x00007fcf4800d800 Uncommon trap: trap_request=0xffffffc6 fr.pc=0x000000011e810784 relative=0x0000000000000704
Event: 6.245 Thread 0x00007fcf4800d800 Uncommon trap: reason=bimorphic_or_optimized_type_check action=maybe_recompile pc=0x000000011e810784 method=java.util.regex.Pattern$BmpCharProperty.match(Ljava/util/regex/Matcher;ILjava/lang/CharSequence;)Z @ 36 c2
Event: 6.245 Thread 0x00007fcf4800d800 DEOPT PACKING pc=0x000000011e810784 sp=0x000000030a4a5f10
Event: 6.245 Thread 0x00007fcf4800d800 DEOPT UNPACKING pc=0x0000000116d3ce9f sp=0x000000030a4a5ef8 mode 2

Classes redefined (0 events):
No events

Internal exceptions (4 events):
Event: 0.496 Thread 0x00007fcf4800d800 Exception <a 'java/lang/NoClassDefFoundError'{0x0000000787d092f0}: jdk/internal/loader/NativeLibraries> (0x0000000787d092f0) thrown at [src/hotspot/share/classfile/systemDictionary.cpp, line 219]
Event: 0.499 Thread 0x00007fcf4800d800 Exception <a 'java/lang/NoSuchMethodError'{0x0000000787d0b168}: 'java.lang.Object java.lang.invoke.DirectMethodHandle$Holder.invokeStaticInit(java.lang.Object, java.lang.Object, java.lang.Object)'> (0x0000000787d0b168) thrown at [src/hotspot/share/interpreter/linkResolver.cpp, line 773]
Event: 5.760 Thread 0x00007fcf4800d800 Exception <a 'java/lang/NoSuchMethodError'{0x00000007879ce098}: 'java.lang.Object java.lang.invoke.DirectMethodHandle$Holder.invokeVirtual(java.lang.Object, java.lang.Object, java.lang.Object)'> (0x00000007879ce098) thrown at [src/hotspot/share/interpreter/linkResolver.cpp, line 773]
Event: 6.137 Thread 0x00007fcf4800d800 Exception <a 'java/lang/NoSuchMethodError'{0x00000007872bf860}: 'void java.lang.invoke.DirectMethodHandle$Holder.invokeStaticInit(java.lang.Object, java.lang.Object)'> (0x00000007872bf860) thrown at [src/hotspot/share/interpreter/linkResolver.cpp, line 773]

Events (20 events):
Event: 6.247 loading class sun/nio/ch/IOUtil$1
Event: 6.247 loading class sun/nio/ch/IOUtil$1 done
Event: 6.250 loading class sun/nio/ch/NativeThreadSet
Event: 6.250 loading class sun/nio/ch/NativeThreadSet done
Event: 6.250 loading class sun/nio/ch/FileDispatcherImpl
Event: 6.250 loading class sun/nio/ch/FileDispatcher
Event: 6.250 loading class sun/nio/ch/NativeDispatcher
Event: 6.250 loading class sun/nio/ch/NativeDispatcher done
Event: 6.250 loading class sun/nio/ch/FileDispatcher done
Event: 6.250 loading class sun/nio/ch/FileDispatcherImpl done
Event: 6.251 loading class sun/nio/ch/FileChannelImpl$Closer
Event: 6.251 loading class sun/nio/ch/FileChannelImpl$Closer done
Event: 6.251 loading class java/nio/channels/Channels
Event: 6.251 loading class java/nio/channels/Channels done
Event: 6.251 loading class sun/nio/ch/ChannelInputStream
Event: 6.251 loading class sun/nio/ch/ChannelInputStream done
Event: 6.251 loading class javax/crypto/CryptoPermissions
Event: 6.251 loading class javax/crypto/CryptoPermissions done
Event: 6.251 loading class javax/crypto/CryptoPolicyParser
Event: 6.251 loading class javax/crypto/CryptoPolicyParser done


Dynamic libraries:
0x000000010b5e1000 	/Users/jojunbeom/Library/Java/JavaVirtualMachines/corretto-11.0.14.1/Contents/Home/lib/jli/libjli.dylib
0x00007ff820468000 	/System/Library/Frameworks/Cocoa.framework/Versions/A/Cocoa
0x00007ff80bd09000 	/System/Library/Frameworks/AppKit.framework/Versions/C/AppKit
0x00007ff80f259000 	/System/Library/Frameworks/CoreData.framework/Versions/A/CoreData
0x00007ff80a124000 	/System/Library/Frameworks/Foundation.framework/Versions/C/Foundation
0x00007ff81454c000 	/usr/lib/libSystem.B.dylib
0x00007ff80cb96000 	/System/Library/PrivateFrameworks/UIFoundation.framework/Versions/A/UIFoundation
0x00007ff81a440000 	/System/Library/PrivateFrameworks/RemoteViewServices.framework/Versions/A/RemoteViewServices
0x00007ff81273f000 	/System/Library/PrivateFrameworks/XCTTargetBootstrap.framework/Versions/A/XCTTargetBootstrap
0x00007ff816417000 	/System/Library/PrivateFrameworks/InternationalSupport.framework/Versions/A/InternationalSupport
0x00007ff8164a1000 	/System/Library/PrivateFrameworks/UserActivity.framework/Versions/A/UserActivity
0x00007ff8157fe000 	/usr/lib/libspindump.dylib
0x00007ff80ce24000 	/System/Library/Frameworks/UniformTypeIdentifiers.framework/Versions/A/UniformTypeIdentifiers
0x00007ff810e7e000 	/usr/lib/libapp_launch_measurement.dylib
0x00007ff80fc33000 	/System/Library/PrivateFrameworks/CoreAnalytics.framework/Versions/A/CoreAnalytics
0x00007ff810e81000 	/System/Library/PrivateFrameworks/CoreAutoLayout.framework/Versions/A/CoreAutoLayout
0x00007ff8120a0000 	/System/Library/Frameworks/Metal.framework/Versions/A/Metal
0x00007ff812db7000 	/usr/lib/liblangid.dylib
0x00007ff812743000 	/System/Library/PrivateFrameworks/CoreSVG.framework/Versions/A/CoreSVG
0x00007ff80e1e6000 	/System/Library/PrivateFrameworks/SkyLight.framework/Versions/A/SkyLight
0x00007ff80e577000 	/System/Library/Frameworks/CoreGraphics.framework/Versions/A/CoreGraphics
0x00007ff81aaab000 	/System/Library/Frameworks/Accelerate.framework/Versions/A/Accelerate
0x00007ff815279000 	/System/Library/PrivateFrameworks/IconServices.framework/Versions/A/IconServices
0x00007ff812085000 	/System/Library/Frameworks/IOSurface.framework/Versions/A/IOSurface
0x00007ff80fc61000 	/usr/lib/libDiagnosticMessagesClient.dylib
0x00007ff814466000 	/usr/lib/libz.1.dylib
0x00007ff81e10a000 	/System/Library/Frameworks/ApplicationServices.framework/Versions/A/ApplicationServices
0x00007ff81272b000 	/System/Library/PrivateFrameworks/DFRFoundation.framework/Versions/A/DFRFoundation
0x00007ff80b5fa000 	/usr/lib/libicucore.A.dylib
0x00007ff817139000 	/System/Library/Frameworks/AudioToolbox.framework/Versions/A/AudioToolbox
0x00007ff816423000 	/System/Library/PrivateFrameworks/DataDetectorsCore.framework/Versions/A/DataDetectorsCore
0x00007ff911bb8000 	/System/Library/PrivateFrameworks/TextInput.framework/Versions/A/TextInput
0x00007ff80e169000 	/usr/lib/libMobileGestalt.dylib
0x00007ff812433000 	/System/Library/Frameworks/Carbon.framework/Versions/A/Frameworks/HIToolbox.framework/Versions/A/HIToolbox
0x00007ff8108ac000 	/System/Library/Frameworks/QuartzCore.framework/Versions/A/QuartzCore
0x00007ff80b29b000 	/System/Library/Frameworks/Security.framework/Versions/A/Security
0x00007ff81a478000 	/System/Library/Frameworks/Carbon.framework/Versions/A/Frameworks/SpeechRecognition.framework/Versions/A/SpeechRecognition
0x00007ff810bde000 	/System/Library/PrivateFrameworks/CoreUI.framework/Versions/A/CoreUI
0x00007ff80ab75000 	/System/Library/Frameworks/CoreAudio.framework/Versions/A/CoreAudio
0x00007ff80fd4f000 	/System/Library/Frameworks/DiskArbitration.framework/Versions/A/DiskArbitration
0x00007ff815be1000 	/System/Library/PrivateFrameworks/MultitouchSupport.framework/Versions/A/MultitouchSupport
0x00007ff80e168000 	/usr/lib/libenergytrace.dylib
0x00007ff80bbf5000 	/System/Library/Frameworks/IOKit.framework/Versions/A/IOKit
0x00007ff81a862000 	/System/Library/Frameworks/CoreServices.framework/Versions/A/CoreServices
0x00007ff810e18000 	/System/Library/PrivateFrameworks/PerformanceAnalysis.framework/Versions/A/PerformanceAnalysis
0x00007ffa21627000 	/System/Library/Frameworks/OpenGL.framework/Versions/A/OpenGL
0x00007ff813a9e000 	/System/Library/PrivateFrameworks/MobileKeyBag.framework/Versions/A/MobileKeyBag
0x00007ff8091bc000 	/usr/lib/libobjc.A.dylib
0x00007ff80eca6000 	/System/Library/Frameworks/ColorSync.framework/Versions/A/ColorSync
0x00007ff809378000 	/System/Library/Frameworks/CoreFoundation.framework/Versions/A/CoreFoundation
0x00007ff8129be000 	/System/Library/Frameworks/CoreImage.framework/Versions/A/CoreImage
0x00007ff80a98b000 	/System/Library/Frameworks/CoreText.framework/Versions/A/CoreText
0x00007ff812772000 	/System/Library/Frameworks/ImageIO.framework/Versions/A/ImageIO
0x00007ff814552000 	/System/Library/PrivateFrameworks/SoftLinking.framework/Versions/A/SoftLinking
0x00007ff810ec9000 	/usr/lib/libxml2.2.dylib
0x00007ff809285000 	/usr/lib/libc++.1.dylib
0x00007ff8147d2000 	/usr/lib/libcompression.dylib
0x00007ff81634d000 	/System/Library/PrivateFrameworks/TextureIO.framework/Versions/A/TextureIO
0x00007ff814ef2000 	/usr/lib/libate.dylib
0x00007ff814547000 	/usr/lib/system/libcache.dylib
0x00007ff814503000 	/usr/lib/system/libcommonCrypto.dylib
0x00007ff81452c000 	/usr/lib/system/libcompiler_rt.dylib
0x00007ff814522000 	/usr/lib/system/libcopyfile.dylib
0x00007ff8090b6000 	/usr/lib/system/libcorecrypto.dylib
0x00007ff809175000 	/usr/lib/system/libdispatch.dylib
0x00007ff809337000 	/usr/lib/system/libdyld.dylib
0x00007ff81453e000 	/usr/lib/system/libkeymgr.dylib
0x00007ff8144e1000 	/usr/lib/system/libmacho.dylib
0x00007ff813b72000 	/usr/lib/system/libquarantine.dylib
0x00007ff81453c000 	/usr/lib/system/libremovefile.dylib
0x00007ff80e1b5000 	/usr/lib/system/libsystem_asl.dylib
0x00007ff809064000 	/usr/lib/system/libsystem_blocks.dylib
0x00007ff8091fc000 	/usr/lib/system/libsystem_c.dylib
0x00007ff814534000 	/usr/lib/system/libsystem_collections.dylib
0x00007ff812da8000 	/usr/lib/system/libsystem_configuration.dylib
0x00007ff812068000 	/usr/lib/system/libsystem_containermanager.dylib
0x00007ff81421a000 	/usr/lib/system/libsystem_coreservices.dylib
0x00007ff80b883000 	/usr/lib/system/libsystem_darwin.dylib
0x00007ff81453f000 	/usr/lib/system/libsystem_dnssd.dylib
0x00007ff8091f9000 	/usr/lib/system/libsystem_featureflags.dylib
0x00007ff80934d000 	/usr/lib/system/libsystem_info.dylib
0x00007ff814479000 	/usr/lib/system/libsystem_m.dylib
0x00007ff809149000 	/usr/lib/system/libsystem_malloc.dylib
0x00007ff80e152000 	/usr/lib/system/libsystem_networkextension.dylib
0x00007ff80bcab000 	/usr/lib/system/libsystem_notify.dylib
0x00007ff81a739000 	/usr/lib/system/libsystem_product_info_filter.dylib
0x00007ff812dac000 	/usr/lib/system/libsystem_sandbox.dylib
0x00007ff814539000 	/usr/lib/system/libsystem_secinit.dylib
0x00007ff8092f4000 	/usr/lib/system/libsystem_kernel.dylib
0x00007ff809343000 	/usr/lib/system/libsystem_platform.dylib
0x00007ff80932b000 	/usr/lib/system/libsystem_pthread.dylib
0x00007ff80fa79000 	/usr/lib/system/libsystem_symptoms.dylib
0x00007ff80909d000 	/usr/lib/system/libsystem_trace.dylib
0x00007ff81450f000 	/usr/lib/system/libunwind.dylib
0x00007ff809066000 	/usr/lib/system/libxpc.dylib
0x00007ff8092de000 	/usr/lib/libc++abi.dylib
0x00007ff81451a000 	/usr/lib/liboah.dylib
0x00007ff814cab000 	/usr/lib/liblzma.5.dylib
0x00007ff809e35000 	/System/Library/Frameworks/SystemConfiguration.framework/Versions/A/SystemConfiguration
0x00007ff81454e000 	/usr/lib/libfakelink.dylib
0x00007ff80dcbc000 	/System/Library/Frameworks/CFNetwork.framework/Versions/A/CFNetwork
0x00007ff81468d000 	/usr/lib/libarchive.2.dylib
0x00007ff812db3000 	/System/Library/PrivateFrameworks/AppleSystemInfo.framework/Versions/A/AppleSystemInfo
0x00007ff813b98000 	/usr/lib/libbsm.0.dylib
0x00007ff80d2f3000 	/usr/lib/libnetwork.dylib
0x00007ff8144e7000 	/usr/lib/system/libkxld.dylib
0x00007ff8137c7000 	/System/Library/PrivateFrameworks/IOMobileFramebuffer.framework/Versions/A/IOMobileFramebuffer
0x00007ffb1efc9000 	/usr/lib/libCoreEntitlements.dylib
0x00007ff8141fc000 	/System/Library/PrivateFrameworks/AppleFSCompression.framework/Versions/A/AppleFSCompression
0x00007ff813b81000 	/usr/lib/libcoretls.dylib
0x00007ff814cc5000 	/usr/lib/libcoretls_cfhelpers.dylib
0x00007ff8147cd000 	/usr/lib/libpam.2.dylib
0x00007ff80f69f000 	/usr/lib/libsqlite3.dylib
0x00007ff814d34000 	/usr/lib/libxar.1.dylib
0x00007ff81420c000 	/usr/lib/libbz2.1.0.dylib
0x00007ff814553000 	/usr/lib/libpcap.A.dylib
0x00007ff80fa70000 	/usr/lib/libdns_services.dylib
0x00007ff81479f000 	/usr/lib/libapple_nghttp2.dylib
0x00007ff81458a000 	/usr/lib/libiconv.2.dylib
0x00007ff8144e0000 	/usr/lib/libcharset.1.dylib
0x00007ff810e4c000 	/System/Library/Frameworks/CoreServices.framework/Versions/A/Frameworks/FSEvents.framework/Versions/A/FSEvents
0x00007ff80b88d000 	/System/Library/Frameworks/CoreServices.framework/Versions/A/Frameworks/CarbonCore.framework/Versions/A/CarbonCore
0x00007ff80fcb4000 	/System/Library/Frameworks/CoreServices.framework/Versions/A/Frameworks/Metadata.framework/Versions/A/Metadata
0x00007ff81421f000 	/System/Library/Frameworks/CoreServices.framework/Versions/A/Frameworks/OSServices.framework/Versions/A/OSServices
0x00007ff814713000 	/System/Library/Frameworks/CoreServices.framework/Versions/A/Frameworks/SearchKit.framework/Versions/A/SearchKit
0x00007ff80fa02000 	/System/Library/Frameworks/CoreServices.framework/Versions/A/Frameworks/AE.framework/Versions/A/AE
0x00007ff809879000 	/System/Library/Frameworks/CoreServices.framework/Versions/A/Frameworks/LaunchServices.framework/Versions/A/LaunchServices
0x00007ff814c5c000 	/System/Library/Frameworks/CoreServices.framework/Versions/A/Frameworks/DictionaryServices.framework/Versions/A/DictionaryServices
0x00007ff810e59000 	/System/Library/Frameworks/CoreServices.framework/Versions/A/Frameworks/SharedFileList.framework/Versions/A/SharedFileList
0x00007ff813b75000 	/usr/lib/libCheckFix.dylib
0x00007ff80e1cc000 	/System/Library/PrivateFrameworks/TCC.framework/Versions/A/TCC
0x00007ff812db9000 	/System/Library/PrivateFrameworks/CoreNLP.framework/Versions/A/CoreNLP
0x00007ff80fc64000 	/System/Library/PrivateFrameworks/MetadataUtilities.framework/Versions/A/MetadataUtilities
0x00007ff809ee5000 	/usr/lib/libmecabra.dylib
0x00007ff813ba8000 	/usr/lib/libmecab.dylib
0x00007ff809eb0000 	/usr/lib/libCRFSuite.dylib
0x00007ff813c05000 	/usr/lib/libgermantok.dylib
0x00007ff81477a000 	/usr/lib/libThaiTokenizer.dylib
0x00007ff80fd56000 	/System/Library/Frameworks/Accelerate.framework/Versions/A/Frameworks/vImage.framework/Versions/A/vImage
0x00007ff81a839000 	/System/Library/Frameworks/Accelerate.framework/Versions/A/Frameworks/vecLib.framework/Versions/A/vecLib
0x00007ff814d75000 	/System/Library/Frameworks/Accelerate.framework/Versions/A/Frameworks/vecLib.framework/Versions/A/libvMisc.dylib
0x00007ff8135bb000 	/System/Library/Frameworks/Accelerate.framework/Versions/A/Frameworks/vecLib.framework/Versions/A/libvDSP.dylib
0x00007ff809bf1000 	/System/Library/Frameworks/Accelerate.framework/Versions/A/Frameworks/vecLib.framework/Versions/A/libBLAS.dylib
0x00007ff8148af000 	/System/Library/Frameworks/Accelerate.framework/Versions/A/Frameworks/vecLib.framework/Versions/A/libLAPACK.dylib
0x00007ff813c08000 	/System/Library/Frameworks/Accelerate.framework/Versions/A/Frameworks/vecLib.framework/Versions/A/libLinearAlgebra.dylib
0x00007ff8147b8000 	/System/Library/Frameworks/Accelerate.framework/Versions/A/Frameworks/vecLib.framework/Versions/A/libSparseBLAS.dylib
0x00007ff8148a9000 	/System/Library/Frameworks/Accelerate.framework/Versions/A/Frameworks/vecLib.framework/Versions/A/libQuadrature.dylib
0x00007ff812ea3000 	/System/Library/Frameworks/Accelerate.framework/Versions/A/Frameworks/vecLib.framework/Versions/A/libBNNS.dylib
0x00007ff809dc6000 	/System/Library/Frameworks/Accelerate.framework/Versions/A/Frameworks/vecLib.framework/Versions/A/libSparse.dylib
0x00007ff812e9c000 	/System/Library/PrivateFrameworks/LinguisticData.framework/Versions/A/LinguisticData
0x00007ff809d7b000 	/System/Library/PrivateFrameworks/Lexicon.framework/Versions/A/Lexicon
0x00007ff814d6e000 	/usr/lib/libChineseTokenizer.dylib
0x00007ff80a4df000 	/System/Library/PrivateFrameworks/LanguageModeling.framework/Versions/A/LanguageModeling
0x00007ff81477c000 	/System/Library/PrivateFrameworks/AppleSauce.framework/Versions/A/AppleSauce
0x00007ff8137b5000 	/System/Library/PrivateFrameworks/CoreEmoji.framework/Versions/A/CoreEmoji
0x00007ff81467c000 	/usr/lib/libcmph.dylib
0x00007ff810e30000 	/System/Library/Frameworks/OpenDirectory.framework/Versions/A/Frameworks/CFOpenDirectory.framework/Versions/A/CFOpenDirectory
0x00007ff810e24000 	/System/Library/Frameworks/OpenDirectory.framework/Versions/A/OpenDirectory
0x00007ff814cc7000 	/System/Library/PrivateFrameworks/APFS.framework/Versions/A/APFS
0x00007ff813ad6000 	/System/Library/Frameworks/SecurityFoundation.framework/Versions/A/SecurityFoundation
0x00007ff814d42000 	/usr/lib/libutil.dylib
0x00007ff80bbb8000 	/System/Library/PrivateFrameworks/CoreServicesStore.framework/Versions/A/CoreServicesStore
0x00007ff814d46000 	/usr/lib/libxslt.1.dylib
0x00007ff813b63000 	/System/Library/PrivateFrameworks/BackgroundTaskManagement.framework/Versions/A/BackgroundTaskManagement
0x00007ff81626f000 	/System/Library/Frameworks/ImageIO.framework/Versions/A/Resources/libRadiance.dylib
0x00007ff816278000 	/System/Library/Frameworks/ImageIO.framework/Versions/A/Resources/libJPEG.dylib
0x00007ff8161c9000 	/System/Library/Frameworks/ImageIO.framework/Versions/A/Resources/libPng.dylib
0x00007ff8161ea000 	/System/Library/Frameworks/ImageIO.framework/Versions/A/Resources/libTIFF.dylib
0x00007ff8162d6000 	/System/Library/Frameworks/ImageIO.framework/Versions/A/Resources/libGIF.dylib
0x00007ff815afe000 	/System/Library/Frameworks/ImageIO.framework/Versions/A/Resources/libJP2.dylib
0x00007ff815240000 	/usr/lib/libexpat.1.dylib
0x00007ff815ab3000 	/System/Library/PrivateFrameworks/AppleJPEG.framework/Versions/A/AppleJPEG
0x00007ff8122fa000 	/System/Library/PrivateFrameworks/FontServices.framework/libFontParser.dylib
0x00007ff80f9ac000 	/System/Library/PrivateFrameworks/RunningBoardServices.framework/Versions/A/RunningBoardServices
0x00007ff8209d9000 	/System/Library/PrivateFrameworks/IOSurfaceAccelerator.framework/Versions/A/IOSurfaceAccelerator
0x00007ff815bdd000 	/System/Library/PrivateFrameworks/WatchdogClient.framework/Versions/A/WatchdogClient
0x00007ff80a5ce000 	/System/Library/Frameworks/CoreDisplay.framework/Versions/A/CoreDisplay
0x00007ff8121fa000 	/System/Library/Frameworks/CoreMedia.framework/Versions/A/CoreMedia
0x00007ff812097000 	/System/Library/PrivateFrameworks/IOAccelerator.framework/Versions/A/IOAccelerator
0x00007ff810fac000 	/System/Library/Frameworks/CoreVideo.framework/Versions/A/CoreVideo
0x00007ff8147cb000 	/System/Library/Frameworks/MetalPerformanceShaders.framework/Versions/A/MetalPerformanceShaders
0x00007ff815c18000 	/System/Library/Frameworks/VideoToolbox.framework/Versions/A/VideoToolbox
0x00007ff80f8f4000 	/System/Library/PrivateFrameworks/BaseBoard.framework/Versions/A/BaseBoard
0x00007ff80f685000 	/System/Library/PrivateFrameworks/ProtocolBuffer.framework/Versions/A/ProtocolBuffer
0x00007ff816268000 	/System/Library/PrivateFrameworks/GPUWrangler.framework/Versions/A/GPUWrangler
0x00007ff81624b000 	/System/Library/PrivateFrameworks/IOPresentment.framework/Versions/A/IOPresentment
0x00007ff816272000 	/System/Library/PrivateFrameworks/DSExternalDisplay.framework/Versions/A/DSExternalDisplay
0x00007ffa2161b000 	/System/Library/Frameworks/OpenGL.framework/Versions/A/Libraries/libCoreFSCache.dylib
0x00007ffb0d5c8000 	/System/Library/PrivateFrameworks/GPUCompiler.framework/Versions/31001/Libraries/libGPUCompilerUtils.dylib
0x00007ff8162db000 	/System/Library/PrivateFrameworks/CMCaptureCore.framework/Versions/A/CMCaptureCore
0x00007ff8157ec000 	/System/Library/PrivateFrameworks/AppServerSupport.framework/Versions/A/AppServerSupport
0x00007ff8179b6000 	/System/Library/PrivateFrameworks/perfdata.framework/Versions/A/perfdata
0x00007ff80a6fa000 	/System/Library/PrivateFrameworks/AudioToolboxCore.framework/Versions/A/AudioToolboxCore
0x00007ff8121d7000 	/System/Library/PrivateFrameworks/caulk.framework/Versions/A/caulk
0x00007ff8172e3000 	/usr/lib/libAudioStatistics.dylib
0x00007ff90e477000 	/System/Library/PrivateFrameworks/SystemPolicy.framework/Versions/A/SystemPolicy
0x00007ff81752f000 	/usr/lib/libSMC.dylib
0x00007ff82031b000 	/System/Library/Frameworks/CoreMIDI.framework/Versions/A/CoreMIDI
0x00007ff816199000 	/usr/lib/libAudioToolboxUtility.dylib
0x00007ff90a8ff000 	/System/Library/PrivateFrameworks/OSAServicesClient.framework/Versions/A/OSAServicesClient
0x00007ff8179c3000 	/usr/lib/libperfcheck.dylib
0x00007ff90ef03000 	/usr/lib/libmis.dylib
0x00007ffa21677000 	/System/Library/Frameworks/OpenGL.framework/Versions/A/Libraries/libGLU.dylib
0x00007ffa2163a000 	/System/Library/Frameworks/OpenGL.framework/Versions/A/Libraries/libGFXShared.dylib
0x00007ffa21848000 	/System/Library/Frameworks/OpenGL.framework/Versions/A/Libraries/libGL.dylib
0x00007ffa21643000 	/System/Library/Frameworks/OpenGL.framework/Versions/A/Libraries/libGLImage.dylib
0x00007ffa21637000 	/System/Library/Frameworks/OpenGL.framework/Versions/A/Libraries/libCVMSPluginSupport.dylib
0x00007ffa21622000 	/System/Library/Frameworks/OpenGL.framework/Versions/A/Libraries/libCoreVMClient.dylib
0x00007ff812d37000 	/System/Library/Frameworks/MetalPerformanceShaders.framework/Versions/A/Frameworks/MPSCore.framework/Versions/A/MPSCore
0x00007ff814167000 	/System/Library/Frameworks/MetalPerformanceShaders.framework/Versions/A/Frameworks/MPSImage.framework/Versions/A/MPSImage
0x00007ff813c1e000 	/System/Library/Frameworks/MetalPerformanceShaders.framework/Versions/A/Frameworks/MPSNeuralNetwork.framework/Versions/A/MPSNeuralNetwork
0x00007ff814093000 	/System/Library/Frameworks/MetalPerformanceShaders.framework/Versions/A/Frameworks/MPSMatrix.framework/Versions/A/MPSMatrix
0x00007ff813e4f000 	/System/Library/Frameworks/MetalPerformanceShaders.framework/Versions/A/Frameworks/MPSRayIntersector.framework/Versions/A/MPSRayIntersector
0x00007ff8140cc000 	/System/Library/Frameworks/MetalPerformanceShaders.framework/Versions/A/Frameworks/MPSNDArray.framework/Versions/A/MPSNDArray
0x00007ffa26220000 	/System/Library/Frameworks/MetalPerformanceShaders.framework/Versions/A/Frameworks/MPSFunctions.framework/Versions/A/MPSFunctions
0x00007ff809ad4000 	/System/Library/PrivateFrameworks/MetalTools.framework/Versions/A/MetalTools
0x00007ff812db1000 	/System/Library/PrivateFrameworks/AggregateDictionary.framework/Versions/A/AggregateDictionary
0x00007ff815022000 	/usr/lib/libIOReport.dylib
0x00007ffa22c57000 	/System/Library/Frameworks/OpenCL.framework/Versions/A/OpenCL
0x00007ff815386000 	/System/Library/PrivateFrameworks/FaceCore.framework/Versions/A/FaceCore
0x00007ff815377000 	/System/Library/PrivateFrameworks/GraphVisualizer.framework/Versions/A/GraphVisualizer
0x00007ffb0d4d3000 	/System/Library/PrivateFrameworks/FontServices.framework/Versions/A/FontServices
0x00007ff8157a3000 	/System/Library/PrivateFrameworks/OTSVG.framework/Versions/A/OTSVG
0x00007ff810b94000 	/System/Library/Frameworks/ApplicationServices.framework/Versions/A/Frameworks/ATS.framework/Versions/A/Resources/libFontRegistry.dylib
0x00007ff8157f4000 	/System/Library/PrivateFrameworks/FontServices.framework/libhvf.dylib
0x00007ffb0d4d4000 	/System/Library/PrivateFrameworks/FontServices.framework/libXTFontStaticRegistryData.dylib
0x00007ff8151f0000 	/System/Library/PrivateFrameworks/AppleVA.framework/Versions/A/AppleVA
0x00007ff817303000 	/System/Library/Frameworks/ApplicationServices.framework/Versions/A/Frameworks/ATS.framework/Versions/A/ATS
0x00007ff80eda2000 	/System/Library/Frameworks/ApplicationServices.framework/Versions/A/Frameworks/HIServices.framework/Versions/A/HIServices
0x00007ff8162e5000 	/System/Library/Frameworks/ApplicationServices.framework/Versions/A/Frameworks/PrintCore.framework/Versions/A/PrintCore
0x00007ff817682000 	/System/Library/Frameworks/ApplicationServices.framework/Versions/A/Frameworks/QD.framework/Versions/A/QD
0x00007ff81767a000 	/System/Library/Frameworks/ApplicationServices.framework/Versions/A/Frameworks/ColorSyncLegacy.framework/Versions/A/ColorSyncLegacy
0x00007ff8172f3000 	/System/Library/Frameworks/ApplicationServices.framework/Versions/A/Frameworks/SpeechSynthesis.framework/Versions/A/SpeechSynthesis
0x00007ff8162a6000 	/System/Library/Frameworks/ApplicationServices.framework/Versions/A/Frameworks/ATSUI.framework/Versions/A/ATSUI
0x00007ff81760f000 	/usr/lib/libcups.2.dylib
0x00007ff8179d2000 	/System/Library/Frameworks/Kerberos.framework/Versions/A/Kerberos
0x00007ff8179e1000 	/System/Library/Frameworks/GSS.framework/Versions/A/GSS
0x00007ff81736f000 	/usr/lib/libresolv.9.dylib
0x00007ff815803000 	/System/Library/PrivateFrameworks/Heimdal.framework/Versions/A/Heimdal
0x00007ff81e485000 	/System/Library/Frameworks/Kerberos.framework/Versions/A/Libraries/libHeimdalProxy.dylib
0x00007ff80fa81000 	/System/Library/Frameworks/Network.framework/Versions/A/Network
0x00007ff81525a000 	/usr/lib/libheimdal-asn1.dylib
0x00007ff817a2c000 	/System/Library/PrivateFrameworks/CommonAuth.framework/Versions/A/CommonAuth
0x00007ff817274000 	/System/Library/PrivateFrameworks/AudioSession.framework/Versions/A/AudioSession
0x00007ff8152ea000 	/System/Library/PrivateFrameworks/MediaExperience.framework/Versions/A/MediaExperience
0x00007ff817108000 	/System/Library/PrivateFrameworks/AudioSession.framework/libSessionUtility.dylib
0x00007ff81768e000 	/System/Library/PrivateFrameworks/AudioResourceArbitration.framework/Versions/A/AudioResourceArbitration
0x00007ff815263000 	/System/Library/PrivateFrameworks/IconFoundation.framework/Versions/A/IconFoundation
0x00007ff81a468000 	/System/Library/PrivateFrameworks/SpeechRecognitionCore.framework/Versions/A/SpeechRecognitionCore
0x00007ffa12aca000 	/System/Library/CoreServices/Encodings/libKoreanConverter.dylib
0x000000010c3e4000 	/Users/jojunbeom/Library/Java/JavaVirtualMachines/corretto-11.0.14.1/Contents/Home/lib/server/libjvm.dylib
0x000000010b6c5000 	/Users/jojunbeom/Library/Java/JavaVirtualMachines/corretto-11.0.14.1/Contents/Home/lib/libverify.dylib
0x000000010b6ed000 	/Users/jojunbeom/Library/Java/JavaVirtualMachines/corretto-11.0.14.1/Contents/Home/lib/libjava.dylib
0x000000010b65b000 	/Users/jojunbeom/Library/Java/JavaVirtualMachines/corretto-11.0.14.1/Contents/Home/lib/libjimage.dylib
0x000000010b76c000 	/Users/jojunbeom/Library/Java/JavaVirtualMachines/corretto-11.0.14.1/Contents/Home/lib/libinstrument.dylib
0x000000010b827000 	/private/var/folders/k6/dkc35rrd3kvf4z8xbpc5z4zh0000gn/T/libasyncProfiler.so
0x000000010b7e7000 	/Users/jojunbeom/Library/Java/JavaVirtualMachines/corretto-11.0.14.1/Contents/Home/lib/libzip.dylib
0x000000012f05e000 	/Users/jojunbeom/Library/Java/JavaVirtualMachines/corretto-11.0.14.1/Contents/Home/lib/libnio.dylib
0x000000012f0af000 	/Users/jojunbeom/Library/Java/JavaVirtualMachines/corretto-11.0.14.1/Contents/Home/lib/libnet.dylib
0x000000012f100000 	/Users/jojunbeom/Library/Java/JavaVirtualMachines/corretto-11.0.14.1/Contents/Home/lib/libextnet.dylib
0x000000010d91c000 	/Users/jojunbeom/Library/Java/JavaVirtualMachines/corretto-11.0.14.1/Contents/Home/lib/libsunec.dylib


VM Arguments:
jvm_args: -javaagent:/Applications/IntelliJ IDEA.app/Contents/lib/idea_rt.jar=52721:/Applications/IntelliJ IDEA.app/Contents/bin -agentpath:/private/var/folders/k6/dkc35rrd3kvf4z8xbpc5z4zh0000gn/T/libasyncProfiler.so=start,jfr,event=cpu,interval=1ms,event=alloc,file=/Users/jojunbeom/BoardFrame_2022_06_26_170921.jfr -Dfile.encoding=UTF-8 
java_command: com.project.board.BoardFrame
java_class_path (initial): /Users/jojunbeom/Downloads/study/Java_App_Board_JDBC_Mysql_v3/out/production/Java_Application_Board_v2.1:/Users/jojunbeom/Downloads/study/Java_App_Board_JDBC_Mysql_v3/resource/lib/json-simple-1.1.1.jar:/Users/jojunbeom/Downloads/study/Java_App_Board_JDBC_Mysql_v3/resource/lib/mysql-connector-java-8.0.29.jar
Launcher Type: SUN_STANDARD

[Global flags]
     intx CICompilerCount                          = 4                                         {product} {ergonomic}
     uint ConcGCThreads                            = 2                                         {product} {ergonomic}
     uint G1ConcRefinementThreads                  = 8                                         {product} {ergonomic}
   size_t G1HeapRegionSize                         = 1048576                                   {product} {ergonomic}
    uintx GCDrainStackTargetSize                   = 64                                        {product} {ergonomic}
   size_t InitialHeapSize                          = 134217728                                 {product} {ergonomic}
   size_t MarkStackSize                            = 4194304                                   {product} {ergonomic}
   size_t MaxHeapSize                              = 2147483648                                {product} {ergonomic}
   size_t MaxNewSize                               = 1287651328                                {product} {ergonomic}
   size_t MinHeapDeltaBytes                        = 1048576                                   {product} {ergonomic}
    uintx NonNMethodCodeHeapSize                   = 5836300                                {pd product} {ergonomic}
    uintx NonProfiledCodeHeapSize                  = 122910970                              {pd product} {ergonomic}
    uintx ProfiledCodeHeapSize                     = 122910970                              {pd product} {ergonomic}
    uintx ReservedCodeCacheSize                    = 251658240                              {pd product} {ergonomic}
     bool SegmentedCodeCache                       = true                                      {product} {ergonomic}
     bool UseCompressedClassPointers               = true                                 {lp64_product} {ergonomic}
     bool UseCompressedOops                        = true                                 {lp64_product} {ergonomic}
     bool UseG1GC                                  = true                                      {product} {ergonomic}

Logging:
Log output configuration:
 #0: stdout all=warning uptime,level,tags
 #1: stderr all=off uptime,level,tags

Environment Variables:
PATH=/opt/homebrew/bin:/opt/homebrew/sbin:/usr/local/bin:/usr/bin:/bin:/usr/sbin:/sbin
SHELL=/bin/zsh
LC_CTYPE=ko_KR.UTF-8

Signal Handlers:
SIGSEGV: [libjvm.dylib+0x7ccc92], sa_mask[0]=11111111111111111111111111111111, sa_flags=SA_ONSTACK|SA_RESTART|SA_SIGINFO
SIGBUS: [libjvm.dylib+0x7ccc92], sa_mask[0]=11111111111111111111111111111111, sa_flags=SA_RESTART|SA_SIGINFO
SIGFPE: [libjvm.dylib+0x7ccc92], sa_mask[0]=11111111111111111111111111111111, sa_flags=SA_RESTART|SA_SIGINFO
SIGPIPE: [libjvm.dylib+0x630218], sa_mask[0]=11111111111111111111111111111111, sa_flags=SA_RESTART|SA_SIGINFO
SIGXFSZ: [libjvm.dylib+0x630218], sa_mask[0]=11111111111111111111111111111111, sa_flags=SA_RESTART|SA_SIGINFO
SIGILL: [libjvm.dylib+0x7ccc92], sa_mask[0]=11111111111111111111111111111111, sa_flags=SA_RESTART|SA_SIGINFO
SIGUSR2: [libjvm.dylib+0x6307f6], sa_mask[0]=00100000000000000000000000000000, sa_flags=SA_RESTART|SA_SIGINFO
SIGHUP: [libjvm.dylib+0x62f3a9], sa_mask[0]=11111111111111111111111111111111, sa_flags=SA_RESTART|SA_SIGINFO
SIGINT: [libjvm.dylib+0x62f3a9], sa_mask[0]=11111111111111111111111111111111, sa_flags=SA_RESTART|SA_SIGINFO
SIGTERM: [libjvm.dylib+0x62f3a9], sa_mask[0]=11111111111111111111111111111111, sa_flags=SA_RESTART|SA_SIGINFO
SIGQUIT: [libjvm.dylib+0x62f3a9], sa_mask[0]=11111111111111111111111111111111, sa_flags=SA_RESTART|SA_SIGINFO


---------------  S Y S T E M  ---------------

OS:uname:Darwin 21.1.0 Darwin Kernel Version 21.1.0: Wed Oct 13 17:33:24 PDT 2021; root:xnu-8019.41.5~1/RELEASE_ARM64_T8101 x86_64
OS uptime: 3 days 0:26 hours
rlimit (soft/hard): STACK 8176k/65520k , CORE 0k/infinity , NPROC 1333/2000 , NOFILE 10240/infinity , AS infinity/infinity , CPU infinity/infinity , DATA infinity/infinity , FSIZE infinity/infinity , MEMLOCK infinity/infinity , RSS infinity/infinity
load average:1.66 1.86 1.77

CPU:total 8 (initial active 8) (1 cores per cpu, 1 threads per core) family 6 model 44 stepping 0 microcode 0x0, cmov, cx8, fxsr, mmx, sse, sse2, sse3, ssse3, sse4.1, sse4.2, popcnt, aes, clmul, tsc, tscinvbit, tscinv

Memory: 4k page, physical 8388608k(17168k free), swap 1048576k(1013248k free)

vm_info: OpenJDK 64-Bit Server VM (11.0.14.1+10-LTS) for bsd-amd64 JRE (11.0.14.1+10-LTS), built on Feb  8 2022 01:38:57 by "ec2user" with clang Apple LLVM 13.0.0 (clang-1300.0.29.30)

END.
