#
# A fatal error has been detected by the Java Runtime Environment:
#
#  SIGBUS (0xa) at pc=0x000000030c9f4a00, pid=13976, tid=7683
#
# JRE version: OpenJDK Runtime Environment Corretto-11.0.14.10.1 (11.0.14.1+10) (build 11.0.14.1+10-LTS)
# Java VM: OpenJDK 64-Bit Server VM Corretto-11.0.14.10.1 (11.0.14.1+10-LTS, mixed mode, tiered, compressed oops, g1 gc, bsd-amd64)
# Problematic frame:
# C  0x000000030c9f4a00
#
# No core dump will be written. Core dumps have been disabled. To enable core dumping, try "ulimit -c unlimited" before starting Java again
#
# If you would like to submit a bug report, please visit:
#   https://github.com/corretto/corretto-11/issues/
#

---------------  S U M M A R Y ------------

Command Line: -javaagent:/Applications/IntelliJ IDEA.app/Contents/lib/idea_rt.jar=52498:/Applications/IntelliJ IDEA.app/Contents/bin -agentpath:/private/var/folders/k6/dkc35rrd3kvf4z8xbpc5z4zh0000gn/T/libasyncProfiler.so=start,jfr,event=cpu,interval=1ms,event=alloc,file=/Users/jojunbeom/BoardFrame_2022_06_22_235932.jfr -Dfile.encoding=UTF-8 com.project.board.BoardFrame

Host: MacBookAir10,1 x86_64 2400 MHz, 8 cores, 8G, Darwin 21.1.0
Time: Wed Jun 22 23:59:38 2022 KST elapsed time: 6.825736 seconds (0d 0h 0m 6s)

---------------  T H R E A D  ---------------

Current thread (0x00007fb4ff809000):  JavaThread "main" [_thread_in_vm, id=7683, stack(0x000000030c8fb000,0x000000030c9fb000)]

Stack: [0x000000030c8fb000,0x000000030c9fb000],  sp=0x000000030c9f4a48,  free space=998k
Native frames: (J=compiled Java code, A=aot compiled Java code, j=interpreted, Vv=VM code, C=native code)
C  0x000000030c9f4a00

Java frames: (J=compiled Java code, j=interpreted, Vv=VM code)
v  ~RuntimeStub::new_type_array Runtime1 stub
J 277 c1 java.lang.String.<init>([CIILjava/lang/Void;)V java.base@11.0.14.1 (74 bytes) @ 0x00000001186c897e [0x00000001186c84a0+0x00000000000004de]
J 807 c1 java.lang.String.<init>([C)V java.base@11.0.14.1 (10 bytes) @ 0x0000000118812ccc [0x0000000118812c40+0x000000000000008c]
j  sun.text.normalizer.NormalizerImpl.load(Ljava/nio/ByteBuffer;)Lsun/text/normalizer/NormalizerImpl;+316 java.base@11.0.14.1
j  sun.text.normalizer.NormalizerImpl.load(Ljava/lang/String;)Lsun/text/normalizer/NormalizerImpl;+5 java.base@11.0.14.1
j  sun.text.normalizer.Norm2AllModes$Norm2AllModesSingleton.<init>(Ljava/lang/String;)V+37 java.base@11.0.14.1
j  sun.text.normalizer.Norm2AllModes$NFCSingleton.<clinit>()V+6 java.base@11.0.14.1
v  ~StubRoutines::call_stub
j  sun.text.normalizer.Norm2AllModes.getNFCInstance()Lsun/text/normalizer/Norm2AllModes;+0 java.base@11.0.14.1
j  sun.text.normalizer.Normalizer2.getNFCInstance()Lsun/text/normalizer/Normalizer2;+0 java.base@11.0.14.1
j  sun.text.normalizer.NormalizerBase$NFCModeImpl.<clinit>()V+4 java.base@11.0.14.1
v  ~StubRoutines::call_stub
j  sun.text.normalizer.NormalizerBase$NFCMode.getNormalizer2(I)Lsun/text/normalizer/Normalizer2;+16 java.base@11.0.14.1
j  sun.text.normalizer.NormalizerBase.normalize(Ljava/lang/String;Lsun/text/normalizer/NormalizerBase$Mode;I)Ljava/lang/String;+2 java.base@11.0.14.1
j  sun.text.normalizer.NormalizerBase.normalize(Ljava/lang/String;Ljava/text/Normalizer$Form;)Ljava/lang/String;+6 java.base@11.0.14.1
j  java.text.Normalizer.normalize(Ljava/lang/CharSequence;Ljava/text/Normalizer$Form;)Ljava/lang/String;+7 java.base@11.0.14.1
j  java.util.regex.Pattern.normalizeClazz(Ljava/lang/String;IILjava/lang/StringBuilder;)V+10 java.base@11.0.14.1
j  java.util.regex.Pattern.normalize(Ljava/lang/String;)Ljava/lang/String;+161 java.base@11.0.14.1
j  java.util.regex.Pattern.compile()V+24 java.base@11.0.14.1
j  java.util.regex.Pattern.<init>(Ljava/lang/String;I)V+108 java.base@11.0.14.1
j  java.util.regex.Pattern.compile(Ljava/lang/String;I)Ljava/util/regex/Pattern;+6 java.base@11.0.14.1
j  sun.nio.fs.MacOSXFileSystem.compilePathMatchPattern(Ljava/lang/String;)Ljava/util/regex/Pattern;+4 java.base@11.0.14.1
j  sun.nio.fs.UnixFileSystem.getPathMatcher(Ljava/lang/String;)Ljava/nio/file/PathMatcher;+113 java.base@11.0.14.1
j  java.nio.file.Files.newDirectoryStream(Ljava/nio/file/Path;Ljava/lang/String;)Ljava/nio/file/DirectoryStream;+41 java.base@11.0.14.1
j  javax.crypto.JceSecurity.setupJurisdictionPolicies()V+271 java.base@11.0.14.1
j  javax.crypto.JceSecurity$1.run()Ljava/lang/Void;+0 java.base@11.0.14.1
j  javax.crypto.JceSecurity$1.run()Ljava/lang/Object;+1 java.base@11.0.14.1
v  ~StubRoutines::call_stub
j  java.security.AccessController.doPrivileged(Ljava/security/PrivilegedExceptionAction;)Ljava/lang/Object;+0 java.base@11.0.14.1
j  javax.crypto.JceSecurity.<clinit>()V+53 java.base@11.0.14.1
v  ~StubRoutines::call_stub
j  javax.crypto.Cipher.getInstance(Ljava/lang/String;)Ljavax/crypto/Cipher;+136 java.base@11.0.14.1
j  sun.security.ssl.JsseJce.getCipher(Ljava/lang/String;)Ljavax/crypto/Cipher;+7 java.base@11.0.14.1
j  sun.security.ssl.SSLCipher.isTransformationAvailable(Ljava/lang/String;)Z+12 java.base@11.0.14.1
j  sun.security.ssl.SSLCipher.<init>(Ljava/lang/String;ILjava/lang/String;Lsun/security/ssl/CipherType;IIIIZZ[Ljava/util/Map$Entry;[Ljava/util/Map$Entry;)V+124 java.base@11.0.14.1
j  sun.security.ssl.SSLCipher.<clinit>()V+179 java.base@11.0.14.1
v  ~StubRoutines::call_stub
j  sun.security.ssl.CipherSuite.<clinit>()V+16 java.base@11.0.14.1
v  ~StubRoutines::call_stub
j  sun.security.ssl.SSLContextImpl.getApplicableSupportedCipherSuites(Ljava/util/List;)Ljava/util/List;+0 java.base@11.0.14.1
j  sun.security.ssl.SSLContextImpl$AbstractTLSContext.<clinit>()V+174 java.base@11.0.14.1
v  ~StubRoutines::call_stub
j  java.lang.Class.forName0(Ljava/lang/String;ZLjava/lang/ClassLoader;Ljava/lang/Class;)Ljava/lang/Class;+0 java.base@11.0.14.1
j  java.lang.Class.forName(Ljava/lang/String;)Ljava/lang/Class;+11 java.base@11.0.14.1
j  java.security.Provider$Service.getImplClass()Ljava/lang/Class;+44 java.base@11.0.14.1
j  java.security.Provider$Service.newInstance(Ljava/lang/Object;)Ljava/lang/Object;+236 java.base@11.0.14.1
j  sun.security.jca.GetInstance.getInstance(Ljava/security/Provider$Service;Ljava/lang/Class;)Lsun/security/jca/GetInstance$Instance;+2 java.base@11.0.14.1
j  sun.security.jca.GetInstance.getInstance(Ljava/lang/String;Ljava/lang/Class;Ljava/lang/String;)Lsun/security/jca/GetInstance$Instance;+56 java.base@11.0.14.1
j  javax.net.ssl.SSLContext.getInstance(Ljava/lang/String;)Ljavax/net/ssl/SSLContext;+12 java.base@11.0.14.1
j  com.mysql.cj.protocol.ExportControlled.getSSLContext(Lcom/mysql/cj/protocol/ExportControlled$KeyStoreConf;Lcom/mysql/cj/protocol/ExportControlled$KeyStoreConf;ZZLjava/lang/String;Lcom/mysql/cj/exceptions/ExceptionInterceptor;)Ljavax/net/ssl/SSLContext;+914
j  com.mysql.cj.protocol.ExportControlled.performTlsHandshake(Ljava/net/Socket;Lcom/mysql/cj/protocol/SocketConnection;Lcom/mysql/cj/ServerVersion;Lcom/mysql/cj/log/Log;)Ljava/net/Socket;+154
j  com.mysql.cj.protocol.StandardSocketFactory.performTlsHandshake(Lcom/mysql/cj/protocol/SocketConnection;Lcom/mysql/cj/protocol/ServerSession;Lcom/mysql/cj/log/Log;)Ljava/io/Closeable;+21
j  com.mysql.cj.protocol.a.NativeSocketConnection.performTlsHandshake(Lcom/mysql/cj/protocol/ServerSession;Lcom/mysql/cj/log/Log;)V+8
j  com.mysql.cj.protocol.a.NativeProtocol.negotiateSSLConnection()V+116
j  com.mysql.cj.protocol.a.NativeAuthenticationProvider.connect(Ljava/lang/String;Ljava/lang/String;Ljava/lang/String;)V+765
j  com.mysql.cj.protocol.a.NativeProtocol.connect(Ljava/lang/String;Ljava/lang/String;Ljava/lang/String;)V+11
j  com.mysql.cj.NativeSession.connect(Lcom/mysql/cj/conf/HostInfo;Ljava/lang/String;Ljava/lang/String;Ljava/lang/String;ILcom/mysql/cj/TransactionEventHandler;)V+110
j  com.mysql.cj.jdbc.ConnectionImpl.connectOneTryOnly(Z)V+32
j  com.mysql.cj.jdbc.ConnectionImpl.createNewIO(Z)V+27
j  com.mysql.cj.jdbc.ConnectionImpl.<init>(Lcom/mysql/cj/conf/HostInfo;)V+753
j  com.mysql.cj.jdbc.ConnectionImpl.getInstance(Lcom/mysql/cj/conf/HostInfo;)Lcom/mysql/cj/jdbc/JdbcConnection;+5
j  com.mysql.cj.jdbc.NonRegisteringDriver.connect(Ljava/lang/String;Ljava/util/Properties;)Ljava/sql/Connection;+72
j  java.sql.DriverManager.getConnection(Ljava/lang/String;Ljava/util/Properties;Ljava/lang/Class;)Ljava/sql/Connection;+130 java.sql@11.0.14.1
j  java.sql.DriverManager.getConnection(Ljava/lang/String;Ljava/lang/String;Ljava/lang/String;)Ljava/sql/Connection;+37 java.sql@11.0.14.1
j  com.project.database.DBMysql.dblisted()Ljava/util/LinkedHashMap;+27
j  com.project.board.BoardService.deleted(I)V+9
j  com.project.board.BoardFrame.main([Ljava/lang/String;)V+232
v  ~StubRoutines::call_stub

siginfo: si_signo: 10 (SIGBUS), si_code: 2 (BUS_ADRERR), si_addr: 0x000000030c9f4a00

Register to memory mapping:

RAX=0x000000010e18e580: _ZN15JfrEventSetting19_jvm_event_settingsE+0 in /Users/jojunbeom/Library/Java/JavaVirtualMachines/corretto-11.0.14.1/Contents/Home/lib/server/libjvm.dylib at 0x000000010d7bd000
RBX=0x000000030c9f4a68 is pointing into the stack for thread: 0x00007fb4ff809000
RCX=0x00007fb4ff809000 is a thread
RDX=0x0000000000001e40 is an unknown value
RSP=0x000000030c9f4a48 is pointing into the stack for thread: 0x00007fb4ff809000
RBP=0x000000010dd856a6: _ZN12MemAllocator10Allocation17notify_allocationEv+0x16 in /Users/jojunbeom/Library/Java/JavaVirtualMachines/corretto-11.0.14.1/Contents/Home/lib/server/libjvm.dylib at 0x000000010d7bd000
RSI=0x000000078701fbe0 is an oop: [B 
{0x000000078701fbe0} - klass: {type array byte}
 - length: 7724
RDI=0x000000030c9f4a18 is pointing into the stack for thread: 0x00007fb4ff809000
R8 =0x00007fb4ff809000 is a thread
R9 =0x00007fb4ff809000 is a thread
R10=0x000000010e1ac660: _ZN19TemplateInterpreter20_invoke_return_entryE+0 in /Users/jojunbeom/Library/Java/JavaVirtualMachines/corretto-11.0.14.1/Contents/Home/lib/server/libjvm.dylib at 0x000000010d7bd000
R11=0x000000010d9e7924: _ZN13CollectedHeap14array_allocateEP5KlassiibP6Thread+0 in /Users/jojunbeom/Library/Java/JavaVirtualMachines/corretto-11.0.14.1/Contents/Home/lib/server/libjvm.dylib at 0x000000010d7bd000
R12=0x0 is NULL
R13=0x0 is NULL
R14=0x000000078701fbe0 is an oop: [B 
{0x000000078701fbe0} - klass: {type array byte}
 - length: 7724
R15=0x00007fb4ff809000 is a thread


Registers:
RAX=0x000000010e18e580, RBX=0x000000030c9f4a68, RCX=0x00007fb4ff809000, RDX=0x0000000000001e40
RSP=0x000000030c9f4a48, RBP=0x000000010dd856a6, RSI=0x000000078701fbe0, RDI=0x000000030c9f4a18
R8 =0x00007fb4ff809000, R9 =0x00007fb4ff809000, R10=0x000000010e1ac660, R11=0x000000010d9e7924
R12=0x0000000000000000, R13=0x0000000000000000, R14=0x000000078701fbe0, R15=0x00007fb4ff809000
RIP=0x000000030c9f4a00, EFLAGS=0x0000000000000212, ERR=0x0000000000000015
  TRAPNO=0x000000000000000e

Top of Stack: (sp=0x000000030c9f4a48)
0x000000030c9f4a48:   000000030c9f4ac0 000000030c9f4ab0
0x000000030c9f4a58:   000000010dd85a99 000000030c9f4ac0
0x000000030c9f4a68:   000000030c9f4ac0 00007fb4ff809000
0x000000030c9f4a78:   000000030c9f4a98 000000030c9f0000
0x000000030c9f4a88:   000000000000f98a 000000011885ab00
0x000000030c9f4a98:   000000078701fbe0 00007fb4ff809000
0x000000030c9f4aa8:   000000030c9f5158 000000030c9f4af0
0x000000030c9f4ab8:   000000010d9e7967 000000010e131990
0x000000030c9f4ac8:   00007fb4ff00b600 00007fb4ff809000
0x000000030c9f4ad8:   0000000800000820 00000000000003c8
0x000000030c9f4ae8:   00007f0100001e2c 000000030c9f4b20
0x000000030c9f4af8:   000000010d975f10 0000000000000000
0x000000030c9f4b08:   00007fb4ff809000 0000000000001e2c
0x000000030c9f4b18:   000000030c9f5158 000000030c9f4fa0
0x000000030c9f4b28:   00000001181bb368 000000030c9f4fb0
0x000000030c9f4b38:   00007fb4fea04680 00000001180d4b10
0x000000030c9f4b48:   000000030c9f5100 0000000000000000
0x000000030c9f4b58:   00000007871e7e18 c1cffbfa4a5751ba
0x000000030c9f4b68:   0000000000000000 0000000000000000
0x000000030c9f4b78:   0000000000000000 0000000000000000
0x000000030c9f4b88:   0000000000000000 0000000000000000
0x000000030c9f4b98:   0000000000000000 0000000000000000
0x000000030c9f4ba8:   0000000000000000 0000000000000000
0x000000030c9f4bb8:   000000030c9f4c70 000000030c9f4c10
0x000000030c9f4bc8:   000000010d9f76a9 000000030c9f4c10
0x000000030c9f4bd8:   000000010dccef3c 0000000000000001
0x000000030c9f4be8:   00007fb4ff809000 000000010e1b9230
0x000000030c9f4bf8:   00007fb4ff809000 00007fb4ff809000
0x000000030c9f4c08:   000000030c9f4f00 000000030c9f4eb0
0x000000030c9f4c18:   000000010dcd1f7b 000000030c9f4eb0
0x000000030c9f4c28:   000000010dcd20fd 000000030c9f4df8
0x000000030c9f4c38:   000000012de40608 000000030c9f4da0 

Instructions: (pc=0x000000030c9f4a00)
0x000000030c9f4900:   20 41 5e 00 00 60 00 00 68 48 9f 0c 00 00 00 00
0x000000030c9f4910:   c2 bc fb 0d 01 00 00 00 50 00 00 00 00 00 00 00
0x000000030c9f4920:   90 19 13 0e 01 00 00 00 75 01 00 00 00 00 00 00
0x000000030c9f4930:   75 01 00 00 00 00 00 00 58 f4 1f 87 07 00 00 00
0x000000030c9f4940:   d0 49 9f 0c 03 00 00 00 ab 76 9e 0d 01 00 00 00
0x000000030c9f4950:   90 4e 9f 0c 03 00 00 00 00 90 80 ff b4 7f 00 00
0x000000030c9f4960:   40 42 ee 01 00 60 00 00 f0 80 4e 03 00 60 00 00
0x000000030c9f4970:   88 81 4e 03 00 60 00 00 88 4a 9f 0c 03 00 00 00
0x000000030c9f4980:   d8 00 00 00 00 00 00 00 8a f9 00 00 00 00 00 00
0x000000030c9f4990:   8a f9 00 00 00 00 00 00 10 91 80 ff b4 7f 00 00
0x000000030c9f49a0:   e0 fb 01 87 07 00 00 00 d8 49 9f 0c 03 00 00 00
0x000000030c9f49b0:   26 c3 b8 0d 01 00 00 00 40 1e 00 00 00 00 00 00
0x000000030c9f49c0:   40 1e 00 00 00 00 00 00 50 cc 07 00 00 00 00 00
0x000000030c9f49d0:   20 08 00 00 08 00 00 00 38 4a 9f 0c 03 00 00 00
0x000000030c9f49e0:   97 9c 8b 0d 01 00 00 00 00 00 00 00 00 00 00 00
0x000000030c9f49f0:   00 00 00 00 00 00 00 00 00 59 d8 0d 01 00 00 00
0x000000030c9f4a00:   68 4a 9f 0c 03 00 00 00 68 4a 9f 0c 03 00 00 00
0x000000030c9f4a10:   68 4a 9f 0c 03 00 00 00 00 00 00 00 00 00 00 00
0x000000030c9f4a20:   68 4a 9f 0c 03 00 00 00 e0 fb 01 87 07 00 00 00
0x000000030c9f4a30:   00 90 80 ff b4 7f 00 00 a6 56 d8 0d 01 00 00 00
0x000000030c9f4a40:   00 4a 9f 0c 03 00 00 00 c0 4a 9f 0c 03 00 00 00
0x000000030c9f4a50:   b0 4a 9f 0c 03 00 00 00 99 5a d8 0d 01 00 00 00
0x000000030c9f4a60:   c0 4a 9f 0c 03 00 00 00 c0 4a 9f 0c 03 00 00 00
0x000000030c9f4a70:   00 90 80 ff b4 7f 00 00 98 4a 9f 0c 03 00 00 00
0x000000030c9f4a80:   00 00 9f 0c 03 00 00 00 8a f9 00 00 00 00 00 00
0x000000030c9f4a90:   00 ab 85 18 01 00 00 00 e0 fb 01 87 07 00 00 00
0x000000030c9f4aa0:   00 90 80 ff b4 7f 00 00 58 51 9f 0c 03 00 00 00
0x000000030c9f4ab0:   f0 4a 9f 0c 03 00 00 00 67 79 9e 0d 01 00 00 00
0x000000030c9f4ac0:   90 19 13 0e 01 00 00 00 00 b6 00 ff b4 7f 00 00
0x000000030c9f4ad0:   00 90 80 ff b4 7f 00 00 20 08 00 00 08 00 00 00
0x000000030c9f4ae0:   c8 03 00 00 00 00 00 00 2c 1e 00 00 01 7f 00 00
0x000000030c9f4af0:   20 4b 9f 0c 03 00 00 00 10 5f 97 0d 01 00 00 00 


Stack slot to memory mapping:
stack at sp + 0 slots: 0x000000030c9f4ac0 is pointing into the stack for thread: 0x00007fb4ff809000
stack at sp + 1 slots: 0x000000030c9f4ab0 is pointing into the stack for thread: 0x00007fb4ff809000
stack at sp + 2 slots: 0x000000010dd85a99: _ZNK12MemAllocator8allocateEv+0x77 in /Users/jojunbeom/Library/Java/JavaVirtualMachines/corretto-11.0.14.1/Contents/Home/lib/server/libjvm.dylib at 0x000000010d7bd000
stack at sp + 3 slots: 0x000000030c9f4ac0 is pointing into the stack for thread: 0x00007fb4ff809000
stack at sp + 4 slots: 0x000000030c9f4ac0 is pointing into the stack for thread: 0x00007fb4ff809000
stack at sp + 5 slots: 0x00007fb4ff809000 is a thread
stack at sp + 6 slots: 0x000000030c9f4a98 is pointing into the stack for thread: 0x00007fb4ff809000
stack at sp + 7 slots: 0x000000030c9f0000 is pointing into the stack for thread: 0x00007fb4ff809000


---------------  P R O C E S S  ---------------

Threads class SMR info:
_java_thread_list=0x00006000001a5e40, length=13, elements={
0x00007fb4ff809000, 0x00007fb4fe0c4000, 0x00007fb508022800, 0x00007fb4fe0c9000,
0x00007fb4ff81f000, 0x00007fb4ff819800, 0x00007fb4ff822000, 0x00007fb4de008800,
0x00007fb4fe172000, 0x00007fb4ff014800, 0x00007fb4df82e000, 0x00007fb4ff8d1800,
0x00007fb508068800
}

Java Threads: ( => current thread )
=>0x00007fb4ff809000 JavaThread "main" [_thread_in_vm, id=7683, stack(0x000000030c8fb000,0x000000030c9fb000)]
  0x00007fb4fe0c4000 JavaThread "Reference Handler" daemon [_thread_blocked, id=17411, stack(0x000000030d010000,0x000000030d110000)]
  0x00007fb508022800 JavaThread "Finalizer" daemon [_thread_blocked, id=16643, stack(0x000000030d113000,0x000000030d213000)]
  0x00007fb4fe0c9000 JavaThread "Signal Dispatcher" daemon [_thread_blocked, id=41219, stack(0x000000030d327000,0x000000030d427000)]
  0x00007fb4ff81f000 JavaThread "Service Thread" daemon [_thread_blocked, id=40963, stack(0x000000030d42a000,0x000000030d52a000)]
  0x00007fb4ff819800 JavaThread "C2 CompilerThread0" daemon [_thread_blocked, id=24323, stack(0x000000030d52d000,0x000000030d62d000)]
  0x00007fb4ff822000 JavaThread "C1 CompilerThread0" daemon [_thread_blocked, id=40451, stack(0x000000030d630000,0x000000030d730000)]
  0x00007fb4de008800 JavaThread "Sweeper thread" daemon [_thread_blocked, id=40195, stack(0x000000030d733000,0x000000030d833000)]
  0x00007fb4fe172000 JavaThread "Common-Cleaner" daemon [_thread_blocked, id=25859, stack(0x000000030d836000,0x000000030d936000)]
  0x00007fb4ff014800 JavaThread "Monitor Ctrl-Break" daemon [_thread_in_native, id=38659, stack(0x000000030d939000,0x000000030da39000)]
  0x00007fb4df82e000 JavaThread "Async-profiler Timer" daemon [_thread_in_native, id=38259, stack(0x000000030da3c000,0x000000030dabc000)]
  0x00007fb4ff8d1800 JavaThread "Attach Listener" daemon [_thread_blocked, id=36611, stack(0x000000030dc45000,0x000000030dd45000)]
  0x00007fb508068800 JavaThread "mysql-cj-abandoned-connection-cleanup" daemon [_thread_blocked, id=29955, stack(0x000000030dd48000,0x000000030de48000)]

Other Threads:
  0x00007fb4fe0c3800 VMThread "VM Thread" [stack: 0x000000030cf0d000,0x000000030d00d000] [id=17923]
  0x00007fb4fe32d000 WatcherThread [stack: 0x000000030db42000,0x000000030dc42000] [id=37207]
  0x00007fb4ff01b800 GCTaskThread "GC Thread#0" [stack: 0x000000030c9fe000,0x000000030cafe000] [id=13059]
  0x00007fb4ff03c000 ConcurrentGCThread "G1 Main Marker" [stack: 0x000000030cb01000,0x000000030cc01000] [id=19459]
  0x00007fb4fe009000 ConcurrentGCThread "G1 Conc#0" [stack: 0x000000030cc04000,0x000000030cd04000] [id=13827]
  0x00007fb4fe06b000 ConcurrentGCThread "G1 Refine#0" [stack: 0x000000030cd07000,0x000000030ce07000] [id=14339]
  0x00007fb4fe06c000 ConcurrentGCThread "G1 Young RemSet Sampling" [stack: 0x000000030ce0a000,0x000000030cf0a000] [id=18691]

Threads with active compile tasks:

VM state:not at safepoint (normal execution)

VM Mutex/Monitor currently owned by a thread: None

Heap address: 0x0000000780000000, size: 2048 MB, Compressed Oops mode: Zero based, Oop shift amount: 3
Narrow klass base: 0x0000000800000000, Narrow klass shift: 0
Compressed class space size: 1073741824 Address: 0x0000000800000000

Heap:
 garbage-first heap   total 131072K, used 14336K [0x0000000780000000, 0x0000000800000000)
  region size 1024K, 16 young (16384K), 0 survivors (0K)
 Metaspace       used 13578K, capacity 13875K, committed 14208K, reserved 1062912K
  class space    used 1262K, capacity 1380K, committed 1408K, reserved 1048576K
Heap Regions: E=young(eden), S=young(survivor), O=old, HS=humongous(starts), HC=humongous(continues), CS=collection set, F=free, A=archive, TAMS=top-at-mark-start (previous, next)
|   0|0x0000000780000000, 0x0000000780000000, 0x0000000780100000|  0%| F|  |TAMS 0x0000000780000000, 0x0000000780000000| Untracked 
|   1|0x0000000780100000, 0x0000000780100000, 0x0000000780200000|  0%| F|  |TAMS 0x0000000780100000, 0x0000000780100000| Untracked 
|   2|0x0000000780200000, 0x0000000780200000, 0x0000000780300000|  0%| F|  |TAMS 0x0000000780200000, 0x0000000780200000| Untracked 
|   3|0x0000000780300000, 0x0000000780300000, 0x0000000780400000|  0%| F|  |TAMS 0x0000000780300000, 0x0000000780300000| Untracked 
|   4|0x0000000780400000, 0x0000000780400000, 0x0000000780500000|  0%| F|  |TAMS 0x0000000780400000, 0x0000000780400000| Untracked 
|   5|0x0000000780500000, 0x0000000780500000, 0x0000000780600000|  0%| F|  |TAMS 0x0000000780500000, 0x0000000780500000| Untracked 
|   6|0x0000000780600000, 0x0000000780600000, 0x0000000780700000|  0%| F|  |TAMS 0x0000000780600000, 0x0000000780600000| Untracked 
|   7|0x0000000780700000, 0x0000000780700000, 0x0000000780800000|  0%| F|  |TAMS 0x0000000780700000, 0x0000000780700000| Untracked 
|   8|0x0000000780800000, 0x0000000780800000, 0x0000000780900000|  0%| F|  |TAMS 0x0000000780800000, 0x0000000780800000| Untracked 
|   9|0x0000000780900000, 0x0000000780900000, 0x0000000780a00000|  0%| F|  |TAMS 0x0000000780900000, 0x0000000780900000| Untracked 
|  10|0x0000000780a00000, 0x0000000780a00000, 0x0000000780b00000|  0%| F|  |TAMS 0x0000000780a00000, 0x0000000780a00000| Untracked 
|  11|0x0000000780b00000, 0x0000000780b00000, 0x0000000780c00000|  0%| F|  |TAMS 0x0000000780b00000, 0x0000000780b00000| Untracked 
|  12|0x0000000780c00000, 0x0000000780c00000, 0x0000000780d00000|  0%| F|  |TAMS 0x0000000780c00000, 0x0000000780c00000| Untracked 
|  13|0x0000000780d00000, 0x0000000780d00000, 0x0000000780e00000|  0%| F|  |TAMS 0x0000000780d00000, 0x0000000780d00000| Untracked 
|  14|0x0000000780e00000, 0x0000000780e00000, 0x0000000780f00000|  0%| F|  |TAMS 0x0000000780e00000, 0x0000000780e00000| Untracked 
|  15|0x0000000780f00000, 0x0000000780f00000, 0x0000000781000000|  0%| F|  |TAMS 0x0000000780f00000, 0x0000000780f00000| Untracked 
|  16|0x0000000781000000, 0x0000000781000000, 0x0000000781100000|  0%| F|  |TAMS 0x0000000781000000, 0x0000000781000000| Untracked 
|  17|0x0000000781100000, 0x0000000781100000, 0x0000000781200000|  0%| F|  |TAMS 0x0000000781100000, 0x0000000781100000| Untracked 
|  18|0x0000000781200000, 0x0000000781200000, 0x0000000781300000|  0%| F|  |TAMS 0x0000000781200000, 0x0000000781200000| Untracked 
|  19|0x0000000781300000, 0x0000000781300000, 0x0000000781400000|  0%| F|  |TAMS 0x0000000781300000, 0x0000000781300000| Untracked 
|  20|0x0000000781400000, 0x0000000781400000, 0x0000000781500000|  0%| F|  |TAMS 0x0000000781400000, 0x0000000781400000| Untracked 
|  21|0x0000000781500000, 0x0000000781500000, 0x0000000781600000|  0%| F|  |TAMS 0x0000000781500000, 0x0000000781500000| Untracked 
|  22|0x0000000781600000, 0x0000000781600000, 0x0000000781700000|  0%| F|  |TAMS 0x0000000781600000, 0x0000000781600000| Untracked 
|  23|0x0000000781700000, 0x0000000781700000, 0x0000000781800000|  0%| F|  |TAMS 0x0000000781700000, 0x0000000781700000| Untracked 
|  24|0x0000000781800000, 0x0000000781800000, 0x0000000781900000|  0%| F|  |TAMS 0x0000000781800000, 0x0000000781800000| Untracked 
|  25|0x0000000781900000, 0x0000000781900000, 0x0000000781a00000|  0%| F|  |TAMS 0x0000000781900000, 0x0000000781900000| Untracked 
|  26|0x0000000781a00000, 0x0000000781a00000, 0x0000000781b00000|  0%| F|  |TAMS 0x0000000781a00000, 0x0000000781a00000| Untracked 
|  27|0x0000000781b00000, 0x0000000781b00000, 0x0000000781c00000|  0%| F|  |TAMS 0x0000000781b00000, 0x0000000781b00000| Untracked 
|  28|0x0000000781c00000, 0x0000000781c00000, 0x0000000781d00000|  0%| F|  |TAMS 0x0000000781c00000, 0x0000000781c00000| Untracked 
|  29|0x0000000781d00000, 0x0000000781d00000, 0x0000000781e00000|  0%| F|  |TAMS 0x0000000781d00000, 0x0000000781d00000| Untracked 
|  30|0x0000000781e00000, 0x0000000781e00000, 0x0000000781f00000|  0%| F|  |TAMS 0x0000000781e00000, 0x0000000781e00000| Untracked 
|  31|0x0000000781f00000, 0x0000000781f00000, 0x0000000782000000|  0%| F|  |TAMS 0x0000000781f00000, 0x0000000781f00000| Untracked 
|  32|0x0000000782000000, 0x0000000782000000, 0x0000000782100000|  0%| F|  |TAMS 0x0000000782000000, 0x0000000782000000| Untracked 
|  33|0x0000000782100000, 0x0000000782100000, 0x0000000782200000|  0%| F|  |TAMS 0x0000000782100000, 0x0000000782100000| Untracked 
|  34|0x0000000782200000, 0x0000000782200000, 0x0000000782300000|  0%| F|  |TAMS 0x0000000782200000, 0x0000000782200000| Untracked 
|  35|0x0000000782300000, 0x0000000782300000, 0x0000000782400000|  0%| F|  |TAMS 0x0000000782300000, 0x0000000782300000| Untracked 
|  36|0x0000000782400000, 0x0000000782400000, 0x0000000782500000|  0%| F|  |TAMS 0x0000000782400000, 0x0000000782400000| Untracked 
|  37|0x0000000782500000, 0x0000000782500000, 0x0000000782600000|  0%| F|  |TAMS 0x0000000782500000, 0x0000000782500000| Untracked 
|  38|0x0000000782600000, 0x0000000782600000, 0x0000000782700000|  0%| F|  |TAMS 0x0000000782600000, 0x0000000782600000| Untracked 
|  39|0x0000000782700000, 0x0000000782700000, 0x0000000782800000|  0%| F|  |TAMS 0x0000000782700000, 0x0000000782700000| Untracked 
|  40|0x0000000782800000, 0x0000000782800000, 0x0000000782900000|  0%| F|  |TAMS 0x0000000782800000, 0x0000000782800000| Untracked 
|  41|0x0000000782900000, 0x0000000782900000, 0x0000000782a00000|  0%| F|  |TAMS 0x0000000782900000, 0x0000000782900000| Untracked 
|  42|0x0000000782a00000, 0x0000000782a00000, 0x0000000782b00000|  0%| F|  |TAMS 0x0000000782a00000, 0x0000000782a00000| Untracked 
|  43|0x0000000782b00000, 0x0000000782b00000, 0x0000000782c00000|  0%| F|  |TAMS 0x0000000782b00000, 0x0000000782b00000| Untracked 
|  44|0x0000000782c00000, 0x0000000782c00000, 0x0000000782d00000|  0%| F|  |TAMS 0x0000000782c00000, 0x0000000782c00000| Untracked 
|  45|0x0000000782d00000, 0x0000000782d00000, 0x0000000782e00000|  0%| F|  |TAMS 0x0000000782d00000, 0x0000000782d00000| Untracked 
|  46|0x0000000782e00000, 0x0000000782e00000, 0x0000000782f00000|  0%| F|  |TAMS 0x0000000782e00000, 0x0000000782e00000| Untracked 
|  47|0x0000000782f00000, 0x0000000782f00000, 0x0000000783000000|  0%| F|  |TAMS 0x0000000782f00000, 0x0000000782f00000| Untracked 
|  48|0x0000000783000000, 0x0000000783000000, 0x0000000783100000|  0%| F|  |TAMS 0x0000000783000000, 0x0000000783000000| Untracked 
|  49|0x0000000783100000, 0x0000000783100000, 0x0000000783200000|  0%| F|  |TAMS 0x0000000783100000, 0x0000000783100000| Untracked 
|  50|0x0000000783200000, 0x0000000783200000, 0x0000000783300000|  0%| F|  |TAMS 0x0000000783200000, 0x0000000783200000| Untracked 
|  51|0x0000000783300000, 0x0000000783300000, 0x0000000783400000|  0%| F|  |TAMS 0x0000000783300000, 0x0000000783300000| Untracked 
|  52|0x0000000783400000, 0x0000000783400000, 0x0000000783500000|  0%| F|  |TAMS 0x0000000783400000, 0x0000000783400000| Untracked 
|  53|0x0000000783500000, 0x0000000783500000, 0x0000000783600000|  0%| F|  |TAMS 0x0000000783500000, 0x0000000783500000| Untracked 
|  54|0x0000000783600000, 0x0000000783600000, 0x0000000783700000|  0%| F|  |TAMS 0x0000000783600000, 0x0000000783600000| Untracked 
|  55|0x0000000783700000, 0x0000000783700000, 0x0000000783800000|  0%| F|  |TAMS 0x0000000783700000, 0x0000000783700000| Untracked 
|  56|0x0000000783800000, 0x0000000783800000, 0x0000000783900000|  0%| F|  |TAMS 0x0000000783800000, 0x0000000783800000| Untracked 
|  57|0x0000000783900000, 0x0000000783900000, 0x0000000783a00000|  0%| F|  |TAMS 0x0000000783900000, 0x0000000783900000| Untracked 
|  58|0x0000000783a00000, 0x0000000783a00000, 0x0000000783b00000|  0%| F|  |TAMS 0x0000000783a00000, 0x0000000783a00000| Untracked 
|  59|0x0000000783b00000, 0x0000000783b00000, 0x0000000783c00000|  0%| F|  |TAMS 0x0000000783b00000, 0x0000000783b00000| Untracked 
|  60|0x0000000783c00000, 0x0000000783c00000, 0x0000000783d00000|  0%| F|  |TAMS 0x0000000783c00000, 0x0000000783c00000| Untracked 
|  61|0x0000000783d00000, 0x0000000783d00000, 0x0000000783e00000|  0%| F|  |TAMS 0x0000000783d00000, 0x0000000783d00000| Untracked 
|  62|0x0000000783e00000, 0x0000000783e00000, 0x0000000783f00000|  0%| F|  |TAMS 0x0000000783e00000, 0x0000000783e00000| Untracked 
|  63|0x0000000783f00000, 0x0000000783f00000, 0x0000000784000000|  0%| F|  |TAMS 0x0000000783f00000, 0x0000000783f00000| Untracked 
|  64|0x0000000784000000, 0x0000000784000000, 0x0000000784100000|  0%| F|  |TAMS 0x0000000784000000, 0x0000000784000000| Untracked 
|  65|0x0000000784100000, 0x0000000784100000, 0x0000000784200000|  0%| F|  |TAMS 0x0000000784100000, 0x0000000784100000| Untracked 
|  66|0x0000000784200000, 0x0000000784200000, 0x0000000784300000|  0%| F|  |TAMS 0x0000000784200000, 0x0000000784200000| Untracked 
|  67|0x0000000784300000, 0x0000000784300000, 0x0000000784400000|  0%| F|  |TAMS 0x0000000784300000, 0x0000000784300000| Untracked 
|  68|0x0000000784400000, 0x0000000784400000, 0x0000000784500000|  0%| F|  |TAMS 0x0000000784400000, 0x0000000784400000| Untracked 
|  69|0x0000000784500000, 0x0000000784500000, 0x0000000784600000|  0%| F|  |TAMS 0x0000000784500000, 0x0000000784500000| Untracked 
|  70|0x0000000784600000, 0x0000000784600000, 0x0000000784700000|  0%| F|  |TAMS 0x0000000784600000, 0x0000000784600000| Untracked 
|  71|0x0000000784700000, 0x0000000784700000, 0x0000000784800000|  0%| F|  |TAMS 0x0000000784700000, 0x0000000784700000| Untracked 
|  72|0x0000000784800000, 0x0000000784800000, 0x0000000784900000|  0%| F|  |TAMS 0x0000000784800000, 0x0000000784800000| Untracked 
|  73|0x0000000784900000, 0x0000000784900000, 0x0000000784a00000|  0%| F|  |TAMS 0x0000000784900000, 0x0000000784900000| Untracked 
|  74|0x0000000784a00000, 0x0000000784a00000, 0x0000000784b00000|  0%| F|  |TAMS 0x0000000784a00000, 0x0000000784a00000| Untracked 
|  75|0x0000000784b00000, 0x0000000784b00000, 0x0000000784c00000|  0%| F|  |TAMS 0x0000000784b00000, 0x0000000784b00000| Untracked 
|  76|0x0000000784c00000, 0x0000000784c00000, 0x0000000784d00000|  0%| F|  |TAMS 0x0000000784c00000, 0x0000000784c00000| Untracked 
|  77|0x0000000784d00000, 0x0000000784d00000, 0x0000000784e00000|  0%| F|  |TAMS 0x0000000784d00000, 0x0000000784d00000| Untracked 
|  78|0x0000000784e00000, 0x0000000784e00000, 0x0000000784f00000|  0%| F|  |TAMS 0x0000000784e00000, 0x0000000784e00000| Untracked 
|  79|0x0000000784f00000, 0x0000000784f00000, 0x0000000785000000|  0%| F|  |TAMS 0x0000000784f00000, 0x0000000784f00000| Untracked 
|  80|0x0000000785000000, 0x0000000785000000, 0x0000000785100000|  0%| F|  |TAMS 0x0000000785000000, 0x0000000785000000| Untracked 
|  81|0x0000000785100000, 0x0000000785100000, 0x0000000785200000|  0%| F|  |TAMS 0x0000000785100000, 0x0000000785100000| Untracked 
|  82|0x0000000785200000, 0x0000000785200000, 0x0000000785300000|  0%| F|  |TAMS 0x0000000785200000, 0x0000000785200000| Untracked 
|  83|0x0000000785300000, 0x0000000785300000, 0x0000000785400000|  0%| F|  |TAMS 0x0000000785300000, 0x0000000785300000| Untracked 
|  84|0x0000000785400000, 0x0000000785400000, 0x0000000785500000|  0%| F|  |TAMS 0x0000000785400000, 0x0000000785400000| Untracked 
|  85|0x0000000785500000, 0x0000000785500000, 0x0000000785600000|  0%| F|  |TAMS 0x0000000785500000, 0x0000000785500000| Untracked 
|  86|0x0000000785600000, 0x0000000785600000, 0x0000000785700000|  0%| F|  |TAMS 0x0000000785600000, 0x0000000785600000| Untracked 
|  87|0x0000000785700000, 0x0000000785700000, 0x0000000785800000|  0%| F|  |TAMS 0x0000000785700000, 0x0000000785700000| Untracked 
|  88|0x0000000785800000, 0x0000000785800000, 0x0000000785900000|  0%| F|  |TAMS 0x0000000785800000, 0x0000000785800000| Untracked 
|  89|0x0000000785900000, 0x0000000785900000, 0x0000000785a00000|  0%| F|  |TAMS 0x0000000785900000, 0x0000000785900000| Untracked 
|  90|0x0000000785a00000, 0x0000000785a00000, 0x0000000785b00000|  0%| F|  |TAMS 0x0000000785a00000, 0x0000000785a00000| Untracked 
|  91|0x0000000785b00000, 0x0000000785b00000, 0x0000000785c00000|  0%| F|  |TAMS 0x0000000785b00000, 0x0000000785b00000| Untracked 
|  92|0x0000000785c00000, 0x0000000785c00000, 0x0000000785d00000|  0%| F|  |TAMS 0x0000000785c00000, 0x0000000785c00000| Untracked 
|  93|0x0000000785d00000, 0x0000000785d00000, 0x0000000785e00000|  0%| F|  |TAMS 0x0000000785d00000, 0x0000000785d00000| Untracked 
|  94|0x0000000785e00000, 0x0000000785e00000, 0x0000000785f00000|  0%| F|  |TAMS 0x0000000785e00000, 0x0000000785e00000| Untracked 
|  95|0x0000000785f00000, 0x0000000785f00000, 0x0000000786000000|  0%| F|  |TAMS 0x0000000785f00000, 0x0000000785f00000| Untracked 
|  96|0x0000000786000000, 0x0000000786000000, 0x0000000786100000|  0%| F|  |TAMS 0x0000000786000000, 0x0000000786000000| Untracked 
|  97|0x0000000786100000, 0x0000000786100000, 0x0000000786200000|  0%| F|  |TAMS 0x0000000786100000, 0x0000000786100000| Untracked 
|  98|0x0000000786200000, 0x0000000786200000, 0x0000000786300000|  0%| F|  |TAMS 0x0000000786200000, 0x0000000786200000| Untracked 
|  99|0x0000000786300000, 0x0000000786300000, 0x0000000786400000|  0%| F|  |TAMS 0x0000000786300000, 0x0000000786300000| Untracked 
| 100|0x0000000786400000, 0x0000000786400000, 0x0000000786500000|  0%| F|  |TAMS 0x0000000786400000, 0x0000000786400000| Untracked 
| 101|0x0000000786500000, 0x0000000786500000, 0x0000000786600000|  0%| F|  |TAMS 0x0000000786500000, 0x0000000786500000| Untracked 
| 102|0x0000000786600000, 0x0000000786600000, 0x0000000786700000|  0%| F|  |TAMS 0x0000000786600000, 0x0000000786600000| Untracked 
| 103|0x0000000786700000, 0x0000000786700000, 0x0000000786800000|  0%| F|  |TAMS 0x0000000786700000, 0x0000000786700000| Untracked 
| 104|0x0000000786800000, 0x0000000786800000, 0x0000000786900000|  0%| F|  |TAMS 0x0000000786800000, 0x0000000786800000| Untracked 
| 105|0x0000000786900000, 0x0000000786900000, 0x0000000786a00000|  0%| F|  |TAMS 0x0000000786900000, 0x0000000786900000| Untracked 
| 106|0x0000000786a00000, 0x0000000786a00000, 0x0000000786b00000|  0%| F|  |TAMS 0x0000000786a00000, 0x0000000786a00000| Untracked 
| 107|0x0000000786b00000, 0x0000000786b00000, 0x0000000786c00000|  0%| F|  |TAMS 0x0000000786b00000, 0x0000000786b00000| Untracked 
| 108|0x0000000786c00000, 0x0000000786c00000, 0x0000000786d00000|  0%| F|  |TAMS 0x0000000786c00000, 0x0000000786c00000| Untracked 
| 109|0x0000000786d00000, 0x0000000786d00000, 0x0000000786e00000|  0%| F|  |TAMS 0x0000000786d00000, 0x0000000786d00000| Untracked 
| 110|0x0000000786e00000, 0x0000000786e00000, 0x0000000786f00000|  0%| F|  |TAMS 0x0000000786e00000, 0x0000000786e00000| Untracked 
| 111|0x0000000786f00000, 0x0000000786f00000, 0x0000000787000000|  0%| F|  |TAMS 0x0000000786f00000, 0x0000000786f00000| Untracked 
| 112|0x0000000787000000, 0x000000078709c830, 0x0000000787100000| 61%| E|  |TAMS 0x0000000787000000, 0x0000000787000000| Complete 
| 113|0x0000000787100000, 0x0000000787200000, 0x0000000787200000|100%| E|  |TAMS 0x0000000787100000, 0x0000000787100000| Complete 
| 114|0x0000000787200000, 0x0000000787300000, 0x0000000787300000|100%| E|CS|TAMS 0x0000000787200000, 0x0000000787200000| Complete 
| 115|0x0000000787300000, 0x0000000787400000, 0x0000000787400000|100%| E|CS|TAMS 0x0000000787300000, 0x0000000787300000| Complete 
| 116|0x0000000787400000, 0x0000000787500000, 0x0000000787500000|100%| E|CS|TAMS 0x0000000787400000, 0x0000000787400000| Complete 
| 117|0x0000000787500000, 0x0000000787600000, 0x0000000787600000|100%| E|CS|TAMS 0x0000000787500000, 0x0000000787500000| Complete 
| 118|0x0000000787600000, 0x0000000787700000, 0x0000000787700000|100%| E|CS|TAMS 0x0000000787600000, 0x0000000787600000| Complete 
| 119|0x0000000787700000, 0x0000000787800000, 0x0000000787800000|100%| E|CS|TAMS 0x0000000787700000, 0x0000000787700000| Complete 
| 120|0x0000000787800000, 0x0000000787900000, 0x0000000787900000|100%| E|CS|TAMS 0x0000000787800000, 0x0000000787800000| Complete 
| 121|0x0000000787900000, 0x0000000787a00000, 0x0000000787a00000|100%| E|CS|TAMS 0x0000000787900000, 0x0000000787900000| Complete 
| 122|0x0000000787a00000, 0x0000000787b00000, 0x0000000787b00000|100%| E|CS|TAMS 0x0000000787a00000, 0x0000000787a00000| Complete 
| 123|0x0000000787b00000, 0x0000000787c00000, 0x0000000787c00000|100%| E|CS|TAMS 0x0000000787b00000, 0x0000000787b00000| Complete 
| 124|0x0000000787c00000, 0x0000000787d00000, 0x0000000787d00000|100%| E|CS|TAMS 0x0000000787c00000, 0x0000000787c00000| Complete 
| 125|0x0000000787d00000, 0x0000000787e00000, 0x0000000787e00000|100%| E|CS|TAMS 0x0000000787d00000, 0x0000000787d00000| Complete 
| 126|0x0000000787e00000, 0x0000000787f00000, 0x0000000787f00000|100%| E|CS|TAMS 0x0000000787e00000, 0x0000000787e00000| Complete 
| 127|0x0000000787f00000, 0x0000000788000000, 0x0000000788000000|100%| E|CS|TAMS 0x0000000787f00000, 0x0000000787f00000| Complete 

Card table byte_map: [0x00000001275b7000,0x00000001279b7000] _byte_map_base: 0x00000001239b7000

Marking Bits (Prev, Next): (CMBitMap*) 0x00007fb4ff033218, (CMBitMap*) 0x00007fb4ff033250
 Prev Bits: [0x0000000127db7000, 0x0000000129db7000)
 Next Bits: [0x0000000129db7000, 0x000000012bdb7000)

Polling page: 0x0000000104388000

Metaspace:

Usage:
  Non-class:     12.20 MB capacity,    12.03 MB ( 99%) used,   155.80 KB (  1%) free+waste,    23.06 KB ( <1%) overhead. 
      Class:      1.35 MB capacity,     1.23 MB ( 91%) used,   106.41 KB (  8%) free+waste,    11.19 KB ( <1%) overhead. 
       Both:     13.55 MB capacity,    13.26 MB ( 98%) used,   262.21 KB (  2%) free+waste,    34.25 KB ( <1%) overhead. 

Virtual space:
  Non-class space:       14.00 MB reserved,      12.50 MB ( 89%) committed 
      Class space:        1.00 GB reserved,       1.38 MB ( <1%) committed 
             Both:        1.01 GB reserved,      13.88 MB (  1%) committed 

Chunk freelists:
   Non-Class:  169.00 KB
       Class:  28.00 KB
        Both:  197.00 KB

MaxMetaspaceSize: unlimited
CompressedClassSpaceSize: 1.00 GB
Initial GC threshold: 20.80 MB
Current GC threshold: 20.80 MB
CDS: off

CodeHeap 'non-profiled nmethods': size=120032Kb used=362Kb max_used=362Kb free=119669Kb
 bounds [0x000000011fb94000, 0x000000011fe04000, 0x00000001270cc000]
CodeHeap 'profiled nmethods': size=120028Kb used=2040Kb max_used=2040Kb free=117987Kb
 bounds [0x000000011865d000, 0x00000001188cd000, 0x000000011fb94000]
CodeHeap 'non-nmethods': size=5700Kb used=1163Kb max_used=1175Kb free=4536Kb
 bounds [0x00000001180cc000, 0x000000011833c000, 0x000000011865d000]
 total_blobs=1372 nmethods=943 adapters=344
 compilation: enabled
              stopped_count=0, restarted_count=0
 full_count=0

Compilation events (20 events):
Event: 6.810 Thread 0x00007fb4ff822000  930       3       java.util.HashMap$EntrySet::iterator (12 bytes)
Event: 6.810 Thread 0x00007fb4ff822000 nmethod 930 0x0000000118858810 code [0x00000001188589e0, 0x0000000118858c40]
Event: 6.812 Thread 0x00007fb4ff819800 nmethod 926 0x000000011fbecc10 code [0x000000011fbecdc0, 0x000000011fbed0b8]
Event: 6.819 Thread 0x00007fb4ff822000  932       3       java.nio.HeapByteBuffer::byteOffset (7 bytes)
Event: 6.819 Thread 0x00007fb4ff822000 nmethod 932 0x0000000118858d90 code [0x0000000118858f40, 0x0000000118859030]
Event: 6.819 Thread 0x00007fb4ff822000  933       3       java.nio.Buffer::nextGetIndex (32 bytes)
Event: 6.819 Thread 0x00007fb4ff822000 nmethod 933 0x0000000118859110 code [0x00000001188592e0, 0x00000001188594a0]
Event: 6.820 Thread 0x00007fb4ff822000  934       3       jdk.internal.misc.Unsafe::getCharUnaligned (12 bytes)
Event: 6.820 Thread 0x00007fb4ff819800  940       4       java.nio.HeapByteBuffer::byteOffset (7 bytes)
Event: 6.820 Thread 0x00007fb4ff822000 nmethod 934 0x0000000118859610 code [0x00000001188597c0, 0x00000001188599f0]
Event: 6.820 Thread 0x00007fb4ff822000  935       3       jdk.internal.misc.Unsafe::getCharUnaligned (34 bytes)
Event: 6.821 Thread 0x00007fb4ff819800 nmethod 940 0x000000011fbeda90 code [0x000000011fbedc20, 0x000000011fbedc98]
Event: 6.821 Thread 0x00007fb4ff822000 nmethod 935 0x0000000118859b90 code [0x0000000118859d60, 0x000000011885a0f0]
Event: 6.821 Thread 0x00007fb4ff822000  937       3       jdk.internal.misc.Unsafe::convEndian (16 bytes)
Event: 6.821 Thread 0x00007fb4ff822000 nmethod 937 0x000000011885a310 code [0x000000011885a4c0, 0x000000011885a670]
Event: 6.821 Thread 0x00007fb4ff822000  938       3       java.lang.Character::reverseBytes (14 bytes)
Event: 6.821 Thread 0x00007fb4ff822000 nmethod 938 0x000000011885a790 code [0x000000011885a940, 0x000000011885aa30]
Event: 6.821 Thread 0x00007fb4ff822000  939       2       java.nio.HeapByteBuffer::getChar (25 bytes)
Event: 6.821 Thread 0x00007fb4ff819800  941       4       java.nio.Buffer::nextGetIndex (32 bytes)
Event: 6.822 Thread 0x00007fb4ff822000 nmethod 939 0x000000011885ab10 code [0x000000011885acc0, 0x000000011885aea0]

GC Heap History (0 events):
No events

Deoptimization events (20 events):
Event: 6.368 Thread 0x00007fb4ff809000 DEOPT PACKING pc=0x000000011fb9ee14 sp=0x000000030c9f9290
Event: 6.368 Thread 0x00007fb4ff809000 DEOPT UNPACKING pc=0x0000000118115e9f sp=0x000000030c9f9240 mode 2
Event: 6.370 Thread 0x00007fb4ff809000 Uncommon trap: trap_request=0xffffffc6 fr.pc=0x000000011fb9ee14 relative=0x0000000000000074
Event: 6.370 Thread 0x00007fb4ff809000 Uncommon trap: reason=bimorphic_or_optimized_type_check action=maybe_recompile pc=0x000000011fb9ee14 method=java.util.AbstractCollection.isEmpty()Z @ 1 c2
Event: 6.370 Thread 0x00007fb4ff809000 DEOPT PACKING pc=0x000000011fb9ee14 sp=0x000000030c9f9270
Event: 6.370 Thread 0x00007fb4ff809000 DEOPT UNPACKING pc=0x0000000118115e9f sp=0x000000030c9f9220 mode 2
Event: 6.582 Thread 0x00007fb4ff809000 DEOPT PACKING pc=0x00000001186d2ee6 sp=0x000000030c9f8410
Event: 6.582 Thread 0x00007fb4ff809000 DEOPT UNPACKING pc=0x000000011811662b sp=0x000000030c9f7880 mode 0
Event: 6.649 Thread 0x00007fb4ff809000 DEOPT PACKING pc=0x0000000118768384 sp=0x000000030c9f9850
Event: 6.649 Thread 0x00007fb4ff809000 DEOPT UNPACKING pc=0x000000011811662b sp=0x000000030c9f8cc8 mode 0
Event: 6.722 Thread 0x00007fb4ff809000 Uncommon trap: trap_request=0xffffff4d fr.pc=0x000000011fba22b0 relative=0x0000000000000cb0
Event: 6.722 Thread 0x00007fb4ff809000 Uncommon trap: reason=unstable_if action=reinterpret pc=0x000000011fba22b0 method=java.util.HashMap.putVal(ILjava/lang/Object;Ljava/lang/Object;ZZ)Ljava/lang/Object; @ 181 c2
Event: 6.722 Thread 0x00007fb4ff809000 DEOPT PACKING pc=0x000000011fba22b0 sp=0x000000030c9f9cf0
Event: 6.722 Thread 0x00007fb4ff809000 DEOPT UNPACKING pc=0x0000000118115e9f sp=0x000000030c9f9c90 mode 2
Event: 6.739 Thread 0x00007fb4ff809000 DEOPT PACKING pc=0x0000000118740715 sp=0x000000030c9f9af0
Event: 6.739 Thread 0x00007fb4ff809000 DEOPT UNPACKING pc=0x000000011811662b sp=0x000000030c9f8ff0 mode 0
Event: 6.751 Thread 0x00007fb4ff809000 Uncommon trap: trap_request=0xffffff4d fr.pc=0x000000011fbce7e4 relative=0x00000000000001c4
Event: 6.751 Thread 0x00007fb4ff809000 Uncommon trap: reason=unstable_if action=reinterpret pc=0x000000011fbce7e4 method=java.lang.String.startsWith(Ljava/lang/String;I)Z @ 1 c2
Event: 6.751 Thread 0x00007fb4ff809000 DEOPT PACKING pc=0x000000011fbce7e4 sp=0x000000030c9f7fd0
Event: 6.751 Thread 0x00007fb4ff809000 DEOPT UNPACKING pc=0x0000000118115e9f sp=0x000000030c9f7f60 mode 2

Classes redefined (0 events):
No events

Internal exceptions (4 events):
Event: 0.361 Thread 0x00007fb4ff809000 Exception <a 'java/lang/NoClassDefFoundError'{0x0000000787d09360}: jdk/internal/loader/NativeLibraries> (0x0000000787d09360) thrown at [src/hotspot/share/classfile/systemDictionary.cpp, line 219]
Event: 0.364 Thread 0x00007fb4ff809000 Exception <a 'java/lang/NoSuchMethodError'{0x0000000787d0b1d8}: 'java.lang.Object java.lang.invoke.DirectMethodHandle$Holder.invokeStaticInit(java.lang.Object, java.lang.Object, java.lang.Object)'> (0x0000000787d0b1d8) thrown at [src/hotspot/share/interpreter/linkResolver.cpp, line 773]
Event: 6.497 Thread 0x00007fb4ff809000 Exception <a 'java/lang/NoSuchMethodError'{0x00000007879d4ce8}: 'java.lang.Object java.lang.invoke.DirectMethodHandle$Holder.invokeVirtual(java.lang.Object, java.lang.Object, java.lang.Object)'> (0x00000007879d4ce8) thrown at [src/hotspot/share/interpreter/linkResolver.cpp, line 773]
Event: 6.740 Thread 0x00007fb4ff809000 Exception <a 'java/lang/NoSuchMethodError'{0x00000007872c7bc8}: 'void java.lang.invoke.DirectMethodHandle$Holder.invokeStaticInit(java.lang.Object, java.lang.Object)'> (0x00000007872c7bc8) thrown at [src/hotspot/share/interpreter/linkResolver.cpp, line 773]

Events (20 events):
Event: 6.813 loading class sun/text/normalizer/ICUBinary$Authenticate done
Event: 6.813 loading class sun/text/normalizer/NormalizerImpl$IsAcceptable done
Event: 6.813 loading class sun/text/normalizer/ICUBinary
Event: 6.813 loading class sun/text/normalizer/ICUBinary done
Event: 6.813 loading class sun/text/normalizer/ICUBinary$1
Event: 6.813 loading class sun/text/normalizer/ICUBinary$1 done
Event: 6.813 loading class jdk/internal/module/Checks
Event: 6.813 loading class jdk/internal/module/Checks done
Event: 6.818 loading class sun/text/normalizer/VersionInfo
Event: 6.818 loading class sun/text/normalizer/VersionInfo done
Event: 6.819 loading class sun/text/normalizer/Trie2_16
Event: 6.819 loading class sun/text/normalizer/Trie2
Event: 6.819 loading class sun/text/normalizer/Trie2 done
Event: 6.819 loading class sun/text/normalizer/Trie2_16 done
Event: 6.819 loading class sun/text/normalizer/Trie2$1
Event: 6.819 loading class sun/text/normalizer/Trie2$ValueMapper
Event: 6.819 loading class sun/text/normalizer/Trie2$ValueMapper done
Event: 6.819 loading class sun/text/normalizer/Trie2$1 done
Event: 6.819 loading class sun/text/normalizer/Trie2$UTrie2Header
Event: 6.819 loading class sun/text/normalizer/Trie2$UTrie2Header done


Dynamic libraries:
0x000000010c9ba000 	/Users/jojunbeom/Library/Java/JavaVirtualMachines/corretto-11.0.14.1/Contents/Home/lib/jli/libjli.dylib
0x00007ff83067c000 	/System/Library/Frameworks/Cocoa.framework/Versions/A/Cocoa
0x00007ff81bf1d000 	/System/Library/Frameworks/AppKit.framework/Versions/C/AppKit
0x00007ff81f46d000 	/System/Library/Frameworks/CoreData.framework/Versions/A/CoreData
0x00007ff81a338000 	/System/Library/Frameworks/Foundation.framework/Versions/C/Foundation
0x00007ff824760000 	/usr/lib/libSystem.B.dylib
0x00007ff81cdaa000 	/System/Library/PrivateFrameworks/UIFoundation.framework/Versions/A/UIFoundation
0x00007ff82a654000 	/System/Library/PrivateFrameworks/RemoteViewServices.framework/Versions/A/RemoteViewServices
0x00007ff822953000 	/System/Library/PrivateFrameworks/XCTTargetBootstrap.framework/Versions/A/XCTTargetBootstrap
0x00007ff82662b000 	/System/Library/PrivateFrameworks/InternationalSupport.framework/Versions/A/InternationalSupport
0x00007ff8266b5000 	/System/Library/PrivateFrameworks/UserActivity.framework/Versions/A/UserActivity
0x00007ff825a12000 	/usr/lib/libspindump.dylib
0x00007ff81d038000 	/System/Library/Frameworks/UniformTypeIdentifiers.framework/Versions/A/UniformTypeIdentifiers
0x00007ff821092000 	/usr/lib/libapp_launch_measurement.dylib
0x00007ff81fe47000 	/System/Library/PrivateFrameworks/CoreAnalytics.framework/Versions/A/CoreAnalytics
0x00007ff821095000 	/System/Library/PrivateFrameworks/CoreAutoLayout.framework/Versions/A/CoreAutoLayout
0x00007ff8222b4000 	/System/Library/Frameworks/Metal.framework/Versions/A/Metal
0x00007ff822fcb000 	/usr/lib/liblangid.dylib
0x00007ff822957000 	/System/Library/PrivateFrameworks/CoreSVG.framework/Versions/A/CoreSVG
0x00007ff81e3fa000 	/System/Library/PrivateFrameworks/SkyLight.framework/Versions/A/SkyLight
0x00007ff81e78b000 	/System/Library/Frameworks/CoreGraphics.framework/Versions/A/CoreGraphics
0x00007ff82acbf000 	/System/Library/Frameworks/Accelerate.framework/Versions/A/Accelerate
0x00007ff82548d000 	/System/Library/PrivateFrameworks/IconServices.framework/Versions/A/IconServices
0x00007ff822299000 	/System/Library/Frameworks/IOSurface.framework/Versions/A/IOSurface
0x00007ff81fe75000 	/usr/lib/libDiagnosticMessagesClient.dylib
0x00007ff82467a000 	/usr/lib/libz.1.dylib
0x00007ff82e31e000 	/System/Library/Frameworks/ApplicationServices.framework/Versions/A/ApplicationServices
0x00007ff82293f000 	/System/Library/PrivateFrameworks/DFRFoundation.framework/Versions/A/DFRFoundation
0x00007ff81b80e000 	/usr/lib/libicucore.A.dylib
0x00007ff82734d000 	/System/Library/Frameworks/AudioToolbox.framework/Versions/A/AudioToolbox
0x00007ff826637000 	/System/Library/PrivateFrameworks/DataDetectorsCore.framework/Versions/A/DataDetectorsCore
0x00007ff921dcc000 	/System/Library/PrivateFrameworks/TextInput.framework/Versions/A/TextInput
0x00007ff81e37d000 	/usr/lib/libMobileGestalt.dylib
0x00007ff822647000 	/System/Library/Frameworks/Carbon.framework/Versions/A/Frameworks/HIToolbox.framework/Versions/A/HIToolbox
0x00007ff820ac0000 	/System/Library/Frameworks/QuartzCore.framework/Versions/A/QuartzCore
0x00007ff81b4af000 	/System/Library/Frameworks/Security.framework/Versions/A/Security
0x00007ff82a68c000 	/System/Library/Frameworks/Carbon.framework/Versions/A/Frameworks/SpeechRecognition.framework/Versions/A/SpeechRecognition
0x00007ff820df2000 	/System/Library/PrivateFrameworks/CoreUI.framework/Versions/A/CoreUI
0x00007ff81ad89000 	/System/Library/Frameworks/CoreAudio.framework/Versions/A/CoreAudio
0x00007ff81ff63000 	/System/Library/Frameworks/DiskArbitration.framework/Versions/A/DiskArbitration
0x00007ff825df5000 	/System/Library/PrivateFrameworks/MultitouchSupport.framework/Versions/A/MultitouchSupport
0x00007ff81e37c000 	/usr/lib/libenergytrace.dylib
0x00007ff81be09000 	/System/Library/Frameworks/IOKit.framework/Versions/A/IOKit
0x00007ff82aa76000 	/System/Library/Frameworks/CoreServices.framework/Versions/A/CoreServices
0x00007ff82102c000 	/System/Library/PrivateFrameworks/PerformanceAnalysis.framework/Versions/A/PerformanceAnalysis
0x00007ffa3183b000 	/System/Library/Frameworks/OpenGL.framework/Versions/A/OpenGL
0x00007ff823cb2000 	/System/Library/PrivateFrameworks/MobileKeyBag.framework/Versions/A/MobileKeyBag
0x00007ff8193d0000 	/usr/lib/libobjc.A.dylib
0x00007ff81eeba000 	/System/Library/Frameworks/ColorSync.framework/Versions/A/ColorSync
0x00007ff81958c000 	/System/Library/Frameworks/CoreFoundation.framework/Versions/A/CoreFoundation
0x00007ff822bd2000 	/System/Library/Frameworks/CoreImage.framework/Versions/A/CoreImage
0x00007ff81ab9f000 	/System/Library/Frameworks/CoreText.framework/Versions/A/CoreText
0x00007ff822986000 	/System/Library/Frameworks/ImageIO.framework/Versions/A/ImageIO
0x00007ff824766000 	/System/Library/PrivateFrameworks/SoftLinking.framework/Versions/A/SoftLinking
0x00007ff8210dd000 	/usr/lib/libxml2.2.dylib
0x00007ff819499000 	/usr/lib/libc++.1.dylib
0x00007ff8249e6000 	/usr/lib/libcompression.dylib
0x00007ff826561000 	/System/Library/PrivateFrameworks/TextureIO.framework/Versions/A/TextureIO
0x00007ff825106000 	/usr/lib/libate.dylib
0x00007ff82475b000 	/usr/lib/system/libcache.dylib
0x00007ff824717000 	/usr/lib/system/libcommonCrypto.dylib
0x00007ff824740000 	/usr/lib/system/libcompiler_rt.dylib
0x00007ff824736000 	/usr/lib/system/libcopyfile.dylib
0x00007ff8192ca000 	/usr/lib/system/libcorecrypto.dylib
0x00007ff819389000 	/usr/lib/system/libdispatch.dylib
0x00007ff81954b000 	/usr/lib/system/libdyld.dylib
0x00007ff824752000 	/usr/lib/system/libkeymgr.dylib
0x00007ff8246f5000 	/usr/lib/system/libmacho.dylib
0x00007ff823d86000 	/usr/lib/system/libquarantine.dylib
0x00007ff824750000 	/usr/lib/system/libremovefile.dylib
0x00007ff81e3c9000 	/usr/lib/system/libsystem_asl.dylib
0x00007ff819278000 	/usr/lib/system/libsystem_blocks.dylib
0x00007ff819410000 	/usr/lib/system/libsystem_c.dylib
0x00007ff824748000 	/usr/lib/system/libsystem_collections.dylib
0x00007ff822fbc000 	/usr/lib/system/libsystem_configuration.dylib
0x00007ff82227c000 	/usr/lib/system/libsystem_containermanager.dylib
0x00007ff82442e000 	/usr/lib/system/libsystem_coreservices.dylib
0x00007ff81ba97000 	/usr/lib/system/libsystem_darwin.dylib
0x00007ff824753000 	/usr/lib/system/libsystem_dnssd.dylib
0x00007ff81940d000 	/usr/lib/system/libsystem_featureflags.dylib
0x00007ff819561000 	/usr/lib/system/libsystem_info.dylib
0x00007ff82468d000 	/usr/lib/system/libsystem_m.dylib
0x00007ff81935d000 	/usr/lib/system/libsystem_malloc.dylib
0x00007ff81e366000 	/usr/lib/system/libsystem_networkextension.dylib
0x00007ff81bebf000 	/usr/lib/system/libsystem_notify.dylib
0x00007ff82a94d000 	/usr/lib/system/libsystem_product_info_filter.dylib
0x00007ff822fc0000 	/usr/lib/system/libsystem_sandbox.dylib
0x00007ff82474d000 	/usr/lib/system/libsystem_secinit.dylib
0x00007ff819508000 	/usr/lib/system/libsystem_kernel.dylib
0x00007ff819557000 	/usr/lib/system/libsystem_platform.dylib
0x00007ff81953f000 	/usr/lib/system/libsystem_pthread.dylib
0x00007ff81fc8d000 	/usr/lib/system/libsystem_symptoms.dylib
0x00007ff8192b1000 	/usr/lib/system/libsystem_trace.dylib
0x00007ff824723000 	/usr/lib/system/libunwind.dylib
0x00007ff81927a000 	/usr/lib/system/libxpc.dylib
0x00007ff8194f2000 	/usr/lib/libc++abi.dylib
0x00007ff82472e000 	/usr/lib/liboah.dylib
0x00007ff824ebf000 	/usr/lib/liblzma.5.dylib
0x00007ff81a049000 	/System/Library/Frameworks/SystemConfiguration.framework/Versions/A/SystemConfiguration
0x00007ff824762000 	/usr/lib/libfakelink.dylib
0x00007ff81ded0000 	/System/Library/Frameworks/CFNetwork.framework/Versions/A/CFNetwork
0x00007ff8248a1000 	/usr/lib/libarchive.2.dylib
0x00007ff822fc7000 	/System/Library/PrivateFrameworks/AppleSystemInfo.framework/Versions/A/AppleSystemInfo
0x00007ff823dac000 	/usr/lib/libbsm.0.dylib
0x00007ff81d507000 	/usr/lib/libnetwork.dylib
0x00007ff8246fb000 	/usr/lib/system/libkxld.dylib
0x00007ff8239db000 	/System/Library/PrivateFrameworks/IOMobileFramebuffer.framework/Versions/A/IOMobileFramebuffer
0x00007ffb2f1dd000 	/usr/lib/libCoreEntitlements.dylib
0x00007ff824410000 	/System/Library/PrivateFrameworks/AppleFSCompression.framework/Versions/A/AppleFSCompression
0x00007ff823d95000 	/usr/lib/libcoretls.dylib
0x00007ff824ed9000 	/usr/lib/libcoretls_cfhelpers.dylib
0x00007ff8249e1000 	/usr/lib/libpam.2.dylib
0x00007ff81f8b3000 	/usr/lib/libsqlite3.dylib
0x00007ff824f48000 	/usr/lib/libxar.1.dylib
0x00007ff824420000 	/usr/lib/libbz2.1.0.dylib
0x00007ff824767000 	/usr/lib/libpcap.A.dylib
0x00007ff81fc84000 	/usr/lib/libdns_services.dylib
0x00007ff8249b3000 	/usr/lib/libapple_nghttp2.dylib
0x00007ff82479e000 	/usr/lib/libiconv.2.dylib
0x00007ff8246f4000 	/usr/lib/libcharset.1.dylib
0x00007ff821060000 	/System/Library/Frameworks/CoreServices.framework/Versions/A/Frameworks/FSEvents.framework/Versions/A/FSEvents
0x00007ff81baa1000 	/System/Library/Frameworks/CoreServices.framework/Versions/A/Frameworks/CarbonCore.framework/Versions/A/CarbonCore
0x00007ff81fec8000 	/System/Library/Frameworks/CoreServices.framework/Versions/A/Frameworks/Metadata.framework/Versions/A/Metadata
0x00007ff824433000 	/System/Library/Frameworks/CoreServices.framework/Versions/A/Frameworks/OSServices.framework/Versions/A/OSServices
0x00007ff824927000 	/System/Library/Frameworks/CoreServices.framework/Versions/A/Frameworks/SearchKit.framework/Versions/A/SearchKit
0x00007ff81fc16000 	/System/Library/Frameworks/CoreServices.framework/Versions/A/Frameworks/AE.framework/Versions/A/AE
0x00007ff819a8d000 	/System/Library/Frameworks/CoreServices.framework/Versions/A/Frameworks/LaunchServices.framework/Versions/A/LaunchServices
0x00007ff824e70000 	/System/Library/Frameworks/CoreServices.framework/Versions/A/Frameworks/DictionaryServices.framework/Versions/A/DictionaryServices
0x00007ff82106d000 	/System/Library/Frameworks/CoreServices.framework/Versions/A/Frameworks/SharedFileList.framework/Versions/A/SharedFileList
0x00007ff823d89000 	/usr/lib/libCheckFix.dylib
0x00007ff81e3e0000 	/System/Library/PrivateFrameworks/TCC.framework/Versions/A/TCC
0x00007ff822fcd000 	/System/Library/PrivateFrameworks/CoreNLP.framework/Versions/A/CoreNLP
0x00007ff81fe78000 	/System/Library/PrivateFrameworks/MetadataUtilities.framework/Versions/A/MetadataUtilities
0x00007ff81a0f9000 	/usr/lib/libmecabra.dylib
0x00007ff823dbc000 	/usr/lib/libmecab.dylib
0x00007ff81a0c4000 	/usr/lib/libCRFSuite.dylib
0x00007ff823e19000 	/usr/lib/libgermantok.dylib
0x00007ff82498e000 	/usr/lib/libThaiTokenizer.dylib
0x00007ff81ff6a000 	/System/Library/Frameworks/Accelerate.framework/Versions/A/Frameworks/vImage.framework/Versions/A/vImage
0x00007ff82aa4d000 	/System/Library/Frameworks/Accelerate.framework/Versions/A/Frameworks/vecLib.framework/Versions/A/vecLib
0x00007ff824f89000 	/System/Library/Frameworks/Accelerate.framework/Versions/A/Frameworks/vecLib.framework/Versions/A/libvMisc.dylib
0x00007ff8237cf000 	/System/Library/Frameworks/Accelerate.framework/Versions/A/Frameworks/vecLib.framework/Versions/A/libvDSP.dylib
0x00007ff819e05000 	/System/Library/Frameworks/Accelerate.framework/Versions/A/Frameworks/vecLib.framework/Versions/A/libBLAS.dylib
0x00007ff824ac3000 	/System/Library/Frameworks/Accelerate.framework/Versions/A/Frameworks/vecLib.framework/Versions/A/libLAPACK.dylib
0x00007ff823e1c000 	/System/Library/Frameworks/Accelerate.framework/Versions/A/Frameworks/vecLib.framework/Versions/A/libLinearAlgebra.dylib
0x00007ff8249cc000 	/System/Library/Frameworks/Accelerate.framework/Versions/A/Frameworks/vecLib.framework/Versions/A/libSparseBLAS.dylib
0x00007ff824abd000 	/System/Library/Frameworks/Accelerate.framework/Versions/A/Frameworks/vecLib.framework/Versions/A/libQuadrature.dylib
0x00007ff8230b7000 	/System/Library/Frameworks/Accelerate.framework/Versions/A/Frameworks/vecLib.framework/Versions/A/libBNNS.dylib
0x00007ff819fda000 	/System/Library/Frameworks/Accelerate.framework/Versions/A/Frameworks/vecLib.framework/Versions/A/libSparse.dylib
0x00007ff8230b0000 	/System/Library/PrivateFrameworks/LinguisticData.framework/Versions/A/LinguisticData
0x00007ff819f8f000 	/System/Library/PrivateFrameworks/Lexicon.framework/Versions/A/Lexicon
0x00007ff824f82000 	/usr/lib/libChineseTokenizer.dylib
0x00007ff81a6f3000 	/System/Library/PrivateFrameworks/LanguageModeling.framework/Versions/A/LanguageModeling
0x00007ff824990000 	/System/Library/PrivateFrameworks/AppleSauce.framework/Versions/A/AppleSauce
0x00007ff8239c9000 	/System/Library/PrivateFrameworks/CoreEmoji.framework/Versions/A/CoreEmoji
0x00007ff824890000 	/usr/lib/libcmph.dylib
0x00007ff821044000 	/System/Library/Frameworks/OpenDirectory.framework/Versions/A/Frameworks/CFOpenDirectory.framework/Versions/A/CFOpenDirectory
0x00007ff821038000 	/System/Library/Frameworks/OpenDirectory.framework/Versions/A/OpenDirectory
0x00007ff824edb000 	/System/Library/PrivateFrameworks/APFS.framework/Versions/A/APFS
0x00007ff823cea000 	/System/Library/Frameworks/SecurityFoundation.framework/Versions/A/SecurityFoundation
0x00007ff824f56000 	/usr/lib/libutil.dylib
0x00007ff81bdcc000 	/System/Library/PrivateFrameworks/CoreServicesStore.framework/Versions/A/CoreServicesStore
0x00007ff824f5a000 	/usr/lib/libxslt.1.dylib
0x00007ff823d77000 	/System/Library/PrivateFrameworks/BackgroundTaskManagement.framework/Versions/A/BackgroundTaskManagement
0x00007ff826483000 	/System/Library/Frameworks/ImageIO.framework/Versions/A/Resources/libRadiance.dylib
0x00007ff82648c000 	/System/Library/Frameworks/ImageIO.framework/Versions/A/Resources/libJPEG.dylib
0x00007ff8263dd000 	/System/Library/Frameworks/ImageIO.framework/Versions/A/Resources/libPng.dylib
0x00007ff8263fe000 	/System/Library/Frameworks/ImageIO.framework/Versions/A/Resources/libTIFF.dylib
0x00007ff8264ea000 	/System/Library/Frameworks/ImageIO.framework/Versions/A/Resources/libGIF.dylib
0x00007ff825d12000 	/System/Library/Frameworks/ImageIO.framework/Versions/A/Resources/libJP2.dylib
0x00007ff825454000 	/usr/lib/libexpat.1.dylib
0x00007ff825cc7000 	/System/Library/PrivateFrameworks/AppleJPEG.framework/Versions/A/AppleJPEG
0x00007ff82250e000 	/System/Library/PrivateFrameworks/FontServices.framework/libFontParser.dylib
0x00007ff81fbc0000 	/System/Library/PrivateFrameworks/RunningBoardServices.framework/Versions/A/RunningBoardServices
0x00007ff830bed000 	/System/Library/PrivateFrameworks/IOSurfaceAccelerator.framework/Versions/A/IOSurfaceAccelerator
0x00007ff825df1000 	/System/Library/PrivateFrameworks/WatchdogClient.framework/Versions/A/WatchdogClient
0x00007ff81a7e2000 	/System/Library/Frameworks/CoreDisplay.framework/Versions/A/CoreDisplay
0x00007ff82240e000 	/System/Library/Frameworks/CoreMedia.framework/Versions/A/CoreMedia
0x00007ff8222ab000 	/System/Library/PrivateFrameworks/IOAccelerator.framework/Versions/A/IOAccelerator
0x00007ff8211c0000 	/System/Library/Frameworks/CoreVideo.framework/Versions/A/CoreVideo
0x00007ff8249df000 	/System/Library/Frameworks/MetalPerformanceShaders.framework/Versions/A/MetalPerformanceShaders
0x00007ff825e2c000 	/System/Library/Frameworks/VideoToolbox.framework/Versions/A/VideoToolbox
0x00007ff81fb08000 	/System/Library/PrivateFrameworks/BaseBoard.framework/Versions/A/BaseBoard
0x00007ff81f899000 	/System/Library/PrivateFrameworks/ProtocolBuffer.framework/Versions/A/ProtocolBuffer
0x00007ff82647c000 	/System/Library/PrivateFrameworks/GPUWrangler.framework/Versions/A/GPUWrangler
0x00007ff82645f000 	/System/Library/PrivateFrameworks/IOPresentment.framework/Versions/A/IOPresentment
0x00007ff826486000 	/System/Library/PrivateFrameworks/DSExternalDisplay.framework/Versions/A/DSExternalDisplay
0x00007ffa3182f000 	/System/Library/Frameworks/OpenGL.framework/Versions/A/Libraries/libCoreFSCache.dylib
0x00007ffb1d7dc000 	/System/Library/PrivateFrameworks/GPUCompiler.framework/Versions/31001/Libraries/libGPUCompilerUtils.dylib
0x00007ff8264ef000 	/System/Library/PrivateFrameworks/CMCaptureCore.framework/Versions/A/CMCaptureCore
0x00007ff825a00000 	/System/Library/PrivateFrameworks/AppServerSupport.framework/Versions/A/AppServerSupport
0x00007ff827bca000 	/System/Library/PrivateFrameworks/perfdata.framework/Versions/A/perfdata
0x00007ff81a90e000 	/System/Library/PrivateFrameworks/AudioToolboxCore.framework/Versions/A/AudioToolboxCore
0x00007ff8223eb000 	/System/Library/PrivateFrameworks/caulk.framework/Versions/A/caulk
0x00007ff8274f7000 	/usr/lib/libAudioStatistics.dylib
0x00007ff91e68b000 	/System/Library/PrivateFrameworks/SystemPolicy.framework/Versions/A/SystemPolicy
0x00007ff827743000 	/usr/lib/libSMC.dylib
0x00007ff83052f000 	/System/Library/Frameworks/CoreMIDI.framework/Versions/A/CoreMIDI
0x00007ff8263ad000 	/usr/lib/libAudioToolboxUtility.dylib
0x00007ff91ab13000 	/System/Library/PrivateFrameworks/OSAServicesClient.framework/Versions/A/OSAServicesClient
0x00007ff827bd7000 	/usr/lib/libperfcheck.dylib
0x00007ff91f117000 	/usr/lib/libmis.dylib
0x00007ffa3188b000 	/System/Library/Frameworks/OpenGL.framework/Versions/A/Libraries/libGLU.dylib
0x00007ffa3184e000 	/System/Library/Frameworks/OpenGL.framework/Versions/A/Libraries/libGFXShared.dylib
0x00007ffa31a5c000 	/System/Library/Frameworks/OpenGL.framework/Versions/A/Libraries/libGL.dylib
0x00007ffa31857000 	/System/Library/Frameworks/OpenGL.framework/Versions/A/Libraries/libGLImage.dylib
0x00007ffa3184b000 	/System/Library/Frameworks/OpenGL.framework/Versions/A/Libraries/libCVMSPluginSupport.dylib
0x00007ffa31836000 	/System/Library/Frameworks/OpenGL.framework/Versions/A/Libraries/libCoreVMClient.dylib
0x00007ff822f4b000 	/System/Library/Frameworks/MetalPerformanceShaders.framework/Versions/A/Frameworks/MPSCore.framework/Versions/A/MPSCore
0x00007ff82437b000 	/System/Library/Frameworks/MetalPerformanceShaders.framework/Versions/A/Frameworks/MPSImage.framework/Versions/A/MPSImage
0x00007ff823e32000 	/System/Library/Frameworks/MetalPerformanceShaders.framework/Versions/A/Frameworks/MPSNeuralNetwork.framework/Versions/A/MPSNeuralNetwork
0x00007ff8242a7000 	/System/Library/Frameworks/MetalPerformanceShaders.framework/Versions/A/Frameworks/MPSMatrix.framework/Versions/A/MPSMatrix
0x00007ff824063000 	/System/Library/Frameworks/MetalPerformanceShaders.framework/Versions/A/Frameworks/MPSRayIntersector.framework/Versions/A/MPSRayIntersector
0x00007ff8242e0000 	/System/Library/Frameworks/MetalPerformanceShaders.framework/Versions/A/Frameworks/MPSNDArray.framework/Versions/A/MPSNDArray
0x00007ffa36434000 	/System/Library/Frameworks/MetalPerformanceShaders.framework/Versions/A/Frameworks/MPSFunctions.framework/Versions/A/MPSFunctions
0x00007ff819ce8000 	/System/Library/PrivateFrameworks/MetalTools.framework/Versions/A/MetalTools
0x00007ff822fc5000 	/System/Library/PrivateFrameworks/AggregateDictionary.framework/Versions/A/AggregateDictionary
0x00007ff825236000 	/usr/lib/libIOReport.dylib
0x00007ffa32e6b000 	/System/Library/Frameworks/OpenCL.framework/Versions/A/OpenCL
0x00007ff82559a000 	/System/Library/PrivateFrameworks/FaceCore.framework/Versions/A/FaceCore
0x00007ff82558b000 	/System/Library/PrivateFrameworks/GraphVisualizer.framework/Versions/A/GraphVisualizer
0x00007ffb1d6e7000 	/System/Library/PrivateFrameworks/FontServices.framework/Versions/A/FontServices
0x00007ff8259b7000 	/System/Library/PrivateFrameworks/OTSVG.framework/Versions/A/OTSVG
0x00007ff820da8000 	/System/Library/Frameworks/ApplicationServices.framework/Versions/A/Frameworks/ATS.framework/Versions/A/Resources/libFontRegistry.dylib
0x00007ff825a08000 	/System/Library/PrivateFrameworks/FontServices.framework/libhvf.dylib
0x00007ffb1d6e8000 	/System/Library/PrivateFrameworks/FontServices.framework/libXTFontStaticRegistryData.dylib
0x00007ff825404000 	/System/Library/PrivateFrameworks/AppleVA.framework/Versions/A/AppleVA
0x00007ff827517000 	/System/Library/Frameworks/ApplicationServices.framework/Versions/A/Frameworks/ATS.framework/Versions/A/ATS
0x00007ff81efb6000 	/System/Library/Frameworks/ApplicationServices.framework/Versions/A/Frameworks/HIServices.framework/Versions/A/HIServices
0x00007ff8264f9000 	/System/Library/Frameworks/ApplicationServices.framework/Versions/A/Frameworks/PrintCore.framework/Versions/A/PrintCore
0x00007ff827896000 	/System/Library/Frameworks/ApplicationServices.framework/Versions/A/Frameworks/QD.framework/Versions/A/QD
0x00007ff82788e000 	/System/Library/Frameworks/ApplicationServices.framework/Versions/A/Frameworks/ColorSyncLegacy.framework/Versions/A/ColorSyncLegacy
0x00007ff827507000 	/System/Library/Frameworks/ApplicationServices.framework/Versions/A/Frameworks/SpeechSynthesis.framework/Versions/A/SpeechSynthesis
0x00007ff8264ba000 	/System/Library/Frameworks/ApplicationServices.framework/Versions/A/Frameworks/ATSUI.framework/Versions/A/ATSUI
0x00007ff827823000 	/usr/lib/libcups.2.dylib
0x00007ff827be6000 	/System/Library/Frameworks/Kerberos.framework/Versions/A/Kerberos
0x00007ff827bf5000 	/System/Library/Frameworks/GSS.framework/Versions/A/GSS
0x00007ff827583000 	/usr/lib/libresolv.9.dylib
0x00007ff825a17000 	/System/Library/PrivateFrameworks/Heimdal.framework/Versions/A/Heimdal
0x00007ff82e699000 	/System/Library/Frameworks/Kerberos.framework/Versions/A/Libraries/libHeimdalProxy.dylib
0x00007ff81fc95000 	/System/Library/Frameworks/Network.framework/Versions/A/Network
0x00007ff82546e000 	/usr/lib/libheimdal-asn1.dylib
0x00007ff827c40000 	/System/Library/PrivateFrameworks/CommonAuth.framework/Versions/A/CommonAuth
0x00007ff827488000 	/System/Library/PrivateFrameworks/AudioSession.framework/Versions/A/AudioSession
0x00007ff8254fe000 	/System/Library/PrivateFrameworks/MediaExperience.framework/Versions/A/MediaExperience
0x00007ff82731c000 	/System/Library/PrivateFrameworks/AudioSession.framework/libSessionUtility.dylib
0x00007ff8278a2000 	/System/Library/PrivateFrameworks/AudioResourceArbitration.framework/Versions/A/AudioResourceArbitration
0x00007ff825477000 	/System/Library/PrivateFrameworks/IconFoundation.framework/Versions/A/IconFoundation
0x00007ff82a67c000 	/System/Library/PrivateFrameworks/SpeechRecognitionCore.framework/Versions/A/SpeechRecognitionCore
0x00007ffa22cde000 	/System/Library/CoreServices/Encodings/libKoreanConverter.dylib
0x000000010d7bd000 	/Users/jojunbeom/Library/Java/JavaVirtualMachines/corretto-11.0.14.1/Contents/Home/lib/server/libjvm.dylib
0x000000010ca9e000 	/Users/jojunbeom/Library/Java/JavaVirtualMachines/corretto-11.0.14.1/Contents/Home/lib/libverify.dylib
0x000000010cac6000 	/Users/jojunbeom/Library/Java/JavaVirtualMachines/corretto-11.0.14.1/Contents/Home/lib/libjava.dylib
0x000000010ca34000 	/Users/jojunbeom/Library/Java/JavaVirtualMachines/corretto-11.0.14.1/Contents/Home/lib/libjimage.dylib
0x000000010cb45000 	/Users/jojunbeom/Library/Java/JavaVirtualMachines/corretto-11.0.14.1/Contents/Home/lib/libinstrument.dylib
0x000000010cc00000 	/private/var/folders/k6/dkc35rrd3kvf4z8xbpc5z4zh0000gn/T/libasyncProfiler.so
0x000000010cbc0000 	/Users/jojunbeom/Library/Java/JavaVirtualMachines/corretto-11.0.14.1/Contents/Home/lib/libzip.dylib
0x0000000130429000 	/Users/jojunbeom/Library/Java/JavaVirtualMachines/corretto-11.0.14.1/Contents/Home/lib/libnio.dylib
0x0000000130479000 	/Users/jojunbeom/Library/Java/JavaVirtualMachines/corretto-11.0.14.1/Contents/Home/lib/libnet.dylib
0x00000001304ca000 	/Users/jojunbeom/Library/Java/JavaVirtualMachines/corretto-11.0.14.1/Contents/Home/lib/libextnet.dylib
0x0000000130eda000 	/Users/jojunbeom/Library/Java/JavaVirtualMachines/corretto-11.0.14.1/Contents/Home/lib/libsunec.dylib


VM Arguments:
jvm_args: -javaagent:/Applications/IntelliJ IDEA.app/Contents/lib/idea_rt.jar=52498:/Applications/IntelliJ IDEA.app/Contents/bin -agentpath:/private/var/folders/k6/dkc35rrd3kvf4z8xbpc5z4zh0000gn/T/libasyncProfiler.so=start,jfr,event=cpu,interval=1ms,event=alloc,file=/Users/jojunbeom/BoardFrame_2022_06_22_235932.jfr -Dfile.encoding=UTF-8 
java_command: com.project.board.BoardFrame
java_class_path (initial): /Users/jojunbeom/Downloads/study/Java_App_Board_JDBC_Mysql_v3/out/production/Java_Application_Board_v2.1:/Users/jojunbeom/Downloads/study/Java_App_Board_JDBC_Mysql_v3/resource/lib/json-simple-1.1.1.jar:/Users/jojunbeom/Downloads/study/Java_App_Board_JDBC_Mysql_v3/resource/lib/mysql-connector-java-8.0.29.jar
Launcher Type: SUN_STANDARD

[Global flags]
     intx CICompilerCount                          = 4                                         {product} {ergonomic}
     uint ConcGCThreads                            = 2                                         {product} {ergonomic}
     uint G1ConcRefinementThreads                  = 8                                         {product} {ergonomic}
   size_t G1HeapRegionSize                         = 1048576                                   {product} {ergonomic}
    uintx GCDrainStackTargetSize                   = 64                                        {product} {ergonomic}
   size_t InitialHeapSize                          = 134217728                                 {product} {ergonomic}
   size_t MarkStackSize                            = 4194304                                   {product} {ergonomic}
   size_t MaxHeapSize                              = 2147483648                                {product} {ergonomic}
   size_t MaxNewSize                               = 1287651328                                {product} {ergonomic}
   size_t MinHeapDeltaBytes                        = 1048576                                   {product} {ergonomic}
    uintx NonNMethodCodeHeapSize                   = 5836300                                {pd product} {ergonomic}
    uintx NonProfiledCodeHeapSize                  = 122910970                              {pd product} {ergonomic}
    uintx ProfiledCodeHeapSize                     = 122910970                              {pd product} {ergonomic}
    uintx ReservedCodeCacheSize                    = 251658240                              {pd product} {ergonomic}
     bool SegmentedCodeCache                       = true                                      {product} {ergonomic}
     bool UseCompressedClassPointers               = true                                 {lp64_product} {ergonomic}
     bool UseCompressedOops                        = true                                 {lp64_product} {ergonomic}
     bool UseG1GC                                  = true                                      {product} {ergonomic}

Logging:
Log output configuration:
 #0: stdout all=warning uptime,level,tags
 #1: stderr all=off uptime,level,tags

Environment Variables:
PATH=/opt/homebrew/bin:/opt/homebrew/sbin:/usr/local/bin:/usr/bin:/bin:/usr/sbin:/sbin
SHELL=/bin/zsh
LC_CTYPE=ko_KR.UTF-8

Signal Handlers:
SIGSEGV: [libjvm.dylib+0x7ccc92], sa_mask[0]=11111111111111111111111111111111, sa_flags=SA_ONSTACK|SA_RESTART|SA_SIGINFO
SIGBUS: [libjvm.dylib+0x7ccc92], sa_mask[0]=11111111111111111111111111111111, sa_flags=SA_RESTART|SA_SIGINFO
SIGFPE: [libjvm.dylib+0x7ccc92], sa_mask[0]=11111111111111111111111111111111, sa_flags=SA_RESTART|SA_SIGINFO
SIGPIPE: [libjvm.dylib+0x630218], sa_mask[0]=11111111111111111111111111111111, sa_flags=SA_RESTART|SA_SIGINFO
SIGXFSZ: [libjvm.dylib+0x630218], sa_mask[0]=11111111111111111111111111111111, sa_flags=SA_RESTART|SA_SIGINFO
SIGILL: [libjvm.dylib+0x7ccc92], sa_mask[0]=11111111111111111111111111111111, sa_flags=SA_RESTART|SA_SIGINFO
SIGUSR2: [libjvm.dylib+0x6307f6], sa_mask[0]=00100000000000000000000000000000, sa_flags=SA_RESTART|SA_SIGINFO
SIGHUP: [libjvm.dylib+0x62f3a9], sa_mask[0]=11111111111111111111111111111111, sa_flags=SA_RESTART|SA_SIGINFO
SIGINT: [libjvm.dylib+0x62f3a9], sa_mask[0]=11111111111111111111111111111111, sa_flags=SA_RESTART|SA_SIGINFO
SIGTERM: [libjvm.dylib+0x62f3a9], sa_mask[0]=11111111111111111111111111111111, sa_flags=SA_RESTART|SA_SIGINFO
SIGQUIT: [libjvm.dylib+0x62f3a9], sa_mask[0]=11111111111111111111111111111111, sa_flags=SA_RESTART|SA_SIGINFO


---------------  S Y S T E M  ---------------

OS:uname:Darwin 21.1.0 Darwin Kernel Version 21.1.0: Wed Oct 13 17:33:24 PDT 2021; root:xnu-8019.41.5~1/RELEASE_ARM64_T8101 x86_64
OS uptime: 1 days 6:57 hours
rlimit (soft/hard): STACK 8176k/65520k , CORE 0k/infinity , NPROC 1333/2000 , NOFILE 10240/infinity , AS infinity/infinity , CPU infinity/infinity , DATA infinity/infinity , FSIZE infinity/infinity , MEMLOCK infinity/infinity , RSS infinity/infinity
load average:1.15 1.30 1.38

CPU:total 8 (initial active 8) (1 cores per cpu, 1 threads per core) family 6 model 44 stepping 0 microcode 0x0, cmov, cx8, fxsr, mmx, sse, sse2, sse3, ssse3, sse4.1, sse4.2, popcnt, aes, clmul, tsc, tscinvbit, tscinv

Memory: 4k page, physical 8388608k(21320k free), swap 1048576k(504576k free)

vm_info: OpenJDK 64-Bit Server VM (11.0.14.1+10-LTS) for bsd-amd64 JRE (11.0.14.1+10-LTS), built on Feb  8 2022 01:38:57 by "ec2user" with clang Apple LLVM 13.0.0 (clang-1300.0.29.30)

END.
