#
# A fatal error has been detected by the Java Runtime Environment:
#
#  SIGBUS (0xa) at pc=0x000000030c697800, pid=15547, tid=9475
#
# JRE version: OpenJDK Runtime Environment Corretto-11.0.14.10.1 (11.0.14.1+10) (build 11.0.14.1+10-LTS)
# Java VM: OpenJDK 64-Bit Server VM Corretto-11.0.14.10.1 (11.0.14.1+10-LTS, mixed mode, tiered, compressed oops, g1 gc, bsd-amd64)
# Problematic frame:
# C  0x000000030c697800
#
# No core dump will be written. Core dumps have been disabled. To enable core dumping, try "ulimit -c unlimited" before starting Java again
#
# If you would like to submit a bug report, please visit:
#   https://github.com/corretto/corretto-11/issues/
#

---------------  S U M M A R Y ------------

Command Line: -javaagent:/Applications/IntelliJ IDEA.app/Contents/lib/idea_rt.jar=53290:/Applications/IntelliJ IDEA.app/Contents/bin -agentpath:/private/var/folders/k6/dkc35rrd3kvf4z8xbpc5z4zh0000gn/T/libasyncProfiler.so=start,jfr,event=cpu,interval=1ms,event=alloc,file=/Users/jojunbeom/BoardFrame_2022_06_23_113517.jfr -Dfile.encoding=UTF-8 com.project.board.BoardFrame

Host: MacBookAir10,1 x86_64 2400 MHz, 8 cores, 8G, Darwin 21.1.0
Time: Thu Jun 23 11:35:28 2022 KST elapsed time: 10.971321 seconds (0d 0h 0m 10s)

---------------  T H R E A D  ---------------

Current thread (0x00007fe5f080f800):  JavaThread "main" [_thread_in_vm, id=9475, stack(0x000000030c599000,0x000000030c699000)]

Stack: [0x000000030c599000,0x000000030c699000],  sp=0x000000030c697898,  free space=1018k
Native frames: (J=compiled Java code, A=aot compiled Java code, j=interpreted, Vv=VM code, C=native code)
C  0x000000030c697800

Java frames: (J=compiled Java code, j=interpreted, Vv=VM code)
v  ~RuntimeStub::_new_array_nozero_Java
J 604 c2 java.util.Arrays.copyOfRange([BII)[B java.base@11.0.14.1 (63 bytes) @ 0x000000011f975e14 [0x000000011f975ca0+0x0000000000000174]
J 295 c1 java.lang.StringBuilder.toString()Ljava/lang/String; java.base@11.0.14.1 (35 bytes) @ 0x0000000118480304 [0x0000000118480100+0x0000000000000204]
j  sun.net.util.URLUtil.urlNoFragString(Ljava/net/URL;)Ljava/lang/String;+110 java.base@11.0.14.1
j  java.security.CodeSource.<init>(Ljava/net/URL;[Ljava/security/CodeSigner;)V+30 java.base@11.0.14.1
j  jdk.internal.loader.BuiltinClassLoader.defineClass(Ljava/lang/String;Ljdk/internal/loader/Resource;)Ljava/lang/Class;+102 java.base@11.0.14.1
j  jdk.internal.loader.BuiltinClassLoader.findClassOnClassPathOrNull(Ljava/lang/String;)Ljava/lang/Class;+37 java.base@11.0.14.1
J 582 c1 jdk.internal.loader.BuiltinClassLoader.loadClassOrNull(Ljava/lang/String;Z)Ljava/lang/Class; java.base@11.0.14.1 (143 bytes) @ 0x000000011851ad6c [0x0000000118519c00+0x000000000000116c]
J 635 c1 jdk.internal.loader.BuiltinClassLoader.loadClass(Ljava/lang/String;Z)Ljava/lang/Class; java.base@11.0.14.1 (22 bytes) @ 0x000000011853af64 [0x000000011853ae60+0x0000000000000104]
j  jdk.internal.loader.ClassLoaders$AppClassLoader.loadClass(Ljava/lang/String;Z)Ljava/lang/Class;+36 java.base@11.0.14.1
J 634 c1 java.lang.ClassLoader.loadClass(Ljava/lang/String;)Ljava/lang/Class; java.base@11.0.14.1 (7 bytes) @ 0x000000011853aac4 [0x000000011853a9c0+0x0000000000000104]
v  ~StubRoutines::call_stub
j  com.mysql.cj.jdbc.result.ResultSetFactory.<init>(Lcom/mysql/cj/jdbc/JdbcConnection;Lcom/mysql/cj/jdbc/StatementImpl;)V+5
j  com.mysql.cj.jdbc.ConnectionImpl.<init>(Lcom/mysql/cj/conf/HostInfo;)V+169
j  com.mysql.cj.jdbc.ConnectionImpl.getInstance(Lcom/mysql/cj/conf/HostInfo;)Lcom/mysql/cj/jdbc/JdbcConnection;+5
j  com.mysql.cj.jdbc.NonRegisteringDriver.connect(Ljava/lang/String;Ljava/util/Properties;)Ljava/sql/Connection;+72
j  java.sql.DriverManager.getConnection(Ljava/lang/String;Ljava/util/Properties;Ljava/lang/Class;)Ljava/sql/Connection;+130 java.sql@11.0.14.1
j  java.sql.DriverManager.getConnection(Ljava/lang/String;Ljava/lang/String;Ljava/lang/String;)Ljava/sql/Connection;+37 java.sql@11.0.14.1
j  com.project.database.DBMysql.dbCreated(Ljava/lang/String;Ljava/lang/String;Ljava/lang/String;)V+27
j  com.project.board.BoardService.registered(Ljava/lang/String;Ljava/lang/String;Ljava/lang/String;)V+14
j  com.project.board.BoardFrame.main([Ljava/lang/String;)V+209
v  ~StubRoutines::call_stub

siginfo: si_signo: 10 (SIGBUS), si_code: 2 (BUS_ADRERR), si_addr: 0x000000030c697800

Register to memory mapping:

RAX=0x000000010df3b580: _ZN15JfrEventSetting19_jvm_event_settingsE+0 in /Users/jojunbeom/Library/Java/JavaVirtualMachines/corretto-11.0.14.1/Contents/Home/lib/server/libjvm.dylib at 0x000000010d56a000
RBX=0x000000030c6978b8 is pointing into the stack for thread: 0x00007fe5f080f800
RCX=0x00007fe5f080f800 is a thread
RDX=0x0000000000000088 is an unknown value
RSP=0x000000030c697898 is pointing into the stack for thread: 0x00007fe5f080f800
RBP=0x000000010db326a6: _ZN12MemAllocator10Allocation17notify_allocationEv+0x16 in /Users/jojunbeom/Library/Java/JavaVirtualMachines/corretto-11.0.14.1/Contents/Home/lib/server/libjvm.dylib at 0x000000010d56a000
RSI=0x0000000787642978 is an oop: [B 
{0x0000000787642978} - klass: {type array byte}
 - length: 113
RDI=0x000000030c697868 is pointing into the stack for thread: 0x00007fe5f080f800
R8 =0x00007fe5f080f800 is a thread
R9 =0x00007fe5f080f800 is a thread
R10=0x000000010dc0347a: _ZN11OptoRuntime18new_array_nozero_CEP5KlassiP10JavaThread+0 in /Users/jojunbeom/Library/Java/JavaVirtualMachines/corretto-11.0.14.1/Contents/Home/lib/server/libjvm.dylib at 0x000000010d56a000
R11=0x000000010d794924: _ZN13CollectedHeap14array_allocateEP5KlassiibP6Thread+0 in /Users/jojunbeom/Library/Java/JavaVirtualMachines/corretto-11.0.14.1/Contents/Home/lib/server/libjvm.dylib at 0x000000010d56a000
R12=0x0 is NULL
R13=0x000000030c697a80 is pointing into the stack for thread: 0x00007fe5f080f800
R14=0x0000000787642978 is an oop: [B 
{0x0000000787642978} - klass: {type array byte}
 - length: 113
R15=0x00007fe5f080f800 is a thread


Registers:
RAX=0x000000010df3b580, RBX=0x000000030c6978b8, RCX=0x00007fe5f080f800, RDX=0x0000000000000088
RSP=0x000000030c697898, RBP=0x000000010db326a6, RSI=0x0000000787642978, RDI=0x000000030c697868
R8 =0x00007fe5f080f800, R9 =0x00007fe5f080f800, R10=0x000000010dc0347a, R11=0x000000010d794924
R12=0x0000000000000000, R13=0x000000030c697a80, R14=0x0000000787642978, R15=0x00007fe5f080f800
RIP=0x000000030c697800, EFLAGS=0x0000000000000212, ERR=0x0000000000000015
  TRAPNO=0x000000000000000e

Top of Stack: (sp=0x000000030c697898)
0x000000030c697898:   000000030c697910 000000030c697900
0x000000030c6978a8:   000000010db32a99 0000000787ece768
0x000000030c6978b8:   000000030c697910 00007fe5f080f800
0x000000030c6978c8:   000000030c6978e8 000000012e100000
0x000000030c6978d8:   000000000000f5d3 000000012e10b400
0x000000030c6978e8:   0000000787642978 00007fe5f080f800
0x000000030c6978f8:   0000000000000071 000000030c697940
0x000000030c697908:   000000010d794967 000000010dede990
0x000000030c697918:   00007fe5f080ea00 00007fe5f080f800
0x000000030c697928:   0000000800000820 0000000000000011
0x000000030c697938:   00007f0000000071 000000030c697970
0x000000030c697948:   000000010dc034a1 00007fe5f080f800
0x000000030c697958:   00000007877ffdb8 000000030c697b00
0x000000030c697968:   00007fe5f080f800 0000000000000071
0x000000030c697978:   0000000117f71a27 0000000000000071
0x000000030c697988:   000000011f975e14 0000007100000000
0x000000030c697998:   00000007877ffd18 0000000000000088
0x000000030c6979a8:   00000007877ff5e0 0000000300000065
0x000000030c6979b8:   0000000300000000 000000030c697ad0
0x000000030c6979c8:   0000000118480304 0000000787f0d4e8
0x000000030c6979d8:   0000000000000000 0000000787effa80
0x000000030c6979e8:   000000012e136160 0000000000000000
0x000000030c6979f8:   00000007877ffce0 0000000787f5e950
0x000000030c697a08:   000000010000006a 00000000000006b8
0x000000030c697a18:   0000000117e82c80 000000030c697ad0
0x000000030c697a28:   000000011844df3c 000000012dcb7c44
0x000000030c697a38:   000000030c697a80 000000012de5b128
0x000000030c697a48:   00000007877ffda0 00000007877ffce0
0x000000030c697a58:   000000012dcb7c60 000000030c697ad0
0x000000030c697a68:   0000000117e82fc0 0000000117e82fc0
0x000000030c697a78:   0000000117e82fc0 00000007877ffce0
0x000000030c697a88:   000000030c697a88 000000012e02ba1e 

Instructions: (pc=0x000000030c697800)
0x000000030c697700:   20 77 69 0c 03 00 00 00 ca 22 97 0c 01 00 00 00
0x000000030c697710:   00 00 00 00 00 00 00 00 00 00 00 00 00 00 00 00
0x000000030c697720:   a8 77 69 0c 03 00 00 00 80 2c e8 17 01 00 00 00
0x000000030c697730:   78 d0 91 f0 e5 7f 00 00 80 2c e8 17 01 00 00 00
0x000000030c697740:   01 00 00 00 00 00 00 00 68 e7 ec 87 07 00 00 00
0x000000030c697750:   01 00 00 00 00 00 00 00 00 00 00 00 00 00 00 00
0x000000030c697760:   60 77 69 0c 03 00 00 00 5b 7c e7 2d 01 00 00 00
0x000000030c697770:   90 e9 ed 0d 01 00 00 00 49 00 00 00 00 00 00 00
0x000000030c697780:   49 00 00 00 00 00 00 00 b8 fd 7f 87 07 00 00 00
0x000000030c697790:   20 78 69 0c 03 00 00 00 ab 46 79 0d 01 00 00 00
0x000000030c6977a0:   c0 77 69 0c 03 00 00 00 00 f8 80 f0 e5 7f 00 00
0x000000030c6977b0:   40 c4 c7 03 00 60 00 00 00 c0 67 01 00 60 00 00
0x000000030c6977c0:   40 c0 67 01 00 60 00 00 d8 78 69 0c 03 00 00 00
0x000000030c6977d0:   d8 00 00 00 00 00 00 00 d3 f5 00 00 00 00 00 00
0x000000030c6977e0:   d3 f5 00 00 00 00 00 00 10 f9 80 f0 e5 7f 00 00
0x000000030c6977f0:   78 29 64 87 07 00 00 00 28 78 69 0c 03 00 00 00
0x000000030c697800:   26 93 93 0d 01 00 00 00 88 00 00 00 00 00 00 00
0x000000030c697810:   88 00 00 00 00 00 00 00 98 ae 07 00 00 00 00 00
0x000000030c697820:   20 08 00 00 08 00 00 00 88 78 69 0c 03 00 00 00
0x000000030c697830:   97 6c 66 0d 01 00 00 00 00 00 00 00 00 00 00 00
0x000000030c697840:   00 00 00 00 00 00 00 00 00 29 b3 0d 01 00 00 00
0x000000030c697850:   b8 78 69 0c 03 00 00 00 b8 78 69 0c 03 00 00 00
0x000000030c697860:   b8 78 69 0c 03 00 00 00 00 00 00 00 00 00 00 00
0x000000030c697870:   b8 78 69 0c 03 00 00 00 78 29 64 87 07 00 00 00
0x000000030c697880:   00 f8 80 f0 e5 7f 00 00 a6 26 b3 0d 01 00 00 00
0x000000030c697890:   00 78 69 0c 03 00 00 00 10 79 69 0c 03 00 00 00
0x000000030c6978a0:   00 79 69 0c 03 00 00 00 99 2a b3 0d 01 00 00 00
0x000000030c6978b0:   68 e7 ec 87 07 00 00 00 10 79 69 0c 03 00 00 00
0x000000030c6978c0:   00 f8 80 f0 e5 7f 00 00 e8 78 69 0c 03 00 00 00
0x000000030c6978d0:   00 00 10 2e 01 00 00 00 d3 f5 00 00 00 00 00 00
0x000000030c6978e0:   00 b4 10 2e 01 00 00 00 78 29 64 87 07 00 00 00
0x000000030c6978f0:   00 f8 80 f0 e5 7f 00 00 71 00 00 00 00 00 00 00 


Stack slot to memory mapping:
stack at sp + 0 slots: 0x000000030c697910 is pointing into the stack for thread: 0x00007fe5f080f800
stack at sp + 1 slots: 0x000000030c697900 is pointing into the stack for thread: 0x00007fe5f080f800
stack at sp + 2 slots: 0x000000010db32a99: _ZNK12MemAllocator8allocateEv+0x77 in /Users/jojunbeom/Library/Java/JavaVirtualMachines/corretto-11.0.14.1/Contents/Home/lib/server/libjvm.dylib at 0x000000010d56a000
stack at sp + 3 slots: 0x0000000787ece768 is an oop: java.util.ArrayDeque 
{0x0000000787ece768} - klass: 'java/util/ArrayDeque'
stack at sp + 4 slots: 0x000000030c697910 is pointing into the stack for thread: 0x00007fe5f080f800
stack at sp + 5 slots: 0x00007fe5f080f800 is a thread
stack at sp + 6 slots: 0x000000030c6978e8 is pointing into the stack for thread: 0x00007fe5f080f800
stack at sp + 7 slots: 0x000000012e100000 is pointing into metadata


---------------  P R O C E S S  ---------------

Threads class SMR info:
_java_thread_list=0x00006000023144c0, length=13, elements={
0x00007fe5f080f800, 0x00007fe5f180a000, 0x00007fe5bf008800, 0x00007fe5f182a000,
0x00007fe5f182b000, 0x00007fe5f182c000, 0x00007fe5f182d000, 0x00007fe5f182d800,
0x00007fe5ef00e000, 0x00007fe5f008d000, 0x00007fe5f0b78000, 0x00007fe5ef0ee000,
0x00007fe5f1935000
}

Java Threads: ( => current thread )
=>0x00007fe5f080f800 JavaThread "main" [_thread_in_vm, id=9475, stack(0x000000030c599000,0x000000030c699000)]
  0x00007fe5f180a000 JavaThread "Reference Handler" daemon [_thread_blocked, id=16387, stack(0x000000030ccae000,0x000000030cdae000)]
  0x00007fe5bf008800 JavaThread "Finalizer" daemon [_thread_blocked, id=21763, stack(0x000000030cdb1000,0x000000030ceb1000)]
  0x00007fe5f182a000 JavaThread "Signal Dispatcher" daemon [_thread_blocked, id=23043, stack(0x000000030cfc3000,0x000000030d0c3000)]
  0x00007fe5f182b000 JavaThread "Service Thread" daemon [_thread_blocked, id=23811, stack(0x000000030d0c6000,0x000000030d1c6000)]
  0x00007fe5f182c000 JavaThread "C2 CompilerThread0" daemon [_thread_blocked, id=24067, stack(0x000000030d1c9000,0x000000030d2c9000)]
  0x00007fe5f182d000 JavaThread "C1 CompilerThread0" daemon [_thread_blocked, id=24579, stack(0x000000030d2cc000,0x000000030d3cc000)]
  0x00007fe5f182d800 JavaThread "Sweeper thread" daemon [_thread_blocked, id=25091, stack(0x000000030d3cf000,0x000000030d4cf000)]
  0x00007fe5ef00e000 JavaThread "Common-Cleaner" daemon [_thread_blocked, id=26371, stack(0x000000030d4d2000,0x000000030d5d2000)]
  0x00007fe5f008d000 JavaThread "Monitor Ctrl-Break" daemon [_thread_in_native, id=27139, stack(0x000000030d5d5000,0x000000030d6d5000)]
  0x00007fe5f0b78000 JavaThread "Async-profiler Timer" daemon [_thread_in_native, id=38711, stack(0x000000030d6d8000,0x000000030d758000)]
  0x00007fe5ef0ee000 JavaThread "Attach Listener" daemon [_thread_blocked, id=35843, stack(0x000000030d8e1000,0x000000030d9e1000)]
  0x00007fe5f1935000 JavaThread "mysql-cj-abandoned-connection-cleanup" daemon [_thread_blocked, id=35331, stack(0x000000030d9e4000,0x000000030dae4000)]

Other Threads:
  0x00007fe5cf00a800 VMThread "VM Thread" [stack: 0x000000030cbab000,0x000000030ccab000] [id=14595]
  0x00007fe5f1938800 WatcherThread [stack: 0x000000030d7de000,0x000000030d8de000] [id=36691]
  0x00007fe5f081e000 GCTaskThread "GC Thread#0" [stack: 0x000000030c69c000,0x000000030c79c000] [id=12291]
  0x00007fe5f083e800 ConcurrentGCThread "G1 Main Marker" [stack: 0x000000030c79f000,0x000000030c89f000] [id=18691]
  0x00007fe5f083f800 ConcurrentGCThread "G1 Conc#0" [stack: 0x000000030c8a2000,0x000000030c9a2000] [id=18179]
  0x00007fe5f08a0000 ConcurrentGCThread "G1 Refine#0" [stack: 0x000000030c9a5000,0x000000030caa5000] [id=13315]
  0x00007fe5f08a1000 ConcurrentGCThread "G1 Young RemSet Sampling" [stack: 0x000000030caa8000,0x000000030cba8000] [id=17667]

Threads with active compile tasks:

VM state:not at safepoint (normal execution)

VM Mutex/Monitor currently owned by a thread: None

Heap address: 0x0000000780000000, size: 2048 MB, Compressed Oops mode: Zero based, Oop shift amount: 3
Narrow klass base: 0x0000000800000000, Narrow klass shift: 0
Compressed class space size: 1073741824 Address: 0x0000000800000000

Heap:
 garbage-first heap   total 131072K, used 8192K [0x0000000780000000, 0x0000000800000000)
  region size 1024K, 10 young (10240K), 0 survivors (0K)
 Metaspace       used 10610K, capacity 10892K, committed 11136K, reserved 1058816K
  class space    used 944K, capacity 1037K, committed 1152K, reserved 1048576K
Heap Regions: E=young(eden), S=young(survivor), O=old, HS=humongous(starts), HC=humongous(continues), CS=collection set, F=free, A=archive, TAMS=top-at-mark-start (previous, next)
|   0|0x0000000780000000, 0x0000000780000000, 0x0000000780100000|  0%| F|  |TAMS 0x0000000780000000, 0x0000000780000000| Untracked 
|   1|0x0000000780100000, 0x0000000780100000, 0x0000000780200000|  0%| F|  |TAMS 0x0000000780100000, 0x0000000780100000| Untracked 
|   2|0x0000000780200000, 0x0000000780200000, 0x0000000780300000|  0%| F|  |TAMS 0x0000000780200000, 0x0000000780200000| Untracked 
|   3|0x0000000780300000, 0x0000000780300000, 0x0000000780400000|  0%| F|  |TAMS 0x0000000780300000, 0x0000000780300000| Untracked 
|   4|0x0000000780400000, 0x0000000780400000, 0x0000000780500000|  0%| F|  |TAMS 0x0000000780400000, 0x0000000780400000| Untracked 
|   5|0x0000000780500000, 0x0000000780500000, 0x0000000780600000|  0%| F|  |TAMS 0x0000000780500000, 0x0000000780500000| Untracked 
|   6|0x0000000780600000, 0x0000000780600000, 0x0000000780700000|  0%| F|  |TAMS 0x0000000780600000, 0x0000000780600000| Untracked 
|   7|0x0000000780700000, 0x0000000780700000, 0x0000000780800000|  0%| F|  |TAMS 0x0000000780700000, 0x0000000780700000| Untracked 
|   8|0x0000000780800000, 0x0000000780800000, 0x0000000780900000|  0%| F|  |TAMS 0x0000000780800000, 0x0000000780800000| Untracked 
|   9|0x0000000780900000, 0x0000000780900000, 0x0000000780a00000|  0%| F|  |TAMS 0x0000000780900000, 0x0000000780900000| Untracked 
|  10|0x0000000780a00000, 0x0000000780a00000, 0x0000000780b00000|  0%| F|  |TAMS 0x0000000780a00000, 0x0000000780a00000| Untracked 
|  11|0x0000000780b00000, 0x0000000780b00000, 0x0000000780c00000|  0%| F|  |TAMS 0x0000000780b00000, 0x0000000780b00000| Untracked 
|  12|0x0000000780c00000, 0x0000000780c00000, 0x0000000780d00000|  0%| F|  |TAMS 0x0000000780c00000, 0x0000000780c00000| Untracked 
|  13|0x0000000780d00000, 0x0000000780d00000, 0x0000000780e00000|  0%| F|  |TAMS 0x0000000780d00000, 0x0000000780d00000| Untracked 
|  14|0x0000000780e00000, 0x0000000780e00000, 0x0000000780f00000|  0%| F|  |TAMS 0x0000000780e00000, 0x0000000780e00000| Untracked 
|  15|0x0000000780f00000, 0x0000000780f00000, 0x0000000781000000|  0%| F|  |TAMS 0x0000000780f00000, 0x0000000780f00000| Untracked 
|  16|0x0000000781000000, 0x0000000781000000, 0x0000000781100000|  0%| F|  |TAMS 0x0000000781000000, 0x0000000781000000| Untracked 
|  17|0x0000000781100000, 0x0000000781100000, 0x0000000781200000|  0%| F|  |TAMS 0x0000000781100000, 0x0000000781100000| Untracked 
|  18|0x0000000781200000, 0x0000000781200000, 0x0000000781300000|  0%| F|  |TAMS 0x0000000781200000, 0x0000000781200000| Untracked 
|  19|0x0000000781300000, 0x0000000781300000, 0x0000000781400000|  0%| F|  |TAMS 0x0000000781300000, 0x0000000781300000| Untracked 
|  20|0x0000000781400000, 0x0000000781400000, 0x0000000781500000|  0%| F|  |TAMS 0x0000000781400000, 0x0000000781400000| Untracked 
|  21|0x0000000781500000, 0x0000000781500000, 0x0000000781600000|  0%| F|  |TAMS 0x0000000781500000, 0x0000000781500000| Untracked 
|  22|0x0000000781600000, 0x0000000781600000, 0x0000000781700000|  0%| F|  |TAMS 0x0000000781600000, 0x0000000781600000| Untracked 
|  23|0x0000000781700000, 0x0000000781700000, 0x0000000781800000|  0%| F|  |TAMS 0x0000000781700000, 0x0000000781700000| Untracked 
|  24|0x0000000781800000, 0x0000000781800000, 0x0000000781900000|  0%| F|  |TAMS 0x0000000781800000, 0x0000000781800000| Untracked 
|  25|0x0000000781900000, 0x0000000781900000, 0x0000000781a00000|  0%| F|  |TAMS 0x0000000781900000, 0x0000000781900000| Untracked 
|  26|0x0000000781a00000, 0x0000000781a00000, 0x0000000781b00000|  0%| F|  |TAMS 0x0000000781a00000, 0x0000000781a00000| Untracked 
|  27|0x0000000781b00000, 0x0000000781b00000, 0x0000000781c00000|  0%| F|  |TAMS 0x0000000781b00000, 0x0000000781b00000| Untracked 
|  28|0x0000000781c00000, 0x0000000781c00000, 0x0000000781d00000|  0%| F|  |TAMS 0x0000000781c00000, 0x0000000781c00000| Untracked 
|  29|0x0000000781d00000, 0x0000000781d00000, 0x0000000781e00000|  0%| F|  |TAMS 0x0000000781d00000, 0x0000000781d00000| Untracked 
|  30|0x0000000781e00000, 0x0000000781e00000, 0x0000000781f00000|  0%| F|  |TAMS 0x0000000781e00000, 0x0000000781e00000| Untracked 
|  31|0x0000000781f00000, 0x0000000781f00000, 0x0000000782000000|  0%| F|  |TAMS 0x0000000781f00000, 0x0000000781f00000| Untracked 
|  32|0x0000000782000000, 0x0000000782000000, 0x0000000782100000|  0%| F|  |TAMS 0x0000000782000000, 0x0000000782000000| Untracked 
|  33|0x0000000782100000, 0x0000000782100000, 0x0000000782200000|  0%| F|  |TAMS 0x0000000782100000, 0x0000000782100000| Untracked 
|  34|0x0000000782200000, 0x0000000782200000, 0x0000000782300000|  0%| F|  |TAMS 0x0000000782200000, 0x0000000782200000| Untracked 
|  35|0x0000000782300000, 0x0000000782300000, 0x0000000782400000|  0%| F|  |TAMS 0x0000000782300000, 0x0000000782300000| Untracked 
|  36|0x0000000782400000, 0x0000000782400000, 0x0000000782500000|  0%| F|  |TAMS 0x0000000782400000, 0x0000000782400000| Untracked 
|  37|0x0000000782500000, 0x0000000782500000, 0x0000000782600000|  0%| F|  |TAMS 0x0000000782500000, 0x0000000782500000| Untracked 
|  38|0x0000000782600000, 0x0000000782600000, 0x0000000782700000|  0%| F|  |TAMS 0x0000000782600000, 0x0000000782600000| Untracked 
|  39|0x0000000782700000, 0x0000000782700000, 0x0000000782800000|  0%| F|  |TAMS 0x0000000782700000, 0x0000000782700000| Untracked 
|  40|0x0000000782800000, 0x0000000782800000, 0x0000000782900000|  0%| F|  |TAMS 0x0000000782800000, 0x0000000782800000| Untracked 
|  41|0x0000000782900000, 0x0000000782900000, 0x0000000782a00000|  0%| F|  |TAMS 0x0000000782900000, 0x0000000782900000| Untracked 
|  42|0x0000000782a00000, 0x0000000782a00000, 0x0000000782b00000|  0%| F|  |TAMS 0x0000000782a00000, 0x0000000782a00000| Untracked 
|  43|0x0000000782b00000, 0x0000000782b00000, 0x0000000782c00000|  0%| F|  |TAMS 0x0000000782b00000, 0x0000000782b00000| Untracked 
|  44|0x0000000782c00000, 0x0000000782c00000, 0x0000000782d00000|  0%| F|  |TAMS 0x0000000782c00000, 0x0000000782c00000| Untracked 
|  45|0x0000000782d00000, 0x0000000782d00000, 0x0000000782e00000|  0%| F|  |TAMS 0x0000000782d00000, 0x0000000782d00000| Untracked 
|  46|0x0000000782e00000, 0x0000000782e00000, 0x0000000782f00000|  0%| F|  |TAMS 0x0000000782e00000, 0x0000000782e00000| Untracked 
|  47|0x0000000782f00000, 0x0000000782f00000, 0x0000000783000000|  0%| F|  |TAMS 0x0000000782f00000, 0x0000000782f00000| Untracked 
|  48|0x0000000783000000, 0x0000000783000000, 0x0000000783100000|  0%| F|  |TAMS 0x0000000783000000, 0x0000000783000000| Untracked 
|  49|0x0000000783100000, 0x0000000783100000, 0x0000000783200000|  0%| F|  |TAMS 0x0000000783100000, 0x0000000783100000| Untracked 
|  50|0x0000000783200000, 0x0000000783200000, 0x0000000783300000|  0%| F|  |TAMS 0x0000000783200000, 0x0000000783200000| Untracked 
|  51|0x0000000783300000, 0x0000000783300000, 0x0000000783400000|  0%| F|  |TAMS 0x0000000783300000, 0x0000000783300000| Untracked 
|  52|0x0000000783400000, 0x0000000783400000, 0x0000000783500000|  0%| F|  |TAMS 0x0000000783400000, 0x0000000783400000| Untracked 
|  53|0x0000000783500000, 0x0000000783500000, 0x0000000783600000|  0%| F|  |TAMS 0x0000000783500000, 0x0000000783500000| Untracked 
|  54|0x0000000783600000, 0x0000000783600000, 0x0000000783700000|  0%| F|  |TAMS 0x0000000783600000, 0x0000000783600000| Untracked 
|  55|0x0000000783700000, 0x0000000783700000, 0x0000000783800000|  0%| F|  |TAMS 0x0000000783700000, 0x0000000783700000| Untracked 
|  56|0x0000000783800000, 0x0000000783800000, 0x0000000783900000|  0%| F|  |TAMS 0x0000000783800000, 0x0000000783800000| Untracked 
|  57|0x0000000783900000, 0x0000000783900000, 0x0000000783a00000|  0%| F|  |TAMS 0x0000000783900000, 0x0000000783900000| Untracked 
|  58|0x0000000783a00000, 0x0000000783a00000, 0x0000000783b00000|  0%| F|  |TAMS 0x0000000783a00000, 0x0000000783a00000| Untracked 
|  59|0x0000000783b00000, 0x0000000783b00000, 0x0000000783c00000|  0%| F|  |TAMS 0x0000000783b00000, 0x0000000783b00000| Untracked 
|  60|0x0000000783c00000, 0x0000000783c00000, 0x0000000783d00000|  0%| F|  |TAMS 0x0000000783c00000, 0x0000000783c00000| Untracked 
|  61|0x0000000783d00000, 0x0000000783d00000, 0x0000000783e00000|  0%| F|  |TAMS 0x0000000783d00000, 0x0000000783d00000| Untracked 
|  62|0x0000000783e00000, 0x0000000783e00000, 0x0000000783f00000|  0%| F|  |TAMS 0x0000000783e00000, 0x0000000783e00000| Untracked 
|  63|0x0000000783f00000, 0x0000000783f00000, 0x0000000784000000|  0%| F|  |TAMS 0x0000000783f00000, 0x0000000783f00000| Untracked 
|  64|0x0000000784000000, 0x0000000784000000, 0x0000000784100000|  0%| F|  |TAMS 0x0000000784000000, 0x0000000784000000| Untracked 
|  65|0x0000000784100000, 0x0000000784100000, 0x0000000784200000|  0%| F|  |TAMS 0x0000000784100000, 0x0000000784100000| Untracked 
|  66|0x0000000784200000, 0x0000000784200000, 0x0000000784300000|  0%| F|  |TAMS 0x0000000784200000, 0x0000000784200000| Untracked 
|  67|0x0000000784300000, 0x0000000784300000, 0x0000000784400000|  0%| F|  |TAMS 0x0000000784300000, 0x0000000784300000| Untracked 
|  68|0x0000000784400000, 0x0000000784400000, 0x0000000784500000|  0%| F|  |TAMS 0x0000000784400000, 0x0000000784400000| Untracked 
|  69|0x0000000784500000, 0x0000000784500000, 0x0000000784600000|  0%| F|  |TAMS 0x0000000784500000, 0x0000000784500000| Untracked 
|  70|0x0000000784600000, 0x0000000784600000, 0x0000000784700000|  0%| F|  |TAMS 0x0000000784600000, 0x0000000784600000| Untracked 
|  71|0x0000000784700000, 0x0000000784700000, 0x0000000784800000|  0%| F|  |TAMS 0x0000000784700000, 0x0000000784700000| Untracked 
|  72|0x0000000784800000, 0x0000000784800000, 0x0000000784900000|  0%| F|  |TAMS 0x0000000784800000, 0x0000000784800000| Untracked 
|  73|0x0000000784900000, 0x0000000784900000, 0x0000000784a00000|  0%| F|  |TAMS 0x0000000784900000, 0x0000000784900000| Untracked 
|  74|0x0000000784a00000, 0x0000000784a00000, 0x0000000784b00000|  0%| F|  |TAMS 0x0000000784a00000, 0x0000000784a00000| Untracked 
|  75|0x0000000784b00000, 0x0000000784b00000, 0x0000000784c00000|  0%| F|  |TAMS 0x0000000784b00000, 0x0000000784b00000| Untracked 
|  76|0x0000000784c00000, 0x0000000784c00000, 0x0000000784d00000|  0%| F|  |TAMS 0x0000000784c00000, 0x0000000784c00000| Untracked 
|  77|0x0000000784d00000, 0x0000000784d00000, 0x0000000784e00000|  0%| F|  |TAMS 0x0000000784d00000, 0x0000000784d00000| Untracked 
|  78|0x0000000784e00000, 0x0000000784e00000, 0x0000000784f00000|  0%| F|  |TAMS 0x0000000784e00000, 0x0000000784e00000| Untracked 
|  79|0x0000000784f00000, 0x0000000784f00000, 0x0000000785000000|  0%| F|  |TAMS 0x0000000784f00000, 0x0000000784f00000| Untracked 
|  80|0x0000000785000000, 0x0000000785000000, 0x0000000785100000|  0%| F|  |TAMS 0x0000000785000000, 0x0000000785000000| Untracked 
|  81|0x0000000785100000, 0x0000000785100000, 0x0000000785200000|  0%| F|  |TAMS 0x0000000785100000, 0x0000000785100000| Untracked 
|  82|0x0000000785200000, 0x0000000785200000, 0x0000000785300000|  0%| F|  |TAMS 0x0000000785200000, 0x0000000785200000| Untracked 
|  83|0x0000000785300000, 0x0000000785300000, 0x0000000785400000|  0%| F|  |TAMS 0x0000000785300000, 0x0000000785300000| Untracked 
|  84|0x0000000785400000, 0x0000000785400000, 0x0000000785500000|  0%| F|  |TAMS 0x0000000785400000, 0x0000000785400000| Untracked 
|  85|0x0000000785500000, 0x0000000785500000, 0x0000000785600000|  0%| F|  |TAMS 0x0000000785500000, 0x0000000785500000| Untracked 
|  86|0x0000000785600000, 0x0000000785600000, 0x0000000785700000|  0%| F|  |TAMS 0x0000000785600000, 0x0000000785600000| Untracked 
|  87|0x0000000785700000, 0x0000000785700000, 0x0000000785800000|  0%| F|  |TAMS 0x0000000785700000, 0x0000000785700000| Untracked 
|  88|0x0000000785800000, 0x0000000785800000, 0x0000000785900000|  0%| F|  |TAMS 0x0000000785800000, 0x0000000785800000| Untracked 
|  89|0x0000000785900000, 0x0000000785900000, 0x0000000785a00000|  0%| F|  |TAMS 0x0000000785900000, 0x0000000785900000| Untracked 
|  90|0x0000000785a00000, 0x0000000785a00000, 0x0000000785b00000|  0%| F|  |TAMS 0x0000000785a00000, 0x0000000785a00000| Untracked 
|  91|0x0000000785b00000, 0x0000000785b00000, 0x0000000785c00000|  0%| F|  |TAMS 0x0000000785b00000, 0x0000000785b00000| Untracked 
|  92|0x0000000785c00000, 0x0000000785c00000, 0x0000000785d00000|  0%| F|  |TAMS 0x0000000785c00000, 0x0000000785c00000| Untracked 
|  93|0x0000000785d00000, 0x0000000785d00000, 0x0000000785e00000|  0%| F|  |TAMS 0x0000000785d00000, 0x0000000785d00000| Untracked 
|  94|0x0000000785e00000, 0x0000000785e00000, 0x0000000785f00000|  0%| F|  |TAMS 0x0000000785e00000, 0x0000000785e00000| Untracked 
|  95|0x0000000785f00000, 0x0000000785f00000, 0x0000000786000000|  0%| F|  |TAMS 0x0000000785f00000, 0x0000000785f00000| Untracked 
|  96|0x0000000786000000, 0x0000000786000000, 0x0000000786100000|  0%| F|  |TAMS 0x0000000786000000, 0x0000000786000000| Untracked 
|  97|0x0000000786100000, 0x0000000786100000, 0x0000000786200000|  0%| F|  |TAMS 0x0000000786100000, 0x0000000786100000| Untracked 
|  98|0x0000000786200000, 0x0000000786200000, 0x0000000786300000|  0%| F|  |TAMS 0x0000000786200000, 0x0000000786200000| Untracked 
|  99|0x0000000786300000, 0x0000000786300000, 0x0000000786400000|  0%| F|  |TAMS 0x0000000786300000, 0x0000000786300000| Untracked 
| 100|0x0000000786400000, 0x0000000786400000, 0x0000000786500000|  0%| F|  |TAMS 0x0000000786400000, 0x0000000786400000| Untracked 
| 101|0x0000000786500000, 0x0000000786500000, 0x0000000786600000|  0%| F|  |TAMS 0x0000000786500000, 0x0000000786500000| Untracked 
| 102|0x0000000786600000, 0x0000000786600000, 0x0000000786700000|  0%| F|  |TAMS 0x0000000786600000, 0x0000000786600000| Untracked 
| 103|0x0000000786700000, 0x0000000786700000, 0x0000000786800000|  0%| F|  |TAMS 0x0000000786700000, 0x0000000786700000| Untracked 
| 104|0x0000000786800000, 0x0000000786800000, 0x0000000786900000|  0%| F|  |TAMS 0x0000000786800000, 0x0000000786800000| Untracked 
| 105|0x0000000786900000, 0x0000000786900000, 0x0000000786a00000|  0%| F|  |TAMS 0x0000000786900000, 0x0000000786900000| Untracked 
| 106|0x0000000786a00000, 0x0000000786a00000, 0x0000000786b00000|  0%| F|  |TAMS 0x0000000786a00000, 0x0000000786a00000| Untracked 
| 107|0x0000000786b00000, 0x0000000786b00000, 0x0000000786c00000|  0%| F|  |TAMS 0x0000000786b00000, 0x0000000786b00000| Untracked 
| 108|0x0000000786c00000, 0x0000000786c00000, 0x0000000786d00000|  0%| F|  |TAMS 0x0000000786c00000, 0x0000000786c00000| Untracked 
| 109|0x0000000786d00000, 0x0000000786d00000, 0x0000000786e00000|  0%| F|  |TAMS 0x0000000786d00000, 0x0000000786d00000| Untracked 
| 110|0x0000000786e00000, 0x0000000786e00000, 0x0000000786f00000|  0%| F|  |TAMS 0x0000000786e00000, 0x0000000786e00000| Untracked 
| 111|0x0000000786f00000, 0x0000000786f00000, 0x0000000787000000|  0%| F|  |TAMS 0x0000000786f00000, 0x0000000786f00000| Untracked 
| 112|0x0000000787000000, 0x0000000787000000, 0x0000000787100000|  0%| F|  |TAMS 0x0000000787000000, 0x0000000787000000| Untracked 
| 113|0x0000000787100000, 0x0000000787100000, 0x0000000787200000|  0%| F|  |TAMS 0x0000000787100000, 0x0000000787100000| Untracked 
| 114|0x0000000787200000, 0x0000000787200000, 0x0000000787300000|  0%| F|  |TAMS 0x0000000787200000, 0x0000000787200000| Untracked 
| 115|0x0000000787300000, 0x0000000787300000, 0x0000000787400000|  0%| F|  |TAMS 0x0000000787300000, 0x0000000787300000| Untracked 
| 116|0x0000000787400000, 0x0000000787400000, 0x0000000787500000|  0%| F|  |TAMS 0x0000000787400000, 0x0000000787400000| Untracked 
| 117|0x0000000787500000, 0x0000000787500000, 0x0000000787600000|  0%| F|  |TAMS 0x0000000787500000, 0x0000000787500000| Untracked 
| 118|0x0000000787600000, 0x00000007876bd810, 0x0000000787700000| 74%| E|  |TAMS 0x0000000787600000, 0x0000000787600000| Complete 
| 119|0x0000000787700000, 0x0000000787800000, 0x0000000787800000|100%| E|  |TAMS 0x0000000787700000, 0x0000000787700000| Complete 
| 120|0x0000000787800000, 0x0000000787900000, 0x0000000787900000|100%| E|CS|TAMS 0x0000000787800000, 0x0000000787800000| Complete 
| 121|0x0000000787900000, 0x0000000787a00000, 0x0000000787a00000|100%| E|CS|TAMS 0x0000000787900000, 0x0000000787900000| Complete 
| 122|0x0000000787a00000, 0x0000000787b00000, 0x0000000787b00000|100%| E|CS|TAMS 0x0000000787a00000, 0x0000000787a00000| Complete 
| 123|0x0000000787b00000, 0x0000000787c00000, 0x0000000787c00000|100%| E|CS|TAMS 0x0000000787b00000, 0x0000000787b00000| Complete 
| 124|0x0000000787c00000, 0x0000000787d00000, 0x0000000787d00000|100%| E|CS|TAMS 0x0000000787c00000, 0x0000000787c00000| Complete 
| 125|0x0000000787d00000, 0x0000000787e00000, 0x0000000787e00000|100%| E|CS|TAMS 0x0000000787d00000, 0x0000000787d00000| Complete 
| 126|0x0000000787e00000, 0x0000000787f00000, 0x0000000787f00000|100%| E|CS|TAMS 0x0000000787e00000, 0x0000000787e00000| Complete 
| 127|0x0000000787f00000, 0x0000000788000000, 0x0000000788000000|100%| E|CS|TAMS 0x0000000787f00000, 0x0000000787f00000| Complete 

Card table byte_map: [0x0000000127364000,0x0000000127764000] _byte_map_base: 0x0000000123764000

Marking Bits (Prev, Next): (CMBitMap*) 0x00007fe5f0836018, (CMBitMap*) 0x00007fe5f0836050
 Prev Bits: [0x0000000127b64000, 0x0000000129b64000)
 Next Bits: [0x0000000129b64000, 0x000000012bb64000)

Polling page: 0x0000000104135000

Metaspace:

Usage:
  Non-class:      9.62 MB capacity,     9.44 MB ( 98%) used,   173.95 KB (  2%) free+waste,    15.56 KB ( <1%) overhead. 
      Class:      1.01 MB capacity,   944.54 KB ( 91%) used,    85.27 KB (  8%) free+waste,     7.19 KB ( <1%) overhead. 
       Both:     10.64 MB capacity,    10.36 MB ( 97%) used,   259.23 KB (  2%) free+waste,    22.75 KB ( <1%) overhead. 

Virtual space:
  Non-class space:       10.00 MB reserved,       9.75 MB ( 98%) committed 
      Class space:        1.00 GB reserved,       1.12 MB ( <1%) committed 
             Both:        1.01 GB reserved,      10.88 MB (  1%) committed 

Chunk freelists:
   Non-Class:  9.00 KB
       Class:  19.00 KB
        Both:  28.00 KB

MaxMetaspaceSize: unlimited
CompressedClassSpaceSize: 1.00 GB
Initial GC threshold: 20.80 MB
Current GC threshold: 20.80 MB
CDS: off

CodeHeap 'non-profiled nmethods': size=120032Kb used=238Kb max_used=238Kb free=119793Kb
 bounds [0x000000011f941000, 0x000000011fbb1000, 0x0000000126e79000]
CodeHeap 'profiled nmethods': size=120028Kb used=1261Kb max_used=1261Kb free=118766Kb
 bounds [0x000000011840a000, 0x000000011867a000, 0x000000011f941000]
CodeHeap 'non-nmethods': size=5700Kb used=1143Kb max_used=1155Kb free=4557Kb
 bounds [0x0000000117e79000, 0x00000001180e9000, 0x000000011840a000]
 total_blobs=1059 nmethods=654 adapters=320
 compilation: enabled
              stopped_count=0, restarted_count=0
 full_count=0

Compilation events (20 events):
Event: 10.960 Thread 0x00007fe5f182d000 nmethod 646 0x000000011853dd10 code [0x000000011853df80, 0x000000011853ea90]
Event: 10.960 Thread 0x00007fe5f182d000  647   !   3       java.util.zip.InflaterInputStream::read (138 bytes)
Event: 10.961 Thread 0x00007fe5f182d000 nmethod 647 0x000000011853f490 code [0x000000011853f740, 0x00000001185405b0]
Event: 10.961 Thread 0x00007fe5f182d000  648       3       java.util.zip.InflaterInputStream::ensureOpen (18 bytes)
Event: 10.961 Thread 0x00007fe5f182d000 nmethod 648 0x0000000118541010 code [0x00000001185411e0, 0x00000001185413e0]
Event: 10.961 Thread 0x00007fe5f182d000  649       3       java.lang.String::substring (68 bytes)
Event: 10.962 Thread 0x00007fe5f182d000 nmethod 649 0x0000000118541510 code [0x0000000118541760, 0x0000000118541eb0]
Event: 10.963 Thread 0x00007fe5f182d000  650       3       java.lang.String::indexOf (18 bytes)
Event: 10.963 Thread 0x00007fe5f182d000 nmethod 650 0x0000000118542410 code [0x00000001185425e0, 0x00000001185428a0]
Event: 10.963 Thread 0x00007fe5f182d000  651       3       java.lang.String::indexOf (113 bytes)
Event: 10.964 Thread 0x00007fe5f182c000 nmethod 640% 0x000000011f97b090 code [0x000000011f97b240, 0x000000011f97b5b8]
Event: 10.964 Thread 0x00007fe5f182c000  631       4       java.lang.String::startsWith (138 bytes)
Event: 10.964 Thread 0x00007fe5f182d000 nmethod 651 0x0000000118542b10 code [0x0000000118542da0, 0x00000001185437a0]
Event: 10.964 Thread 0x00007fe5f182d000  652       3       java.io.RandomAccessFile::read (8 bytes)
Event: 10.964 Thread 0x00007fe5f182d000 nmethod 652 0x0000000118543f10 code [0x00000001185440c0, 0x00000001185441e0]
Event: 10.964 Thread 0x00007fe5f182d000  654       3       java.security.CodeSource::getCertificates (98 bytes)
Event: 10.965 Thread 0x00007fe5f182d000 nmethod 654 0x0000000118544290 code [0x0000000118544500, 0x0000000118545090]
Event: 10.967 Thread 0x00007fe5f182c000 nmethod 631 0x000000011f97be90 code [0x000000011f97c020, 0x000000011f97c278]
Event: 10.967 Thread 0x00007fe5f182c000  628       4       java.util.HashMap::put (13 bytes)
Event: 10.968 Thread 0x00007fe5f182c000 nmethod 628 0x000000011f97c710 code [0x000000011f97c8c0, 0x000000011f97c9e8]

GC Heap History (0 events):
No events

Deoptimization events (20 events):
Event: 0.964 Thread 0x00007fe5f080f800 Uncommon trap: trap_request=0xffffff4d fr.pc=0x000000011f9456f8 relative=0x0000000000000058
Event: 0.964 Thread 0x00007fe5f080f800 Uncommon trap: reason=unstable_if action=reinterpret pc=0x000000011f9456f8 method=java.lang.String.isLatin1()Z @ 10 c2
Event: 0.964 Thread 0x00007fe5f080f800 DEOPT PACKING pc=0x000000011f9456f8 sp=0x000000030c698670
Event: 0.964 Thread 0x00007fe5f080f800 DEOPT UNPACKING pc=0x0000000117ec2e9f sp=0x000000030c698620 mode 2
Event: 10.747 Thread 0x00007fe5f080f800 Uncommon trap: trap_request=0xffffffc6 fr.pc=0x000000011f94b714 relative=0x0000000000000074
Event: 10.747 Thread 0x00007fe5f080f800 Uncommon trap: reason=bimorphic_or_optimized_type_check action=maybe_recompile pc=0x000000011f94b714 method=java.util.AbstractCollection.isEmpty()Z @ 1 c2
Event: 10.747 Thread 0x00007fe5f080f800 DEOPT PACKING pc=0x000000011f94b714 sp=0x000000030c696f10
Event: 10.747 Thread 0x00007fe5f080f800 DEOPT UNPACKING pc=0x0000000117ec2e9f sp=0x000000030c696ec0 mode 2
Event: 10.747 Thread 0x00007fe5f080f800 Uncommon trap: trap_request=0xffffffc6 fr.pc=0x000000011f94b714 relative=0x0000000000000074
Event: 10.747 Thread 0x00007fe5f080f800 Uncommon trap: reason=bimorphic_or_optimized_type_check action=maybe_recompile pc=0x000000011f94b714 method=java.util.AbstractCollection.isEmpty()Z @ 1 c2
Event: 10.747 Thread 0x00007fe5f080f800 DEOPT PACKING pc=0x000000011f94b714 sp=0x000000030c6970e0
Event: 10.747 Thread 0x00007fe5f080f800 DEOPT UNPACKING pc=0x0000000117ec2e9f sp=0x000000030c697090 mode 2
Event: 10.750 Thread 0x00007fe5f080f800 Uncommon trap: trap_request=0xffffffc6 fr.pc=0x000000011f94b714 relative=0x0000000000000074
Event: 10.750 Thread 0x00007fe5f080f800 Uncommon trap: reason=bimorphic_or_optimized_type_check action=maybe_recompile pc=0x000000011f94b714 method=java.util.AbstractCollection.isEmpty()Z @ 1 c2
Event: 10.750 Thread 0x00007fe5f080f800 DEOPT PACKING pc=0x000000011f94b714 sp=0x000000030c6972c0
Event: 10.750 Thread 0x00007fe5f080f800 DEOPT UNPACKING pc=0x0000000117ec2e9f sp=0x000000030c697270 mode 2
Event: 10.750 Thread 0x00007fe5f080f800 Uncommon trap: trap_request=0xffffffc6 fr.pc=0x000000011f94b714 relative=0x0000000000000074
Event: 10.750 Thread 0x00007fe5f080f800 Uncommon trap: reason=bimorphic_or_optimized_type_check action=maybe_recompile pc=0x000000011f94b714 method=java.util.AbstractCollection.isEmpty()Z @ 1 c2
Event: 10.750 Thread 0x00007fe5f080f800 DEOPT PACKING pc=0x000000011f94b714 sp=0x000000030c6972a0
Event: 10.750 Thread 0x00007fe5f080f800 DEOPT UNPACKING pc=0x0000000117ec2e9f sp=0x000000030c697250 mode 2

Classes redefined (0 events):
No events

Internal exceptions (3 events):
Event: 0.811 Thread 0x00007fe5f080f800 Exception <a 'java/lang/NoClassDefFoundError'{0x0000000787d092f0}: jdk/internal/loader/NativeLibraries> (0x0000000787d092f0) thrown at [src/hotspot/share/classfile/systemDictionary.cpp, line 219]
Event: 0.817 Thread 0x00007fe5f080f800 Exception <a 'java/lang/NoSuchMethodError'{0x0000000787d0b168}: 'java.lang.Object java.lang.invoke.DirectMethodHandle$Holder.invokeStaticInit(java.lang.Object, java.lang.Object, java.lang.Object)'> (0x0000000787d0b168) thrown at [src/hotspot/share/interpreter/linkResolver.cpp, line 773]
Event: 10.883 Thread 0x00007fe5f080f800 Exception <a 'java/lang/NoSuchMethodError'{0x00000007879d6f80}: 'java.lang.Object java.lang.invoke.DirectMethodHandle$Holder.invokeVirtual(java.lang.Object, java.lang.Object, java.lang.Object)'> (0x00000007879d6f80) thrown at [src/hotspot/share/interpreter/linkResolver.cpp, line 773]

Events (20 events):
Event: 10.959 loading class com/mysql/cj/jdbc/result/ResultSetFactory
Event: 10.959 loading class com/mysql/cj/jdbc/result/ResultSetFactory done
Event: 10.960 loading class com/mysql/cj/exceptions/CJOperationNotSupportedException
Event: 10.960 loading class com/mysql/cj/exceptions/CJOperationNotSupportedException done
Event: 10.960 loading class com/mysql/cj/jdbc/result/ResultSetImpl
Event: 10.960 loading class com/mysql/cj/jdbc/result/ResultSetImpl done
Event: 10.961 loading class com/mysql/cj/jdbc/result/ResultSetInternalMethods
Event: 10.961 loading class com/mysql/cj/jdbc/result/ResultSetInternalMethods done
Event: 10.963 loading class com/mysql/cj/protocol/ResultsetRowsOwner
Event: 10.963 loading class com/mysql/cj/protocol/ResultsetRowsOwner done
Event: 10.964 loading class com/mysql/cj/protocol/Resultset
Event: 10.964 loading class com/mysql/cj/protocol/Resultset done
Event: 10.965 loading class com/mysql/cj/WarningListener
Event: 10.965 loading class com/mysql/cj/WarningListener done
Event: 10.966 loading class com/mysql/cj/protocol/a/result/NativeResultset
Event: 10.966 loading class com/mysql/cj/protocol/a/result/NativeResultset done
Event: 10.966 loading class com/mysql/cj/jdbc/result/UpdatableResultSet
Event: 10.966 loading class com/mysql/cj/jdbc/result/UpdatableResultSet done
Event: 10.968 loading class com/mysql/cj/protocol/Resultset$Type
Event: 10.968 loading class com/mysql/cj/protocol/Resultset$Type done


Dynamic libraries:
0x000000010c767000 	/Users/jojunbeom/Library/Java/JavaVirtualMachines/corretto-11.0.14.1/Contents/Home/lib/jli/libjli.dylib
0x00007ff83067c000 	/System/Library/Frameworks/Cocoa.framework/Versions/A/Cocoa
0x00007ff81bf1d000 	/System/Library/Frameworks/AppKit.framework/Versions/C/AppKit
0x00007ff81f46d000 	/System/Library/Frameworks/CoreData.framework/Versions/A/CoreData
0x00007ff81a338000 	/System/Library/Frameworks/Foundation.framework/Versions/C/Foundation
0x00007ff824760000 	/usr/lib/libSystem.B.dylib
0x00007ff81cdaa000 	/System/Library/PrivateFrameworks/UIFoundation.framework/Versions/A/UIFoundation
0x00007ff82a654000 	/System/Library/PrivateFrameworks/RemoteViewServices.framework/Versions/A/RemoteViewServices
0x00007ff822953000 	/System/Library/PrivateFrameworks/XCTTargetBootstrap.framework/Versions/A/XCTTargetBootstrap
0x00007ff82662b000 	/System/Library/PrivateFrameworks/InternationalSupport.framework/Versions/A/InternationalSupport
0x00007ff8266b5000 	/System/Library/PrivateFrameworks/UserActivity.framework/Versions/A/UserActivity
0x00007ff825a12000 	/usr/lib/libspindump.dylib
0x00007ff81d038000 	/System/Library/Frameworks/UniformTypeIdentifiers.framework/Versions/A/UniformTypeIdentifiers
0x00007ff821092000 	/usr/lib/libapp_launch_measurement.dylib
0x00007ff81fe47000 	/System/Library/PrivateFrameworks/CoreAnalytics.framework/Versions/A/CoreAnalytics
0x00007ff821095000 	/System/Library/PrivateFrameworks/CoreAutoLayout.framework/Versions/A/CoreAutoLayout
0x00007ff8222b4000 	/System/Library/Frameworks/Metal.framework/Versions/A/Metal
0x00007ff822fcb000 	/usr/lib/liblangid.dylib
0x00007ff822957000 	/System/Library/PrivateFrameworks/CoreSVG.framework/Versions/A/CoreSVG
0x00007ff81e3fa000 	/System/Library/PrivateFrameworks/SkyLight.framework/Versions/A/SkyLight
0x00007ff81e78b000 	/System/Library/Frameworks/CoreGraphics.framework/Versions/A/CoreGraphics
0x00007ff82acbf000 	/System/Library/Frameworks/Accelerate.framework/Versions/A/Accelerate
0x00007ff82548d000 	/System/Library/PrivateFrameworks/IconServices.framework/Versions/A/IconServices
0x00007ff822299000 	/System/Library/Frameworks/IOSurface.framework/Versions/A/IOSurface
0x00007ff81fe75000 	/usr/lib/libDiagnosticMessagesClient.dylib
0x00007ff82467a000 	/usr/lib/libz.1.dylib
0x00007ff82e31e000 	/System/Library/Frameworks/ApplicationServices.framework/Versions/A/ApplicationServices
0x00007ff82293f000 	/System/Library/PrivateFrameworks/DFRFoundation.framework/Versions/A/DFRFoundation
0x00007ff81b80e000 	/usr/lib/libicucore.A.dylib
0x00007ff82734d000 	/System/Library/Frameworks/AudioToolbox.framework/Versions/A/AudioToolbox
0x00007ff826637000 	/System/Library/PrivateFrameworks/DataDetectorsCore.framework/Versions/A/DataDetectorsCore
0x00007ff921dcc000 	/System/Library/PrivateFrameworks/TextInput.framework/Versions/A/TextInput
0x00007ff81e37d000 	/usr/lib/libMobileGestalt.dylib
0x00007ff822647000 	/System/Library/Frameworks/Carbon.framework/Versions/A/Frameworks/HIToolbox.framework/Versions/A/HIToolbox
0x00007ff820ac0000 	/System/Library/Frameworks/QuartzCore.framework/Versions/A/QuartzCore
0x00007ff81b4af000 	/System/Library/Frameworks/Security.framework/Versions/A/Security
0x00007ff82a68c000 	/System/Library/Frameworks/Carbon.framework/Versions/A/Frameworks/SpeechRecognition.framework/Versions/A/SpeechRecognition
0x00007ff820df2000 	/System/Library/PrivateFrameworks/CoreUI.framework/Versions/A/CoreUI
0x00007ff81ad89000 	/System/Library/Frameworks/CoreAudio.framework/Versions/A/CoreAudio
0x00007ff81ff63000 	/System/Library/Frameworks/DiskArbitration.framework/Versions/A/DiskArbitration
0x00007ff825df5000 	/System/Library/PrivateFrameworks/MultitouchSupport.framework/Versions/A/MultitouchSupport
0x00007ff81e37c000 	/usr/lib/libenergytrace.dylib
0x00007ff81be09000 	/System/Library/Frameworks/IOKit.framework/Versions/A/IOKit
0x00007ff82aa76000 	/System/Library/Frameworks/CoreServices.framework/Versions/A/CoreServices
0x00007ff82102c000 	/System/Library/PrivateFrameworks/PerformanceAnalysis.framework/Versions/A/PerformanceAnalysis
0x00007ffa3183b000 	/System/Library/Frameworks/OpenGL.framework/Versions/A/OpenGL
0x00007ff823cb2000 	/System/Library/PrivateFrameworks/MobileKeyBag.framework/Versions/A/MobileKeyBag
0x00007ff8193d0000 	/usr/lib/libobjc.A.dylib
0x00007ff81eeba000 	/System/Library/Frameworks/ColorSync.framework/Versions/A/ColorSync
0x00007ff81958c000 	/System/Library/Frameworks/CoreFoundation.framework/Versions/A/CoreFoundation
0x00007ff822bd2000 	/System/Library/Frameworks/CoreImage.framework/Versions/A/CoreImage
0x00007ff81ab9f000 	/System/Library/Frameworks/CoreText.framework/Versions/A/CoreText
0x00007ff822986000 	/System/Library/Frameworks/ImageIO.framework/Versions/A/ImageIO
0x00007ff824766000 	/System/Library/PrivateFrameworks/SoftLinking.framework/Versions/A/SoftLinking
0x00007ff8210dd000 	/usr/lib/libxml2.2.dylib
0x00007ff819499000 	/usr/lib/libc++.1.dylib
0x00007ff8249e6000 	/usr/lib/libcompression.dylib
0x00007ff826561000 	/System/Library/PrivateFrameworks/TextureIO.framework/Versions/A/TextureIO
0x00007ff825106000 	/usr/lib/libate.dylib
0x00007ff82475b000 	/usr/lib/system/libcache.dylib
0x00007ff824717000 	/usr/lib/system/libcommonCrypto.dylib
0x00007ff824740000 	/usr/lib/system/libcompiler_rt.dylib
0x00007ff824736000 	/usr/lib/system/libcopyfile.dylib
0x00007ff8192ca000 	/usr/lib/system/libcorecrypto.dylib
0x00007ff819389000 	/usr/lib/system/libdispatch.dylib
0x00007ff81954b000 	/usr/lib/system/libdyld.dylib
0x00007ff824752000 	/usr/lib/system/libkeymgr.dylib
0x00007ff8246f5000 	/usr/lib/system/libmacho.dylib
0x00007ff823d86000 	/usr/lib/system/libquarantine.dylib
0x00007ff824750000 	/usr/lib/system/libremovefile.dylib
0x00007ff81e3c9000 	/usr/lib/system/libsystem_asl.dylib
0x00007ff819278000 	/usr/lib/system/libsystem_blocks.dylib
0x00007ff819410000 	/usr/lib/system/libsystem_c.dylib
0x00007ff824748000 	/usr/lib/system/libsystem_collections.dylib
0x00007ff822fbc000 	/usr/lib/system/libsystem_configuration.dylib
0x00007ff82227c000 	/usr/lib/system/libsystem_containermanager.dylib
0x00007ff82442e000 	/usr/lib/system/libsystem_coreservices.dylib
0x00007ff81ba97000 	/usr/lib/system/libsystem_darwin.dylib
0x00007ff824753000 	/usr/lib/system/libsystem_dnssd.dylib
0x00007ff81940d000 	/usr/lib/system/libsystem_featureflags.dylib
0x00007ff819561000 	/usr/lib/system/libsystem_info.dylib
0x00007ff82468d000 	/usr/lib/system/libsystem_m.dylib
0x00007ff81935d000 	/usr/lib/system/libsystem_malloc.dylib
0x00007ff81e366000 	/usr/lib/system/libsystem_networkextension.dylib
0x00007ff81bebf000 	/usr/lib/system/libsystem_notify.dylib
0x00007ff82a94d000 	/usr/lib/system/libsystem_product_info_filter.dylib
0x00007ff822fc0000 	/usr/lib/system/libsystem_sandbox.dylib
0x00007ff82474d000 	/usr/lib/system/libsystem_secinit.dylib
0x00007ff819508000 	/usr/lib/system/libsystem_kernel.dylib
0x00007ff819557000 	/usr/lib/system/libsystem_platform.dylib
0x00007ff81953f000 	/usr/lib/system/libsystem_pthread.dylib
0x00007ff81fc8d000 	/usr/lib/system/libsystem_symptoms.dylib
0x00007ff8192b1000 	/usr/lib/system/libsystem_trace.dylib
0x00007ff824723000 	/usr/lib/system/libunwind.dylib
0x00007ff81927a000 	/usr/lib/system/libxpc.dylib
0x00007ff8194f2000 	/usr/lib/libc++abi.dylib
0x00007ff82472e000 	/usr/lib/liboah.dylib
0x00007ff824ebf000 	/usr/lib/liblzma.5.dylib
0x00007ff81a049000 	/System/Library/Frameworks/SystemConfiguration.framework/Versions/A/SystemConfiguration
0x00007ff824762000 	/usr/lib/libfakelink.dylib
0x00007ff81ded0000 	/System/Library/Frameworks/CFNetwork.framework/Versions/A/CFNetwork
0x00007ff8248a1000 	/usr/lib/libarchive.2.dylib
0x00007ff822fc7000 	/System/Library/PrivateFrameworks/AppleSystemInfo.framework/Versions/A/AppleSystemInfo
0x00007ff823dac000 	/usr/lib/libbsm.0.dylib
0x00007ff81d507000 	/usr/lib/libnetwork.dylib
0x00007ff8246fb000 	/usr/lib/system/libkxld.dylib
0x00007ff8239db000 	/System/Library/PrivateFrameworks/IOMobileFramebuffer.framework/Versions/A/IOMobileFramebuffer
0x00007ffb2f1dd000 	/usr/lib/libCoreEntitlements.dylib
0x00007ff824410000 	/System/Library/PrivateFrameworks/AppleFSCompression.framework/Versions/A/AppleFSCompression
0x00007ff823d95000 	/usr/lib/libcoretls.dylib
0x00007ff824ed9000 	/usr/lib/libcoretls_cfhelpers.dylib
0x00007ff8249e1000 	/usr/lib/libpam.2.dylib
0x00007ff81f8b3000 	/usr/lib/libsqlite3.dylib
0x00007ff824f48000 	/usr/lib/libxar.1.dylib
0x00007ff824420000 	/usr/lib/libbz2.1.0.dylib
0x00007ff824767000 	/usr/lib/libpcap.A.dylib
0x00007ff81fc84000 	/usr/lib/libdns_services.dylib
0x00007ff8249b3000 	/usr/lib/libapple_nghttp2.dylib
0x00007ff82479e000 	/usr/lib/libiconv.2.dylib
0x00007ff8246f4000 	/usr/lib/libcharset.1.dylib
0x00007ff821060000 	/System/Library/Frameworks/CoreServices.framework/Versions/A/Frameworks/FSEvents.framework/Versions/A/FSEvents
0x00007ff81baa1000 	/System/Library/Frameworks/CoreServices.framework/Versions/A/Frameworks/CarbonCore.framework/Versions/A/CarbonCore
0x00007ff81fec8000 	/System/Library/Frameworks/CoreServices.framework/Versions/A/Frameworks/Metadata.framework/Versions/A/Metadata
0x00007ff824433000 	/System/Library/Frameworks/CoreServices.framework/Versions/A/Frameworks/OSServices.framework/Versions/A/OSServices
0x00007ff824927000 	/System/Library/Frameworks/CoreServices.framework/Versions/A/Frameworks/SearchKit.framework/Versions/A/SearchKit
0x00007ff81fc16000 	/System/Library/Frameworks/CoreServices.framework/Versions/A/Frameworks/AE.framework/Versions/A/AE
0x00007ff819a8d000 	/System/Library/Frameworks/CoreServices.framework/Versions/A/Frameworks/LaunchServices.framework/Versions/A/LaunchServices
0x00007ff824e70000 	/System/Library/Frameworks/CoreServices.framework/Versions/A/Frameworks/DictionaryServices.framework/Versions/A/DictionaryServices
0x00007ff82106d000 	/System/Library/Frameworks/CoreServices.framework/Versions/A/Frameworks/SharedFileList.framework/Versions/A/SharedFileList
0x00007ff823d89000 	/usr/lib/libCheckFix.dylib
0x00007ff81e3e0000 	/System/Library/PrivateFrameworks/TCC.framework/Versions/A/TCC
0x00007ff822fcd000 	/System/Library/PrivateFrameworks/CoreNLP.framework/Versions/A/CoreNLP
0x00007ff81fe78000 	/System/Library/PrivateFrameworks/MetadataUtilities.framework/Versions/A/MetadataUtilities
0x00007ff81a0f9000 	/usr/lib/libmecabra.dylib
0x00007ff823dbc000 	/usr/lib/libmecab.dylib
0x00007ff81a0c4000 	/usr/lib/libCRFSuite.dylib
0x00007ff823e19000 	/usr/lib/libgermantok.dylib
0x00007ff82498e000 	/usr/lib/libThaiTokenizer.dylib
0x00007ff81ff6a000 	/System/Library/Frameworks/Accelerate.framework/Versions/A/Frameworks/vImage.framework/Versions/A/vImage
0x00007ff82aa4d000 	/System/Library/Frameworks/Accelerate.framework/Versions/A/Frameworks/vecLib.framework/Versions/A/vecLib
0x00007ff824f89000 	/System/Library/Frameworks/Accelerate.framework/Versions/A/Frameworks/vecLib.framework/Versions/A/libvMisc.dylib
0x00007ff8237cf000 	/System/Library/Frameworks/Accelerate.framework/Versions/A/Frameworks/vecLib.framework/Versions/A/libvDSP.dylib
0x00007ff819e05000 	/System/Library/Frameworks/Accelerate.framework/Versions/A/Frameworks/vecLib.framework/Versions/A/libBLAS.dylib
0x00007ff824ac3000 	/System/Library/Frameworks/Accelerate.framework/Versions/A/Frameworks/vecLib.framework/Versions/A/libLAPACK.dylib
0x00007ff823e1c000 	/System/Library/Frameworks/Accelerate.framework/Versions/A/Frameworks/vecLib.framework/Versions/A/libLinearAlgebra.dylib
0x00007ff8249cc000 	/System/Library/Frameworks/Accelerate.framework/Versions/A/Frameworks/vecLib.framework/Versions/A/libSparseBLAS.dylib
0x00007ff824abd000 	/System/Library/Frameworks/Accelerate.framework/Versions/A/Frameworks/vecLib.framework/Versions/A/libQuadrature.dylib
0x00007ff8230b7000 	/System/Library/Frameworks/Accelerate.framework/Versions/A/Frameworks/vecLib.framework/Versions/A/libBNNS.dylib
0x00007ff819fda000 	/System/Library/Frameworks/Accelerate.framework/Versions/A/Frameworks/vecLib.framework/Versions/A/libSparse.dylib
0x00007ff8230b0000 	/System/Library/PrivateFrameworks/LinguisticData.framework/Versions/A/LinguisticData
0x00007ff819f8f000 	/System/Library/PrivateFrameworks/Lexicon.framework/Versions/A/Lexicon
0x00007ff824f82000 	/usr/lib/libChineseTokenizer.dylib
0x00007ff81a6f3000 	/System/Library/PrivateFrameworks/LanguageModeling.framework/Versions/A/LanguageModeling
0x00007ff824990000 	/System/Library/PrivateFrameworks/AppleSauce.framework/Versions/A/AppleSauce
0x00007ff8239c9000 	/System/Library/PrivateFrameworks/CoreEmoji.framework/Versions/A/CoreEmoji
0x00007ff824890000 	/usr/lib/libcmph.dylib
0x00007ff821044000 	/System/Library/Frameworks/OpenDirectory.framework/Versions/A/Frameworks/CFOpenDirectory.framework/Versions/A/CFOpenDirectory
0x00007ff821038000 	/System/Library/Frameworks/OpenDirectory.framework/Versions/A/OpenDirectory
0x00007ff824edb000 	/System/Library/PrivateFrameworks/APFS.framework/Versions/A/APFS
0x00007ff823cea000 	/System/Library/Frameworks/SecurityFoundation.framework/Versions/A/SecurityFoundation
0x00007ff824f56000 	/usr/lib/libutil.dylib
0x00007ff81bdcc000 	/System/Library/PrivateFrameworks/CoreServicesStore.framework/Versions/A/CoreServicesStore
0x00007ff824f5a000 	/usr/lib/libxslt.1.dylib
0x00007ff823d77000 	/System/Library/PrivateFrameworks/BackgroundTaskManagement.framework/Versions/A/BackgroundTaskManagement
0x00007ff826483000 	/System/Library/Frameworks/ImageIO.framework/Versions/A/Resources/libRadiance.dylib
0x00007ff82648c000 	/System/Library/Frameworks/ImageIO.framework/Versions/A/Resources/libJPEG.dylib
0x00007ff8263dd000 	/System/Library/Frameworks/ImageIO.framework/Versions/A/Resources/libPng.dylib
0x00007ff8263fe000 	/System/Library/Frameworks/ImageIO.framework/Versions/A/Resources/libTIFF.dylib
0x00007ff8264ea000 	/System/Library/Frameworks/ImageIO.framework/Versions/A/Resources/libGIF.dylib
0x00007ff825d12000 	/System/Library/Frameworks/ImageIO.framework/Versions/A/Resources/libJP2.dylib
0x00007ff825454000 	/usr/lib/libexpat.1.dylib
0x00007ff825cc7000 	/System/Library/PrivateFrameworks/AppleJPEG.framework/Versions/A/AppleJPEG
0x00007ff82250e000 	/System/Library/PrivateFrameworks/FontServices.framework/libFontParser.dylib
0x00007ff81fbc0000 	/System/Library/PrivateFrameworks/RunningBoardServices.framework/Versions/A/RunningBoardServices
0x00007ff830bed000 	/System/Library/PrivateFrameworks/IOSurfaceAccelerator.framework/Versions/A/IOSurfaceAccelerator
0x00007ff825df1000 	/System/Library/PrivateFrameworks/WatchdogClient.framework/Versions/A/WatchdogClient
0x00007ff81a7e2000 	/System/Library/Frameworks/CoreDisplay.framework/Versions/A/CoreDisplay
0x00007ff82240e000 	/System/Library/Frameworks/CoreMedia.framework/Versions/A/CoreMedia
0x00007ff8222ab000 	/System/Library/PrivateFrameworks/IOAccelerator.framework/Versions/A/IOAccelerator
0x00007ff8211c0000 	/System/Library/Frameworks/CoreVideo.framework/Versions/A/CoreVideo
0x00007ff8249df000 	/System/Library/Frameworks/MetalPerformanceShaders.framework/Versions/A/MetalPerformanceShaders
0x00007ff825e2c000 	/System/Library/Frameworks/VideoToolbox.framework/Versions/A/VideoToolbox
0x00007ff81fb08000 	/System/Library/PrivateFrameworks/BaseBoard.framework/Versions/A/BaseBoard
0x00007ff81f899000 	/System/Library/PrivateFrameworks/ProtocolBuffer.framework/Versions/A/ProtocolBuffer
0x00007ff82647c000 	/System/Library/PrivateFrameworks/GPUWrangler.framework/Versions/A/GPUWrangler
0x00007ff82645f000 	/System/Library/PrivateFrameworks/IOPresentment.framework/Versions/A/IOPresentment
0x00007ff826486000 	/System/Library/PrivateFrameworks/DSExternalDisplay.framework/Versions/A/DSExternalDisplay
0x00007ffa3182f000 	/System/Library/Frameworks/OpenGL.framework/Versions/A/Libraries/libCoreFSCache.dylib
0x00007ffb1d7dc000 	/System/Library/PrivateFrameworks/GPUCompiler.framework/Versions/31001/Libraries/libGPUCompilerUtils.dylib
0x00007ff8264ef000 	/System/Library/PrivateFrameworks/CMCaptureCore.framework/Versions/A/CMCaptureCore
0x00007ff825a00000 	/System/Library/PrivateFrameworks/AppServerSupport.framework/Versions/A/AppServerSupport
0x00007ff827bca000 	/System/Library/PrivateFrameworks/perfdata.framework/Versions/A/perfdata
0x00007ff81a90e000 	/System/Library/PrivateFrameworks/AudioToolboxCore.framework/Versions/A/AudioToolboxCore
0x00007ff8223eb000 	/System/Library/PrivateFrameworks/caulk.framework/Versions/A/caulk
0x00007ff8274f7000 	/usr/lib/libAudioStatistics.dylib
0x00007ff91e68b000 	/System/Library/PrivateFrameworks/SystemPolicy.framework/Versions/A/SystemPolicy
0x00007ff827743000 	/usr/lib/libSMC.dylib
0x00007ff83052f000 	/System/Library/Frameworks/CoreMIDI.framework/Versions/A/CoreMIDI
0x00007ff8263ad000 	/usr/lib/libAudioToolboxUtility.dylib
0x00007ff91ab13000 	/System/Library/PrivateFrameworks/OSAServicesClient.framework/Versions/A/OSAServicesClient
0x00007ff827bd7000 	/usr/lib/libperfcheck.dylib
0x00007ff91f117000 	/usr/lib/libmis.dylib
0x00007ffa3188b000 	/System/Library/Frameworks/OpenGL.framework/Versions/A/Libraries/libGLU.dylib
0x00007ffa3184e000 	/System/Library/Frameworks/OpenGL.framework/Versions/A/Libraries/libGFXShared.dylib
0x00007ffa31a5c000 	/System/Library/Frameworks/OpenGL.framework/Versions/A/Libraries/libGL.dylib
0x00007ffa31857000 	/System/Library/Frameworks/OpenGL.framework/Versions/A/Libraries/libGLImage.dylib
0x00007ffa3184b000 	/System/Library/Frameworks/OpenGL.framework/Versions/A/Libraries/libCVMSPluginSupport.dylib
0x00007ffa31836000 	/System/Library/Frameworks/OpenGL.framework/Versions/A/Libraries/libCoreVMClient.dylib
0x00007ff822f4b000 	/System/Library/Frameworks/MetalPerformanceShaders.framework/Versions/A/Frameworks/MPSCore.framework/Versions/A/MPSCore
0x00007ff82437b000 	/System/Library/Frameworks/MetalPerformanceShaders.framework/Versions/A/Frameworks/MPSImage.framework/Versions/A/MPSImage
0x00007ff823e32000 	/System/Library/Frameworks/MetalPerformanceShaders.framework/Versions/A/Frameworks/MPSNeuralNetwork.framework/Versions/A/MPSNeuralNetwork
0x00007ff8242a7000 	/System/Library/Frameworks/MetalPerformanceShaders.framework/Versions/A/Frameworks/MPSMatrix.framework/Versions/A/MPSMatrix
0x00007ff824063000 	/System/Library/Frameworks/MetalPerformanceShaders.framework/Versions/A/Frameworks/MPSRayIntersector.framework/Versions/A/MPSRayIntersector
0x00007ff8242e0000 	/System/Library/Frameworks/MetalPerformanceShaders.framework/Versions/A/Frameworks/MPSNDArray.framework/Versions/A/MPSNDArray
0x00007ffa36434000 	/System/Library/Frameworks/MetalPerformanceShaders.framework/Versions/A/Frameworks/MPSFunctions.framework/Versions/A/MPSFunctions
0x00007ff819ce8000 	/System/Library/PrivateFrameworks/MetalTools.framework/Versions/A/MetalTools
0x00007ff822fc5000 	/System/Library/PrivateFrameworks/AggregateDictionary.framework/Versions/A/AggregateDictionary
0x00007ff825236000 	/usr/lib/libIOReport.dylib
0x00007ffa32e6b000 	/System/Library/Frameworks/OpenCL.framework/Versions/A/OpenCL
0x00007ff82559a000 	/System/Library/PrivateFrameworks/FaceCore.framework/Versions/A/FaceCore
0x00007ff82558b000 	/System/Library/PrivateFrameworks/GraphVisualizer.framework/Versions/A/GraphVisualizer
0x00007ffb1d6e7000 	/System/Library/PrivateFrameworks/FontServices.framework/Versions/A/FontServices
0x00007ff8259b7000 	/System/Library/PrivateFrameworks/OTSVG.framework/Versions/A/OTSVG
0x00007ff820da8000 	/System/Library/Frameworks/ApplicationServices.framework/Versions/A/Frameworks/ATS.framework/Versions/A/Resources/libFontRegistry.dylib
0x00007ff825a08000 	/System/Library/PrivateFrameworks/FontServices.framework/libhvf.dylib
0x00007ffb1d6e8000 	/System/Library/PrivateFrameworks/FontServices.framework/libXTFontStaticRegistryData.dylib
0x00007ff825404000 	/System/Library/PrivateFrameworks/AppleVA.framework/Versions/A/AppleVA
0x00007ff827517000 	/System/Library/Frameworks/ApplicationServices.framework/Versions/A/Frameworks/ATS.framework/Versions/A/ATS
0x00007ff81efb6000 	/System/Library/Frameworks/ApplicationServices.framework/Versions/A/Frameworks/HIServices.framework/Versions/A/HIServices
0x00007ff8264f9000 	/System/Library/Frameworks/ApplicationServices.framework/Versions/A/Frameworks/PrintCore.framework/Versions/A/PrintCore
0x00007ff827896000 	/System/Library/Frameworks/ApplicationServices.framework/Versions/A/Frameworks/QD.framework/Versions/A/QD
0x00007ff82788e000 	/System/Library/Frameworks/ApplicationServices.framework/Versions/A/Frameworks/ColorSyncLegacy.framework/Versions/A/ColorSyncLegacy
0x00007ff827507000 	/System/Library/Frameworks/ApplicationServices.framework/Versions/A/Frameworks/SpeechSynthesis.framework/Versions/A/SpeechSynthesis
0x00007ff8264ba000 	/System/Library/Frameworks/ApplicationServices.framework/Versions/A/Frameworks/ATSUI.framework/Versions/A/ATSUI
0x00007ff827823000 	/usr/lib/libcups.2.dylib
0x00007ff827be6000 	/System/Library/Frameworks/Kerberos.framework/Versions/A/Kerberos
0x00007ff827bf5000 	/System/Library/Frameworks/GSS.framework/Versions/A/GSS
0x00007ff827583000 	/usr/lib/libresolv.9.dylib
0x00007ff825a17000 	/System/Library/PrivateFrameworks/Heimdal.framework/Versions/A/Heimdal
0x00007ff82e699000 	/System/Library/Frameworks/Kerberos.framework/Versions/A/Libraries/libHeimdalProxy.dylib
0x00007ff81fc95000 	/System/Library/Frameworks/Network.framework/Versions/A/Network
0x00007ff82546e000 	/usr/lib/libheimdal-asn1.dylib
0x00007ff827c40000 	/System/Library/PrivateFrameworks/CommonAuth.framework/Versions/A/CommonAuth
0x00007ff827488000 	/System/Library/PrivateFrameworks/AudioSession.framework/Versions/A/AudioSession
0x00007ff8254fe000 	/System/Library/PrivateFrameworks/MediaExperience.framework/Versions/A/MediaExperience
0x00007ff82731c000 	/System/Library/PrivateFrameworks/AudioSession.framework/libSessionUtility.dylib
0x00007ff8278a2000 	/System/Library/PrivateFrameworks/AudioResourceArbitration.framework/Versions/A/AudioResourceArbitration
0x00007ff825477000 	/System/Library/PrivateFrameworks/IconFoundation.framework/Versions/A/IconFoundation
0x00007ff82a67c000 	/System/Library/PrivateFrameworks/SpeechRecognitionCore.framework/Versions/A/SpeechRecognitionCore
0x00007ffa22cde000 	/System/Library/CoreServices/Encodings/libKoreanConverter.dylib
0x000000010d56a000 	/Users/jojunbeom/Library/Java/JavaVirtualMachines/corretto-11.0.14.1/Contents/Home/lib/server/libjvm.dylib
0x000000010c84b000 	/Users/jojunbeom/Library/Java/JavaVirtualMachines/corretto-11.0.14.1/Contents/Home/lib/libverify.dylib
0x000000010c873000 	/Users/jojunbeom/Library/Java/JavaVirtualMachines/corretto-11.0.14.1/Contents/Home/lib/libjava.dylib
0x000000010c7e1000 	/Users/jojunbeom/Library/Java/JavaVirtualMachines/corretto-11.0.14.1/Contents/Home/lib/libjimage.dylib
0x000000010c8f2000 	/Users/jojunbeom/Library/Java/JavaVirtualMachines/corretto-11.0.14.1/Contents/Home/lib/libinstrument.dylib
0x000000010c9ad000 	/private/var/folders/k6/dkc35rrd3kvf4z8xbpc5z4zh0000gn/T/libasyncProfiler.so
0x000000010c96d000 	/Users/jojunbeom/Library/Java/JavaVirtualMachines/corretto-11.0.14.1/Contents/Home/lib/libzip.dylib
0x00000001301d3000 	/Users/jojunbeom/Library/Java/JavaVirtualMachines/corretto-11.0.14.1/Contents/Home/lib/libnio.dylib
0x0000000130223000 	/Users/jojunbeom/Library/Java/JavaVirtualMachines/corretto-11.0.14.1/Contents/Home/lib/libnet.dylib
0x0000000130274000 	/Users/jojunbeom/Library/Java/JavaVirtualMachines/corretto-11.0.14.1/Contents/Home/lib/libextnet.dylib


VM Arguments:
jvm_args: -javaagent:/Applications/IntelliJ IDEA.app/Contents/lib/idea_rt.jar=53290:/Applications/IntelliJ IDEA.app/Contents/bin -agentpath:/private/var/folders/k6/dkc35rrd3kvf4z8xbpc5z4zh0000gn/T/libasyncProfiler.so=start,jfr,event=cpu,interval=1ms,event=alloc,file=/Users/jojunbeom/BoardFrame_2022_06_23_113517.jfr -Dfile.encoding=UTF-8 
java_command: com.project.board.BoardFrame
java_class_path (initial): /Users/jojunbeom/Downloads/study/Java_App_Board_JDBC_Mysql_v3/out/production/Java_Application_Board_v2.1:/Users/jojunbeom/Downloads/study/Java_App_Board_JDBC_Mysql_v3/resource/lib/json-simple-1.1.1.jar:/Users/jojunbeom/Downloads/study/Java_App_Board_JDBC_Mysql_v3/resource/lib/mysql-connector-java-8.0.29.jar
Launcher Type: SUN_STANDARD

[Global flags]
     intx CICompilerCount                          = 4                                         {product} {ergonomic}
     uint ConcGCThreads                            = 2                                         {product} {ergonomic}
     uint G1ConcRefinementThreads                  = 8                                         {product} {ergonomic}
   size_t G1HeapRegionSize                         = 1048576                                   {product} {ergonomic}
    uintx GCDrainStackTargetSize                   = 64                                        {product} {ergonomic}
   size_t InitialHeapSize                          = 134217728                                 {product} {ergonomic}
   size_t MarkStackSize                            = 4194304                                   {product} {ergonomic}
   size_t MaxHeapSize                              = 2147483648                                {product} {ergonomic}
   size_t MaxNewSize                               = 1287651328                                {product} {ergonomic}
   size_t MinHeapDeltaBytes                        = 1048576                                   {product} {ergonomic}
    uintx NonNMethodCodeHeapSize                   = 5836300                                {pd product} {ergonomic}
    uintx NonProfiledCodeHeapSize                  = 122910970                              {pd product} {ergonomic}
    uintx ProfiledCodeHeapSize                     = 122910970                              {pd product} {ergonomic}
    uintx ReservedCodeCacheSize                    = 251658240                              {pd product} {ergonomic}
     bool SegmentedCodeCache                       = true                                      {product} {ergonomic}
     bool UseCompressedClassPointers               = true                                 {lp64_product} {ergonomic}
     bool UseCompressedOops                        = true                                 {lp64_product} {ergonomic}
     bool UseG1GC                                  = true                                      {product} {ergonomic}

Logging:
Log output configuration:
 #0: stdout all=warning uptime,level,tags
 #1: stderr all=off uptime,level,tags

Environment Variables:
PATH=/opt/homebrew/bin:/opt/homebrew/sbin:/usr/local/bin:/usr/bin:/bin:/usr/sbin:/sbin
SHELL=/bin/zsh
LC_CTYPE=ko_KR.UTF-8

Signal Handlers:
SIGSEGV: [libjvm.dylib+0x7ccc92], sa_mask[0]=11111111111111111111111111111111, sa_flags=SA_ONSTACK|SA_RESTART|SA_SIGINFO
SIGBUS: [libjvm.dylib+0x7ccc92], sa_mask[0]=11111111111111111111111111111111, sa_flags=SA_RESTART|SA_SIGINFO
SIGFPE: [libjvm.dylib+0x7ccc92], sa_mask[0]=11111111111111111111111111111111, sa_flags=SA_RESTART|SA_SIGINFO
SIGPIPE: [libjvm.dylib+0x630218], sa_mask[0]=11111111111111111111111111111111, sa_flags=SA_RESTART|SA_SIGINFO
SIGXFSZ: [libjvm.dylib+0x630218], sa_mask[0]=11111111111111111111111111111111, sa_flags=SA_RESTART|SA_SIGINFO
SIGILL: [libjvm.dylib+0x7ccc92], sa_mask[0]=11111111111111111111111111111111, sa_flags=SA_RESTART|SA_SIGINFO
SIGUSR2: [libjvm.dylib+0x6307f6], sa_mask[0]=00100000000000000000000000000000, sa_flags=SA_RESTART|SA_SIGINFO
SIGHUP: [libjvm.dylib+0x62f3a9], sa_mask[0]=11111111111111111111111111111111, sa_flags=SA_RESTART|SA_SIGINFO
SIGINT: [libjvm.dylib+0x62f3a9], sa_mask[0]=11111111111111111111111111111111, sa_flags=SA_RESTART|SA_SIGINFO
SIGTERM: [libjvm.dylib+0x62f3a9], sa_mask[0]=11111111111111111111111111111111, sa_flags=SA_RESTART|SA_SIGINFO
SIGQUIT: [libjvm.dylib+0x62f3a9], sa_mask[0]=11111111111111111111111111111111, sa_flags=SA_RESTART|SA_SIGINFO


---------------  S Y S T E M  ---------------

OS:uname:Darwin 21.1.0 Darwin Kernel Version 21.1.0: Wed Oct 13 17:33:24 PDT 2021; root:xnu-8019.41.5~1/RELEASE_ARM64_T8101 x86_64
OS uptime: 1 days 18:33 hours
rlimit (soft/hard): STACK 8176k/65520k , CORE 0k/infinity , NPROC 1333/2000 , NOFILE 10240/infinity , AS infinity/infinity , CPU infinity/infinity , DATA infinity/infinity , FSIZE infinity/infinity , MEMLOCK infinity/infinity , RSS infinity/infinity
load average:2.07 1.86 1.88

CPU:total 8 (initial active 8) (1 cores per cpu, 1 threads per core) family 6 model 44 stepping 0 microcode 0x0, cmov, cx8, fxsr, mmx, sse, sse2, sse3, ssse3, sse4.1, sse4.2, popcnt, aes, clmul, tsc, tscinvbit, tscinv

Memory: 4k page, physical 8388608k(15032k free), swap 2097152k(1208832k free)

vm_info: OpenJDK 64-Bit Server VM (11.0.14.1+10-LTS) for bsd-amd64 JRE (11.0.14.1+10-LTS), built on Feb  8 2022 01:38:57 by "ec2user" with clang Apple LLVM 13.0.0 (clang-1300.0.29.30)

END.
