#
# A fatal error has been detected by the Java Runtime Environment:
#
#  SIGBUS (0xa) at pc=0x0000000308f47500, pid=26089, tid=8707
#
# JRE version: OpenJDK Runtime Environment Corretto-11.0.14.10.1 (11.0.14.1+10) (build 11.0.14.1+10-LTS)
# Java VM: OpenJDK 64-Bit Server VM Corretto-11.0.14.10.1 (11.0.14.1+10-LTS, mixed mode, tiered, compressed oops, g1 gc, bsd-amd64)
# Problematic frame:
# C  0x0000000308f47500
#
# No core dump will be written. Core dumps have been disabled. To enable core dumping, try "ulimit -c unlimited" before starting Java again
#
# If you would like to submit a bug report, please visit:
#   https://github.com/corretto/corretto-11/issues/
#

---------------  S U M M A R Y ------------

Command Line: -javaagent:/Applications/IntelliJ IDEA.app/Contents/lib/idea_rt.jar=63283:/Applications/IntelliJ IDEA.app/Contents/bin -agentpath:/private/var/folders/k6/dkc35rrd3kvf4z8xbpc5z4zh0000gn/T/libasyncProfiler.so=start,jfr,event=cpu,interval=1ms,event=alloc,file=/Users/jojunbeom/ViewMain_2022_06_30_202837.jfr -Dfile.encoding=UTF-8 com.project.Swing.ViewMain

Host: MacBookAir10,1 x86_64 2400 MHz, 8 cores, 8G, Darwin 21.1.0
Time: Thu Jun 30 20:28:41 2022 KST elapsed time: 4.387993 seconds (0d 0h 0m 4s)

---------------  T H R E A D  ---------------

Current thread (0x00007fd21f01d000):  JavaThread "main" [_thread_in_vm, id=8707, stack(0x0000000308e49000,0x0000000308f49000)]

Stack: [0x0000000308e49000,0x0000000308f49000],  sp=0x0000000308f47578,  free space=1017k
Native frames: (J=compiled Java code, A=aot compiled Java code, j=interpreted, Vv=VM code, C=native code)
C  0x0000000308f47500

Java frames: (J=compiled Java code, j=interpreted, Vv=VM code)
v  ~RuntimeStub::new_type_array Runtime1 stub
J 715 c1 java.util.Arrays.copyOf([BI)[B java.base@11.0.14.1 (19 bytes) @ 0x00000001169f95f8 [0x00000001169f93e0+0x0000000000000218]
j  jdk.internal.loader.Resource.getBytes()[B+92 java.base@11.0.14.1
j  jdk.internal.loader.URLClassPath$JarLoader$2.getBytes()[B+1 java.base@11.0.14.1
j  jdk.internal.loader.BuiltinClassLoader.defineClass(Ljava/lang/String;Ljdk/internal/loader/Resource;)Ljava/lang/Class;+84 java.base@11.0.14.1
j  jdk.internal.loader.BuiltinClassLoader.findClassOnClassPathOrNull(Ljava/lang/String;)Ljava/lang/Class;+37 java.base@11.0.14.1
j  jdk.internal.loader.BuiltinClassLoader.loadClassOrNull(Ljava/lang/String;Z)Ljava/lang/Class;+111 java.base@11.0.14.1
j  jdk.internal.loader.BuiltinClassLoader.loadClass(Ljava/lang/String;Z)Ljava/lang/Class;+3 java.base@11.0.14.1
j  jdk.internal.loader.ClassLoaders$AppClassLoader.loadClass(Ljava/lang/String;Z)Ljava/lang/Class;+36 java.base@11.0.14.1
j  java.lang.ClassLoader.loadClass(Ljava/lang/String;)Ljava/lang/Class;+3 java.base@11.0.14.1
v  ~StubRoutines::call_stub
j  com.mysql.cj.jdbc.NonRegisteringDriver.connect(Ljava/lang/String;Ljava/util/Properties;)Ljava/sql/Connection;+72
j  java.sql.DriverManager.getConnection(Ljava/lang/String;Ljava/util/Properties;Ljava/lang/Class;)Ljava/sql/Connection;+130 java.sql@11.0.14.1
j  java.sql.DriverManager.getConnection(Ljava/lang/String;Ljava/lang/String;Ljava/lang/String;)Ljava/sql/Connection;+37 java.sql@11.0.14.1
j  com.project.database.DBMysql.dbListed()Ljava/util/ArrayList;+28
j  com.project.board.BoardService.listed()Ljava/util/ArrayList;+4
j  com.project.Swing.ViewMain.Gui_init()V+37
j  com.project.Swing.ViewMain.<init>()V+183
j  com.project.Swing.ViewMain.main([Ljava/lang/String;)V+4
v  ~StubRoutines::call_stub

siginfo: si_signo: 10 (SIGBUS), si_code: 2 (BUS_ADRERR), si_addr: 0x0000000308f47500

Register to memory mapping:

RAX=0x000000010c3d5580: _ZN15JfrEventSetting19_jvm_event_settingsE+0 in /Users/jojunbeom/Library/Java/JavaVirtualMachines/corretto-11.0.14.1/Contents/Home/lib/server/libjvm.dylib at 0x000000010ba04000
RBX=0x0000000308f47598 is pointing into the stack for thread: 0x00007fd21f01d000
RCX=0x00007fd21f01d000 is a thread
RDX=0x0000000000011028 is an unknown value
RSP=0x0000000308f47578 is pointing into the stack for thread: 0x00007fd21f01d000
RBP=0x000000010bfcc6a6: _ZN12MemAllocator10Allocation17notify_allocationEv+0x16 in /Users/jojunbeom/Library/Java/JavaVirtualMachines/corretto-11.0.14.1/Contents/Home/lib/server/libjvm.dylib at 0x000000010ba04000
RSI=0x0000000787596ae0 is an oop: [B 
{0x0000000787596ae0} - klass: {type array byte}
 - length: 69654
RDI=0x0000000308f47550 is pointing into the stack for thread: 0x00007fd21f01d000
R8 =0x0000000000002205 is an unknown value
R9 =0x00007fd21f01d000 is a thread
R10=0x000000010c3f3660: _ZN19TemplateInterpreter20_invoke_return_entryE+0 in /Users/jojunbeom/Library/Java/JavaVirtualMachines/corretto-11.0.14.1/Contents/Home/lib/server/libjvm.dylib at 0x000000010ba04000
R11=0x000000010bc2e924: _ZN13CollectedHeap14array_allocateEP5KlassiibP6Thread+0 in /Users/jojunbeom/Library/Java/JavaVirtualMachines/corretto-11.0.14.1/Contents/Home/lib/server/libjvm.dylib at 0x000000010ba04000
R12=0x0 is NULL
R13=0x0000000308f47b58 is pointing into the stack for thread: 0x00007fd21f01d000
R14=0x0000000787596ae0 is an oop: [B 
{0x0000000787596ae0} - klass: {type array byte}
 - length: 69654
R15=0x00007fd21f01d000 is a thread


Registers:
RAX=0x000000010c3d5580, RBX=0x0000000308f47598, RCX=0x00007fd21f01d000, RDX=0x0000000000011028
RSP=0x0000000308f47578, RBP=0x000000010bfcc6a6, RSI=0x0000000787596ae0, RDI=0x0000000308f47550
R8 =0x0000000000002205, R9 =0x00007fd21f01d000, R10=0x000000010c3f3660, R11=0x000000010bc2e924
R12=0x0000000000000000, R13=0x0000000308f47b58, R14=0x0000000787596ae0, R15=0x00007fd21f01d000
RIP=0x0000000308f47500, EFLAGS=0x0000000000000202, ERR=0x0000000000000015
  TRAPNO=0x000000000000000e

Top of Stack: (sp=0x0000000308f47578)
0x0000000308f47578:   0000000308f475f0 0000000308f475e0
0x0000000308f47588:   000000010bfcca99 4523347e0fc38911
0x0000000308f47598:   0000000308f475f0 00007fd21f01d000
0x0000000308f475a8:   0000000308f475c8 cc9ca283e8c70100
0x0000000308f475b8:   0000000000000000 f56ee1092bb6ea00
0x0000000308f475c8:   0000000787596ae0 00007fd21f01d000
0x0000000308f475d8:   0000000308f47c10 0000000308f47620
0x0000000308f475e8:   000000010bc2e967 000000010c378990
0x0000000308f475f8:   00007fd21f015400 00007fd21f01d000
0x0000000308f47608:   0000000800000820 0000000000002205
0x0000000308f47618:   00007f0100011016 0000000308f47650
0x0000000308f47628:   000000010bbbcf10 1b3c0e7341cd58b5
0x0000000308f47638:   00007fd21f01d000 0000000000011016
0x0000000308f47648:   0000000308f47c10 0000000308f47ad0
0x0000000308f47658:   0000000116402668 3ef1170a3c19c0d7
0x0000000308f47668:   00007fd21e105280 409f400000000000
0x0000000308f47678:   409f400000000000 00000000a80a6ee8
0x0000000308f47688:   d82f3751bfa1b832 bf802be53d4fba58
0x0000000308f47698:   bf60000000000000 3d5500aabe5711f1
0x0000000308f476a8:   0000000000000000 0000000000000000
0x0000000308f476b8:   0000000000000000 0000000000000000
0x0000000308f476c8:   0000000000000000 0000000000000000
0x0000000308f476d8:   0000000000000000 0000000000000000
0x0000000308f476e8:   000060000248c040 0000000000000000
0x0000000308f476f8:   0000000308f477e0 00007fd21f01d000
0x0000000308f47708:   0000000787573158 0000000308f47740
0x0000000308f47718:   000000010c15b23a 0000000308f47740
0x0000000308f47728:   000000010be9696e 0000000308f477a0
0x0000000308f47738:   000000011631cfc0 0000000308f47770
0x0000000308f47748:   0000000000000000 0000000000006c60
0x0000000308f47758:   0000ec6108f47758 000000000000003f
0x0000000308f47768:   0000000000000f9f 0000000000000000 

Instructions: (pc=0x0000000308f47500)
0x0000000308f47400:   5c ad a7 1f c3 a9 cc a4 1e ef f9 7a 4e 45 d9 5d
0x0000000308f47410:   60 99 a2 de 42 ba 0a 07 71 98 57 16 27 2b 07 a8
0x0000000308f47420:   2a d1 37 95 c9 c8 4e 51 77 a1 9b b4 54 65 8b 45
0x0000000308f47430:   44 dc 2a 19 11 f7 b0 bf 10 8b f7 c5 8e 13 b7 d7
0x0000000308f47440:   25 b5 9b a0 41 8c 58 db 90 c4 9d 2b e4 9d 05 96
0x0000000308f47450:   39 56 d6 12 15 47 71 f1 5f b3 d4 2d e8 0d ae 6e
0x0000000308f47460:   93 28 61 9a e6 ea bb 4a f4 64 85 c2 4e 3c d0 09
0x0000000308f47470:   87 23 60 03 7c 4b 1e 91 74 0b 9c 26 28 c1 29 06
0x0000000308f47480:   9e eb 26 29 83 7e 64 3c d2 3a 32 4e 50 32 9e d4
0x0000000308f47490:   cb cf 40 62 24 a6 fd b3 0b 51 d3 02 7b 16 8d e9
0x0000000308f474a0:   7f d0 3f 7b 1e a5 7e 03 72 d4 0b e8 9f bd 81 92
0x0000000308f474b0:   ff 16 2a f9 4d 50 c7 de 83 b1 ec 7d 38 88 7d 04
0x0000000308f474c0:   47 b0 4f 60 16 fb 14 ce 61 9f c1 45 ec 73 f8 3b
0x0000000308f474d0:   fb 02 6e 65 df a2 1f f6 3d 2c 63 3f e0 14 64 07
0x0000000308f474e0:   4e 3b 76 c2 b7 6c 2b 7c 18 75 f4 08 03 00 00 00
0x0000000308f474f0:   26 33 dd 0b 01 00 00 00 28 10 01 00 00 00 00 00
0x0000000308f47500:   28 10 01 00 00 00 00 00 20 08 00 00 08 00 00 00
0x0000000308f47510:   00 d0 01 1f d2 7f 00 00 68 75 f4 08 03 00 00 00
0x0000000308f47520:   fc 0b b0 0b 01 00 00 00 00 00 00 00 00 00 00 00
0x0000000308f47530:   00 00 00 00 00 00 00 00 00 22 00 00 00 00 00 00
0x0000000308f47540:   98 75 f4 08 03 00 00 00 00 00 00 00 00 00 00 00
0x0000000308f47550:   e0 6a 59 87 07 00 00 00 98 75 f4 08 03 00 00 00
0x0000000308f47560:   e0 6a 59 87 07 00 00 00 a6 c6 fc 0b 01 00 00 00
0x0000000308f47570:   00 75 f4 08 03 00 00 00 f0 75 f4 08 03 00 00 00
0x0000000308f47580:   e0 75 f4 08 03 00 00 00 99 ca fc 0b 01 00 00 00
0x0000000308f47590:   11 89 c3 0f 7e 34 23 45 f0 75 f4 08 03 00 00 00
0x0000000308f475a0:   00 d0 01 1f d2 7f 00 00 c8 75 f4 08 03 00 00 00
0x0000000308f475b0:   00 01 c7 e8 83 a2 9c cc 00 00 00 00 00 00 00 00
0x0000000308f475c0:   00 ea b6 2b 09 e1 6e f5 e0 6a 59 87 07 00 00 00
0x0000000308f475d0:   00 d0 01 1f d2 7f 00 00 10 7c f4 08 03 00 00 00
0x0000000308f475e0:   20 76 f4 08 03 00 00 00 67 e9 c2 0b 01 00 00 00
0x0000000308f475f0:   90 89 37 0c 01 00 00 00 00 54 01 1f d2 7f 00 00 


Stack slot to memory mapping:
stack at sp + 0 slots: 0x0000000308f475f0 is pointing into the stack for thread: 0x00007fd21f01d000
stack at sp + 1 slots: 0x0000000308f475e0 is pointing into the stack for thread: 0x00007fd21f01d000
stack at sp + 2 slots: 0x000000010bfcca99: _ZNK12MemAllocator8allocateEv+0x77 in /Users/jojunbeom/Library/Java/JavaVirtualMachines/corretto-11.0.14.1/Contents/Home/lib/server/libjvm.dylib at 0x000000010ba04000
stack at sp + 3 slots: 0x4523347e0fc38911 is an unknown value
stack at sp + 4 slots: 0x0000000308f475f0 is pointing into the stack for thread: 0x00007fd21f01d000
stack at sp + 5 slots: 0x00007fd21f01d000 is a thread
stack at sp + 6 slots: 0x0000000308f475c8 is pointing into the stack for thread: 0x00007fd21f01d000
stack at sp + 7 slots: 0xcc9ca283e8c70100 is an unknown value


---------------  P R O C E S S  ---------------

Threads class SMR info:
_java_thread_list=0x00006000010920a0, length=17, elements={
0x00007fd21f01d000, 0x00007fd21e830800, 0x00007fd21e833800, 0x00007fd21d814800,
0x00007fd21d816800, 0x00007fd21d828000, 0x00007fd21d829000, 0x00007fd21d829800,
0x00007fd21f0b6800, 0x00007fd21d862800, 0x00007fd21d9f1800, 0x00007fd22011f800,
0x00007fd220136800, 0x00007fd21eaef800, 0x00007fd21eb19800, 0x00007fd21eb41000,
0x00007fd1ae808800
}

Java Threads: ( => current thread )
=>0x00007fd21f01d000 JavaThread "main" [_thread_in_vm, id=8707, stack(0x0000000308e49000,0x0000000308f49000)]
  0x00007fd21e830800 JavaThread "Reference Handler" daemon [_thread_blocked, id=16131, stack(0x000000030955e000,0x000000030965e000)]
  0x00007fd21e833800 JavaThread "Finalizer" daemon [_thread_blocked, id=21763, stack(0x0000000309661000,0x0000000309761000)]
  0x00007fd21d814800 JavaThread "Signal Dispatcher" daemon [_thread_blocked, id=23555, stack(0x00000003098fb000,0x00000003099fb000)]
  0x00007fd21d816800 JavaThread "Service Thread" daemon [_thread_blocked, id=40707, stack(0x00000003099fe000,0x0000000309afe000)]
  0x00007fd21d828000 JavaThread "C2 CompilerThread0" daemon [_thread_in_native, id=24323, stack(0x0000000309b01000,0x0000000309c01000)]
  0x00007fd21d829000 JavaThread "C1 CompilerThread0" daemon [_thread_blocked, id=24579, stack(0x0000000309c04000,0x0000000309d04000)]
  0x00007fd21d829800 JavaThread "Sweeper thread" daemon [_thread_blocked, id=25091, stack(0x0000000309d07000,0x0000000309e07000)]
  0x00007fd21f0b6800 JavaThread "Common-Cleaner" daemon [_thread_blocked, id=39171, stack(0x0000000309e0a000,0x0000000309f0a000)]
  0x00007fd21d862800 JavaThread "Monitor Ctrl-Break" daemon [_thread_in_native, id=26627, stack(0x0000000309f0d000,0x000000030a00d000)]
  0x00007fd21d9f1800 JavaThread "Async-profiler Timer" daemon [_thread_in_native, id=37723, stack(0x000000030a010000,0x000000030a090000)]
  0x00007fd22011f800 JavaThread "Attach Listener" daemon [_thread_blocked, id=35587, stack(0x000000030a219000,0x000000030a319000)]
  0x00007fd220136800 JavaThread "AppKit Thread" daemon [_thread_in_native, id=259, stack(0x00000003085c6000,0x0000000308dc6000)]
  0x00007fd21eaef800 JavaThread "AWT-Shutdown" [_thread_blocked, id=47107, stack(0x000000030a31c000,0x000000030a41c000)]
  0x00007fd21eb19800 JavaThread "Java2D Queue Flusher" daemon [_thread_blocked, id=70679, stack(0x000000030a6c2000,0x000000030a7c2000)]
  0x00007fd21eb41000 JavaThread "Java2D Disposer" daemon [_thread_blocked, id=64007, stack(0x000000030a7c5000,0x000000030a8c5000)]
  0x00007fd1ae808800 JavaThread "mysql-cj-abandoned-connection-cleanup" daemon [_thread_blocked, id=172035, stack(0x000000030a8c8000,0x000000030a9c8000)]

Other Threads:
  0x00007fd21e830000 VMThread "VM Thread" [stack: 0x000000030945b000,0x000000030955b000] [id=15363]
  0x00007fd22011c800 WatcherThread [stack: 0x000000030a116000,0x000000030a216000] [id=36651]
  0x00007fd21f011000 GCTaskThread "GC Thread#0" [stack: 0x0000000308f4c000,0x000000030904c000] [id=13571]
  0x00007fd21f04c000 ConcurrentGCThread "G1 Main Marker" [stack: 0x000000030904f000,0x000000030914f000] [id=13827]
  0x00007fd21f04c800 ConcurrentGCThread "G1 Conc#0" [stack: 0x0000000309152000,0x0000000309252000] [id=19203]
  0x00007fd21f0ad800 ConcurrentGCThread "G1 Refine#0" [stack: 0x0000000309255000,0x0000000309355000] [id=18947]
  0x00007fd21f0ae000 ConcurrentGCThread "G1 Young RemSet Sampling" [stack: 0x0000000309358000,0x0000000309458000] [id=18691]

Threads with active compile tasks:
C2 CompilerThread0   4402  812 %     4       java.util.Properties$LineReader::readLine @ 53 (635 bytes)

VM state:not at safepoint (normal execution)

VM Mutex/Monitor currently owned by a thread: None

Heap address: 0x0000000780000000, size: 2048 MB, Compressed Oops mode: Zero based, Oop shift amount: 3
Narrow klass base: 0x0000000800000000, Narrow klass shift: 0
Compressed class space size: 1073741824 Address: 0x0000000800000000

Heap:
 garbage-first heap   total 131072K, used 10240K [0x0000000780000000, 0x0000000800000000)
  region size 1024K, 11 young (11264K), 0 survivors (0K)
 Metaspace       used 14492K, capacity 14867K, committed 14976K, reserved 1062912K
  class space    used 1476K, capacity 1664K, committed 1664K, reserved 1048576K
Heap Regions: E=young(eden), S=young(survivor), O=old, HS=humongous(starts), HC=humongous(continues), CS=collection set, F=free, A=archive, TAMS=top-at-mark-start (previous, next)
|   0|0x0000000780000000, 0x0000000780000000, 0x0000000780100000|  0%| F|  |TAMS 0x0000000780000000, 0x0000000780000000| Untracked 
|   1|0x0000000780100000, 0x0000000780100000, 0x0000000780200000|  0%| F|  |TAMS 0x0000000780100000, 0x0000000780100000| Untracked 
|   2|0x0000000780200000, 0x0000000780200000, 0x0000000780300000|  0%| F|  |TAMS 0x0000000780200000, 0x0000000780200000| Untracked 
|   3|0x0000000780300000, 0x0000000780300000, 0x0000000780400000|  0%| F|  |TAMS 0x0000000780300000, 0x0000000780300000| Untracked 
|   4|0x0000000780400000, 0x0000000780400000, 0x0000000780500000|  0%| F|  |TAMS 0x0000000780400000, 0x0000000780400000| Untracked 
|   5|0x0000000780500000, 0x0000000780500000, 0x0000000780600000|  0%| F|  |TAMS 0x0000000780500000, 0x0000000780500000| Untracked 
|   6|0x0000000780600000, 0x0000000780600000, 0x0000000780700000|  0%| F|  |TAMS 0x0000000780600000, 0x0000000780600000| Untracked 
|   7|0x0000000780700000, 0x0000000780700000, 0x0000000780800000|  0%| F|  |TAMS 0x0000000780700000, 0x0000000780700000| Untracked 
|   8|0x0000000780800000, 0x0000000780800000, 0x0000000780900000|  0%| F|  |TAMS 0x0000000780800000, 0x0000000780800000| Untracked 
|   9|0x0000000780900000, 0x0000000780900000, 0x0000000780a00000|  0%| F|  |TAMS 0x0000000780900000, 0x0000000780900000| Untracked 
|  10|0x0000000780a00000, 0x0000000780a00000, 0x0000000780b00000|  0%| F|  |TAMS 0x0000000780a00000, 0x0000000780a00000| Untracked 
|  11|0x0000000780b00000, 0x0000000780b00000, 0x0000000780c00000|  0%| F|  |TAMS 0x0000000780b00000, 0x0000000780b00000| Untracked 
|  12|0x0000000780c00000, 0x0000000780c00000, 0x0000000780d00000|  0%| F|  |TAMS 0x0000000780c00000, 0x0000000780c00000| Untracked 
|  13|0x0000000780d00000, 0x0000000780d00000, 0x0000000780e00000|  0%| F|  |TAMS 0x0000000780d00000, 0x0000000780d00000| Untracked 
|  14|0x0000000780e00000, 0x0000000780e00000, 0x0000000780f00000|  0%| F|  |TAMS 0x0000000780e00000, 0x0000000780e00000| Untracked 
|  15|0x0000000780f00000, 0x0000000780f00000, 0x0000000781000000|  0%| F|  |TAMS 0x0000000780f00000, 0x0000000780f00000| Untracked 
|  16|0x0000000781000000, 0x0000000781000000, 0x0000000781100000|  0%| F|  |TAMS 0x0000000781000000, 0x0000000781000000| Untracked 
|  17|0x0000000781100000, 0x0000000781100000, 0x0000000781200000|  0%| F|  |TAMS 0x0000000781100000, 0x0000000781100000| Untracked 
|  18|0x0000000781200000, 0x0000000781200000, 0x0000000781300000|  0%| F|  |TAMS 0x0000000781200000, 0x0000000781200000| Untracked 
|  19|0x0000000781300000, 0x0000000781300000, 0x0000000781400000|  0%| F|  |TAMS 0x0000000781300000, 0x0000000781300000| Untracked 
|  20|0x0000000781400000, 0x0000000781400000, 0x0000000781500000|  0%| F|  |TAMS 0x0000000781400000, 0x0000000781400000| Untracked 
|  21|0x0000000781500000, 0x0000000781500000, 0x0000000781600000|  0%| F|  |TAMS 0x0000000781500000, 0x0000000781500000| Untracked 
|  22|0x0000000781600000, 0x0000000781600000, 0x0000000781700000|  0%| F|  |TAMS 0x0000000781600000, 0x0000000781600000| Untracked 
|  23|0x0000000781700000, 0x0000000781700000, 0x0000000781800000|  0%| F|  |TAMS 0x0000000781700000, 0x0000000781700000| Untracked 
|  24|0x0000000781800000, 0x0000000781800000, 0x0000000781900000|  0%| F|  |TAMS 0x0000000781800000, 0x0000000781800000| Untracked 
|  25|0x0000000781900000, 0x0000000781900000, 0x0000000781a00000|  0%| F|  |TAMS 0x0000000781900000, 0x0000000781900000| Untracked 
|  26|0x0000000781a00000, 0x0000000781a00000, 0x0000000781b00000|  0%| F|  |TAMS 0x0000000781a00000, 0x0000000781a00000| Untracked 
|  27|0x0000000781b00000, 0x0000000781b00000, 0x0000000781c00000|  0%| F|  |TAMS 0x0000000781b00000, 0x0000000781b00000| Untracked 
|  28|0x0000000781c00000, 0x0000000781c00000, 0x0000000781d00000|  0%| F|  |TAMS 0x0000000781c00000, 0x0000000781c00000| Untracked 
|  29|0x0000000781d00000, 0x0000000781d00000, 0x0000000781e00000|  0%| F|  |TAMS 0x0000000781d00000, 0x0000000781d00000| Untracked 
|  30|0x0000000781e00000, 0x0000000781e00000, 0x0000000781f00000|  0%| F|  |TAMS 0x0000000781e00000, 0x0000000781e00000| Untracked 
|  31|0x0000000781f00000, 0x0000000781f00000, 0x0000000782000000|  0%| F|  |TAMS 0x0000000781f00000, 0x0000000781f00000| Untracked 
|  32|0x0000000782000000, 0x0000000782000000, 0x0000000782100000|  0%| F|  |TAMS 0x0000000782000000, 0x0000000782000000| Untracked 
|  33|0x0000000782100000, 0x0000000782100000, 0x0000000782200000|  0%| F|  |TAMS 0x0000000782100000, 0x0000000782100000| Untracked 
|  34|0x0000000782200000, 0x0000000782200000, 0x0000000782300000|  0%| F|  |TAMS 0x0000000782200000, 0x0000000782200000| Untracked 
|  35|0x0000000782300000, 0x0000000782300000, 0x0000000782400000|  0%| F|  |TAMS 0x0000000782300000, 0x0000000782300000| Untracked 
|  36|0x0000000782400000, 0x0000000782400000, 0x0000000782500000|  0%| F|  |TAMS 0x0000000782400000, 0x0000000782400000| Untracked 
|  37|0x0000000782500000, 0x0000000782500000, 0x0000000782600000|  0%| F|  |TAMS 0x0000000782500000, 0x0000000782500000| Untracked 
|  38|0x0000000782600000, 0x0000000782600000, 0x0000000782700000|  0%| F|  |TAMS 0x0000000782600000, 0x0000000782600000| Untracked 
|  39|0x0000000782700000, 0x0000000782700000, 0x0000000782800000|  0%| F|  |TAMS 0x0000000782700000, 0x0000000782700000| Untracked 
|  40|0x0000000782800000, 0x0000000782800000, 0x0000000782900000|  0%| F|  |TAMS 0x0000000782800000, 0x0000000782800000| Untracked 
|  41|0x0000000782900000, 0x0000000782900000, 0x0000000782a00000|  0%| F|  |TAMS 0x0000000782900000, 0x0000000782900000| Untracked 
|  42|0x0000000782a00000, 0x0000000782a00000, 0x0000000782b00000|  0%| F|  |TAMS 0x0000000782a00000, 0x0000000782a00000| Untracked 
|  43|0x0000000782b00000, 0x0000000782b00000, 0x0000000782c00000|  0%| F|  |TAMS 0x0000000782b00000, 0x0000000782b00000| Untracked 
|  44|0x0000000782c00000, 0x0000000782c00000, 0x0000000782d00000|  0%| F|  |TAMS 0x0000000782c00000, 0x0000000782c00000| Untracked 
|  45|0x0000000782d00000, 0x0000000782d00000, 0x0000000782e00000|  0%| F|  |TAMS 0x0000000782d00000, 0x0000000782d00000| Untracked 
|  46|0x0000000782e00000, 0x0000000782e00000, 0x0000000782f00000|  0%| F|  |TAMS 0x0000000782e00000, 0x0000000782e00000| Untracked 
|  47|0x0000000782f00000, 0x0000000782f00000, 0x0000000783000000|  0%| F|  |TAMS 0x0000000782f00000, 0x0000000782f00000| Untracked 
|  48|0x0000000783000000, 0x0000000783000000, 0x0000000783100000|  0%| F|  |TAMS 0x0000000783000000, 0x0000000783000000| Untracked 
|  49|0x0000000783100000, 0x0000000783100000, 0x0000000783200000|  0%| F|  |TAMS 0x0000000783100000, 0x0000000783100000| Untracked 
|  50|0x0000000783200000, 0x0000000783200000, 0x0000000783300000|  0%| F|  |TAMS 0x0000000783200000, 0x0000000783200000| Untracked 
|  51|0x0000000783300000, 0x0000000783300000, 0x0000000783400000|  0%| F|  |TAMS 0x0000000783300000, 0x0000000783300000| Untracked 
|  52|0x0000000783400000, 0x0000000783400000, 0x0000000783500000|  0%| F|  |TAMS 0x0000000783400000, 0x0000000783400000| Untracked 
|  53|0x0000000783500000, 0x0000000783500000, 0x0000000783600000|  0%| F|  |TAMS 0x0000000783500000, 0x0000000783500000| Untracked 
|  54|0x0000000783600000, 0x0000000783600000, 0x0000000783700000|  0%| F|  |TAMS 0x0000000783600000, 0x0000000783600000| Untracked 
|  55|0x0000000783700000, 0x0000000783700000, 0x0000000783800000|  0%| F|  |TAMS 0x0000000783700000, 0x0000000783700000| Untracked 
|  56|0x0000000783800000, 0x0000000783800000, 0x0000000783900000|  0%| F|  |TAMS 0x0000000783800000, 0x0000000783800000| Untracked 
|  57|0x0000000783900000, 0x0000000783900000, 0x0000000783a00000|  0%| F|  |TAMS 0x0000000783900000, 0x0000000783900000| Untracked 
|  58|0x0000000783a00000, 0x0000000783a00000, 0x0000000783b00000|  0%| F|  |TAMS 0x0000000783a00000, 0x0000000783a00000| Untracked 
|  59|0x0000000783b00000, 0x0000000783b00000, 0x0000000783c00000|  0%| F|  |TAMS 0x0000000783b00000, 0x0000000783b00000| Untracked 
|  60|0x0000000783c00000, 0x0000000783c00000, 0x0000000783d00000|  0%| F|  |TAMS 0x0000000783c00000, 0x0000000783c00000| Untracked 
|  61|0x0000000783d00000, 0x0000000783d00000, 0x0000000783e00000|  0%| F|  |TAMS 0x0000000783d00000, 0x0000000783d00000| Untracked 
|  62|0x0000000783e00000, 0x0000000783e00000, 0x0000000783f00000|  0%| F|  |TAMS 0x0000000783e00000, 0x0000000783e00000| Untracked 
|  63|0x0000000783f00000, 0x0000000783f00000, 0x0000000784000000|  0%| F|  |TAMS 0x0000000783f00000, 0x0000000783f00000| Untracked 
|  64|0x0000000784000000, 0x0000000784000000, 0x0000000784100000|  0%| F|  |TAMS 0x0000000784000000, 0x0000000784000000| Untracked 
|  65|0x0000000784100000, 0x0000000784100000, 0x0000000784200000|  0%| F|  |TAMS 0x0000000784100000, 0x0000000784100000| Untracked 
|  66|0x0000000784200000, 0x0000000784200000, 0x0000000784300000|  0%| F|  |TAMS 0x0000000784200000, 0x0000000784200000| Untracked 
|  67|0x0000000784300000, 0x0000000784300000, 0x0000000784400000|  0%| F|  |TAMS 0x0000000784300000, 0x0000000784300000| Untracked 
|  68|0x0000000784400000, 0x0000000784400000, 0x0000000784500000|  0%| F|  |TAMS 0x0000000784400000, 0x0000000784400000| Untracked 
|  69|0x0000000784500000, 0x0000000784500000, 0x0000000784600000|  0%| F|  |TAMS 0x0000000784500000, 0x0000000784500000| Untracked 
|  70|0x0000000784600000, 0x0000000784600000, 0x0000000784700000|  0%| F|  |TAMS 0x0000000784600000, 0x0000000784600000| Untracked 
|  71|0x0000000784700000, 0x0000000784700000, 0x0000000784800000|  0%| F|  |TAMS 0x0000000784700000, 0x0000000784700000| Untracked 
|  72|0x0000000784800000, 0x0000000784800000, 0x0000000784900000|  0%| F|  |TAMS 0x0000000784800000, 0x0000000784800000| Untracked 
|  73|0x0000000784900000, 0x0000000784900000, 0x0000000784a00000|  0%| F|  |TAMS 0x0000000784900000, 0x0000000784900000| Untracked 
|  74|0x0000000784a00000, 0x0000000784a00000, 0x0000000784b00000|  0%| F|  |TAMS 0x0000000784a00000, 0x0000000784a00000| Untracked 
|  75|0x0000000784b00000, 0x0000000784b00000, 0x0000000784c00000|  0%| F|  |TAMS 0x0000000784b00000, 0x0000000784b00000| Untracked 
|  76|0x0000000784c00000, 0x0000000784c00000, 0x0000000784d00000|  0%| F|  |TAMS 0x0000000784c00000, 0x0000000784c00000| Untracked 
|  77|0x0000000784d00000, 0x0000000784d00000, 0x0000000784e00000|  0%| F|  |TAMS 0x0000000784d00000, 0x0000000784d00000| Untracked 
|  78|0x0000000784e00000, 0x0000000784e00000, 0x0000000784f00000|  0%| F|  |TAMS 0x0000000784e00000, 0x0000000784e00000| Untracked 
|  79|0x0000000784f00000, 0x0000000784f00000, 0x0000000785000000|  0%| F|  |TAMS 0x0000000784f00000, 0x0000000784f00000| Untracked 
|  80|0x0000000785000000, 0x0000000785000000, 0x0000000785100000|  0%| F|  |TAMS 0x0000000785000000, 0x0000000785000000| Untracked 
|  81|0x0000000785100000, 0x0000000785100000, 0x0000000785200000|  0%| F|  |TAMS 0x0000000785100000, 0x0000000785100000| Untracked 
|  82|0x0000000785200000, 0x0000000785200000, 0x0000000785300000|  0%| F|  |TAMS 0x0000000785200000, 0x0000000785200000| Untracked 
|  83|0x0000000785300000, 0x0000000785300000, 0x0000000785400000|  0%| F|  |TAMS 0x0000000785300000, 0x0000000785300000| Untracked 
|  84|0x0000000785400000, 0x0000000785400000, 0x0000000785500000|  0%| F|  |TAMS 0x0000000785400000, 0x0000000785400000| Untracked 
|  85|0x0000000785500000, 0x0000000785500000, 0x0000000785600000|  0%| F|  |TAMS 0x0000000785500000, 0x0000000785500000| Untracked 
|  86|0x0000000785600000, 0x0000000785600000, 0x0000000785700000|  0%| F|  |TAMS 0x0000000785600000, 0x0000000785600000| Untracked 
|  87|0x0000000785700000, 0x0000000785700000, 0x0000000785800000|  0%| F|  |TAMS 0x0000000785700000, 0x0000000785700000| Untracked 
|  88|0x0000000785800000, 0x0000000785800000, 0x0000000785900000|  0%| F|  |TAMS 0x0000000785800000, 0x0000000785800000| Untracked 
|  89|0x0000000785900000, 0x0000000785900000, 0x0000000785a00000|  0%| F|  |TAMS 0x0000000785900000, 0x0000000785900000| Untracked 
|  90|0x0000000785a00000, 0x0000000785a00000, 0x0000000785b00000|  0%| F|  |TAMS 0x0000000785a00000, 0x0000000785a00000| Untracked 
|  91|0x0000000785b00000, 0x0000000785b00000, 0x0000000785c00000|  0%| F|  |TAMS 0x0000000785b00000, 0x0000000785b00000| Untracked 
|  92|0x0000000785c00000, 0x0000000785c00000, 0x0000000785d00000|  0%| F|  |TAMS 0x0000000785c00000, 0x0000000785c00000| Untracked 
|  93|0x0000000785d00000, 0x0000000785d00000, 0x0000000785e00000|  0%| F|  |TAMS 0x0000000785d00000, 0x0000000785d00000| Untracked 
|  94|0x0000000785e00000, 0x0000000785e00000, 0x0000000785f00000|  0%| F|  |TAMS 0x0000000785e00000, 0x0000000785e00000| Untracked 
|  95|0x0000000785f00000, 0x0000000785f00000, 0x0000000786000000|  0%| F|  |TAMS 0x0000000785f00000, 0x0000000785f00000| Untracked 
|  96|0x0000000786000000, 0x0000000786000000, 0x0000000786100000|  0%| F|  |TAMS 0x0000000786000000, 0x0000000786000000| Untracked 
|  97|0x0000000786100000, 0x0000000786100000, 0x0000000786200000|  0%| F|  |TAMS 0x0000000786100000, 0x0000000786100000| Untracked 
|  98|0x0000000786200000, 0x0000000786200000, 0x0000000786300000|  0%| F|  |TAMS 0x0000000786200000, 0x0000000786200000| Untracked 
|  99|0x0000000786300000, 0x0000000786300000, 0x0000000786400000|  0%| F|  |TAMS 0x0000000786300000, 0x0000000786300000| Untracked 
| 100|0x0000000786400000, 0x0000000786400000, 0x0000000786500000|  0%| F|  |TAMS 0x0000000786400000, 0x0000000786400000| Untracked 
| 101|0x0000000786500000, 0x0000000786500000, 0x0000000786600000|  0%| F|  |TAMS 0x0000000786500000, 0x0000000786500000| Untracked 
| 102|0x0000000786600000, 0x0000000786600000, 0x0000000786700000|  0%| F|  |TAMS 0x0000000786600000, 0x0000000786600000| Untracked 
| 103|0x0000000786700000, 0x0000000786700000, 0x0000000786800000|  0%| F|  |TAMS 0x0000000786700000, 0x0000000786700000| Untracked 
| 104|0x0000000786800000, 0x0000000786800000, 0x0000000786900000|  0%| F|  |TAMS 0x0000000786800000, 0x0000000786800000| Untracked 
| 105|0x0000000786900000, 0x0000000786900000, 0x0000000786a00000|  0%| F|  |TAMS 0x0000000786900000, 0x0000000786900000| Untracked 
| 106|0x0000000786a00000, 0x0000000786a00000, 0x0000000786b00000|  0%| F|  |TAMS 0x0000000786a00000, 0x0000000786a00000| Untracked 
| 107|0x0000000786b00000, 0x0000000786b00000, 0x0000000786c00000|  0%| F|  |TAMS 0x0000000786b00000, 0x0000000786b00000| Untracked 
| 108|0x0000000786c00000, 0x0000000786c00000, 0x0000000786d00000|  0%| F|  |TAMS 0x0000000786c00000, 0x0000000786c00000| Untracked 
| 109|0x0000000786d00000, 0x0000000786d00000, 0x0000000786e00000|  0%| F|  |TAMS 0x0000000786d00000, 0x0000000786d00000| Untracked 
| 110|0x0000000786e00000, 0x0000000786e00000, 0x0000000786f00000|  0%| F|  |TAMS 0x0000000786e00000, 0x0000000786e00000| Untracked 
| 111|0x0000000786f00000, 0x0000000786f00000, 0x0000000787000000|  0%| F|  |TAMS 0x0000000786f00000, 0x0000000786f00000| Untracked 
| 112|0x0000000787000000, 0x0000000787000000, 0x0000000787100000|  0%| F|  |TAMS 0x0000000787000000, 0x0000000787000000| Untracked 
| 113|0x0000000787100000, 0x0000000787100000, 0x0000000787200000|  0%| F|  |TAMS 0x0000000787100000, 0x0000000787100000| Untracked 
| 114|0x0000000787200000, 0x0000000787200000, 0x0000000787300000|  0%| F|  |TAMS 0x0000000787200000, 0x0000000787200000| Untracked 
| 115|0x0000000787300000, 0x0000000787300000, 0x0000000787400000|  0%| F|  |TAMS 0x0000000787300000, 0x0000000787300000| Untracked 
| 116|0x0000000787400000, 0x0000000787400000, 0x0000000787500000|  0%| F|  |TAMS 0x0000000787400000, 0x0000000787400000| Untracked 
| 117|0x0000000787500000, 0x00000007875a7b08, 0x0000000787600000| 65%| E|  |TAMS 0x0000000787500000, 0x0000000787500000| Complete 
| 118|0x0000000787600000, 0x0000000787700000, 0x0000000787700000|100%| E|CS|TAMS 0x0000000787600000, 0x0000000787600000| Complete 
| 119|0x0000000787700000, 0x0000000787800000, 0x0000000787800000|100%| E|CS|TAMS 0x0000000787700000, 0x0000000787700000| Complete 
| 120|0x0000000787800000, 0x0000000787900000, 0x0000000787900000|100%| E|CS|TAMS 0x0000000787800000, 0x0000000787800000| Complete 
| 121|0x0000000787900000, 0x0000000787a00000, 0x0000000787a00000|100%| E|CS|TAMS 0x0000000787900000, 0x0000000787900000| Complete 
| 122|0x0000000787a00000, 0x0000000787b00000, 0x0000000787b00000|100%| E|CS|TAMS 0x0000000787a00000, 0x0000000787a00000| Complete 
| 123|0x0000000787b00000, 0x0000000787c00000, 0x0000000787c00000|100%| E|CS|TAMS 0x0000000787b00000, 0x0000000787b00000| Complete 
| 124|0x0000000787c00000, 0x0000000787d00000, 0x0000000787d00000|100%| E|CS|TAMS 0x0000000787c00000, 0x0000000787c00000| Complete 
| 125|0x0000000787d00000, 0x0000000787e00000, 0x0000000787e00000|100%| E|CS|TAMS 0x0000000787d00000, 0x0000000787d00000| Complete 
| 126|0x0000000787e00000, 0x0000000787f00000, 0x0000000787f00000|100%| E|CS|TAMS 0x0000000787e00000, 0x0000000787e00000| Complete 
| 127|0x0000000787f00000, 0x0000000788000000, 0x0000000788000000|100%| E|CS|TAMS 0x0000000787f00000, 0x0000000787f00000| Complete 

Card table byte_map: [0x00000001257fe000,0x0000000125bfe000] _byte_map_base: 0x0000000121bfe000

Marking Bits (Prev, Next): (CMBitMap*) 0x00007fd21f043218, (CMBitMap*) 0x00007fd21f043250
 Prev Bits: [0x0000000125ffe000, 0x0000000127ffe000)
 Next Bits: [0x0000000127ffe000, 0x0000000129ffe000)

Polling page: 0x00000001025cf000

Metaspace:

Usage:
  Non-class:     12.89 MB capacity,    12.71 MB ( 99%) used,   147.48 KB (  1%) free+waste,    39.38 KB ( <1%) overhead. 
      Class:      1.62 MB capacity,     1.44 MB ( 89%) used,   166.09 KB ( 10%) free+waste,    21.38 KB (  1%) overhead. 
       Both:     14.52 MB capacity,    14.15 MB ( 97%) used,   313.58 KB (  2%) free+waste,    60.75 KB ( <1%) overhead. 

Virtual space:
  Non-class space:       14.00 MB reserved,      13.00 MB ( 93%) committed 
      Class space:        1.00 GB reserved,       1.62 MB ( <1%) committed 
             Both:        1.01 GB reserved,      14.62 MB (  1%) committed 

Chunk freelists:
   Non-Class:  45.00 KB
       Class:  0 bytes
        Both:  45.00 KB

MaxMetaspaceSize: unlimited
CompressedClassSpaceSize: 1.00 GB
Initial GC threshold: 20.80 MB
Current GC threshold: 20.80 MB
CDS: off

CodeHeap 'non-profiled nmethods': size=120032Kb used=369Kb max_used=369Kb free=119662Kb
 bounds [0x000000011dddb000, 0x000000011e04b000, 0x0000000125313000]
CodeHeap 'profiled nmethods': size=120028Kb used=1724Kb max_used=1724Kb free=118303Kb
 bounds [0x00000001168a4000, 0x0000000116b14000, 0x000000011dddb000]
CodeHeap 'non-nmethods': size=5700Kb used=1240Kb max_used=1256Kb free=4459Kb
 bounds [0x0000000116313000, 0x0000000116583000, 0x00000001168a4000]
 total_blobs=1372 nmethods=839 adapters=448
 compilation: enabled
              stopped_count=0, restarted_count=0
 full_count=0

Compilation events (20 events):
Event: 4.352 Thread 0x00007fd21d829000  828       3       jdk.internal.math.FDBigInteger::<init> (30 bytes)
Event: 4.353 Thread 0x00007fd21d829000 nmethod 828 0x0000000116a4dc90 code [0x0000000116a4de60, 0x0000000116a4e060]
Event: 4.353 Thread 0x00007fd21d829000  830       3       jdk.internal.math.FDBigInteger::size (10 bytes)
Event: 4.353 Thread 0x00007fd21d829000 nmethod 830 0x0000000116a4e210 code [0x0000000116a4e3c0, 0x0000000116a4e4b0]
Event: 4.361 Thread 0x00007fd21d829000  832       3       java.util.Collections$UnmodifiableCollection::<init> (22 bytes)
Event: 4.362 Thread 0x00007fd21d829000 nmethod 832 0x0000000116a4e590 code [0x0000000116a4e760, 0x0000000116a4ea20]
Event: 4.362 Thread 0x00007fd21d829000  834       3       java.lang.invoke.LambdaForm::<init> (115 bytes)
Event: 4.363 Thread 0x00007fd21d829000 nmethod 834 0x0000000116a4eb90 code [0x0000000116a4eda0, 0x0000000116a4f460]
Event: 4.363 Thread 0x00007fd21d829000  835       3       java.lang.invoke.LambdaForm::fixResult (31 bytes)
Event: 4.363 Thread 0x00007fd21d829000 nmethod 835 0x0000000116a4f890 code [0x0000000116a4fa40, 0x0000000116a4fc10]
Event: 4.365 Thread 0x00007fd21d829000  836       3       java.lang.invoke.DirectMethodHandle::preparedLambdaForm (31 bytes)
Event: 4.365 Thread 0x00007fd21d829000 nmethod 836 0x0000000116a4fe10 code [0x0000000116a50000, 0x0000000116a50220]
Event: 4.369 Thread 0x00007fd21d828000 nmethod 811 0x000000011de34e90 code [0x000000011de350c0, 0x000000011de36120]
Event: 4.369 Thread 0x00007fd21d828000  812 %     4       java.util.Properties$LineReader::readLine @ 53 (635 bytes)
Event: 4.372 Thread 0x00007fd21d829000  838       3       java.lang.invoke.MethodHandleNatives::isCallerSensitive (29 bytes)
Event: 4.373 Thread 0x00007fd21d829000 nmethod 838 0x0000000116a50410 code [0x0000000116a50600, 0x0000000116a50b60]
Event: 4.373 Thread 0x00007fd21d829000  839       3       java.lang.invoke.MethodHandleNatives::canBeCalledVirtual (93 bytes)
Event: 4.374 Thread 0x00007fd21d829000 nmethod 839 0x0000000116a50f10 code [0x0000000116a51120, 0x0000000116a51690]
Event: 4.375 Thread 0x00007fd21d829000  840       3       java.lang.invoke.TypeConvertingMethodAdapter::descriptorToName (36 bytes)
Event: 4.376 Thread 0x00007fd21d829000 nmethod 840 0x0000000116a51a90 code [0x0000000116a51d20, 0x0000000116a528a0]

GC Heap History (0 events):
No events

Deoptimization events (20 events):
Event: 1.605 Thread 0x00007fd21f01d000 Uncommon trap: trap_request=0xffffffc6 fr.pc=0x000000011dde5214 relative=0x0000000000000074
Event: 1.605 Thread 0x00007fd21f01d000 Uncommon trap: reason=bimorphic_or_optimized_type_check action=maybe_recompile pc=0x000000011dde5214 method=java.util.AbstractCollection.isEmpty()Z @ 1 c2
Event: 1.605 Thread 0x00007fd21f01d000 DEOPT PACKING pc=0x000000011dde5214 sp=0x0000000308f45830
Event: 1.605 Thread 0x00007fd21f01d000 DEOPT UNPACKING pc=0x000000011635ce9f sp=0x0000000308f457e0 mode 2
Event: 3.192 Thread 0x00007fd21f01d000 Uncommon trap: trap_request=0xffffff4d fr.pc=0x000000011de0d8b0 relative=0x00000000000001f0
Event: 3.192 Thread 0x00007fd21f01d000 Uncommon trap: reason=unstable_if action=reinterpret pc=0x000000011de0d8b0 method=jdk.internal.org.objectweb.asm.Type.getArgumentsAndReturnSizes(Ljava/lang/String;)I @ 88 c2
Event: 3.193 Thread 0x00007fd21f01d000 DEOPT PACKING pc=0x000000011de0d8b0 sp=0x0000000308f46af0
Event: 3.193 Thread 0x00007fd21f01d000 DEOPT UNPACKING pc=0x000000011635ce9f sp=0x0000000308f46aa0 mode 2
Event: 3.974 Thread 0x00007fd21f01d000 Uncommon trap: trap_request=0xffffff4d fr.pc=0x000000011de07610 relative=0x00000000000000d0
Event: 3.974 Thread 0x00007fd21f01d000 Uncommon trap: reason=unstable_if action=reinterpret pc=0x000000011de07610 method=java.util.HashMap.hash(Ljava/lang/Object;)I @ 1 c2
Event: 3.974 Thread 0x00007fd21f01d000 DEOPT PACKING pc=0x000000011de07610 sp=0x0000000308f483b0
Event: 3.974 Thread 0x00007fd21f01d000 DEOPT UNPACKING pc=0x000000011635ce9f sp=0x0000000308f48310 mode 2
Event: 4.161 Thread 0x00007fd21f01d000 Uncommon trap: trap_request=0xffffff4d fr.pc=0x000000011de23910 relative=0x00000000000004d0
Event: 4.161 Thread 0x00007fd21f01d000 Uncommon trap: reason=unstable_if action=reinterpret pc=0x000000011de23910 method=java.lang.StringLatin1.replace([BCC)Ljava/lang/String; @ 19 c2
Event: 4.161 Thread 0x00007fd21f01d000 DEOPT PACKING pc=0x000000011de23910 sp=0x0000000308f46df0
Event: 4.161 Thread 0x00007fd21f01d000 DEOPT UNPACKING pc=0x000000011635ce9f sp=0x0000000308f46d80 mode 2
Event: 4.205 Thread 0x00007fd21f01d000 Uncommon trap: trap_request=0xffffff4d fr.pc=0x000000011de141b4 relative=0x00000000000034b4
Event: 4.205 Thread 0x00007fd21f01d000 Uncommon trap: reason=unstable_if action=reinterpret pc=0x000000011de141b4 method=jdk.internal.org.objectweb.asm.Frame.execute(IILjdk/internal/org/objectweb/asm/ClassWriter;Ljdk/internal/org/objectweb/asm/Item;)V @ 1 c2
Event: 4.205 Thread 0x00007fd21f01d000 DEOPT PACKING pc=0x000000011de141b4 sp=0x0000000308f478d0
Event: 4.205 Thread 0x00007fd21f01d000 DEOPT UNPACKING pc=0x000000011635ce9f sp=0x0000000308f47898 mode 2

Classes redefined (0 events):
No events

Internal exceptions (20 events):
Event: 1.438 Thread 0x00007fd21f01d000 Exception <a 'java/lang/ClassNotFoundException'{0x0000000787d3e340}: sun/awt/resources/spi/awtProvider> (0x0000000787d3e340) thrown at [src/hotspot/share/classfile/systemDictionary.cpp, line 230]
Event: 1.688 Thread 0x00007fd21f01d000 Exception <a 'java/io/FileNotFoundException'{0x0000000787b45dc0}> (0x0000000787b45dc0) thrown at [src/hotspot/share/prims/jni.cpp, line 616]
Event: 1.746 Thread 0x00007fd21f01d000 Exception <a 'java/lang/NoSuchMethodError'{0x0000000787ba1078}: 'java.lang.Object java.lang.invoke.DirectMethodHandle$Holder.invokeStatic(java.lang.Object, java.lang.Object, java.lang.Object, java.lang.Object, java.lang.Object, java.lang.Object, java.lang.Object, java.lang.Object, java.lang.Object, java.lang.Object, java.lang.Object, java.lang.Object, java.lang.Object, java.lang.Object, java.lang.Object)'> (0x0000000787ba1078) thrown at [src/hotspot/share/interpreter/linkResolver.cpp, line 773]
Event: 1.753 Thread 0x00007fd21f01d000 Exception <a 'java/lang/NoSuchMethodError'{0x0000000787baec28}: 'java.lang.Object java.lang.invoke.DirectMethodHandle$Holder.invokeStatic(java.lang.Object, java.lang.Object, java.lang.Object, java.lang.Object, java.lang.Object, java.lang.Object, java.lang.Object, java.lang.Object, java.lang.Object, java.lang.Object, java.lang.Object, java.lang.Object, java.lang.Object, java.lang.Object, java.lang.Object, java.lang.Object)'> (0x0000000787baec28) thrown at [src/hotspot/share/interpreter/linkResolver.cpp, lin
Event: 1.758 Thread 0x00007fd21f01d000 Exception <a 'java/lang/NoSuchMethodError'{0x0000000787bbc898}: 'java.lang.Object java.lang.invoke.DirectMethodHandle$Holder.invokeSpecial(java.lang.Object, java.lang.Object, int, int, java.lang.Object, java.lang.Object, java.lang.Object)'> (0x0000000787bbc898) thrown at [src/hotspot/share/interpreter/linkResolver.cpp, line 773]
Event: 1.759 Thread 0x00007fd21f01d000 Exception <a 'java/lang/NoSuchMethodError'{0x0000000787bbfe28}: 'java.lang.Object java.lang.invoke.DelegatingMethodHandle$Holder.reinvoke_L(java.lang.Object, int, int, java.lang.Object, java.lang.Object, java.lang.Object)'> (0x0000000787bbfe28) thrown at [src/hotspot/share/interpreter/linkResolver.cpp, line 773]
Event: 1.761 Thread 0x00007fd21f01d000 Exception <a 'java/lang/NoSuchMethodError'{0x0000000787bc3f08}: 'java.lang.Object java.lang.invoke.DirectMethodHandle$Holder.invokeStatic(java.lang.Object, java.lang.Object, java.lang.Object, java.lang.Object, int)'> (0x0000000787bc3f08) thrown at [src/hotspot/share/interpreter/linkResolver.cpp, line 773]
Event: 1.806 Thread 0x00007fd21f01d000 Exception <a 'java/io/FileNotFoundException'{0x0000000787a26de8}> (0x0000000787a26de8) thrown at [src/hotspot/share/prims/jni.cpp, line 616]
Event: 1.863 Thread 0x00007fd21f01d000 Exception <a 'java/lang/ClassNotFoundException'{0x0000000787a6a2c8}: sun/awt/resources/spi/awtosxProvider> (0x0000000787a6a2c8) thrown at [src/hotspot/share/classfile/systemDictionary.cpp, line 230]
Event: 1.895 Thread 0x00007fd21f01d000 Exception <a 'java/lang/NoSuchMethodError'{0x0000000787a92998}: 'java.lang.Object java.lang.invoke.DirectMethodHandle$Holder.invokeStatic(java.lang.Object, java.lang.Object, java.lang.Object, java.lang.Object, java.lang.Object, java.lang.Object, java.lang.Object, java.lang.Object, int)'> (0x0000000787a92998) thrown at [src/hotspot/share/interpreter/linkResolver.cpp, line 773]
Event: 1.900 Thread 0x00007fd21f01d000 Exception <a 'java/lang/NoSuchMethodError'{0x0000000787aac8f8}: 'java.lang.Object java.lang.invoke.DirectMethodHandle$Holder.invokeStatic(java.lang.Object, java.lang.Object, java.lang.Object, java.lang.Object, java.lang.Object, java.lang.Object, java.lang.Object, java.lang.Object, int, int)'> (0x0000000787aac8f8) thrown at [src/hotspot/share/interpreter/linkResolver.cpp, line 773]
Event: 3.535 Thread 0x00007fd21f01d000 Exception <a 'java/lang/NoSuchMethodError'{0x000000078784c840}: 'void java.lang.invoke.DirectMethodHandle$Holder.invokeStaticInit(java.lang.Object)'> (0x000000078784c840) thrown at [src/hotspot/share/interpreter/linkResolver.cpp, line 773]
Event: 3.672 Thread 0x00007fd21f01d000 Exception <a 'java/lang/NoSuchMethodError'{0x0000000787873600}: 'java.lang.Object java.lang.invoke.DirectMethodHandle$Holder.invokeStatic(java.lang.Object, int, java.lang.Object, java.lang.Object, java.lang.Object, java.lang.Object)'> (0x0000000787873600) thrown at [src/hotspot/share/interpreter/linkResolver.cpp, line 773]
Event: 3.685 Thread 0x00007fd21f01d000 Exception <a 'java/lang/NoSuchMethodError'{0x000000078787a6c0}: 'java.lang.Object java.lang.invoke.DirectMethodHandle$Holder.invokeStatic(java.lang.Object, int, java.lang.Object, java.lang.Object, java.lang.Object)'> (0x000000078787a6c0) thrown at [src/hotspot/share/interpreter/linkResolver.cpp, line 773]
Event: 3.705 Thread 0x00007fd21f01d000 Exception <a 'java/lang/NoSuchMethodError'{0x000000078787e478}: 'java.lang.Object java.lang.invoke.DirectMethodHandle$Holder.invokeSpecial(java.lang.Object, java.lang.Object, int, java.lang.Object, java.lang.Object, java.lang.Object)'> (0x000000078787e478) thrown at [src/hotspot/share/interpreter/linkResolver.cpp, line 773]
Event: 3.734 Thread 0x00007fd21f01d000 Exception <a 'java/lang/NoSuchMethodError'{0x0000000787895d58}: 'java.lang.Object java.lang.invoke.DirectMethodHandle$Holder.invokeStatic(java.lang.Object, int, java.lang.Object)'> (0x0000000787895d58) thrown at [src/hotspot/share/interpreter/linkResolver.cpp, line 773]
Event: 3.770 Thread 0x00007fd21f01d000 Exception <a 'java/lang/ClassNotFoundException'{0x00000007878c4818}: com/apple/laf/resources/spi/aquaProvider> (0x00000007878c4818) thrown at [src/hotspot/share/classfile/systemDictionary.cpp, line 230]
Event: 3.923 Thread 0x00007fd21f01d000 Exception <a 'java/lang/ClassNotFoundException'{0x0000000787730b08}: com/sun/swing/internal/plaf/basic/resources/spi/basicProvider> (0x0000000787730b08) thrown at [src/hotspot/share/classfile/systemDictionary.cpp, line 230]
Event: 3.974 Thread 0x00007fd21f01d000 Implicit null exception at 0x000000011de07578 to 0x000000011de07606
Event: 4.368 Thread 0x00007fd21f01d000 Exception <a 'java/lang/NoSuchMethodError'{0x0000000787564250}: 'java.lang.Object java.lang.invoke.DirectMethodHandle$Holder.invokeVirtual(java.lang.Object, java.lang.Object, java.lang.Object)'> (0x0000000787564250) thrown at [src/hotspot/share/interpreter/linkResolver.cpp, line 773]

Events (20 events):
Event: 4.365 loading class com/mysql/cj/conf/HostInfo
Event: 4.365 loading class com/mysql/cj/conf/HostInfo done
Event: 4.369 loading class com/mysql/cj/conf/HostInfo
Event: 4.369 loading class com/mysql/cj/conf/HostInfo done
Event: 4.369 loading class com/mysql/cj/conf/ConnectionUrl
Event: 4.369 loading class com/mysql/cj/conf/ConnectionUrl done
Event: 4.371 loading class com/mysql/cj/conf/HostInfo
Event: 4.371 loading class com/mysql/cj/conf/HostInfo done
Event: 4.372 loading class java/util/stream/ForEachOps
Event: 4.373 loading class java/util/stream/ForEachOps done
Event: 4.373 loading class java/util/stream/ForEachOps$ForEachOp$OfRef
Event: 4.373 loading class java/util/stream/ForEachOps$ForEachOp
Event: 4.373 loading class java/util/stream/ForEachOps$ForEachOp done
Event: 4.373 loading class java/util/stream/ForEachOps$ForEachOp$OfRef done
Event: 4.376 loading class com/mysql/cj/jdbc/NonRegisteringDriver$1
Event: 4.376 loading class com/mysql/cj/jdbc/NonRegisteringDriver$1 done
Event: 4.376 loading class java/lang/NoSuchFieldError
Event: 4.376 loading class java/lang/NoSuchFieldError done
Event: 4.377 loading class com/mysql/cj/jdbc/ConnectionImpl
Event: 4.377 loading class com/mysql/cj/jdbc/ConnectionImpl done


Dynamic libraries:
0x000000010ac01000 	/Users/jojunbeom/Library/Java/JavaVirtualMachines/corretto-11.0.14.1/Contents/Home/lib/jli/libjli.dylib
0x00007ff820468000 	/System/Library/Frameworks/Cocoa.framework/Versions/A/Cocoa
0x00007ff80bd09000 	/System/Library/Frameworks/AppKit.framework/Versions/C/AppKit
0x00007ff80f259000 	/System/Library/Frameworks/CoreData.framework/Versions/A/CoreData
0x00007ff80a124000 	/System/Library/Frameworks/Foundation.framework/Versions/C/Foundation
0x00007ff81454c000 	/usr/lib/libSystem.B.dylib
0x00007ff80cb96000 	/System/Library/PrivateFrameworks/UIFoundation.framework/Versions/A/UIFoundation
0x00007ff81a440000 	/System/Library/PrivateFrameworks/RemoteViewServices.framework/Versions/A/RemoteViewServices
0x00007ff81273f000 	/System/Library/PrivateFrameworks/XCTTargetBootstrap.framework/Versions/A/XCTTargetBootstrap
0x00007ff816417000 	/System/Library/PrivateFrameworks/InternationalSupport.framework/Versions/A/InternationalSupport
0x00007ff8164a1000 	/System/Library/PrivateFrameworks/UserActivity.framework/Versions/A/UserActivity
0x00007ff8157fe000 	/usr/lib/libspindump.dylib
0x00007ff80ce24000 	/System/Library/Frameworks/UniformTypeIdentifiers.framework/Versions/A/UniformTypeIdentifiers
0x00007ff810e7e000 	/usr/lib/libapp_launch_measurement.dylib
0x00007ff80fc33000 	/System/Library/PrivateFrameworks/CoreAnalytics.framework/Versions/A/CoreAnalytics
0x00007ff810e81000 	/System/Library/PrivateFrameworks/CoreAutoLayout.framework/Versions/A/CoreAutoLayout
0x00007ff8120a0000 	/System/Library/Frameworks/Metal.framework/Versions/A/Metal
0x00007ff812db7000 	/usr/lib/liblangid.dylib
0x00007ff812743000 	/System/Library/PrivateFrameworks/CoreSVG.framework/Versions/A/CoreSVG
0x00007ff80e1e6000 	/System/Library/PrivateFrameworks/SkyLight.framework/Versions/A/SkyLight
0x00007ff80e577000 	/System/Library/Frameworks/CoreGraphics.framework/Versions/A/CoreGraphics
0x00007ff81aaab000 	/System/Library/Frameworks/Accelerate.framework/Versions/A/Accelerate
0x00007ff815279000 	/System/Library/PrivateFrameworks/IconServices.framework/Versions/A/IconServices
0x00007ff812085000 	/System/Library/Frameworks/IOSurface.framework/Versions/A/IOSurface
0x00007ff80fc61000 	/usr/lib/libDiagnosticMessagesClient.dylib
0x00007ff814466000 	/usr/lib/libz.1.dylib
0x00007ff81e10a000 	/System/Library/Frameworks/ApplicationServices.framework/Versions/A/ApplicationServices
0x00007ff81272b000 	/System/Library/PrivateFrameworks/DFRFoundation.framework/Versions/A/DFRFoundation
0x00007ff80b5fa000 	/usr/lib/libicucore.A.dylib
0x00007ff817139000 	/System/Library/Frameworks/AudioToolbox.framework/Versions/A/AudioToolbox
0x00007ff816423000 	/System/Library/PrivateFrameworks/DataDetectorsCore.framework/Versions/A/DataDetectorsCore
0x00007ff911bb8000 	/System/Library/PrivateFrameworks/TextInput.framework/Versions/A/TextInput
0x00007ff80e169000 	/usr/lib/libMobileGestalt.dylib
0x00007ff812433000 	/System/Library/Frameworks/Carbon.framework/Versions/A/Frameworks/HIToolbox.framework/Versions/A/HIToolbox
0x00007ff8108ac000 	/System/Library/Frameworks/QuartzCore.framework/Versions/A/QuartzCore
0x00007ff80b29b000 	/System/Library/Frameworks/Security.framework/Versions/A/Security
0x00007ff81a478000 	/System/Library/Frameworks/Carbon.framework/Versions/A/Frameworks/SpeechRecognition.framework/Versions/A/SpeechRecognition
0x00007ff810bde000 	/System/Library/PrivateFrameworks/CoreUI.framework/Versions/A/CoreUI
0x00007ff80ab75000 	/System/Library/Frameworks/CoreAudio.framework/Versions/A/CoreAudio
0x00007ff80fd4f000 	/System/Library/Frameworks/DiskArbitration.framework/Versions/A/DiskArbitration
0x00007ff815be1000 	/System/Library/PrivateFrameworks/MultitouchSupport.framework/Versions/A/MultitouchSupport
0x00007ff80e168000 	/usr/lib/libenergytrace.dylib
0x00007ff80bbf5000 	/System/Library/Frameworks/IOKit.framework/Versions/A/IOKit
0x00007ff81a862000 	/System/Library/Frameworks/CoreServices.framework/Versions/A/CoreServices
0x00007ff810e18000 	/System/Library/PrivateFrameworks/PerformanceAnalysis.framework/Versions/A/PerformanceAnalysis
0x00007ffa21627000 	/System/Library/Frameworks/OpenGL.framework/Versions/A/OpenGL
0x00007ff813a9e000 	/System/Library/PrivateFrameworks/MobileKeyBag.framework/Versions/A/MobileKeyBag
0x00007ff8091bc000 	/usr/lib/libobjc.A.dylib
0x00007ff80eca6000 	/System/Library/Frameworks/ColorSync.framework/Versions/A/ColorSync
0x00007ff809378000 	/System/Library/Frameworks/CoreFoundation.framework/Versions/A/CoreFoundation
0x00007ff8129be000 	/System/Library/Frameworks/CoreImage.framework/Versions/A/CoreImage
0x00007ff80a98b000 	/System/Library/Frameworks/CoreText.framework/Versions/A/CoreText
0x00007ff812772000 	/System/Library/Frameworks/ImageIO.framework/Versions/A/ImageIO
0x00007ff814552000 	/System/Library/PrivateFrameworks/SoftLinking.framework/Versions/A/SoftLinking
0x00007ff810ec9000 	/usr/lib/libxml2.2.dylib
0x00007ff809285000 	/usr/lib/libc++.1.dylib
0x00007ff8147d2000 	/usr/lib/libcompression.dylib
0x00007ff81634d000 	/System/Library/PrivateFrameworks/TextureIO.framework/Versions/A/TextureIO
0x00007ff814ef2000 	/usr/lib/libate.dylib
0x00007ff814547000 	/usr/lib/system/libcache.dylib
0x00007ff814503000 	/usr/lib/system/libcommonCrypto.dylib
0x00007ff81452c000 	/usr/lib/system/libcompiler_rt.dylib
0x00007ff814522000 	/usr/lib/system/libcopyfile.dylib
0x00007ff8090b6000 	/usr/lib/system/libcorecrypto.dylib
0x00007ff809175000 	/usr/lib/system/libdispatch.dylib
0x00007ff809337000 	/usr/lib/system/libdyld.dylib
0x00007ff81453e000 	/usr/lib/system/libkeymgr.dylib
0x00007ff8144e1000 	/usr/lib/system/libmacho.dylib
0x00007ff813b72000 	/usr/lib/system/libquarantine.dylib
0x00007ff81453c000 	/usr/lib/system/libremovefile.dylib
0x00007ff80e1b5000 	/usr/lib/system/libsystem_asl.dylib
0x00007ff809064000 	/usr/lib/system/libsystem_blocks.dylib
0x00007ff8091fc000 	/usr/lib/system/libsystem_c.dylib
0x00007ff814534000 	/usr/lib/system/libsystem_collections.dylib
0x00007ff812da8000 	/usr/lib/system/libsystem_configuration.dylib
0x00007ff812068000 	/usr/lib/system/libsystem_containermanager.dylib
0x00007ff81421a000 	/usr/lib/system/libsystem_coreservices.dylib
0x00007ff80b883000 	/usr/lib/system/libsystem_darwin.dylib
0x00007ff81453f000 	/usr/lib/system/libsystem_dnssd.dylib
0x00007ff8091f9000 	/usr/lib/system/libsystem_featureflags.dylib
0x00007ff80934d000 	/usr/lib/system/libsystem_info.dylib
0x00007ff814479000 	/usr/lib/system/libsystem_m.dylib
0x00007ff809149000 	/usr/lib/system/libsystem_malloc.dylib
0x00007ff80e152000 	/usr/lib/system/libsystem_networkextension.dylib
0x00007ff80bcab000 	/usr/lib/system/libsystem_notify.dylib
0x00007ff81a739000 	/usr/lib/system/libsystem_product_info_filter.dylib
0x00007ff812dac000 	/usr/lib/system/libsystem_sandbox.dylib
0x00007ff814539000 	/usr/lib/system/libsystem_secinit.dylib
0x00007ff8092f4000 	/usr/lib/system/libsystem_kernel.dylib
0x00007ff809343000 	/usr/lib/system/libsystem_platform.dylib
0x00007ff80932b000 	/usr/lib/system/libsystem_pthread.dylib
0x00007ff80fa79000 	/usr/lib/system/libsystem_symptoms.dylib
0x00007ff80909d000 	/usr/lib/system/libsystem_trace.dylib
0x00007ff81450f000 	/usr/lib/system/libunwind.dylib
0x00007ff809066000 	/usr/lib/system/libxpc.dylib
0x00007ff8092de000 	/usr/lib/libc++abi.dylib
0x00007ff81451a000 	/usr/lib/liboah.dylib
0x00007ff814cab000 	/usr/lib/liblzma.5.dylib
0x00007ff809e35000 	/System/Library/Frameworks/SystemConfiguration.framework/Versions/A/SystemConfiguration
0x00007ff81454e000 	/usr/lib/libfakelink.dylib
0x00007ff80dcbc000 	/System/Library/Frameworks/CFNetwork.framework/Versions/A/CFNetwork
0x00007ff81468d000 	/usr/lib/libarchive.2.dylib
0x00007ff812db3000 	/System/Library/PrivateFrameworks/AppleSystemInfo.framework/Versions/A/AppleSystemInfo
0x00007ff813b98000 	/usr/lib/libbsm.0.dylib
0x00007ff80d2f3000 	/usr/lib/libnetwork.dylib
0x00007ff8144e7000 	/usr/lib/system/libkxld.dylib
0x00007ff8137c7000 	/System/Library/PrivateFrameworks/IOMobileFramebuffer.framework/Versions/A/IOMobileFramebuffer
0x00007ffb1efc9000 	/usr/lib/libCoreEntitlements.dylib
0x00007ff8141fc000 	/System/Library/PrivateFrameworks/AppleFSCompression.framework/Versions/A/AppleFSCompression
0x00007ff813b81000 	/usr/lib/libcoretls.dylib
0x00007ff814cc5000 	/usr/lib/libcoretls_cfhelpers.dylib
0x00007ff8147cd000 	/usr/lib/libpam.2.dylib
0x00007ff80f69f000 	/usr/lib/libsqlite3.dylib
0x00007ff814d34000 	/usr/lib/libxar.1.dylib
0x00007ff81420c000 	/usr/lib/libbz2.1.0.dylib
0x00007ff814553000 	/usr/lib/libpcap.A.dylib
0x00007ff80fa70000 	/usr/lib/libdns_services.dylib
0x00007ff81479f000 	/usr/lib/libapple_nghttp2.dylib
0x00007ff81458a000 	/usr/lib/libiconv.2.dylib
0x00007ff8144e0000 	/usr/lib/libcharset.1.dylib
0x00007ff810e4c000 	/System/Library/Frameworks/CoreServices.framework/Versions/A/Frameworks/FSEvents.framework/Versions/A/FSEvents
0x00007ff80b88d000 	/System/Library/Frameworks/CoreServices.framework/Versions/A/Frameworks/CarbonCore.framework/Versions/A/CarbonCore
0x00007ff80fcb4000 	/System/Library/Frameworks/CoreServices.framework/Versions/A/Frameworks/Metadata.framework/Versions/A/Metadata
0x00007ff81421f000 	/System/Library/Frameworks/CoreServices.framework/Versions/A/Frameworks/OSServices.framework/Versions/A/OSServices
0x00007ff814713000 	/System/Library/Frameworks/CoreServices.framework/Versions/A/Frameworks/SearchKit.framework/Versions/A/SearchKit
0x00007ff80fa02000 	/System/Library/Frameworks/CoreServices.framework/Versions/A/Frameworks/AE.framework/Versions/A/AE
0x00007ff809879000 	/System/Library/Frameworks/CoreServices.framework/Versions/A/Frameworks/LaunchServices.framework/Versions/A/LaunchServices
0x00007ff814c5c000 	/System/Library/Frameworks/CoreServices.framework/Versions/A/Frameworks/DictionaryServices.framework/Versions/A/DictionaryServices
0x00007ff810e59000 	/System/Library/Frameworks/CoreServices.framework/Versions/A/Frameworks/SharedFileList.framework/Versions/A/SharedFileList
0x00007ff813b75000 	/usr/lib/libCheckFix.dylib
0x00007ff80e1cc000 	/System/Library/PrivateFrameworks/TCC.framework/Versions/A/TCC
0x00007ff812db9000 	/System/Library/PrivateFrameworks/CoreNLP.framework/Versions/A/CoreNLP
0x00007ff80fc64000 	/System/Library/PrivateFrameworks/MetadataUtilities.framework/Versions/A/MetadataUtilities
0x00007ff809ee5000 	/usr/lib/libmecabra.dylib
0x00007ff813ba8000 	/usr/lib/libmecab.dylib
0x00007ff809eb0000 	/usr/lib/libCRFSuite.dylib
0x00007ff813c05000 	/usr/lib/libgermantok.dylib
0x00007ff81477a000 	/usr/lib/libThaiTokenizer.dylib
0x00007ff80fd56000 	/System/Library/Frameworks/Accelerate.framework/Versions/A/Frameworks/vImage.framework/Versions/A/vImage
0x00007ff81a839000 	/System/Library/Frameworks/Accelerate.framework/Versions/A/Frameworks/vecLib.framework/Versions/A/vecLib
0x00007ff814d75000 	/System/Library/Frameworks/Accelerate.framework/Versions/A/Frameworks/vecLib.framework/Versions/A/libvMisc.dylib
0x00007ff8135bb000 	/System/Library/Frameworks/Accelerate.framework/Versions/A/Frameworks/vecLib.framework/Versions/A/libvDSP.dylib
0x00007ff809bf1000 	/System/Library/Frameworks/Accelerate.framework/Versions/A/Frameworks/vecLib.framework/Versions/A/libBLAS.dylib
0x00007ff8148af000 	/System/Library/Frameworks/Accelerate.framework/Versions/A/Frameworks/vecLib.framework/Versions/A/libLAPACK.dylib
0x00007ff813c08000 	/System/Library/Frameworks/Accelerate.framework/Versions/A/Frameworks/vecLib.framework/Versions/A/libLinearAlgebra.dylib
0x00007ff8147b8000 	/System/Library/Frameworks/Accelerate.framework/Versions/A/Frameworks/vecLib.framework/Versions/A/libSparseBLAS.dylib
0x00007ff8148a9000 	/System/Library/Frameworks/Accelerate.framework/Versions/A/Frameworks/vecLib.framework/Versions/A/libQuadrature.dylib
0x00007ff812ea3000 	/System/Library/Frameworks/Accelerate.framework/Versions/A/Frameworks/vecLib.framework/Versions/A/libBNNS.dylib
0x00007ff809dc6000 	/System/Library/Frameworks/Accelerate.framework/Versions/A/Frameworks/vecLib.framework/Versions/A/libSparse.dylib
0x00007ff812e9c000 	/System/Library/PrivateFrameworks/LinguisticData.framework/Versions/A/LinguisticData
0x00007ff809d7b000 	/System/Library/PrivateFrameworks/Lexicon.framework/Versions/A/Lexicon
0x00007ff814d6e000 	/usr/lib/libChineseTokenizer.dylib
0x00007ff80a4df000 	/System/Library/PrivateFrameworks/LanguageModeling.framework/Versions/A/LanguageModeling
0x00007ff81477c000 	/System/Library/PrivateFrameworks/AppleSauce.framework/Versions/A/AppleSauce
0x00007ff8137b5000 	/System/Library/PrivateFrameworks/CoreEmoji.framework/Versions/A/CoreEmoji
0x00007ff81467c000 	/usr/lib/libcmph.dylib
0x00007ff810e30000 	/System/Library/Frameworks/OpenDirectory.framework/Versions/A/Frameworks/CFOpenDirectory.framework/Versions/A/CFOpenDirectory
0x00007ff810e24000 	/System/Library/Frameworks/OpenDirectory.framework/Versions/A/OpenDirectory
0x00007ff814cc7000 	/System/Library/PrivateFrameworks/APFS.framework/Versions/A/APFS
0x00007ff813ad6000 	/System/Library/Frameworks/SecurityFoundation.framework/Versions/A/SecurityFoundation
0x00007ff814d42000 	/usr/lib/libutil.dylib
0x00007ff80bbb8000 	/System/Library/PrivateFrameworks/CoreServicesStore.framework/Versions/A/CoreServicesStore
0x00007ff814d46000 	/usr/lib/libxslt.1.dylib
0x00007ff813b63000 	/System/Library/PrivateFrameworks/BackgroundTaskManagement.framework/Versions/A/BackgroundTaskManagement
0x00007ff81626f000 	/System/Library/Frameworks/ImageIO.framework/Versions/A/Resources/libRadiance.dylib
0x00007ff816278000 	/System/Library/Frameworks/ImageIO.framework/Versions/A/Resources/libJPEG.dylib
0x00007ff8161c9000 	/System/Library/Frameworks/ImageIO.framework/Versions/A/Resources/libPng.dylib
0x00007ff8161ea000 	/System/Library/Frameworks/ImageIO.framework/Versions/A/Resources/libTIFF.dylib
0x00007ff8162d6000 	/System/Library/Frameworks/ImageIO.framework/Versions/A/Resources/libGIF.dylib
0x00007ff815afe000 	/System/Library/Frameworks/ImageIO.framework/Versions/A/Resources/libJP2.dylib
0x00007ff815240000 	/usr/lib/libexpat.1.dylib
0x00007ff815ab3000 	/System/Library/PrivateFrameworks/AppleJPEG.framework/Versions/A/AppleJPEG
0x00007ff8122fa000 	/System/Library/PrivateFrameworks/FontServices.framework/libFontParser.dylib
0x00007ff80f9ac000 	/System/Library/PrivateFrameworks/RunningBoardServices.framework/Versions/A/RunningBoardServices
0x00007ff8209d9000 	/System/Library/PrivateFrameworks/IOSurfaceAccelerator.framework/Versions/A/IOSurfaceAccelerator
0x00007ff815bdd000 	/System/Library/PrivateFrameworks/WatchdogClient.framework/Versions/A/WatchdogClient
0x00007ff80a5ce000 	/System/Library/Frameworks/CoreDisplay.framework/Versions/A/CoreDisplay
0x00007ff8121fa000 	/System/Library/Frameworks/CoreMedia.framework/Versions/A/CoreMedia
0x00007ff812097000 	/System/Library/PrivateFrameworks/IOAccelerator.framework/Versions/A/IOAccelerator
0x00007ff810fac000 	/System/Library/Frameworks/CoreVideo.framework/Versions/A/CoreVideo
0x00007ff8147cb000 	/System/Library/Frameworks/MetalPerformanceShaders.framework/Versions/A/MetalPerformanceShaders
0x00007ff815c18000 	/System/Library/Frameworks/VideoToolbox.framework/Versions/A/VideoToolbox
0x00007ff80f8f4000 	/System/Library/PrivateFrameworks/BaseBoard.framework/Versions/A/BaseBoard
0x00007ff80f685000 	/System/Library/PrivateFrameworks/ProtocolBuffer.framework/Versions/A/ProtocolBuffer
0x00007ff816268000 	/System/Library/PrivateFrameworks/GPUWrangler.framework/Versions/A/GPUWrangler
0x00007ff81624b000 	/System/Library/PrivateFrameworks/IOPresentment.framework/Versions/A/IOPresentment
0x00007ff816272000 	/System/Library/PrivateFrameworks/DSExternalDisplay.framework/Versions/A/DSExternalDisplay
0x00007ffa2161b000 	/System/Library/Frameworks/OpenGL.framework/Versions/A/Libraries/libCoreFSCache.dylib
0x00007ffb0d5c8000 	/System/Library/PrivateFrameworks/GPUCompiler.framework/Versions/31001/Libraries/libGPUCompilerUtils.dylib
0x00007ff8162db000 	/System/Library/PrivateFrameworks/CMCaptureCore.framework/Versions/A/CMCaptureCore
0x00007ff8157ec000 	/System/Library/PrivateFrameworks/AppServerSupport.framework/Versions/A/AppServerSupport
0x00007ff8179b6000 	/System/Library/PrivateFrameworks/perfdata.framework/Versions/A/perfdata
0x00007ff80a6fa000 	/System/Library/PrivateFrameworks/AudioToolboxCore.framework/Versions/A/AudioToolboxCore
0x00007ff8121d7000 	/System/Library/PrivateFrameworks/caulk.framework/Versions/A/caulk
0x00007ff8172e3000 	/usr/lib/libAudioStatistics.dylib
0x00007ff90e477000 	/System/Library/PrivateFrameworks/SystemPolicy.framework/Versions/A/SystemPolicy
0x00007ff81752f000 	/usr/lib/libSMC.dylib
0x00007ff82031b000 	/System/Library/Frameworks/CoreMIDI.framework/Versions/A/CoreMIDI
0x00007ff816199000 	/usr/lib/libAudioToolboxUtility.dylib
0x00007ff90a8ff000 	/System/Library/PrivateFrameworks/OSAServicesClient.framework/Versions/A/OSAServicesClient
0x00007ff8179c3000 	/usr/lib/libperfcheck.dylib
0x00007ff90ef03000 	/usr/lib/libmis.dylib
0x00007ffa21677000 	/System/Library/Frameworks/OpenGL.framework/Versions/A/Libraries/libGLU.dylib
0x00007ffa2163a000 	/System/Library/Frameworks/OpenGL.framework/Versions/A/Libraries/libGFXShared.dylib
0x00007ffa21848000 	/System/Library/Frameworks/OpenGL.framework/Versions/A/Libraries/libGL.dylib
0x00007ffa21643000 	/System/Library/Frameworks/OpenGL.framework/Versions/A/Libraries/libGLImage.dylib
0x00007ffa21637000 	/System/Library/Frameworks/OpenGL.framework/Versions/A/Libraries/libCVMSPluginSupport.dylib
0x00007ffa21622000 	/System/Library/Frameworks/OpenGL.framework/Versions/A/Libraries/libCoreVMClient.dylib
0x00007ff812d37000 	/System/Library/Frameworks/MetalPerformanceShaders.framework/Versions/A/Frameworks/MPSCore.framework/Versions/A/MPSCore
0x00007ff814167000 	/System/Library/Frameworks/MetalPerformanceShaders.framework/Versions/A/Frameworks/MPSImage.framework/Versions/A/MPSImage
0x00007ff813c1e000 	/System/Library/Frameworks/MetalPerformanceShaders.framework/Versions/A/Frameworks/MPSNeuralNetwork.framework/Versions/A/MPSNeuralNetwork
0x00007ff814093000 	/System/Library/Frameworks/MetalPerformanceShaders.framework/Versions/A/Frameworks/MPSMatrix.framework/Versions/A/MPSMatrix
0x00007ff813e4f000 	/System/Library/Frameworks/MetalPerformanceShaders.framework/Versions/A/Frameworks/MPSRayIntersector.framework/Versions/A/MPSRayIntersector
0x00007ff8140cc000 	/System/Library/Frameworks/MetalPerformanceShaders.framework/Versions/A/Frameworks/MPSNDArray.framework/Versions/A/MPSNDArray
0x00007ffa26220000 	/System/Library/Frameworks/MetalPerformanceShaders.framework/Versions/A/Frameworks/MPSFunctions.framework/Versions/A/MPSFunctions
0x00007ff809ad4000 	/System/Library/PrivateFrameworks/MetalTools.framework/Versions/A/MetalTools
0x00007ff812db1000 	/System/Library/PrivateFrameworks/AggregateDictionary.framework/Versions/A/AggregateDictionary
0x00007ff815022000 	/usr/lib/libIOReport.dylib
0x00007ffa22c57000 	/System/Library/Frameworks/OpenCL.framework/Versions/A/OpenCL
0x00007ff815386000 	/System/Library/PrivateFrameworks/FaceCore.framework/Versions/A/FaceCore
0x00007ff815377000 	/System/Library/PrivateFrameworks/GraphVisualizer.framework/Versions/A/GraphVisualizer
0x00007ffb0d4d3000 	/System/Library/PrivateFrameworks/FontServices.framework/Versions/A/FontServices
0x00007ff8157a3000 	/System/Library/PrivateFrameworks/OTSVG.framework/Versions/A/OTSVG
0x00007ff810b94000 	/System/Library/Frameworks/ApplicationServices.framework/Versions/A/Frameworks/ATS.framework/Versions/A/Resources/libFontRegistry.dylib
0x00007ff8157f4000 	/System/Library/PrivateFrameworks/FontServices.framework/libhvf.dylib
0x00007ffb0d4d4000 	/System/Library/PrivateFrameworks/FontServices.framework/libXTFontStaticRegistryData.dylib
0x00007ff8151f0000 	/System/Library/PrivateFrameworks/AppleVA.framework/Versions/A/AppleVA
0x00007ff817303000 	/System/Library/Frameworks/ApplicationServices.framework/Versions/A/Frameworks/ATS.framework/Versions/A/ATS
0x00007ff80eda2000 	/System/Library/Frameworks/ApplicationServices.framework/Versions/A/Frameworks/HIServices.framework/Versions/A/HIServices
0x00007ff8162e5000 	/System/Library/Frameworks/ApplicationServices.framework/Versions/A/Frameworks/PrintCore.framework/Versions/A/PrintCore
0x00007ff817682000 	/System/Library/Frameworks/ApplicationServices.framework/Versions/A/Frameworks/QD.framework/Versions/A/QD
0x00007ff81767a000 	/System/Library/Frameworks/ApplicationServices.framework/Versions/A/Frameworks/ColorSyncLegacy.framework/Versions/A/ColorSyncLegacy
0x00007ff8172f3000 	/System/Library/Frameworks/ApplicationServices.framework/Versions/A/Frameworks/SpeechSynthesis.framework/Versions/A/SpeechSynthesis
0x00007ff8162a6000 	/System/Library/Frameworks/ApplicationServices.framework/Versions/A/Frameworks/ATSUI.framework/Versions/A/ATSUI
0x00007ff81760f000 	/usr/lib/libcups.2.dylib
0x00007ff8179d2000 	/System/Library/Frameworks/Kerberos.framework/Versions/A/Kerberos
0x00007ff8179e1000 	/System/Library/Frameworks/GSS.framework/Versions/A/GSS
0x00007ff81736f000 	/usr/lib/libresolv.9.dylib
0x00007ff815803000 	/System/Library/PrivateFrameworks/Heimdal.framework/Versions/A/Heimdal
0x00007ff81e485000 	/System/Library/Frameworks/Kerberos.framework/Versions/A/Libraries/libHeimdalProxy.dylib
0x00007ff80fa81000 	/System/Library/Frameworks/Network.framework/Versions/A/Network
0x00007ff81525a000 	/usr/lib/libheimdal-asn1.dylib
0x00007ff817a2c000 	/System/Library/PrivateFrameworks/CommonAuth.framework/Versions/A/CommonAuth
0x00007ff817274000 	/System/Library/PrivateFrameworks/AudioSession.framework/Versions/A/AudioSession
0x00007ff8152ea000 	/System/Library/PrivateFrameworks/MediaExperience.framework/Versions/A/MediaExperience
0x00007ff817108000 	/System/Library/PrivateFrameworks/AudioSession.framework/libSessionUtility.dylib
0x00007ff81768e000 	/System/Library/PrivateFrameworks/AudioResourceArbitration.framework/Versions/A/AudioResourceArbitration
0x00007ff815263000 	/System/Library/PrivateFrameworks/IconFoundation.framework/Versions/A/IconFoundation
0x00007ff81a468000 	/System/Library/PrivateFrameworks/SpeechRecognitionCore.framework/Versions/A/SpeechRecognitionCore
0x00007ffa12aca000 	/System/Library/CoreServices/Encodings/libKoreanConverter.dylib
0x000000010ba04000 	/Users/jojunbeom/Library/Java/JavaVirtualMachines/corretto-11.0.14.1/Contents/Home/lib/server/libjvm.dylib
0x000000010ace5000 	/Users/jojunbeom/Library/Java/JavaVirtualMachines/corretto-11.0.14.1/Contents/Home/lib/libverify.dylib
0x000000010ad0d000 	/Users/jojunbeom/Library/Java/JavaVirtualMachines/corretto-11.0.14.1/Contents/Home/lib/libjava.dylib
0x000000010ac7b000 	/Users/jojunbeom/Library/Java/JavaVirtualMachines/corretto-11.0.14.1/Contents/Home/lib/libjimage.dylib
0x000000010ad8c000 	/Users/jojunbeom/Library/Java/JavaVirtualMachines/corretto-11.0.14.1/Contents/Home/lib/libinstrument.dylib
0x000000010ae47000 	/private/var/folders/k6/dkc35rrd3kvf4z8xbpc5z4zh0000gn/T/libasyncProfiler.so
0x000000010ae07000 	/Users/jojunbeom/Library/Java/JavaVirtualMachines/corretto-11.0.14.1/Contents/Home/lib/libzip.dylib
0x000000012e678000 	/Users/jojunbeom/Library/Java/JavaVirtualMachines/corretto-11.0.14.1/Contents/Home/lib/libnio.dylib
0x000000012e6c8000 	/Users/jojunbeom/Library/Java/JavaVirtualMachines/corretto-11.0.14.1/Contents/Home/lib/libnet.dylib
0x000000012e719000 	/Users/jojunbeom/Library/Java/JavaVirtualMachines/corretto-11.0.14.1/Contents/Home/lib/libextnet.dylib
0x000000010ca1a000 	/Users/jojunbeom/Library/Java/JavaVirtualMachines/corretto-11.0.14.1/Contents/Home/lib/libawt.dylib
0x000000010cb6c000 	/Users/jojunbeom/Library/Java/JavaVirtualMachines/corretto-11.0.14.1/Contents/Home/lib/libmlib_image.dylib
0x00007ffa2618e000 	/System/Library/Frameworks/JavaRuntimeSupport.framework/Versions/A/JavaRuntimeSupport
0x00007ff90dfc8000 	/System/Library/Frameworks/Carbon.framework/Versions/A/Carbon
0x00007ff81c8be000 	/System/Library/PrivateFrameworks/CoreSymbolication.framework/Versions/A/CoreSymbolication
0x00007ff821d1f000 	/System/Library/Frameworks/Carbon.framework/Versions/A/Frameworks/CommonPanels.framework/Versions/A/CommonPanels
0x00007ff81de8c000 	/System/Library/Frameworks/Carbon.framework/Versions/A/Frameworks/Help.framework/Versions/A/Help
0x00007ff821d23000 	/System/Library/Frameworks/Carbon.framework/Versions/A/Frameworks/ImageCapture.framework/Versions/A/ImageCapture
0x00007ff821cf3000 	/System/Library/Frameworks/Carbon.framework/Versions/A/Frameworks/OpenScripting.framework/Versions/A/OpenScripting
0x00007ff821d1b000 	/System/Library/Frameworks/Carbon.framework/Versions/A/Frameworks/Ink.framework/Versions/A/Ink
0x00007ff90dfc4000 	/System/Library/Frameworks/Carbon.framework/Versions/A/Frameworks/Print.framework/Versions/A/Print
0x00007ff821d17000 	/System/Library/Frameworks/Carbon.framework/Versions/A/Frameworks/SecurityHI.framework/Versions/A/SecurityHI
0x00007ff81c883000 	/System/Library/PrivateFrameworks/DebugSymbols.framework/Versions/A/DebugSymbols
0x000000010cd2c000 	/Users/jojunbeom/Library/Java/JavaVirtualMachines/corretto-11.0.14.1/Contents/Home/lib/libawt_lwawt.dylib
0x000000010cc5a000 	/Users/jojunbeom/Library/Java/JavaVirtualMachines/corretto-11.0.14.1/Contents/Home/lib/libosxapp.dylib
0x00007ff90d429000 	/System/Library/Frameworks/ExceptionHandling.framework/Versions/A/ExceptionHandling
0x000000010d2e6000 	/Users/jojunbeom/Library/Java/JavaVirtualMachines/corretto-11.0.14.1/Contents/Home/lib/libfontmanager.dylib
0x000000010d509000 	/Users/jojunbeom/Library/Java/JavaVirtualMachines/corretto-11.0.14.1/Contents/Home/lib/libfreetype.dylib
0x00007ff80bb79000 	/System/Library/PrivateFrameworks/CoreServicesInternal.framework/Versions/A/CoreServicesInternal
0x00007ff81bc39000 	/System/Library/Frameworks/FileProvider.framework/Versions/A/FileProvider
0x00007ff80f860000 	/System/Library/Frameworks/Accounts.framework/Versions/A/Accounts
0x00007ff81bdb1000 	/System/Library/PrivateFrameworks/GenerationalStorage.framework/Versions/A/GenerationalStorage
0x00007ff81b63d000 	/System/Library/PrivateFrameworks/SymptomDiagnosticReporter.framework/Versions/A/SymptomDiagnosticReporter
0x00007ff80ce38000 	/System/Library/PrivateFrameworks/DesktopServicesPriv.framework/Versions/A/DesktopServicesPriv
0x00007ff80bcba000 	/usr/lib/libsandbox.1.dylib
0x00007ff81102a000 	/System/Library/PrivateFrameworks/UserManagement.framework/Versions/A/UserManagement
0x00007ff81766f000 	/System/Library/PrivateFrameworks/NetAuth.framework/Versions/A/NetAuth
0x00007ff81855b000 	/System/Library/PrivateFrameworks/Sharing.framework/Versions/A/Sharing
0x00007ff810ffd000 	/System/Library/PrivateFrameworks/login.framework/Versions/A/Frameworks/loginsupport.framework/Versions/A/loginsupport
0x00007ff81d9bb000 	/System/Library/PrivateFrameworks/Apple80211.framework/Versions/A/Apple80211
0x00007ff81424c000 	/System/Library/PrivateFrameworks/AuthKit.framework/Versions/A/AuthKit
0x00007ff8138ab000 	/System/Library/PrivateFrameworks/CoreUtils.framework/Versions/A/CoreUtils
0x00007ff8137d2000 	/System/Library/Frameworks/CoreWLAN.framework/Versions/A/CoreWLAN
0x00007ff8186b6000 	/System/Library/Frameworks/IOBluetooth.framework/Versions/A/IOBluetooth
0x00007ff81da23000 	/System/Library/PrivateFrameworks/CoreWiFi.framework/Versions/A/CoreWiFi
0x00007ff81c458000 	/System/Library/PrivateFrameworks/FrontBoardServices.framework/Versions/A/FrontBoardServices
0x00007ff81c4ea000 	/System/Library/PrivateFrameworks/BoardServices.framework/Versions/A/BoardServices
0x00007ff813ac5000 	/System/Library/PrivateFrameworks/AssertionServices.framework/Versions/A/AssertionServices
0x00007ff81dba7000 	/System/Library/PrivateFrameworks/BackBoardServices.framework/Versions/A/BackBoardServices
0x00007ff817abb000 	/System/Library/PrivateFrameworks/CorePhoneNumbers.framework/Versions/A/CorePhoneNumbers
0x00007ff81b75a000 	/System/Library/PrivateFrameworks/DiskManagement.framework/Versions/A/DiskManagement
0x00007ff81b66e000 	/System/Library/PrivateFrameworks/AppleIDAuthSupport.framework/Versions/A/AppleIDAuthSupport
0x00007ffa28186000 	/System/Library/PrivateFrameworks/AAAFoundation.framework/Versions/A/AAAFoundation
0x00007ff817a9c000 	/System/Library/PrivateFrameworks/KeychainCircle.framework/Versions/A/KeychainCircle
0x00007ff81b726000 	/System/Library/PrivateFrameworks/MediaKit.framework/Versions/A/MediaKit
0x00007ff81b67a000 	/System/Library/Frameworks/DiscRecording.framework/Versions/A/DiscRecording
0x00007ff815168000 	/usr/lib/libCoreStorage.dylib
0x00007ff81de94000 	/usr/lib/libcsfde.dylib
0x00007ff818783000 	/System/Library/PrivateFrameworks/ProtectedCloudStorage.framework/Versions/A/ProtectedCloudStorage
0x00007ff81de90000 	/System/Library/PrivateFrameworks/EFILogin.framework/Versions/A/EFILogin
0x00007ff81bdd7000 	/System/Library/PrivateFrameworks/OctagonTrust.framework/Versions/A/OctagonTrust
0x00007ffb0c80d000 	/System/Library/PrivateFrameworks/CoreUtilsExtras.framework/Versions/A/CoreUtilsExtras
0x00007ff81b5ad000 	/System/Library/Frameworks/CoreBluetooth.framework/Versions/A/CoreBluetooth
0x00007ff81e50a000 	/System/Library/Frameworks/AudioUnit.framework/Versions/A/AudioUnit
0x00007ff815160000 	/usr/lib/libMatch.1.dylib
0x00007ff915a09000 	/System/Library/CoreServices/RawCamera.bundle/Contents/MacOS/RawCamera
0x00007ff817a3c000 	/System/Library/PrivateFrameworks/MobileAsset.framework/Versions/A/MobileAsset
0x00007ff81e531000 	/System/Library/PrivateFrameworks/StreamingZip.framework/Versions/A/StreamingZip
0x00007ffb09c75000 	/System/Library/PrivateFrameworks/CMPhoto.framework/Versions/A/CMPhoto
0x00007ff81c759000 	/System/Library/PrivateFrameworks/AppleVPA.framework/Versions/A/AppleVPA
0x00007ff81650d000 	/System/Library/Frameworks/MediaToolbox.framework/Versions/A/MediaToolbox
0x00007ff81bc09000 	/System/Library/PrivateFrameworks/CoreAVCHD.framework/Versions/A/CoreAVCHD
0x00007ff81aaf3000 	/System/Library/Frameworks/MediaAccessibility.framework/Versions/A/MediaAccessibility
0x00007ff81bc05000 	/System/Library/PrivateFrameworks/Mangrove.framework/Versions/A/Mangrove
0x00007ff81aafe000 	/System/Library/PrivateFrameworks/AlgosScoreFramework.framework/Versions/A/AlgosScoreFramework
0x00007ff81b84a000 	/System/Library/PrivateFrameworks/CoreAUC.framework/Versions/A/CoreAUC
0x00007ff9132d6000 	/System/Library/Frameworks/Accelerate.framework/Versions/A/Frameworks/vImage.framework/Versions/A/Libraries/libCGInterfaces.dylib
0x000000010da19000 	/usr/lib/libobjc-trampolines.dylib
0x00007ff810d24000 	/System/Library/PrivateFrameworks/ViewBridge.framework/Versions/A/ViewBridge
0x00007ff8158bd000 	/System/Library/PrivateFrameworks/login.framework/Versions/A/login
0x00007ffb1f0d7000 	/usr/lib/libRosetta.dylib
0x00007ffa21853000 	/System/Library/Frameworks/OpenGL.framework/Versions/A/Resources/GLEngine.bundle/GLEngine
0x00007ffa216b5000 	/System/Library/Frameworks/OpenGL.framework/Versions/A/Libraries/libGLProgrammability.dylib
0x0000000136c4b000 	/System/Library/Extensions/AppleMetalOpenGLRenderer.bundle/Contents/MacOS/AppleMetalOpenGLRenderer
0x00007ffa219e2000 	/System/Library/Frameworks/OpenGL.framework/Versions/A/Resources/GLRendererFloat.bundle/GLRendererFloat
0x00007ffa237c1000 	/System/Library/Extensions/AGXMetal13_3.bundle/Contents/MacOS/AGXMetal13_3
0x00007ff90ef1e000 	/System/Library/PrivateFrameworks/GPURawCounter.framework/Versions/A/GPURawCounter
0x00007ff909a9b000 	/System/Library/PrivateFrameworks/IOGPU.framework/Versions/A/IOGPU
0x0000000137080000 	/Users/jojunbeom/Library/Java/JavaVirtualMachines/corretto-11.0.14.1/Contents/Home/lib/libosxui.dylib


VM Arguments:
jvm_args: -javaagent:/Applications/IntelliJ IDEA.app/Contents/lib/idea_rt.jar=63283:/Applications/IntelliJ IDEA.app/Contents/bin -agentpath:/private/var/folders/k6/dkc35rrd3kvf4z8xbpc5z4zh0000gn/T/libasyncProfiler.so=start,jfr,event=cpu,interval=1ms,event=alloc,file=/Users/jojunbeom/ViewMain_2022_06_30_202837.jfr -Dfile.encoding=UTF-8 
java_command: com.project.Swing.ViewMain
java_class_path (initial): /Users/jojunbeom/Downloads/study/Java_App_Board_Swing_V4/out/production/Java_Application_Board_v2.1:/Users/jojunbeom/Downloads/study/Java_App_Board_Swing_V4/resource/lib/mysql-connector-java-8.0.29.jar
Launcher Type: SUN_STANDARD

[Global flags]
     intx CICompilerCount                          = 4                                         {product} {ergonomic}
     uint ConcGCThreads                            = 2                                         {product} {ergonomic}
     uint G1ConcRefinementThreads                  = 8                                         {product} {ergonomic}
   size_t G1HeapRegionSize                         = 1048576                                   {product} {ergonomic}
    uintx GCDrainStackTargetSize                   = 64                                        {product} {ergonomic}
   size_t InitialHeapSize                          = 134217728                                 {product} {ergonomic}
   size_t MarkStackSize                            = 4194304                                   {product} {ergonomic}
   size_t MaxHeapSize                              = 2147483648                                {product} {ergonomic}
   size_t MaxNewSize                               = 1287651328                                {product} {ergonomic}
   size_t MinHeapDeltaBytes                        = 1048576                                   {product} {ergonomic}
    uintx NonNMethodCodeHeapSize                   = 5836300                                {pd product} {ergonomic}
    uintx NonProfiledCodeHeapSize                  = 122910970                              {pd product} {ergonomic}
    uintx ProfiledCodeHeapSize                     = 122910970                              {pd product} {ergonomic}
    uintx ReservedCodeCacheSize                    = 251658240                              {pd product} {ergonomic}
     bool SegmentedCodeCache                       = true                                      {product} {ergonomic}
     bool UseCompressedClassPointers               = true                                 {lp64_product} {ergonomic}
     bool UseCompressedOops                        = true                                 {lp64_product} {ergonomic}
     bool UseG1GC                                  = true                                      {product} {ergonomic}

Logging:
Log output configuration:
 #0: stdout all=warning uptime,level,tags
 #1: stderr all=off uptime,level,tags

Environment Variables:
PATH=/opt/homebrew/bin:/opt/homebrew/sbin:/usr/local/bin:/usr/bin:/bin:/usr/sbin:/sbin
SHELL=/bin/zsh
LC_CTYPE=ko_KR.UTF-8

Signal Handlers:
SIGSEGV: [libjvm.dylib+0x7ccc92], sa_mask[0]=11111111111111111111111111111111, sa_flags=SA_ONSTACK|SA_RESTART|SA_SIGINFO
SIGBUS: [libjvm.dylib+0x7ccc92], sa_mask[0]=11111111111111111111111111111111, sa_flags=SA_RESTART|SA_SIGINFO
SIGFPE: [libjvm.dylib+0x7ccc92], sa_mask[0]=11111111111111111111111111111111, sa_flags=SA_RESTART|SA_SIGINFO
SIGPIPE: [libjvm.dylib+0x630218], sa_mask[0]=11111111111111111111111111111111, sa_flags=SA_RESTART|SA_SIGINFO
SIGXFSZ: [libjvm.dylib+0x630218], sa_mask[0]=11111111111111111111111111111111, sa_flags=SA_RESTART|SA_SIGINFO
SIGILL: [libjvm.dylib+0x7ccc92], sa_mask[0]=11111111111111111111111111111111, sa_flags=SA_RESTART|SA_SIGINFO
SIGUSR2: [libjvm.dylib+0x6307f6], sa_mask[0]=00100000000000000000000000000000, sa_flags=SA_RESTART|SA_SIGINFO
SIGHUP: [libjvm.dylib+0x62f3a9], sa_mask[0]=11111111111111111111111111111111, sa_flags=SA_RESTART|SA_SIGINFO
SIGINT: [libjvm.dylib+0x62f3a9], sa_mask[0]=11111111111111111111111111111111, sa_flags=SA_RESTART|SA_SIGINFO
SIGTERM: [libjvm.dylib+0x62f3a9], sa_mask[0]=11111111111111111111111111111111, sa_flags=SA_RESTART|SA_SIGINFO
SIGQUIT: [libjvm.dylib+0x62f3a9], sa_mask[0]=11111111111111111111111111111111, sa_flags=SA_RESTART|SA_SIGINFO


---------------  S Y S T E M  ---------------

OS:uname:Darwin 21.1.0 Darwin Kernel Version 21.1.0: Wed Oct 13 17:33:24 PDT 2021; root:xnu-8019.41.5~1/RELEASE_ARM64_T8101 x86_64
OS uptime: 7 days 3:45 hours
rlimit (soft/hard): STACK 8176k/65520k , CORE 0k/infinity , NPROC 1333/2000 , NOFILE 10240/infinity , AS infinity/infinity , CPU infinity/infinity , DATA infinity/infinity , FSIZE infinity/infinity , MEMLOCK infinity/infinity , RSS infinity/infinity
load average:2.23 1.96 1.86

CPU:total 8 (initial active 8) (1 cores per cpu, 1 threads per core) family 6 model 44 stepping 0 microcode 0x0, cmov, cx8, fxsr, mmx, sse, sse2, sse3, ssse3, sse4.1, sse4.2, popcnt, aes, clmul, tsc, tscinvbit, tscinv

Memory: 4k page, physical 8388608k(47920k free), swap 3145728k(979968k free)

vm_info: OpenJDK 64-Bit Server VM (11.0.14.1+10-LTS) for bsd-amd64 JRE (11.0.14.1+10-LTS), built on Feb  8 2022 01:38:57 by "ec2user" with clang Apple LLVM 13.0.0 (clang-1300.0.29.30)

END.
