#
# A fatal error has been detected by the Java Runtime Environment:
#
#  SIGBUS (0xa) at pc=0x000000030de5d600, pid=5780, tid=8451
#
# JRE version: OpenJDK Runtime Environment Corretto-11.0.14.10.1 (11.0.14.1+10) (build 11.0.14.1+10-LTS)
# Java VM: OpenJDK 64-Bit Server VM Corretto-11.0.14.10.1 (11.0.14.1+10-LTS, mixed mode, tiered, compressed oops, g1 gc, bsd-amd64)
# Problematic frame:
# C  0x000000030de5d600
#
# No core dump will be written. Core dumps have been disabled. To enable core dumping, try "ulimit -c unlimited" before starting Java again
#
# If you would like to submit a bug report, please visit:
#   https://github.com/corretto/corretto-11/issues/
#

---------------  S U M M A R Y ------------

Command Line: -javaagent:/Applications/IntelliJ IDEA.app/Contents/lib/idea_rt.jar=51834:/Applications/IntelliJ IDEA.app/Contents/bin -agentpath:/private/var/folders/k6/dkc35rrd3kvf4z8xbpc5z4zh0000gn/T/libasyncProfiler.so=start,jfr,event=cpu,interval=1ms,event=alloc,file=/Users/jojunbeom/BoardFrame_2022_06_26_151913.jfr -Dfile.encoding=UTF-8 com.project.board.BoardFrame

Host: MacBookAir10,1 x86_64 2400 MHz, 8 cores, 8G, Darwin 21.1.0
Time: Sun Jun 26 15:19:15 2022 KST elapsed time: 2.396117 seconds (0d 0h 0m 2s)

---------------  T H R E A D  ---------------

Current thread (0x00007fc864811800):  JavaThread "main" [_thread_in_vm, id=8451, stack(0x000000030dd61000,0x000000030de61000)]

Stack: [0x000000030dd61000,0x000000030de61000],  sp=0x000000030de5d638,  free space=1009k
Native frames: (J=compiled Java code, A=aot compiled Java code, j=interpreted, Vv=VM code, C=native code)
C  0x000000030de5d600

Java frames: (J=compiled Java code, j=interpreted, Vv=VM code)
v  ~RuntimeStub::new_type_array Runtime1 stub
J 178 c1 java.util.Arrays.copyOfRange([BII)[B java.base@11.0.14.1 (63 bytes) @ 0x0000000118f852a0 [0x0000000118f848a0+0x0000000000000a00]
J 205 c1 java.lang.String.substring(II)Ljava/lang/String; java.base@11.0.14.1 (58 bytes) @ 0x0000000118f8c9c4 [0x0000000118f8c640+0x0000000000000384]
J 552 c1 java.lang.Class.getPackageName()Ljava/lang/String; java.base@11.0.14.1 (81 bytes) @ 0x000000011904f0c4 [0x000000011904eaa0+0x0000000000000624]
j  java.lang.ClassLoader.postDefineClass(Ljava/lang/Class;Ljava/security/ProtectionDomain;)V+2 java.base@11.0.14.1
j  java.lang.ClassLoader.defineClass(Ljava/lang/String;[BIILjava/security/ProtectionDomain;)Ljava/lang/Class;+37 java.base@11.0.14.1
j  java.security.SecureClassLoader.defineClass(Ljava/lang/String;[BIILjava/security/CodeSource;)Ljava/lang/Class;+12 java.base@11.0.14.1
j  jdk.internal.loader.BuiltinClassLoader.defineClass(Ljava/lang/String;Ljdk/internal/loader/Resource;)Ljava/lang/Class;+117 java.base@11.0.14.1
j  jdk.internal.loader.BuiltinClassLoader.findClassOnClassPathOrNull(Ljava/lang/String;)Ljava/lang/Class;+37 java.base@11.0.14.1
J 575 c1 jdk.internal.loader.BuiltinClassLoader.loadClassOrNull(Ljava/lang/String;Z)Ljava/lang/Class; java.base@11.0.14.1 (143 bytes) @ 0x000000011905e0ec [0x000000011905cf80+0x000000000000116c]
j  jdk.internal.loader.BuiltinClassLoader.loadClass(Ljava/lang/String;Z)Ljava/lang/Class;+3 java.base@11.0.14.1
j  jdk.internal.loader.ClassLoaders$AppClassLoader.loadClass(Ljava/lang/String;Z)Ljava/lang/Class;+36 java.base@11.0.14.1
j  java.lang.ClassLoader.loadClass(Ljava/lang/String;)Ljava/lang/Class;+3 java.base@11.0.14.1
v  ~StubRoutines::call_stub
j  java.lang.ClassLoader.defineClass1(Ljava/lang/ClassLoader;Ljava/lang/String;[BIILjava/security/ProtectionDomain;Ljava/lang/String;)Ljava/lang/Class;+0 java.base@11.0.14.1
j  java.lang.ClassLoader.defineClass(Ljava/lang/String;[BIILjava/security/ProtectionDomain;)Ljava/lang/Class;+27 java.base@11.0.14.1
j  java.security.SecureClassLoader.defineClass(Ljava/lang/String;[BIILjava/security/CodeSource;)Ljava/lang/Class;+12 java.base@11.0.14.1
j  jdk.internal.loader.BuiltinClassLoader.defineClass(Ljava/lang/String;Ljdk/internal/loader/Resource;)Ljava/lang/Class;+117 java.base@11.0.14.1
j  jdk.internal.loader.BuiltinClassLoader.findClassOnClassPathOrNull(Ljava/lang/String;)Ljava/lang/Class;+37 java.base@11.0.14.1
J 575 c1 jdk.internal.loader.BuiltinClassLoader.loadClassOrNull(Ljava/lang/String;Z)Ljava/lang/Class; java.base@11.0.14.1 (143 bytes) @ 0x000000011905e0ec [0x000000011905cf80+0x000000000000116c]
j  jdk.internal.loader.BuiltinClassLoader.loadClass(Ljava/lang/String;Z)Ljava/lang/Class;+3 java.base@11.0.14.1
j  jdk.internal.loader.ClassLoaders$AppClassLoader.loadClass(Ljava/lang/String;Z)Ljava/lang/Class;+36 java.base@11.0.14.1
j  java.lang.ClassLoader.loadClass(Ljava/lang/String;)Ljava/lang/Class;+3 java.base@11.0.14.1
v  ~StubRoutines::call_stub
j  com.mysql.cj.conf.PropertyDefinitions.<clinit>()V+302
v  ~StubRoutines::call_stub
j  com.mysql.cj.conf.DefaultPropertySet.<init>()V+26
j  com.mysql.cj.jdbc.JdbcPropertySetImpl.<init>()V+1
j  com.mysql.cj.jdbc.ConnectionImpl.<init>(Lcom/mysql/cj/conf/HostInfo;)V+143
j  com.mysql.cj.jdbc.ConnectionImpl.getInstance(Lcom/mysql/cj/conf/HostInfo;)Lcom/mysql/cj/jdbc/JdbcConnection;+5
j  com.mysql.cj.jdbc.NonRegisteringDriver.connect(Ljava/lang/String;Ljava/util/Properties;)Ljava/sql/Connection;+72
j  java.sql.DriverManager.getConnection(Ljava/lang/String;Ljava/util/Properties;Ljava/lang/Class;)Ljava/sql/Connection;+130 java.sql@11.0.14.1
j  java.sql.DriverManager.getConnection(Ljava/lang/String;Ljava/lang/String;Ljava/lang/String;)Ljava/sql/Connection;+37 java.sql@11.0.14.1
j  com.project.database.DBMysql.dbListed()Ljava/util/LinkedHashMap;+29
j  com.project.board.BoardService.listed()V+9
j  com.project.board.BoardFrame.main([Ljava/lang/String;)V+378
v  ~StubRoutines::call_stub

siginfo: si_signo: 10 (SIGBUS), si_code: 2 (BUS_ADRERR), si_addr: 0x000000030de5d600

Register to memory mapping:

RAX=0x000000010ea7c580: _ZN15JfrEventSetting19_jvm_event_settingsE+0 in /Users/jojunbeom/Library/Java/JavaVirtualMachines/corretto-11.0.14.1/Contents/Home/lib/server/libjvm.dylib at 0x000000010e0ab000
RBX=0x000000030de5d658 is pointing into the stack for thread: 0x00007fc864811800
RCX=0x00007fc864811800 is a thread
RDX=0x0000000000000028 is an unknown value
RSP=0x000000030de5d638 is pointing into the stack for thread: 0x00007fc864811800
RBP=0x000000010e6736a6: _ZN12MemAllocator10Allocation17notify_allocationEv+0x16 in /Users/jojunbeom/Library/Java/JavaVirtualMachines/corretto-11.0.14.1/Contents/Home/lib/server/libjvm.dylib at 0x000000010e0ab000
RSI=0x0000000787700000 is an oop: [B 
{0x0000000787700000} - klass: {type array byte}
 - length: 17
RDI=0x000000030de5d608 is pointing into the stack for thread: 0x00007fc864811800
R8 =0x00007fc864811800 is a thread
R9 =0x00007fc864811800 is a thread
R10=0x0000000104c77000 points into unknown readable memory: 0x0000000000000000 | 00 00 00 00 00 00 00 00
R11=0x000000010e2d5924: _ZN13CollectedHeap14array_allocateEP5KlassiibP6Thread+0 in /Users/jojunbeom/Library/Java/JavaVirtualMachines/corretto-11.0.14.1/Contents/Home/lib/server/libjvm.dylib at 0x000000010e0ab000
R12=0x0 is NULL
R13={method} {0x000000012e73abe8} 'initClassName' '()Ljava/lang/String;' in 'java/lang/Class'
R14=0x0000000787700000 is an oop: [B 
{0x0000000787700000} - klass: {type array byte}
 - length: 17
R15=0x00007fc864811800 is a thread


Registers:
RAX=0x000000010ea7c580, RBX=0x000000030de5d658, RCX=0x00007fc864811800, RDX=0x0000000000000028
RSP=0x000000030de5d638, RBP=0x000000010e6736a6, RSI=0x0000000787700000, RDI=0x000000030de5d608
R8 =0x00007fc864811800, R9 =0x00007fc864811800, R10=0x0000000104c77000, R11=0x000000010e2d5924
R12=0x0000000000000000, R13=0x000000012e73abe8, R14=0x0000000787700000, R15=0x00007fc864811800
RIP=0x000000030de5d600, EFLAGS=0x0000000000000212, ERR=0x0000000000000015
  TRAPNO=0x000000000000000e

Top of Stack: (sp=0x000000030de5d638)
0x000000030de5d638:   000000030de5d6b0 000000030de5d6a0
0x000000030de5d648:   000000010e673a99 0000000087000000
0x000000030de5d658:   000000030de5d6b0 00007fc864811800
0x000000030de5d668:   000000030de5d688 0000600001c50000
0x000000030de5d678:   0000000000000100 0000020fa2660000
0x000000030de5d688:   0000000787700000 00007fc864811800
0x000000030de5d698:   000000030de5dd38 000000030de5d6e0
0x000000030de5d6a8:   000000010e2d5967 000000010ea1f990
0x000000030de5d6b8:   00007fc864827e00 00007fc864811800
0x000000030de5d6c8:   0000000800000820 0000000000000005
0x000000030de5d6d8:   00007f0100000011 000000030de5d710
0x000000030de5d6e8:   000000010e263f10 00006000012500e8
0x000000030de5d6f8:   00007fc864811800 0000000000000011
0x000000030de5d708:   000000030de5dd38 000000030de5db90
0x000000030de5d718:   0000000118aa9368 000000030de5d730
0x000000030de5d728:   0000000000000000 0000000000000000
0x000000030de5d738:   ffff00ffff000000 000000006df99420
0x000000030de5d748:   f0b56f7a7184d0d8 0000002a0002006a
0x000000030de5d758:   bf60000000000000 3d5500aabe5711f1
0x000000030de5d768:   0000000000000000 0000000000000000
0x000000030de5d778:   0000000000000000 0000000000000000
0x000000030de5d788:   0000000000000000 0000000000000000
0x000000030de5d798:   0000000000000000 0000000000000000
0x000000030de5d7a8:   0000600003858fc0 0000600003859740
0x000000030de5d7b8:   0000600003859500 00007fc864705d04
0x000000030de5d7c8:   00007fc864705d20 0000000000000005
0x000000030de5d7d8:   000000010e9fbf78 00007fc864be4200
0x000000030de5d7e8:   00007fc864be5753 00007fc864be5753
0x000000030de5d7f8:   000000030de5d8f0 000000030de5d801
0x000000030de5d808:   000060000235e370 00007fc864705db0
0x000000030de5d818:   00007fc864705df0 00007fc864706198
0x000000030de5d828:   00000000000003d8 000000030de5de58 

Instructions: (pc=0x000000030de5d600)
0x000000030de5d500:   20 d5 e5 0d 03 00 00 00 20 d5 e5 0d 03 00 00 00
0x000000030de5d510:   a0 d5 e5 0d 03 00 00 00 72 d4 3b 0e 01 00 00 00
0x000000030de5d520:   70 e3 35 02 00 60 00 00 b0 5d 70 64 c8 7f 00 00
0x000000030de5d530:   f0 5d 70 64 c8 7f 00 00 98 61 70 64 c8 7f 00 00
0x000000030de5d540:   d8 03 00 00 00 00 00 00 01 00 00 00 c8 7f 00 00
0x000000030de5d550:   80 91 85 03 00 60 00 00 80 cb 35 00 00 60 00 00
0x000000030de5d560:   00 7e 82 64 c8 7f 00 00 00 00 70 87 07 00 00 00
0x000000030de5d570:   00 00 00 00 00 00 00 00 00 00 00 00 00 00 00 00
0x000000030de5d580:   00 01 00 00 00 00 00 00 10 19 81 64 c8 7f 00 00
0x000000030de5d590:   00 00 70 87 07 00 00 00 c8 d5 e5 0d 03 00 00 00
0x000000030de5d5a0:   26 a3 47 0e 01 00 00 00 28 00 00 00 00 00 00 00
0x000000030de5d5b0:   28 00 00 00 00 00 00 00 00 08 00 00 00 00 00 00
0x000000030de5d5c0:   20 08 00 00 08 00 00 00 28 d6 e5 0d 03 00 00 00
0x000000030de5d5d0:   97 7c 1a 0e 01 00 00 00 00 00 00 00 00 00 00 00
0x000000030de5d5e0:   00 00 00 00 00 00 00 00 00 39 67 0e 01 00 00 00
0x000000030de5d5f0:   58 d6 e5 0d 03 00 00 00 58 d6 e5 0d 03 00 00 00
0x000000030de5d600:   58 d6 e5 0d 03 00 00 00 00 00 00 00 00 00 00 00
0x000000030de5d610:   58 d6 e5 0d 03 00 00 00 00 00 70 87 07 00 00 00
0x000000030de5d620:   00 18 81 64 c8 7f 00 00 a6 36 67 0e 01 00 00 00
0x000000030de5d630:   00 d6 e5 0d 03 00 00 00 b0 d6 e5 0d 03 00 00 00
0x000000030de5d640:   a0 d6 e5 0d 03 00 00 00 99 3a 67 0e 01 00 00 00
0x000000030de5d650:   00 00 00 87 00 00 00 00 b0 d6 e5 0d 03 00 00 00
0x000000030de5d660:   00 18 81 64 c8 7f 00 00 88 d6 e5 0d 03 00 00 00
0x000000030de5d670:   00 00 c5 01 00 60 00 00 00 01 00 00 00 00 00 00
0x000000030de5d680:   00 00 66 a2 0f 02 00 00 00 00 70 87 07 00 00 00
0x000000030de5d690:   00 18 81 64 c8 7f 00 00 38 dd e5 0d 03 00 00 00
0x000000030de5d6a0:   e0 d6 e5 0d 03 00 00 00 67 59 2d 0e 01 00 00 00
0x000000030de5d6b0:   90 f9 a1 0e 01 00 00 00 00 7e 82 64 c8 7f 00 00
0x000000030de5d6c0:   00 18 81 64 c8 7f 00 00 20 08 00 00 08 00 00 00
0x000000030de5d6d0:   05 00 00 00 00 00 00 00 11 00 00 00 01 7f 00 00
0x000000030de5d6e0:   10 d7 e5 0d 03 00 00 00 10 3f 26 0e 01 00 00 00
0x000000030de5d6f0:   e8 00 25 01 00 60 00 00 00 18 81 64 c8 7f 00 00 


Stack slot to memory mapping:
stack at sp + 0 slots: 0x000000030de5d6b0 is pointing into the stack for thread: 0x00007fc864811800
stack at sp + 1 slots: 0x000000030de5d6a0 is pointing into the stack for thread: 0x00007fc864811800
stack at sp + 2 slots: 0x000000010e673a99: _ZNK12MemAllocator8allocateEv+0x77 in /Users/jojunbeom/Library/Java/JavaVirtualMachines/corretto-11.0.14.1/Contents/Home/lib/server/libjvm.dylib at 0x000000010e0ab000
stack at sp + 3 slots: 0x0000000087000000 is an unknown value
stack at sp + 4 slots: 0x000000030de5d6b0 is pointing into the stack for thread: 0x00007fc864811800
stack at sp + 5 slots: 0x00007fc864811800 is a thread
stack at sp + 6 slots: 0x000000030de5d688 is pointing into the stack for thread: 0x00007fc864811800
stack at sp + 7 slots: 0x0000600001c50000 points into unknown readable memory: 0x00007fc864728910 | 10 89 72 64 c8 7f 00 00


---------------  P R O C E S S  ---------------

Threads class SMR info:
_java_thread_list=0x00006000027348a0, length=13, elements={
0x00007fc864811800, 0x00007fc865808800, 0x00007fc864909800, 0x00007fc84500f000,
0x00007fc84500b800, 0x00007fc84500c800, 0x00007fc845014800, 0x00007fc84501d000,
0x00007fc8649aa000, 0x00007fc8649fd800, 0x00007fc8658de000, 0x00007fc8658de800,
0x00007fc8658e1800
}

Java Threads: ( => current thread )
=>0x00007fc864811800 JavaThread "main" [_thread_in_vm, id=8451, stack(0x000000030dd61000,0x000000030de61000)]
  0x00007fc865808800 JavaThread "Reference Handler" daemon [_thread_blocked, id=16131, stack(0x000000030e476000,0x000000030e576000)]
  0x00007fc864909800 JavaThread "Finalizer" daemon [_thread_blocked, id=21763, stack(0x000000030e579000,0x000000030e679000)]
  0x00007fc84500f000 JavaThread "Signal Dispatcher" daemon [_thread_blocked, id=23555, stack(0x000000030e78b000,0x000000030e88b000)]
  0x00007fc84500b800 JavaThread "Service Thread" daemon [_thread_blocked, id=40963, stack(0x000000030e88e000,0x000000030e98e000)]
  0x00007fc84500c800 JavaThread "C2 CompilerThread0" daemon [_thread_blocked, id=40707, stack(0x000000030e991000,0x000000030ea91000)]
  0x00007fc845014800 JavaThread "C1 CompilerThread0" daemon [_thread_blocked, id=24835, stack(0x000000030ea94000,0x000000030eb94000)]
  0x00007fc84501d000 JavaThread "Sweeper thread" daemon [_thread_blocked, id=39939, stack(0x000000030eb97000,0x000000030ec97000)]
  0x00007fc8649aa000 JavaThread "Common-Cleaner" daemon [_thread_blocked, id=39427, stack(0x000000030ec9a000,0x000000030ed9a000)]
  0x00007fc8649fd800 JavaThread "Monitor Ctrl-Break" daemon [_thread_in_native, id=27139, stack(0x000000030ed9d000,0x000000030ee9d000)]
  0x00007fc8658de000 JavaThread "Async-profiler Timer" daemon [_thread_in_native, id=38735, stack(0x000000030eea0000,0x000000030ef20000)]
  0x00007fc8658de800 JavaThread "Attach Listener" daemon [_thread_blocked, id=29699, stack(0x000000030f0a9000,0x000000030f1a9000)]
  0x00007fc8658e1800 JavaThread "mysql-cj-abandoned-connection-cleanup" daemon [_thread_blocked, id=36355, stack(0x000000030f1ac000,0x000000030f2ac000)]

Other Threads:
  0x00007fc84500d800 VMThread "VM Thread" [stack: 0x000000030e373000,0x000000030e473000] [id=14339]
  0x00007fc864a9b000 WatcherThread [stack: 0x000000030efa6000,0x000000030f0a6000] [id=37167]
  0x00007fc86482a000 GCTaskThread "GC Thread#0" [stack: 0x000000030de64000,0x000000030df64000] [id=18691]
  0x00007fc864858000 ConcurrentGCThread "G1 Main Marker" [stack: 0x000000030df67000,0x000000030e067000] [id=18435]
  0x00007fc864859000 ConcurrentGCThread "G1 Conc#0" [stack: 0x000000030e06a000,0x000000030e16a000] [id=12547]
  0x00007fc8648b9800 ConcurrentGCThread "G1 Refine#0" [stack: 0x000000030e16d000,0x000000030e26d000] [id=17155]
  0x00007fc8648ba800 ConcurrentGCThread "G1 Young RemSet Sampling" [stack: 0x000000030e270000,0x000000030e370000] [id=16899]

Threads with active compile tasks:

VM state:not at safepoint (normal execution)

VM Mutex/Monitor currently owned by a thread: None

Heap address: 0x0000000780000000, size: 2048 MB, Compressed Oops mode: Zero based, Oop shift amount: 3
Narrow klass base: 0x0000000800000000, Narrow klass shift: 0
Compressed class space size: 1073741824 Address: 0x0000000800000000

Heap:
 garbage-first heap   total 131072K, used 7168K [0x0000000780000000, 0x0000000800000000)
  region size 1024K, 9 young (9216K), 0 survivors (0K)
 Metaspace       used 10179K, capacity 10416K, committed 10496K, reserved 1058816K
  class space    used 905K, capacity 1005K, committed 1024K, reserved 1048576K
Heap Regions: E=young(eden), S=young(survivor), O=old, HS=humongous(starts), HC=humongous(continues), CS=collection set, F=free, A=archive, TAMS=top-at-mark-start (previous, next)
|   0|0x0000000780000000, 0x0000000780000000, 0x0000000780100000|  0%| F|  |TAMS 0x0000000780000000, 0x0000000780000000| Untracked 
|   1|0x0000000780100000, 0x0000000780100000, 0x0000000780200000|  0%| F|  |TAMS 0x0000000780100000, 0x0000000780100000| Untracked 
|   2|0x0000000780200000, 0x0000000780200000, 0x0000000780300000|  0%| F|  |TAMS 0x0000000780200000, 0x0000000780200000| Untracked 
|   3|0x0000000780300000, 0x0000000780300000, 0x0000000780400000|  0%| F|  |TAMS 0x0000000780300000, 0x0000000780300000| Untracked 
|   4|0x0000000780400000, 0x0000000780400000, 0x0000000780500000|  0%| F|  |TAMS 0x0000000780400000, 0x0000000780400000| Untracked 
|   5|0x0000000780500000, 0x0000000780500000, 0x0000000780600000|  0%| F|  |TAMS 0x0000000780500000, 0x0000000780500000| Untracked 
|   6|0x0000000780600000, 0x0000000780600000, 0x0000000780700000|  0%| F|  |TAMS 0x0000000780600000, 0x0000000780600000| Untracked 
|   7|0x0000000780700000, 0x0000000780700000, 0x0000000780800000|  0%| F|  |TAMS 0x0000000780700000, 0x0000000780700000| Untracked 
|   8|0x0000000780800000, 0x0000000780800000, 0x0000000780900000|  0%| F|  |TAMS 0x0000000780800000, 0x0000000780800000| Untracked 
|   9|0x0000000780900000, 0x0000000780900000, 0x0000000780a00000|  0%| F|  |TAMS 0x0000000780900000, 0x0000000780900000| Untracked 
|  10|0x0000000780a00000, 0x0000000780a00000, 0x0000000780b00000|  0%| F|  |TAMS 0x0000000780a00000, 0x0000000780a00000| Untracked 
|  11|0x0000000780b00000, 0x0000000780b00000, 0x0000000780c00000|  0%| F|  |TAMS 0x0000000780b00000, 0x0000000780b00000| Untracked 
|  12|0x0000000780c00000, 0x0000000780c00000, 0x0000000780d00000|  0%| F|  |TAMS 0x0000000780c00000, 0x0000000780c00000| Untracked 
|  13|0x0000000780d00000, 0x0000000780d00000, 0x0000000780e00000|  0%| F|  |TAMS 0x0000000780d00000, 0x0000000780d00000| Untracked 
|  14|0x0000000780e00000, 0x0000000780e00000, 0x0000000780f00000|  0%| F|  |TAMS 0x0000000780e00000, 0x0000000780e00000| Untracked 
|  15|0x0000000780f00000, 0x0000000780f00000, 0x0000000781000000|  0%| F|  |TAMS 0x0000000780f00000, 0x0000000780f00000| Untracked 
|  16|0x0000000781000000, 0x0000000781000000, 0x0000000781100000|  0%| F|  |TAMS 0x0000000781000000, 0x0000000781000000| Untracked 
|  17|0x0000000781100000, 0x0000000781100000, 0x0000000781200000|  0%| F|  |TAMS 0x0000000781100000, 0x0000000781100000| Untracked 
|  18|0x0000000781200000, 0x0000000781200000, 0x0000000781300000|  0%| F|  |TAMS 0x0000000781200000, 0x0000000781200000| Untracked 
|  19|0x0000000781300000, 0x0000000781300000, 0x0000000781400000|  0%| F|  |TAMS 0x0000000781300000, 0x0000000781300000| Untracked 
|  20|0x0000000781400000, 0x0000000781400000, 0x0000000781500000|  0%| F|  |TAMS 0x0000000781400000, 0x0000000781400000| Untracked 
|  21|0x0000000781500000, 0x0000000781500000, 0x0000000781600000|  0%| F|  |TAMS 0x0000000781500000, 0x0000000781500000| Untracked 
|  22|0x0000000781600000, 0x0000000781600000, 0x0000000781700000|  0%| F|  |TAMS 0x0000000781600000, 0x0000000781600000| Untracked 
|  23|0x0000000781700000, 0x0000000781700000, 0x0000000781800000|  0%| F|  |TAMS 0x0000000781700000, 0x0000000781700000| Untracked 
|  24|0x0000000781800000, 0x0000000781800000, 0x0000000781900000|  0%| F|  |TAMS 0x0000000781800000, 0x0000000781800000| Untracked 
|  25|0x0000000781900000, 0x0000000781900000, 0x0000000781a00000|  0%| F|  |TAMS 0x0000000781900000, 0x0000000781900000| Untracked 
|  26|0x0000000781a00000, 0x0000000781a00000, 0x0000000781b00000|  0%| F|  |TAMS 0x0000000781a00000, 0x0000000781a00000| Untracked 
|  27|0x0000000781b00000, 0x0000000781b00000, 0x0000000781c00000|  0%| F|  |TAMS 0x0000000781b00000, 0x0000000781b00000| Untracked 
|  28|0x0000000781c00000, 0x0000000781c00000, 0x0000000781d00000|  0%| F|  |TAMS 0x0000000781c00000, 0x0000000781c00000| Untracked 
|  29|0x0000000781d00000, 0x0000000781d00000, 0x0000000781e00000|  0%| F|  |TAMS 0x0000000781d00000, 0x0000000781d00000| Untracked 
|  30|0x0000000781e00000, 0x0000000781e00000, 0x0000000781f00000|  0%| F|  |TAMS 0x0000000781e00000, 0x0000000781e00000| Untracked 
|  31|0x0000000781f00000, 0x0000000781f00000, 0x0000000782000000|  0%| F|  |TAMS 0x0000000781f00000, 0x0000000781f00000| Untracked 
|  32|0x0000000782000000, 0x0000000782000000, 0x0000000782100000|  0%| F|  |TAMS 0x0000000782000000, 0x0000000782000000| Untracked 
|  33|0x0000000782100000, 0x0000000782100000, 0x0000000782200000|  0%| F|  |TAMS 0x0000000782100000, 0x0000000782100000| Untracked 
|  34|0x0000000782200000, 0x0000000782200000, 0x0000000782300000|  0%| F|  |TAMS 0x0000000782200000, 0x0000000782200000| Untracked 
|  35|0x0000000782300000, 0x0000000782300000, 0x0000000782400000|  0%| F|  |TAMS 0x0000000782300000, 0x0000000782300000| Untracked 
|  36|0x0000000782400000, 0x0000000782400000, 0x0000000782500000|  0%| F|  |TAMS 0x0000000782400000, 0x0000000782400000| Untracked 
|  37|0x0000000782500000, 0x0000000782500000, 0x0000000782600000|  0%| F|  |TAMS 0x0000000782500000, 0x0000000782500000| Untracked 
|  38|0x0000000782600000, 0x0000000782600000, 0x0000000782700000|  0%| F|  |TAMS 0x0000000782600000, 0x0000000782600000| Untracked 
|  39|0x0000000782700000, 0x0000000782700000, 0x0000000782800000|  0%| F|  |TAMS 0x0000000782700000, 0x0000000782700000| Untracked 
|  40|0x0000000782800000, 0x0000000782800000, 0x0000000782900000|  0%| F|  |TAMS 0x0000000782800000, 0x0000000782800000| Untracked 
|  41|0x0000000782900000, 0x0000000782900000, 0x0000000782a00000|  0%| F|  |TAMS 0x0000000782900000, 0x0000000782900000| Untracked 
|  42|0x0000000782a00000, 0x0000000782a00000, 0x0000000782b00000|  0%| F|  |TAMS 0x0000000782a00000, 0x0000000782a00000| Untracked 
|  43|0x0000000782b00000, 0x0000000782b00000, 0x0000000782c00000|  0%| F|  |TAMS 0x0000000782b00000, 0x0000000782b00000| Untracked 
|  44|0x0000000782c00000, 0x0000000782c00000, 0x0000000782d00000|  0%| F|  |TAMS 0x0000000782c00000, 0x0000000782c00000| Untracked 
|  45|0x0000000782d00000, 0x0000000782d00000, 0x0000000782e00000|  0%| F|  |TAMS 0x0000000782d00000, 0x0000000782d00000| Untracked 
|  46|0x0000000782e00000, 0x0000000782e00000, 0x0000000782f00000|  0%| F|  |TAMS 0x0000000782e00000, 0x0000000782e00000| Untracked 
|  47|0x0000000782f00000, 0x0000000782f00000, 0x0000000783000000|  0%| F|  |TAMS 0x0000000782f00000, 0x0000000782f00000| Untracked 
|  48|0x0000000783000000, 0x0000000783000000, 0x0000000783100000|  0%| F|  |TAMS 0x0000000783000000, 0x0000000783000000| Untracked 
|  49|0x0000000783100000, 0x0000000783100000, 0x0000000783200000|  0%| F|  |TAMS 0x0000000783100000, 0x0000000783100000| Untracked 
|  50|0x0000000783200000, 0x0000000783200000, 0x0000000783300000|  0%| F|  |TAMS 0x0000000783200000, 0x0000000783200000| Untracked 
|  51|0x0000000783300000, 0x0000000783300000, 0x0000000783400000|  0%| F|  |TAMS 0x0000000783300000, 0x0000000783300000| Untracked 
|  52|0x0000000783400000, 0x0000000783400000, 0x0000000783500000|  0%| F|  |TAMS 0x0000000783400000, 0x0000000783400000| Untracked 
|  53|0x0000000783500000, 0x0000000783500000, 0x0000000783600000|  0%| F|  |TAMS 0x0000000783500000, 0x0000000783500000| Untracked 
|  54|0x0000000783600000, 0x0000000783600000, 0x0000000783700000|  0%| F|  |TAMS 0x0000000783600000, 0x0000000783600000| Untracked 
|  55|0x0000000783700000, 0x0000000783700000, 0x0000000783800000|  0%| F|  |TAMS 0x0000000783700000, 0x0000000783700000| Untracked 
|  56|0x0000000783800000, 0x0000000783800000, 0x0000000783900000|  0%| F|  |TAMS 0x0000000783800000, 0x0000000783800000| Untracked 
|  57|0x0000000783900000, 0x0000000783900000, 0x0000000783a00000|  0%| F|  |TAMS 0x0000000783900000, 0x0000000783900000| Untracked 
|  58|0x0000000783a00000, 0x0000000783a00000, 0x0000000783b00000|  0%| F|  |TAMS 0x0000000783a00000, 0x0000000783a00000| Untracked 
|  59|0x0000000783b00000, 0x0000000783b00000, 0x0000000783c00000|  0%| F|  |TAMS 0x0000000783b00000, 0x0000000783b00000| Untracked 
|  60|0x0000000783c00000, 0x0000000783c00000, 0x0000000783d00000|  0%| F|  |TAMS 0x0000000783c00000, 0x0000000783c00000| Untracked 
|  61|0x0000000783d00000, 0x0000000783d00000, 0x0000000783e00000|  0%| F|  |TAMS 0x0000000783d00000, 0x0000000783d00000| Untracked 
|  62|0x0000000783e00000, 0x0000000783e00000, 0x0000000783f00000|  0%| F|  |TAMS 0x0000000783e00000, 0x0000000783e00000| Untracked 
|  63|0x0000000783f00000, 0x0000000783f00000, 0x0000000784000000|  0%| F|  |TAMS 0x0000000783f00000, 0x0000000783f00000| Untracked 
|  64|0x0000000784000000, 0x0000000784000000, 0x0000000784100000|  0%| F|  |TAMS 0x0000000784000000, 0x0000000784000000| Untracked 
|  65|0x0000000784100000, 0x0000000784100000, 0x0000000784200000|  0%| F|  |TAMS 0x0000000784100000, 0x0000000784100000| Untracked 
|  66|0x0000000784200000, 0x0000000784200000, 0x0000000784300000|  0%| F|  |TAMS 0x0000000784200000, 0x0000000784200000| Untracked 
|  67|0x0000000784300000, 0x0000000784300000, 0x0000000784400000|  0%| F|  |TAMS 0x0000000784300000, 0x0000000784300000| Untracked 
|  68|0x0000000784400000, 0x0000000784400000, 0x0000000784500000|  0%| F|  |TAMS 0x0000000784400000, 0x0000000784400000| Untracked 
|  69|0x0000000784500000, 0x0000000784500000, 0x0000000784600000|  0%| F|  |TAMS 0x0000000784500000, 0x0000000784500000| Untracked 
|  70|0x0000000784600000, 0x0000000784600000, 0x0000000784700000|  0%| F|  |TAMS 0x0000000784600000, 0x0000000784600000| Untracked 
|  71|0x0000000784700000, 0x0000000784700000, 0x0000000784800000|  0%| F|  |TAMS 0x0000000784700000, 0x0000000784700000| Untracked 
|  72|0x0000000784800000, 0x0000000784800000, 0x0000000784900000|  0%| F|  |TAMS 0x0000000784800000, 0x0000000784800000| Untracked 
|  73|0x0000000784900000, 0x0000000784900000, 0x0000000784a00000|  0%| F|  |TAMS 0x0000000784900000, 0x0000000784900000| Untracked 
|  74|0x0000000784a00000, 0x0000000784a00000, 0x0000000784b00000|  0%| F|  |TAMS 0x0000000784a00000, 0x0000000784a00000| Untracked 
|  75|0x0000000784b00000, 0x0000000784b00000, 0x0000000784c00000|  0%| F|  |TAMS 0x0000000784b00000, 0x0000000784b00000| Untracked 
|  76|0x0000000784c00000, 0x0000000784c00000, 0x0000000784d00000|  0%| F|  |TAMS 0x0000000784c00000, 0x0000000784c00000| Untracked 
|  77|0x0000000784d00000, 0x0000000784d00000, 0x0000000784e00000|  0%| F|  |TAMS 0x0000000784d00000, 0x0000000784d00000| Untracked 
|  78|0x0000000784e00000, 0x0000000784e00000, 0x0000000784f00000|  0%| F|  |TAMS 0x0000000784e00000, 0x0000000784e00000| Untracked 
|  79|0x0000000784f00000, 0x0000000784f00000, 0x0000000785000000|  0%| F|  |TAMS 0x0000000784f00000, 0x0000000784f00000| Untracked 
|  80|0x0000000785000000, 0x0000000785000000, 0x0000000785100000|  0%| F|  |TAMS 0x0000000785000000, 0x0000000785000000| Untracked 
|  81|0x0000000785100000, 0x0000000785100000, 0x0000000785200000|  0%| F|  |TAMS 0x0000000785100000, 0x0000000785100000| Untracked 
|  82|0x0000000785200000, 0x0000000785200000, 0x0000000785300000|  0%| F|  |TAMS 0x0000000785200000, 0x0000000785200000| Untracked 
|  83|0x0000000785300000, 0x0000000785300000, 0x0000000785400000|  0%| F|  |TAMS 0x0000000785300000, 0x0000000785300000| Untracked 
|  84|0x0000000785400000, 0x0000000785400000, 0x0000000785500000|  0%| F|  |TAMS 0x0000000785400000, 0x0000000785400000| Untracked 
|  85|0x0000000785500000, 0x0000000785500000, 0x0000000785600000|  0%| F|  |TAMS 0x0000000785500000, 0x0000000785500000| Untracked 
|  86|0x0000000785600000, 0x0000000785600000, 0x0000000785700000|  0%| F|  |TAMS 0x0000000785600000, 0x0000000785600000| Untracked 
|  87|0x0000000785700000, 0x0000000785700000, 0x0000000785800000|  0%| F|  |TAMS 0x0000000785700000, 0x0000000785700000| Untracked 
|  88|0x0000000785800000, 0x0000000785800000, 0x0000000785900000|  0%| F|  |TAMS 0x0000000785800000, 0x0000000785800000| Untracked 
|  89|0x0000000785900000, 0x0000000785900000, 0x0000000785a00000|  0%| F|  |TAMS 0x0000000785900000, 0x0000000785900000| Untracked 
|  90|0x0000000785a00000, 0x0000000785a00000, 0x0000000785b00000|  0%| F|  |TAMS 0x0000000785a00000, 0x0000000785a00000| Untracked 
|  91|0x0000000785b00000, 0x0000000785b00000, 0x0000000785c00000|  0%| F|  |TAMS 0x0000000785b00000, 0x0000000785b00000| Untracked 
|  92|0x0000000785c00000, 0x0000000785c00000, 0x0000000785d00000|  0%| F|  |TAMS 0x0000000785c00000, 0x0000000785c00000| Untracked 
|  93|0x0000000785d00000, 0x0000000785d00000, 0x0000000785e00000|  0%| F|  |TAMS 0x0000000785d00000, 0x0000000785d00000| Untracked 
|  94|0x0000000785e00000, 0x0000000785e00000, 0x0000000785f00000|  0%| F|  |TAMS 0x0000000785e00000, 0x0000000785e00000| Untracked 
|  95|0x0000000785f00000, 0x0000000785f00000, 0x0000000786000000|  0%| F|  |TAMS 0x0000000785f00000, 0x0000000785f00000| Untracked 
|  96|0x0000000786000000, 0x0000000786000000, 0x0000000786100000|  0%| F|  |TAMS 0x0000000786000000, 0x0000000786000000| Untracked 
|  97|0x0000000786100000, 0x0000000786100000, 0x0000000786200000|  0%| F|  |TAMS 0x0000000786100000, 0x0000000786100000| Untracked 
|  98|0x0000000786200000, 0x0000000786200000, 0x0000000786300000|  0%| F|  |TAMS 0x0000000786200000, 0x0000000786200000| Untracked 
|  99|0x0000000786300000, 0x0000000786300000, 0x0000000786400000|  0%| F|  |TAMS 0x0000000786300000, 0x0000000786300000| Untracked 
| 100|0x0000000786400000, 0x0000000786400000, 0x0000000786500000|  0%| F|  |TAMS 0x0000000786400000, 0x0000000786400000| Untracked 
| 101|0x0000000786500000, 0x0000000786500000, 0x0000000786600000|  0%| F|  |TAMS 0x0000000786500000, 0x0000000786500000| Untracked 
| 102|0x0000000786600000, 0x0000000786600000, 0x0000000786700000|  0%| F|  |TAMS 0x0000000786600000, 0x0000000786600000| Untracked 
| 103|0x0000000786700000, 0x0000000786700000, 0x0000000786800000|  0%| F|  |TAMS 0x0000000786700000, 0x0000000786700000| Untracked 
| 104|0x0000000786800000, 0x0000000786800000, 0x0000000786900000|  0%| F|  |TAMS 0x0000000786800000, 0x0000000786800000| Untracked 
| 105|0x0000000786900000, 0x0000000786900000, 0x0000000786a00000|  0%| F|  |TAMS 0x0000000786900000, 0x0000000786900000| Untracked 
| 106|0x0000000786a00000, 0x0000000786a00000, 0x0000000786b00000|  0%| F|  |TAMS 0x0000000786a00000, 0x0000000786a00000| Untracked 
| 107|0x0000000786b00000, 0x0000000786b00000, 0x0000000786c00000|  0%| F|  |TAMS 0x0000000786b00000, 0x0000000786b00000| Untracked 
| 108|0x0000000786c00000, 0x0000000786c00000, 0x0000000786d00000|  0%| F|  |TAMS 0x0000000786c00000, 0x0000000786c00000| Untracked 
| 109|0x0000000786d00000, 0x0000000786d00000, 0x0000000786e00000|  0%| F|  |TAMS 0x0000000786d00000, 0x0000000786d00000| Untracked 
| 110|0x0000000786e00000, 0x0000000786e00000, 0x0000000786f00000|  0%| F|  |TAMS 0x0000000786e00000, 0x0000000786e00000| Untracked 
| 111|0x0000000786f00000, 0x0000000786f00000, 0x0000000787000000|  0%| F|  |TAMS 0x0000000786f00000, 0x0000000786f00000| Untracked 
| 112|0x0000000787000000, 0x0000000787000000, 0x0000000787100000|  0%| F|  |TAMS 0x0000000787000000, 0x0000000787000000| Untracked 
| 113|0x0000000787100000, 0x0000000787100000, 0x0000000787200000|  0%| F|  |TAMS 0x0000000787100000, 0x0000000787100000| Untracked 
| 114|0x0000000787200000, 0x0000000787200000, 0x0000000787300000|  0%| F|  |TAMS 0x0000000787200000, 0x0000000787200000| Untracked 
| 115|0x0000000787300000, 0x0000000787300000, 0x0000000787400000|  0%| F|  |TAMS 0x0000000787300000, 0x0000000787300000| Untracked 
| 116|0x0000000787400000, 0x0000000787400000, 0x0000000787500000|  0%| F|  |TAMS 0x0000000787400000, 0x0000000787400000| Untracked 
| 117|0x0000000787500000, 0x0000000787500000, 0x0000000787600000|  0%| F|  |TAMS 0x0000000787500000, 0x0000000787500000| Untracked 
| 118|0x0000000787600000, 0x0000000787600000, 0x0000000787700000|  0%| F|  |TAMS 0x0000000787600000, 0x0000000787600000| Untracked 
| 119|0x0000000787700000, 0x0000000787700800, 0x0000000787800000|  0%| E|  |TAMS 0x0000000787700000, 0x0000000787700000| Complete 
| 120|0x0000000787800000, 0x0000000787900000, 0x0000000787900000|100%| E|CS|TAMS 0x0000000787800000, 0x0000000787800000| Complete 
| 121|0x0000000787900000, 0x0000000787a00000, 0x0000000787a00000|100%| E|  |TAMS 0x0000000787900000, 0x0000000787900000| Complete 
| 122|0x0000000787a00000, 0x0000000787b00000, 0x0000000787b00000|100%| E|CS|TAMS 0x0000000787a00000, 0x0000000787a00000| Complete 
| 123|0x0000000787b00000, 0x0000000787c00000, 0x0000000787c00000|100%| E|CS|TAMS 0x0000000787b00000, 0x0000000787b00000| Complete 
| 124|0x0000000787c00000, 0x0000000787d00000, 0x0000000787d00000|100%| E|CS|TAMS 0x0000000787c00000, 0x0000000787c00000| Complete 
| 125|0x0000000787d00000, 0x0000000787e00000, 0x0000000787e00000|100%| E|CS|TAMS 0x0000000787d00000, 0x0000000787d00000| Complete 
| 126|0x0000000787e00000, 0x0000000787f00000, 0x0000000787f00000|100%| E|CS|TAMS 0x0000000787e00000, 0x0000000787e00000| Complete 
| 127|0x0000000787f00000, 0x0000000788000000, 0x0000000788000000|100%| E|CS|TAMS 0x0000000787f00000, 0x0000000787f00000| Complete 

Card table byte_map: [0x0000000127ea5000,0x00000001282a5000] _byte_map_base: 0x00000001242a5000

Marking Bits (Prev, Next): (CMBitMap*) 0x00007fc86484f618, (CMBitMap*) 0x00007fc86484f650
 Prev Bits: [0x00000001286a5000, 0x000000012a6a5000)
 Next Bits: [0x000000012a6a5000, 0x000000012c6a5000)

Polling page: 0x0000000104c76000

Metaspace:

Usage:
  Non-class:      9.19 MB capacity,     9.06 MB ( 99%) used,   121.39 KB (  1%) free+waste,    15.19 KB ( <1%) overhead. 
      Class:   1005.00 KB capacity,   905.49 KB ( 90%) used,    92.38 KB (  9%) free+waste,     7.12 KB ( <1%) overhead. 
       Both:     10.17 MB capacity,     9.94 MB ( 98%) used,   213.77 KB (  2%) free+waste,    22.31 KB ( <1%) overhead. 

Virtual space:
  Non-class space:       10.00 MB reserved,       9.25 MB ( 92%) committed 
      Class space:        1.00 GB reserved,       1.00 MB ( <1%) committed 
             Both:        1.01 GB reserved,      10.25 MB ( <1%) committed 

Chunk freelists:
   Non-Class:  9.00 KB
       Class:  19.00 KB
        Both:  28.00 KB

MaxMetaspaceSize: unlimited
CompressedClassSpaceSize: 1.00 GB
Initial GC threshold: 20.80 MB
Current GC threshold: 20.80 MB
CDS: off

CodeHeap 'non-profiled nmethods': size=120032Kb used=209Kb max_used=209Kb free=119823Kb
 bounds [0x0000000120482000, 0x00000001206f2000, 0x00000001279ba000]
CodeHeap 'profiled nmethods': size=120028Kb used=1161Kb max_used=1161Kb free=118866Kb
 bounds [0x0000000118f4b000, 0x00000001191bb000, 0x0000000120482000]
CodeHeap 'non-nmethods': size=5700Kb used=1138Kb max_used=1153Kb free=4561Kb
 bounds [0x00000001189ba000, 0x0000000118c2a000, 0x0000000118f4b000]
 total_blobs=989 nmethods=592 adapters=312
 compilation: enabled
              stopped_count=0, restarted_count=0
 full_count=0

Compilation events (20 events):
Event: 2.378 Thread 0x00007fc84500c800  548       4       jdk.internal.jimage.ImageStringsReader::unmaskedHashCode (173 bytes)
Event: 2.383 Thread 0x00007fc84500c800 nmethod 548 0x00000001204b4110 code [0x00000001204b42c0, 0x00000001204b4448]
Event: 2.383 Thread 0x00007fc84500c800  530       4       java.lang.StringLatin1::canEncode (13 bytes)
Event: 2.383 Thread 0x00007fc84500c800 nmethod 530 0x00000001204b4790 code [0x00000001204b4920, 0x00000001204b4978]
Event: 2.383 Thread 0x00007fc84500c800  535       4       java.lang.AbstractStringBuilder::append (77 bytes)
Event: 2.383 Thread 0x00007fc845014800  587   !   3       java.util.zip.Inflater::inflate (418 bytes)
Event: 2.386 Thread 0x00007fc845014800 nmethod 587 0x0000000119066f90 code [0x0000000119067260, 0x0000000119068520]
Event: 2.388 Thread 0x00007fc84500c800 nmethod 535 0x00000001204b4e90 code [0x00000001204b5040, 0x00000001204b5498]
Event: 2.388 Thread 0x00007fc84500c800  544       4       java.util.HashMap::hash (20 bytes)
Event: 2.389 Thread 0x00007fc845014800  589  s!   3       jdk.internal.loader.URLClassPath::getLoader (194 bytes)
Event: 2.391 Thread 0x00007fc84500c800 nmethod 544 0x00000001204b5a90 code [0x00000001204b5c20, 0x00000001204b5cf8]
Event: 2.391 Thread 0x00007fc84500c800  582       4       java.lang.System::getSecurityManager (4 bytes)
Event: 2.391 Thread 0x00007fc845014800 nmethod 589 0x0000000119069610 code [0x00000001190699e0, 0x000000011906b880]
Event: 2.391 Thread 0x00007fc845014800  590       3       java.util.WeakHashMap::maskNull (12 bytes)
Event: 2.391 Thread 0x00007fc845014800 nmethod 590 0x000000011906cc90 code [0x000000011906ce40, 0x000000011906cf70]
Event: 2.391 Thread 0x00007fc845014800  591       3       java.util.WeakHashMap::hash (28 bytes)
Event: 2.392 Thread 0x00007fc84500c800 nmethod 582 0x00000001204b5e10 code [0x00000001204b5fa0, 0x00000001204b5ff8]
Event: 2.393 Thread 0x00007fc845014800 nmethod 591 0x000000011906d010 code [0x000000011906d1c0, 0x000000011906d3a0]
Event: 2.393 Thread 0x00007fc845014800  592       1       java.lang.NamedPackage::module (5 bytes)
Event: 2.393 Thread 0x00007fc845014800 nmethod 592 0x00000001204b6110 code [0x00000001204b62c0, 0x00000001204b6370]

GC Heap History (0 events):
No events

Deoptimization events (20 events):
Event: 0.741 Thread 0x00007fc864811800 Uncommon trap: trap_request=0xffffff4d fr.pc=0x00000001204869f8 relative=0x0000000000000058
Event: 0.741 Thread 0x00007fc864811800 Uncommon trap: reason=unstable_if action=reinterpret pc=0x00000001204869f8 method=java.lang.String.isLatin1()Z @ 10 c2
Event: 0.741 Thread 0x00007fc864811800 DEOPT PACKING pc=0x00000001204869f8 sp=0x000000030de60670
Event: 0.741 Thread 0x00007fc864811800 DEOPT UNPACKING pc=0x0000000118a03e9f sp=0x000000030de60620 mode 2
Event: 2.115 Thread 0x00007fc864811800 Uncommon trap: trap_request=0xffffffc6 fr.pc=0x000000012048cc94 relative=0x0000000000000074
Event: 2.115 Thread 0x00007fc864811800 Uncommon trap: reason=bimorphic_or_optimized_type_check action=maybe_recompile pc=0x000000012048cc94 method=java.util.AbstractCollection.isEmpty()Z @ 1 c2
Event: 2.115 Thread 0x00007fc864811800 DEOPT PACKING pc=0x000000012048cc94 sp=0x000000030de5eec0
Event: 2.115 Thread 0x00007fc864811800 DEOPT UNPACKING pc=0x0000000118a03e9f sp=0x000000030de5ee70 mode 2
Event: 2.115 Thread 0x00007fc864811800 Uncommon trap: trap_request=0xffffffc6 fr.pc=0x000000012048cc94 relative=0x0000000000000074
Event: 2.115 Thread 0x00007fc864811800 Uncommon trap: reason=bimorphic_or_optimized_type_check action=maybe_recompile pc=0x000000012048cc94 method=java.util.AbstractCollection.isEmpty()Z @ 1 c2
Event: 2.115 Thread 0x00007fc864811800 DEOPT PACKING pc=0x000000012048cc94 sp=0x000000030de5f090
Event: 2.115 Thread 0x00007fc864811800 DEOPT UNPACKING pc=0x0000000118a03e9f sp=0x000000030de5f040 mode 2
Event: 2.127 Thread 0x00007fc864811800 Uncommon trap: trap_request=0xffffffc6 fr.pc=0x000000012048cc94 relative=0x0000000000000074
Event: 2.127 Thread 0x00007fc864811800 Uncommon trap: reason=bimorphic_or_optimized_type_check action=maybe_recompile pc=0x000000012048cc94 method=java.util.AbstractCollection.isEmpty()Z @ 1 c2
Event: 2.127 Thread 0x00007fc864811800 DEOPT PACKING pc=0x000000012048cc94 sp=0x000000030de5f270
Event: 2.127 Thread 0x00007fc864811800 DEOPT UNPACKING pc=0x0000000118a03e9f sp=0x000000030de5f220 mode 2
Event: 2.128 Thread 0x00007fc864811800 Uncommon trap: trap_request=0xffffffc6 fr.pc=0x000000012048cc94 relative=0x0000000000000074
Event: 2.128 Thread 0x00007fc864811800 Uncommon trap: reason=bimorphic_or_optimized_type_check action=maybe_recompile pc=0x000000012048cc94 method=java.util.AbstractCollection.isEmpty()Z @ 1 c2
Event: 2.128 Thread 0x00007fc864811800 DEOPT PACKING pc=0x000000012048cc94 sp=0x000000030de5f250
Event: 2.128 Thread 0x00007fc864811800 DEOPT UNPACKING pc=0x0000000118a03e9f sp=0x000000030de5f200 mode 2

Classes redefined (0 events):
No events

Internal exceptions (3 events):
Event: 0.537 Thread 0x00007fc864811800 Exception <a 'java/lang/NoClassDefFoundError'{0x0000000787d092f0}: jdk/internal/loader/NativeLibraries> (0x0000000787d092f0) thrown at [src/hotspot/share/classfile/systemDictionary.cpp, line 219]
Event: 0.540 Thread 0x00007fc864811800 Exception <a 'java/lang/NoSuchMethodError'{0x0000000787d0b168}: 'java.lang.Object java.lang.invoke.DirectMethodHandle$Holder.invokeStaticInit(java.lang.Object, java.lang.Object, java.lang.Object)'> (0x0000000787d0b168) thrown at [src/hotspot/share/interpreter/linkResolver.cpp, line 773]
Event: 2.328 Thread 0x00007fc864811800 Exception <a 'java/lang/NoSuchMethodError'{0x00000007879c0988}: 'java.lang.Object java.lang.invoke.DirectMethodHandle$Holder.invokeVirtual(java.lang.Object, java.lang.Object, java.lang.Object)'> (0x00000007879c0988) thrown at [src/hotspot/share/interpreter/linkResolver.cpp, line 773]

Events (20 events):
Event: 2.383 loading class com/mysql/cj/conf/RuntimeProperty
Event: 2.383 loading class com/mysql/cj/conf/RuntimeProperty done
Event: 2.383 loading class com/mysql/cj/conf/PropertyDefinitions
Event: 2.383 loading class com/mysql/cj/conf/PropertyDefinitions done
Event: 2.385 loading class com/mysql/cj/conf/PropertyDefinitions$DatabaseTerm
Event: 2.385 loading class com/mysql/cj/conf/PropertyDefinitions$DatabaseTerm done
Event: 2.385 loading class com/mysql/cj/conf/PropertyDefinitions$SslMode
Event: 2.385 loading class com/mysql/cj/conf/PropertyDefinitions$SslMode done
Event: 2.386 loading class com/mysql/cj/conf/PropertyDefinitions$ZeroDatetimeBehavior
Event: 2.386 loading class com/mysql/cj/conf/PropertyDefinitions$ZeroDatetimeBehavior done
Event: 2.386 loading class com/mysql/cj/conf/PropertyDefinitions$XdevapiSslMode
Event: 2.386 loading class com/mysql/cj/conf/PropertyDefinitions$XdevapiSslMode done
Event: 2.389 loading class com/mysql/cj/conf/PropertyDefinitions$AuthMech
Event: 2.389 loading class com/mysql/cj/conf/PropertyDefinitions$AuthMech done
Event: 2.390 loading class com/mysql/cj/conf/PropertyDefinitions$Compression
Event: 2.390 loading class com/mysql/cj/conf/PropertyDefinitions$Compression done
Event: 2.390 loading class com/mysql/cj/conf/StringPropertyDefinition
Event: 2.390 loading class com/mysql/cj/conf/StringPropertyDefinition done
Event: 2.391 loading class com/mysql/cj/conf/AbstractPropertyDefinition
Event: 2.391 loading class com/mysql/cj/conf/AbstractPropertyDefinition done


Dynamic libraries:
0x000000010d2a8000 	/Users/jojunbeom/Library/Java/JavaVirtualMachines/corretto-11.0.14.1/Contents/Home/lib/jli/libjli.dylib
0x00007ff820468000 	/System/Library/Frameworks/Cocoa.framework/Versions/A/Cocoa
0x00007ff80bd09000 	/System/Library/Frameworks/AppKit.framework/Versions/C/AppKit
0x00007ff80f259000 	/System/Library/Frameworks/CoreData.framework/Versions/A/CoreData
0x00007ff80a124000 	/System/Library/Frameworks/Foundation.framework/Versions/C/Foundation
0x00007ff81454c000 	/usr/lib/libSystem.B.dylib
0x00007ff80cb96000 	/System/Library/PrivateFrameworks/UIFoundation.framework/Versions/A/UIFoundation
0x00007ff81a440000 	/System/Library/PrivateFrameworks/RemoteViewServices.framework/Versions/A/RemoteViewServices
0x00007ff81273f000 	/System/Library/PrivateFrameworks/XCTTargetBootstrap.framework/Versions/A/XCTTargetBootstrap
0x00007ff816417000 	/System/Library/PrivateFrameworks/InternationalSupport.framework/Versions/A/InternationalSupport
0x00007ff8164a1000 	/System/Library/PrivateFrameworks/UserActivity.framework/Versions/A/UserActivity
0x00007ff8157fe000 	/usr/lib/libspindump.dylib
0x00007ff80ce24000 	/System/Library/Frameworks/UniformTypeIdentifiers.framework/Versions/A/UniformTypeIdentifiers
0x00007ff810e7e000 	/usr/lib/libapp_launch_measurement.dylib
0x00007ff80fc33000 	/System/Library/PrivateFrameworks/CoreAnalytics.framework/Versions/A/CoreAnalytics
0x00007ff810e81000 	/System/Library/PrivateFrameworks/CoreAutoLayout.framework/Versions/A/CoreAutoLayout
0x00007ff8120a0000 	/System/Library/Frameworks/Metal.framework/Versions/A/Metal
0x00007ff812db7000 	/usr/lib/liblangid.dylib
0x00007ff812743000 	/System/Library/PrivateFrameworks/CoreSVG.framework/Versions/A/CoreSVG
0x00007ff80e1e6000 	/System/Library/PrivateFrameworks/SkyLight.framework/Versions/A/SkyLight
0x00007ff80e577000 	/System/Library/Frameworks/CoreGraphics.framework/Versions/A/CoreGraphics
0x00007ff81aaab000 	/System/Library/Frameworks/Accelerate.framework/Versions/A/Accelerate
0x00007ff815279000 	/System/Library/PrivateFrameworks/IconServices.framework/Versions/A/IconServices
0x00007ff812085000 	/System/Library/Frameworks/IOSurface.framework/Versions/A/IOSurface
0x00007ff80fc61000 	/usr/lib/libDiagnosticMessagesClient.dylib
0x00007ff814466000 	/usr/lib/libz.1.dylib
0x00007ff81e10a000 	/System/Library/Frameworks/ApplicationServices.framework/Versions/A/ApplicationServices
0x00007ff81272b000 	/System/Library/PrivateFrameworks/DFRFoundation.framework/Versions/A/DFRFoundation
0x00007ff80b5fa000 	/usr/lib/libicucore.A.dylib
0x00007ff817139000 	/System/Library/Frameworks/AudioToolbox.framework/Versions/A/AudioToolbox
0x00007ff816423000 	/System/Library/PrivateFrameworks/DataDetectorsCore.framework/Versions/A/DataDetectorsCore
0x00007ff911bb8000 	/System/Library/PrivateFrameworks/TextInput.framework/Versions/A/TextInput
0x00007ff80e169000 	/usr/lib/libMobileGestalt.dylib
0x00007ff812433000 	/System/Library/Frameworks/Carbon.framework/Versions/A/Frameworks/HIToolbox.framework/Versions/A/HIToolbox
0x00007ff8108ac000 	/System/Library/Frameworks/QuartzCore.framework/Versions/A/QuartzCore
0x00007ff80b29b000 	/System/Library/Frameworks/Security.framework/Versions/A/Security
0x00007ff81a478000 	/System/Library/Frameworks/Carbon.framework/Versions/A/Frameworks/SpeechRecognition.framework/Versions/A/SpeechRecognition
0x00007ff810bde000 	/System/Library/PrivateFrameworks/CoreUI.framework/Versions/A/CoreUI
0x00007ff80ab75000 	/System/Library/Frameworks/CoreAudio.framework/Versions/A/CoreAudio
0x00007ff80fd4f000 	/System/Library/Frameworks/DiskArbitration.framework/Versions/A/DiskArbitration
0x00007ff815be1000 	/System/Library/PrivateFrameworks/MultitouchSupport.framework/Versions/A/MultitouchSupport
0x00007ff80e168000 	/usr/lib/libenergytrace.dylib
0x00007ff80bbf5000 	/System/Library/Frameworks/IOKit.framework/Versions/A/IOKit
0x00007ff81a862000 	/System/Library/Frameworks/CoreServices.framework/Versions/A/CoreServices
0x00007ff810e18000 	/System/Library/PrivateFrameworks/PerformanceAnalysis.framework/Versions/A/PerformanceAnalysis
0x00007ffa21627000 	/System/Library/Frameworks/OpenGL.framework/Versions/A/OpenGL
0x00007ff813a9e000 	/System/Library/PrivateFrameworks/MobileKeyBag.framework/Versions/A/MobileKeyBag
0x00007ff8091bc000 	/usr/lib/libobjc.A.dylib
0x00007ff80eca6000 	/System/Library/Frameworks/ColorSync.framework/Versions/A/ColorSync
0x00007ff809378000 	/System/Library/Frameworks/CoreFoundation.framework/Versions/A/CoreFoundation
0x00007ff8129be000 	/System/Library/Frameworks/CoreImage.framework/Versions/A/CoreImage
0x00007ff80a98b000 	/System/Library/Frameworks/CoreText.framework/Versions/A/CoreText
0x00007ff812772000 	/System/Library/Frameworks/ImageIO.framework/Versions/A/ImageIO
0x00007ff814552000 	/System/Library/PrivateFrameworks/SoftLinking.framework/Versions/A/SoftLinking
0x00007ff810ec9000 	/usr/lib/libxml2.2.dylib
0x00007ff809285000 	/usr/lib/libc++.1.dylib
0x00007ff8147d2000 	/usr/lib/libcompression.dylib
0x00007ff81634d000 	/System/Library/PrivateFrameworks/TextureIO.framework/Versions/A/TextureIO
0x00007ff814ef2000 	/usr/lib/libate.dylib
0x00007ff814547000 	/usr/lib/system/libcache.dylib
0x00007ff814503000 	/usr/lib/system/libcommonCrypto.dylib
0x00007ff81452c000 	/usr/lib/system/libcompiler_rt.dylib
0x00007ff814522000 	/usr/lib/system/libcopyfile.dylib
0x00007ff8090b6000 	/usr/lib/system/libcorecrypto.dylib
0x00007ff809175000 	/usr/lib/system/libdispatch.dylib
0x00007ff809337000 	/usr/lib/system/libdyld.dylib
0x00007ff81453e000 	/usr/lib/system/libkeymgr.dylib
0x00007ff8144e1000 	/usr/lib/system/libmacho.dylib
0x00007ff813b72000 	/usr/lib/system/libquarantine.dylib
0x00007ff81453c000 	/usr/lib/system/libremovefile.dylib
0x00007ff80e1b5000 	/usr/lib/system/libsystem_asl.dylib
0x00007ff809064000 	/usr/lib/system/libsystem_blocks.dylib
0x00007ff8091fc000 	/usr/lib/system/libsystem_c.dylib
0x00007ff814534000 	/usr/lib/system/libsystem_collections.dylib
0x00007ff812da8000 	/usr/lib/system/libsystem_configuration.dylib
0x00007ff812068000 	/usr/lib/system/libsystem_containermanager.dylib
0x00007ff81421a000 	/usr/lib/system/libsystem_coreservices.dylib
0x00007ff80b883000 	/usr/lib/system/libsystem_darwin.dylib
0x00007ff81453f000 	/usr/lib/system/libsystem_dnssd.dylib
0x00007ff8091f9000 	/usr/lib/system/libsystem_featureflags.dylib
0x00007ff80934d000 	/usr/lib/system/libsystem_info.dylib
0x00007ff814479000 	/usr/lib/system/libsystem_m.dylib
0x00007ff809149000 	/usr/lib/system/libsystem_malloc.dylib
0x00007ff80e152000 	/usr/lib/system/libsystem_networkextension.dylib
0x00007ff80bcab000 	/usr/lib/system/libsystem_notify.dylib
0x00007ff81a739000 	/usr/lib/system/libsystem_product_info_filter.dylib
0x00007ff812dac000 	/usr/lib/system/libsystem_sandbox.dylib
0x00007ff814539000 	/usr/lib/system/libsystem_secinit.dylib
0x00007ff8092f4000 	/usr/lib/system/libsystem_kernel.dylib
0x00007ff809343000 	/usr/lib/system/libsystem_platform.dylib
0x00007ff80932b000 	/usr/lib/system/libsystem_pthread.dylib
0x00007ff80fa79000 	/usr/lib/system/libsystem_symptoms.dylib
0x00007ff80909d000 	/usr/lib/system/libsystem_trace.dylib
0x00007ff81450f000 	/usr/lib/system/libunwind.dylib
0x00007ff809066000 	/usr/lib/system/libxpc.dylib
0x00007ff8092de000 	/usr/lib/libc++abi.dylib
0x00007ff81451a000 	/usr/lib/liboah.dylib
0x00007ff814cab000 	/usr/lib/liblzma.5.dylib
0x00007ff809e35000 	/System/Library/Frameworks/SystemConfiguration.framework/Versions/A/SystemConfiguration
0x00007ff81454e000 	/usr/lib/libfakelink.dylib
0x00007ff80dcbc000 	/System/Library/Frameworks/CFNetwork.framework/Versions/A/CFNetwork
0x00007ff81468d000 	/usr/lib/libarchive.2.dylib
0x00007ff812db3000 	/System/Library/PrivateFrameworks/AppleSystemInfo.framework/Versions/A/AppleSystemInfo
0x00007ff813b98000 	/usr/lib/libbsm.0.dylib
0x00007ff80d2f3000 	/usr/lib/libnetwork.dylib
0x00007ff8144e7000 	/usr/lib/system/libkxld.dylib
0x00007ff8137c7000 	/System/Library/PrivateFrameworks/IOMobileFramebuffer.framework/Versions/A/IOMobileFramebuffer
0x00007ffb1efc9000 	/usr/lib/libCoreEntitlements.dylib
0x00007ff8141fc000 	/System/Library/PrivateFrameworks/AppleFSCompression.framework/Versions/A/AppleFSCompression
0x00007ff813b81000 	/usr/lib/libcoretls.dylib
0x00007ff814cc5000 	/usr/lib/libcoretls_cfhelpers.dylib
0x00007ff8147cd000 	/usr/lib/libpam.2.dylib
0x00007ff80f69f000 	/usr/lib/libsqlite3.dylib
0x00007ff814d34000 	/usr/lib/libxar.1.dylib
0x00007ff81420c000 	/usr/lib/libbz2.1.0.dylib
0x00007ff814553000 	/usr/lib/libpcap.A.dylib
0x00007ff80fa70000 	/usr/lib/libdns_services.dylib
0x00007ff81479f000 	/usr/lib/libapple_nghttp2.dylib
0x00007ff81458a000 	/usr/lib/libiconv.2.dylib
0x00007ff8144e0000 	/usr/lib/libcharset.1.dylib
0x00007ff810e4c000 	/System/Library/Frameworks/CoreServices.framework/Versions/A/Frameworks/FSEvents.framework/Versions/A/FSEvents
0x00007ff80b88d000 	/System/Library/Frameworks/CoreServices.framework/Versions/A/Frameworks/CarbonCore.framework/Versions/A/CarbonCore
0x00007ff80fcb4000 	/System/Library/Frameworks/CoreServices.framework/Versions/A/Frameworks/Metadata.framework/Versions/A/Metadata
0x00007ff81421f000 	/System/Library/Frameworks/CoreServices.framework/Versions/A/Frameworks/OSServices.framework/Versions/A/OSServices
0x00007ff814713000 	/System/Library/Frameworks/CoreServices.framework/Versions/A/Frameworks/SearchKit.framework/Versions/A/SearchKit
0x00007ff80fa02000 	/System/Library/Frameworks/CoreServices.framework/Versions/A/Frameworks/AE.framework/Versions/A/AE
0x00007ff809879000 	/System/Library/Frameworks/CoreServices.framework/Versions/A/Frameworks/LaunchServices.framework/Versions/A/LaunchServices
0x00007ff814c5c000 	/System/Library/Frameworks/CoreServices.framework/Versions/A/Frameworks/DictionaryServices.framework/Versions/A/DictionaryServices
0x00007ff810e59000 	/System/Library/Frameworks/CoreServices.framework/Versions/A/Frameworks/SharedFileList.framework/Versions/A/SharedFileList
0x00007ff813b75000 	/usr/lib/libCheckFix.dylib
0x00007ff80e1cc000 	/System/Library/PrivateFrameworks/TCC.framework/Versions/A/TCC
0x00007ff812db9000 	/System/Library/PrivateFrameworks/CoreNLP.framework/Versions/A/CoreNLP
0x00007ff80fc64000 	/System/Library/PrivateFrameworks/MetadataUtilities.framework/Versions/A/MetadataUtilities
0x00007ff809ee5000 	/usr/lib/libmecabra.dylib
0x00007ff813ba8000 	/usr/lib/libmecab.dylib
0x00007ff809eb0000 	/usr/lib/libCRFSuite.dylib
0x00007ff813c05000 	/usr/lib/libgermantok.dylib
0x00007ff81477a000 	/usr/lib/libThaiTokenizer.dylib
0x00007ff80fd56000 	/System/Library/Frameworks/Accelerate.framework/Versions/A/Frameworks/vImage.framework/Versions/A/vImage
0x00007ff81a839000 	/System/Library/Frameworks/Accelerate.framework/Versions/A/Frameworks/vecLib.framework/Versions/A/vecLib
0x00007ff814d75000 	/System/Library/Frameworks/Accelerate.framework/Versions/A/Frameworks/vecLib.framework/Versions/A/libvMisc.dylib
0x00007ff8135bb000 	/System/Library/Frameworks/Accelerate.framework/Versions/A/Frameworks/vecLib.framework/Versions/A/libvDSP.dylib
0x00007ff809bf1000 	/System/Library/Frameworks/Accelerate.framework/Versions/A/Frameworks/vecLib.framework/Versions/A/libBLAS.dylib
0x00007ff8148af000 	/System/Library/Frameworks/Accelerate.framework/Versions/A/Frameworks/vecLib.framework/Versions/A/libLAPACK.dylib
0x00007ff813c08000 	/System/Library/Frameworks/Accelerate.framework/Versions/A/Frameworks/vecLib.framework/Versions/A/libLinearAlgebra.dylib
0x00007ff8147b8000 	/System/Library/Frameworks/Accelerate.framework/Versions/A/Frameworks/vecLib.framework/Versions/A/libSparseBLAS.dylib
0x00007ff8148a9000 	/System/Library/Frameworks/Accelerate.framework/Versions/A/Frameworks/vecLib.framework/Versions/A/libQuadrature.dylib
0x00007ff812ea3000 	/System/Library/Frameworks/Accelerate.framework/Versions/A/Frameworks/vecLib.framework/Versions/A/libBNNS.dylib
0x00007ff809dc6000 	/System/Library/Frameworks/Accelerate.framework/Versions/A/Frameworks/vecLib.framework/Versions/A/libSparse.dylib
0x00007ff812e9c000 	/System/Library/PrivateFrameworks/LinguisticData.framework/Versions/A/LinguisticData
0x00007ff809d7b000 	/System/Library/PrivateFrameworks/Lexicon.framework/Versions/A/Lexicon
0x00007ff814d6e000 	/usr/lib/libChineseTokenizer.dylib
0x00007ff80a4df000 	/System/Library/PrivateFrameworks/LanguageModeling.framework/Versions/A/LanguageModeling
0x00007ff81477c000 	/System/Library/PrivateFrameworks/AppleSauce.framework/Versions/A/AppleSauce
0x00007ff8137b5000 	/System/Library/PrivateFrameworks/CoreEmoji.framework/Versions/A/CoreEmoji
0x00007ff81467c000 	/usr/lib/libcmph.dylib
0x00007ff810e30000 	/System/Library/Frameworks/OpenDirectory.framework/Versions/A/Frameworks/CFOpenDirectory.framework/Versions/A/CFOpenDirectory
0x00007ff810e24000 	/System/Library/Frameworks/OpenDirectory.framework/Versions/A/OpenDirectory
0x00007ff814cc7000 	/System/Library/PrivateFrameworks/APFS.framework/Versions/A/APFS
0x00007ff813ad6000 	/System/Library/Frameworks/SecurityFoundation.framework/Versions/A/SecurityFoundation
0x00007ff814d42000 	/usr/lib/libutil.dylib
0x00007ff80bbb8000 	/System/Library/PrivateFrameworks/CoreServicesStore.framework/Versions/A/CoreServicesStore
0x00007ff814d46000 	/usr/lib/libxslt.1.dylib
0x00007ff813b63000 	/System/Library/PrivateFrameworks/BackgroundTaskManagement.framework/Versions/A/BackgroundTaskManagement
0x00007ff81626f000 	/System/Library/Frameworks/ImageIO.framework/Versions/A/Resources/libRadiance.dylib
0x00007ff816278000 	/System/Library/Frameworks/ImageIO.framework/Versions/A/Resources/libJPEG.dylib
0x00007ff8161c9000 	/System/Library/Frameworks/ImageIO.framework/Versions/A/Resources/libPng.dylib
0x00007ff8161ea000 	/System/Library/Frameworks/ImageIO.framework/Versions/A/Resources/libTIFF.dylib
0x00007ff8162d6000 	/System/Library/Frameworks/ImageIO.framework/Versions/A/Resources/libGIF.dylib
0x00007ff815afe000 	/System/Library/Frameworks/ImageIO.framework/Versions/A/Resources/libJP2.dylib
0x00007ff815240000 	/usr/lib/libexpat.1.dylib
0x00007ff815ab3000 	/System/Library/PrivateFrameworks/AppleJPEG.framework/Versions/A/AppleJPEG
0x00007ff8122fa000 	/System/Library/PrivateFrameworks/FontServices.framework/libFontParser.dylib
0x00007ff80f9ac000 	/System/Library/PrivateFrameworks/RunningBoardServices.framework/Versions/A/RunningBoardServices
0x00007ff8209d9000 	/System/Library/PrivateFrameworks/IOSurfaceAccelerator.framework/Versions/A/IOSurfaceAccelerator
0x00007ff815bdd000 	/System/Library/PrivateFrameworks/WatchdogClient.framework/Versions/A/WatchdogClient
0x00007ff80a5ce000 	/System/Library/Frameworks/CoreDisplay.framework/Versions/A/CoreDisplay
0x00007ff8121fa000 	/System/Library/Frameworks/CoreMedia.framework/Versions/A/CoreMedia
0x00007ff812097000 	/System/Library/PrivateFrameworks/IOAccelerator.framework/Versions/A/IOAccelerator
0x00007ff810fac000 	/System/Library/Frameworks/CoreVideo.framework/Versions/A/CoreVideo
0x00007ff8147cb000 	/System/Library/Frameworks/MetalPerformanceShaders.framework/Versions/A/MetalPerformanceShaders
0x00007ff815c18000 	/System/Library/Frameworks/VideoToolbox.framework/Versions/A/VideoToolbox
0x00007ff80f8f4000 	/System/Library/PrivateFrameworks/BaseBoard.framework/Versions/A/BaseBoard
0x00007ff80f685000 	/System/Library/PrivateFrameworks/ProtocolBuffer.framework/Versions/A/ProtocolBuffer
0x00007ff816268000 	/System/Library/PrivateFrameworks/GPUWrangler.framework/Versions/A/GPUWrangler
0x00007ff81624b000 	/System/Library/PrivateFrameworks/IOPresentment.framework/Versions/A/IOPresentment
0x00007ff816272000 	/System/Library/PrivateFrameworks/DSExternalDisplay.framework/Versions/A/DSExternalDisplay
0x00007ffa2161b000 	/System/Library/Frameworks/OpenGL.framework/Versions/A/Libraries/libCoreFSCache.dylib
0x00007ffb0d5c8000 	/System/Library/PrivateFrameworks/GPUCompiler.framework/Versions/31001/Libraries/libGPUCompilerUtils.dylib
0x00007ff8162db000 	/System/Library/PrivateFrameworks/CMCaptureCore.framework/Versions/A/CMCaptureCore
0x00007ff8157ec000 	/System/Library/PrivateFrameworks/AppServerSupport.framework/Versions/A/AppServerSupport
0x00007ff8179b6000 	/System/Library/PrivateFrameworks/perfdata.framework/Versions/A/perfdata
0x00007ff80a6fa000 	/System/Library/PrivateFrameworks/AudioToolboxCore.framework/Versions/A/AudioToolboxCore
0x00007ff8121d7000 	/System/Library/PrivateFrameworks/caulk.framework/Versions/A/caulk
0x00007ff8172e3000 	/usr/lib/libAudioStatistics.dylib
0x00007ff90e477000 	/System/Library/PrivateFrameworks/SystemPolicy.framework/Versions/A/SystemPolicy
0x00007ff81752f000 	/usr/lib/libSMC.dylib
0x00007ff82031b000 	/System/Library/Frameworks/CoreMIDI.framework/Versions/A/CoreMIDI
0x00007ff816199000 	/usr/lib/libAudioToolboxUtility.dylib
0x00007ff90a8ff000 	/System/Library/PrivateFrameworks/OSAServicesClient.framework/Versions/A/OSAServicesClient
0x00007ff8179c3000 	/usr/lib/libperfcheck.dylib
0x00007ff90ef03000 	/usr/lib/libmis.dylib
0x00007ffa21677000 	/System/Library/Frameworks/OpenGL.framework/Versions/A/Libraries/libGLU.dylib
0x00007ffa2163a000 	/System/Library/Frameworks/OpenGL.framework/Versions/A/Libraries/libGFXShared.dylib
0x00007ffa21848000 	/System/Library/Frameworks/OpenGL.framework/Versions/A/Libraries/libGL.dylib
0x00007ffa21643000 	/System/Library/Frameworks/OpenGL.framework/Versions/A/Libraries/libGLImage.dylib
0x00007ffa21637000 	/System/Library/Frameworks/OpenGL.framework/Versions/A/Libraries/libCVMSPluginSupport.dylib
0x00007ffa21622000 	/System/Library/Frameworks/OpenGL.framework/Versions/A/Libraries/libCoreVMClient.dylib
0x00007ff812d37000 	/System/Library/Frameworks/MetalPerformanceShaders.framework/Versions/A/Frameworks/MPSCore.framework/Versions/A/MPSCore
0x00007ff814167000 	/System/Library/Frameworks/MetalPerformanceShaders.framework/Versions/A/Frameworks/MPSImage.framework/Versions/A/MPSImage
0x00007ff813c1e000 	/System/Library/Frameworks/MetalPerformanceShaders.framework/Versions/A/Frameworks/MPSNeuralNetwork.framework/Versions/A/MPSNeuralNetwork
0x00007ff814093000 	/System/Library/Frameworks/MetalPerformanceShaders.framework/Versions/A/Frameworks/MPSMatrix.framework/Versions/A/MPSMatrix
0x00007ff813e4f000 	/System/Library/Frameworks/MetalPerformanceShaders.framework/Versions/A/Frameworks/MPSRayIntersector.framework/Versions/A/MPSRayIntersector
0x00007ff8140cc000 	/System/Library/Frameworks/MetalPerformanceShaders.framework/Versions/A/Frameworks/MPSNDArray.framework/Versions/A/MPSNDArray
0x00007ffa26220000 	/System/Library/Frameworks/MetalPerformanceShaders.framework/Versions/A/Frameworks/MPSFunctions.framework/Versions/A/MPSFunctions
0x00007ff809ad4000 	/System/Library/PrivateFrameworks/MetalTools.framework/Versions/A/MetalTools
0x00007ff812db1000 	/System/Library/PrivateFrameworks/AggregateDictionary.framework/Versions/A/AggregateDictionary
0x00007ff815022000 	/usr/lib/libIOReport.dylib
0x00007ffa22c57000 	/System/Library/Frameworks/OpenCL.framework/Versions/A/OpenCL
0x00007ff815386000 	/System/Library/PrivateFrameworks/FaceCore.framework/Versions/A/FaceCore
0x00007ff815377000 	/System/Library/PrivateFrameworks/GraphVisualizer.framework/Versions/A/GraphVisualizer
0x00007ffb0d4d3000 	/System/Library/PrivateFrameworks/FontServices.framework/Versions/A/FontServices
0x00007ff8157a3000 	/System/Library/PrivateFrameworks/OTSVG.framework/Versions/A/OTSVG
0x00007ff810b94000 	/System/Library/Frameworks/ApplicationServices.framework/Versions/A/Frameworks/ATS.framework/Versions/A/Resources/libFontRegistry.dylib
0x00007ff8157f4000 	/System/Library/PrivateFrameworks/FontServices.framework/libhvf.dylib
0x00007ffb0d4d4000 	/System/Library/PrivateFrameworks/FontServices.framework/libXTFontStaticRegistryData.dylib
0x00007ff8151f0000 	/System/Library/PrivateFrameworks/AppleVA.framework/Versions/A/AppleVA
0x00007ff817303000 	/System/Library/Frameworks/ApplicationServices.framework/Versions/A/Frameworks/ATS.framework/Versions/A/ATS
0x00007ff80eda2000 	/System/Library/Frameworks/ApplicationServices.framework/Versions/A/Frameworks/HIServices.framework/Versions/A/HIServices
0x00007ff8162e5000 	/System/Library/Frameworks/ApplicationServices.framework/Versions/A/Frameworks/PrintCore.framework/Versions/A/PrintCore
0x00007ff817682000 	/System/Library/Frameworks/ApplicationServices.framework/Versions/A/Frameworks/QD.framework/Versions/A/QD
0x00007ff81767a000 	/System/Library/Frameworks/ApplicationServices.framework/Versions/A/Frameworks/ColorSyncLegacy.framework/Versions/A/ColorSyncLegacy
0x00007ff8172f3000 	/System/Library/Frameworks/ApplicationServices.framework/Versions/A/Frameworks/SpeechSynthesis.framework/Versions/A/SpeechSynthesis
0x00007ff8162a6000 	/System/Library/Frameworks/ApplicationServices.framework/Versions/A/Frameworks/ATSUI.framework/Versions/A/ATSUI
0x00007ff81760f000 	/usr/lib/libcups.2.dylib
0x00007ff8179d2000 	/System/Library/Frameworks/Kerberos.framework/Versions/A/Kerberos
0x00007ff8179e1000 	/System/Library/Frameworks/GSS.framework/Versions/A/GSS
0x00007ff81736f000 	/usr/lib/libresolv.9.dylib
0x00007ff815803000 	/System/Library/PrivateFrameworks/Heimdal.framework/Versions/A/Heimdal
0x00007ff81e485000 	/System/Library/Frameworks/Kerberos.framework/Versions/A/Libraries/libHeimdalProxy.dylib
0x00007ff80fa81000 	/System/Library/Frameworks/Network.framework/Versions/A/Network
0x00007ff81525a000 	/usr/lib/libheimdal-asn1.dylib
0x00007ff817a2c000 	/System/Library/PrivateFrameworks/CommonAuth.framework/Versions/A/CommonAuth
0x00007ff817274000 	/System/Library/PrivateFrameworks/AudioSession.framework/Versions/A/AudioSession
0x00007ff8152ea000 	/System/Library/PrivateFrameworks/MediaExperience.framework/Versions/A/MediaExperience
0x00007ff817108000 	/System/Library/PrivateFrameworks/AudioSession.framework/libSessionUtility.dylib
0x00007ff81768e000 	/System/Library/PrivateFrameworks/AudioResourceArbitration.framework/Versions/A/AudioResourceArbitration
0x00007ff815263000 	/System/Library/PrivateFrameworks/IconFoundation.framework/Versions/A/IconFoundation
0x00007ff81a468000 	/System/Library/PrivateFrameworks/SpeechRecognitionCore.framework/Versions/A/SpeechRecognitionCore
0x00007ffa12aca000 	/System/Library/CoreServices/Encodings/libKoreanConverter.dylib
0x000000010e0ab000 	/Users/jojunbeom/Library/Java/JavaVirtualMachines/corretto-11.0.14.1/Contents/Home/lib/server/libjvm.dylib
0x000000010d38c000 	/Users/jojunbeom/Library/Java/JavaVirtualMachines/corretto-11.0.14.1/Contents/Home/lib/libverify.dylib
0x000000010d3b4000 	/Users/jojunbeom/Library/Java/JavaVirtualMachines/corretto-11.0.14.1/Contents/Home/lib/libjava.dylib
0x000000010d322000 	/Users/jojunbeom/Library/Java/JavaVirtualMachines/corretto-11.0.14.1/Contents/Home/lib/libjimage.dylib
0x000000010d433000 	/Users/jojunbeom/Library/Java/JavaVirtualMachines/corretto-11.0.14.1/Contents/Home/lib/libinstrument.dylib
0x000000010d4ee000 	/private/var/folders/k6/dkc35rrd3kvf4z8xbpc5z4zh0000gn/T/libasyncProfiler.so
0x000000010d4ae000 	/Users/jojunbeom/Library/Java/JavaVirtualMachines/corretto-11.0.14.1/Contents/Home/lib/libzip.dylib
0x0000000130d1e000 	/Users/jojunbeom/Library/Java/JavaVirtualMachines/corretto-11.0.14.1/Contents/Home/lib/libnio.dylib
0x0000000130d6e000 	/Users/jojunbeom/Library/Java/JavaVirtualMachines/corretto-11.0.14.1/Contents/Home/lib/libnet.dylib
0x0000000130dc3000 	/Users/jojunbeom/Library/Java/JavaVirtualMachines/corretto-11.0.14.1/Contents/Home/lib/libextnet.dylib


VM Arguments:
jvm_args: -javaagent:/Applications/IntelliJ IDEA.app/Contents/lib/idea_rt.jar=51834:/Applications/IntelliJ IDEA.app/Contents/bin -agentpath:/private/var/folders/k6/dkc35rrd3kvf4z8xbpc5z4zh0000gn/T/libasyncProfiler.so=start,jfr,event=cpu,interval=1ms,event=alloc,file=/Users/jojunbeom/BoardFrame_2022_06_26_151913.jfr -Dfile.encoding=UTF-8 
java_command: com.project.board.BoardFrame
java_class_path (initial): /Users/jojunbeom/Downloads/study/Java_App_Board_JDBC_Mysql_v3/out/production/Java_Application_Board_v2.1:/Users/jojunbeom/Downloads/study/Java_App_Board_JDBC_Mysql_v3/resource/lib/json-simple-1.1.1.jar:/Users/jojunbeom/Downloads/study/Java_App_Board_JDBC_Mysql_v3/resource/lib/mysql-connector-java-8.0.29.jar
Launcher Type: SUN_STANDARD

[Global flags]
     intx CICompilerCount                          = 4                                         {product} {ergonomic}
     uint ConcGCThreads                            = 2                                         {product} {ergonomic}
     uint G1ConcRefinementThreads                  = 8                                         {product} {ergonomic}
   size_t G1HeapRegionSize                         = 1048576                                   {product} {ergonomic}
    uintx GCDrainStackTargetSize                   = 64                                        {product} {ergonomic}
   size_t InitialHeapSize                          = 134217728                                 {product} {ergonomic}
   size_t MarkStackSize                            = 4194304                                   {product} {ergonomic}
   size_t MaxHeapSize                              = 2147483648                                {product} {ergonomic}
   size_t MaxNewSize                               = 1287651328                                {product} {ergonomic}
   size_t MinHeapDeltaBytes                        = 1048576                                   {product} {ergonomic}
    uintx NonNMethodCodeHeapSize                   = 5836300                                {pd product} {ergonomic}
    uintx NonProfiledCodeHeapSize                  = 122910970                              {pd product} {ergonomic}
    uintx ProfiledCodeHeapSize                     = 122910970                              {pd product} {ergonomic}
    uintx ReservedCodeCacheSize                    = 251658240                              {pd product} {ergonomic}
     bool SegmentedCodeCache                       = true                                      {product} {ergonomic}
     bool UseCompressedClassPointers               = true                                 {lp64_product} {ergonomic}
     bool UseCompressedOops                        = true                                 {lp64_product} {ergonomic}
     bool UseG1GC                                  = true                                      {product} {ergonomic}

Logging:
Log output configuration:
 #0: stdout all=warning uptime,level,tags
 #1: stderr all=off uptime,level,tags

Environment Variables:
PATH=/opt/homebrew/bin:/opt/homebrew/sbin:/usr/local/bin:/usr/bin:/bin:/usr/sbin:/sbin
SHELL=/bin/zsh
LC_CTYPE=ko_KR.UTF-8

Signal Handlers:
SIGSEGV: [libjvm.dylib+0x7ccc92], sa_mask[0]=11111111111111111111111111111111, sa_flags=SA_ONSTACK|SA_RESTART|SA_SIGINFO
SIGBUS: [libjvm.dylib+0x7ccc92], sa_mask[0]=11111111111111111111111111111111, sa_flags=SA_RESTART|SA_SIGINFO
SIGFPE: [libjvm.dylib+0x7ccc92], sa_mask[0]=11111111111111111111111111111111, sa_flags=SA_RESTART|SA_SIGINFO
SIGPIPE: [libjvm.dylib+0x630218], sa_mask[0]=11111111111111111111111111111111, sa_flags=SA_RESTART|SA_SIGINFO
SIGXFSZ: [libjvm.dylib+0x630218], sa_mask[0]=11111111111111111111111111111111, sa_flags=SA_RESTART|SA_SIGINFO
SIGILL: [libjvm.dylib+0x7ccc92], sa_mask[0]=11111111111111111111111111111111, sa_flags=SA_RESTART|SA_SIGINFO
SIGUSR2: [libjvm.dylib+0x6307f6], sa_mask[0]=00100000000000000000000000000000, sa_flags=SA_RESTART|SA_SIGINFO
SIGHUP: [libjvm.dylib+0x62f3a9], sa_mask[0]=11111111111111111111111111111111, sa_flags=SA_RESTART|SA_SIGINFO
SIGINT: [libjvm.dylib+0x62f3a9], sa_mask[0]=11111111111111111111111111111111, sa_flags=SA_RESTART|SA_SIGINFO
SIGTERM: [libjvm.dylib+0x62f3a9], sa_mask[0]=11111111111111111111111111111111, sa_flags=SA_RESTART|SA_SIGINFO
SIGQUIT: [libjvm.dylib+0x62f3a9], sa_mask[0]=11111111111111111111111111111111, sa_flags=SA_RESTART|SA_SIGINFO


---------------  S Y S T E M  ---------------

OS:uname:Darwin 21.1.0 Darwin Kernel Version 21.1.0: Wed Oct 13 17:33:24 PDT 2021; root:xnu-8019.41.5~1/RELEASE_ARM64_T8101 x86_64
OS uptime: 2 days 22:36 hours
rlimit (soft/hard): STACK 8176k/65520k , CORE 0k/infinity , NPROC 1333/2000 , NOFILE 10240/infinity , AS infinity/infinity , CPU infinity/infinity , DATA infinity/infinity , FSIZE infinity/infinity , MEMLOCK infinity/infinity , RSS infinity/infinity
load average:2.21 1.56 1.49

CPU:total 8 (initial active 8) (1 cores per cpu, 1 threads per core) family 6 model 44 stepping 0 microcode 0x0, cmov, cx8, fxsr, mmx, sse, sse2, sse3, ssse3, sse4.1, sse4.2, popcnt, aes, clmul, tsc, tscinvbit, tscinv

Memory: 4k page, physical 8388608k(20852k free), swap 1048576k(993536k free)

vm_info: OpenJDK 64-Bit Server VM (11.0.14.1+10-LTS) for bsd-amd64 JRE (11.0.14.1+10-LTS), built on Feb  8 2022 01:38:57 by "ec2user" with clang Apple LLVM 13.0.0 (clang-1300.0.29.30)

END.
